[2024-08-07_13:51:17.123290][32720] BnD::B1WebSocketReadWriteImpl: read failed: reason[1], message[The WebSocket stream was gracefully closed at both endpoints]
[2024-08-07_13:51:17.123290][32720] SemiTS::LPRWASWebSocketServerSession: set connection_status to STATUS_DISCONNECTING: sessionHandleID[0], previous_status:[2], reason[1]
[2024-08-07_13:51:17.443271][32720] SemiTS::WASWebServerSession: set connection_status to STATUS_CONNECTED: sessionHandleID[1], previous_status:[-1]
[2024-08-07_13:51:17.443271][32720] BnD::B1HttpServerSessionManager: session modified: sessionHandleID[1]
[2024-08-07_13:51:17.443271][32720] SemiTS::LPRWASWebSocketServerSession: web socket accepted: peerAddress[127.0.0.1], localPort[22001]
[2024-08-07_13:51:17.444257][32720] SemiTS::LPRWASWebSocketServerSession: set connection_status to STATUS_CONNECTED: sessionHandleID[1], previous_status:[-1]
[2024-08-07_13:51:17.576928][34360] SemiTS::LPRWASWebSocketServerSession: set connection_status to STATUS_DISCONNECTED: sessionHandleID[0], previous_status:[3], reason[1]
[2024-08-07_13:51:17.576928][34360] SemiTS::LPRWASWebSocketServerSession: server session disconnected: sessionHandleID[0], peerAddress[], localPort[0], reason[1]
[2024-08-07_13:57:36.279752][32720] BnD::B1WebSocketReadWriteImpl: read failed: reason[1], message[The WebSocket stream was gracefully closed at both endpoints]
[2024-08-07_13:57:36.279752][32720] SemiTS::LPRWASWebSocketServerSession: set connection_status to STATUS_DISCONNECTING: sessionHandleID[1], previous_status:[2], reason[1]
[2024-08-07_13:57:36.561966][32720] SemiTS::WASWebServerSession: set connection_status to STATUS_CONNECTED: sessionHandleID[2], previous_status:[-1]
[2024-08-07_13:57:36.561966][32720] BnD::B1HttpServerSessionManager: session modified: sessionHandleID[2]
[2024-08-07_13:57:36.561966][32720] SemiTS::LPRWASWebSocketServerSession: web socket accepted: peerAddress[127.0.0.1], localPort[22001]
[2024-08-07_13:57:36.561966][32720] SemiTS::LPRWASWebSocketServerSession: set connection_status to STATUS_CONNECTED: sessionHandleID[2], previous_status:[-1]
[2024-08-07_13:57:37.266236][34360] SemiTS::LPRWASWebSocketServerSession: set connection_status to STATUS_DISCONNECTED: sessionHandleID[1], previous_status:[3], reason[1]
[2024-08-07_13:57:37.266236][34360] SemiTS::LPRWASWebSocketServerSession: server session disconnected: sessionHandleID[1], peerAddress[], localPort[0], reason[1]
[2024-08-07_13:59:29.453830][32720] BnD::B1WebSocketReadWriteImpl: read failed: reason[10053], message[현재 연결은 사용자의 호스트 시스템의 소프트웨어의 의해 중단되었습니다]
[2024-08-07_13:59:29.453830][32720] SemiTS::LPRWASWebSocketServerSession: set connection_status to STATUS_DISCONNECTING: sessionHandleID[2], previous_status:[2], reason[10053]
[2024-08-07_13:59:29.753556][32720] SemiTS::WASWebServerSession: set connection_status to STATUS_CONNECTED: sessionHandleID[3], previous_status:[-1]
[2024-08-07_13:59:29.753556][32720] BnD::B1HttpServerSessionManager: session modified: sessionHandleID[3]
[2024-08-07_13:59:29.753556][32720] SemiTS::LPRWASWebSocketServerSession: web socket accepted: peerAddress[127.0.0.1], localPort[22001]
[2024-08-07_13:59:29.753556][32720] SemiTS::LPRWASWebSocketServerSession: set connection_status to STATUS_CONNECTED: sessionHandleID[3], previous_status:[-1]
[2024-08-07_13:59:30.082838][34360] SemiTS::LPRWASWebSocketServerSession: set connection_status to STATUS_DISCONNECTED: sessionHandleID[2], previous_status:[3], reason[10053]
[2024-08-07_13:59:30.082838][34360] SemiTS::LPRWASWebSocketServerSession: server session disconnected: sessionHandleID[2], peerAddress[127.0.0.1], localPort[22001], reason[10053]
