[2024-08-05_17:24:43.684030][27364] SemiTS::WebAssistantServiceMFC: connecting Administration Service for find equipment type...
[2024-08-05_17:24:43.684030][27364] BnD::B1RedisDirectClientWriteSession: set connection_status to STATUS_CONNECTING: sessionHandleID[0], previous_status:[-1]
[2024-08-05_17:24:43.684030][27364] BnD::B1ClientSocket: connecting: address[20.20.0.152], port[9379]
[2024-08-05_17:24:43.708750][27364] BnD::B1RedisDirectClientReadSession: set connection_status to STATUS_CONNECTING: sessionHandleID[1], previous_status:[-1]
[2024-08-05_17:24:43.708750][27364] BnD::B1ClientSocket: connecting: address[20.20.0.152], port[9379]
[2024-08-05_17:24:43.708750][9600] BnD::B1RedisDirectClientWriteSession: session connected -> clear buffer
[2024-08-05_17:24:43.708750][9600] BnD::B1RedisDirectClientWriteSession: set connection_status to STATUS_CONNECTED: sessionHandleID[0], previous_status:[1]
[2024-08-05_17:24:43.724405][28136] BnD::B1RedisDirectClientReadSession: session connected -> clear buffer
[2024-08-05_17:24:43.724405][28136] BnD::B1RedisDirectClientReadSession: set connection_status to STATUS_CONNECTED: sessionHandleID[1], previous_status:[1]
[2024-08-05_17:24:43.897796][14652] BnD::B1RedisDirectClientReadSession: selecting redis db: db[0]
[2024-08-05_17:24:43.897796][28136] BnD::B1RedisDirectClientReadSession: redis db selected
[2024-08-05_17:24:43.897796][14652] BnD::B1RedisDirectClientWriteSession: selecting redis db: db[0]
[2024-08-05_17:24:43.913426][27364] SemiTS::WebAssistantServiceMFC: Sync server time:[2024-08-05 17:24:44.690]
[2024-08-05_17:24:44.690943][27364] SemiTS::WebAssistantServiceMFC: Sync server time finished
[2024-08-05_17:24:44.690943][27364] SemiTS::WebAssistantServiceMFC: find product type done! disconnecting Administration Service: site[1001], type[1001]
[2024-08-05_17:24:44.895336][27364] BnD::B1RedisDirectClientReadSession: disconnect called: sessionHandleID[1]
[2024-08-05_17:24:44.895336][27364] BnD::B1RedisDirectClientWriteSession: disconnect called: sessionHandleID[0]
[2024-08-05_17:24:44.895336][27364] BnD::B1BaseSessionManager: waiting disconnection: sessionHandleID[1]
[2024-08-05_17:24:44.895336][27364] BnD::B1BaseSessionManager: waiting disconnection: sessionHandleID[0]
[2024-08-05_17:24:44.895336][9600] BnD::B1ArrayBufferReadWriteImpl: read failed: reason[995], message[스레드 종료 또는 응용 프로그램 요청 때문에 I/O 작업이 취소되었습니다]
[2024-08-05_17:24:44.895336][28136] BnD::B1ArrayBufferReadWriteImpl: read failed: reason[995], message[스레드 종료 또는 응용 프로그램 요청 때문에 I/O 작업이 취소되었습니다]
[2024-08-05_17:24:44.895336][9600] BnD::B1RedisDirectClientWriteSession: set connection_status to STATUS_DISCONNECTING: sessionHandleID[0], previous_status:[2], reason[995]
[2024-08-05_17:24:44.895336][28136] BnD::B1RedisDirectClientReadSession: set connection_status to STATUS_DISCONNECTING: sessionHandleID[1], previous_status:[2], reason[995]
[2024-08-05_17:24:45.901261][27364] BnD::B1RedisDirectClientReadSession: set connection_status to STATUS_DISCONNECTED: sessionHandleID[1], previous_status:[3], reason[995]
[2024-08-05_17:24:45.901261][27364] BnD::B1RedisDirectClientReadSession: session disconnected
[2024-08-05_17:24:45.933020][27364] BnD::B1RedisDirectClientWriteSession: set connection_status to STATUS_DISCONNECTED: sessionHandleID[0], previous_status:[3], reason[995]
[2024-08-05_17:24:45.933020][27364] BnD::B1RedisDirectClientWriteSession: session disconnected
[2024-08-05_17:24:45.948650][27364] SemiTS::WebAssistantServiceMFC: starting [WebAssistantService_LPR][1001014] version:[1000][20240423]
[2024-08-05_17:24:45.948650][27364] SemiTS::LPRWebAssistantServicePublic: Connecting [20.20.0.152:9379(0)]
[2024-08-05_17:24:45.948650][27364] BnD::B1RedisDirectClientWriteSession: set connection_status to STATUS_CONNECTING: sessionHandleID[0], previous_status:[-1]
[2024-08-05_17:24:45.948650][27364] BnD::B1ClientSocket: connecting: address[20.20.0.152], port[9379]
[2024-08-05_17:24:45.964276][27364] BnD::B1RedisDirectClientReadSession: set connection_status to STATUS_CONNECTING: sessionHandleID[1], previous_status:[-1]
[2024-08-05_17:24:45.964276][27364] BnD::B1ClientSocket: connecting: address[20.20.0.152], port[9379]
[2024-08-05_17:24:45.964276][8640] BnD::B1RedisDirectClientWriteSession: session connected -> clear buffer
[2024-08-05_17:24:45.964276][8640] BnD::B1RedisDirectClientWriteSession: set connection_status to STATUS_CONNECTED: sessionHandleID[0], previous_status:[1]
[2024-08-05_17:24:45.979904][27364] BnD::B1RedisDirectClientSubscribeSession: set connection_status to STATUS_CONNECTING: sessionHandleID[2], previous_status:[-1]
[2024-08-05_17:24:45.979904][27364] BnD::B1ClientSocket: connecting: address[20.20.0.152], port[9379]
[2024-08-05_17:24:45.979904][29720] BnD::B1RedisDirectClientReadSession: session connected -> clear buffer
[2024-08-05_17:24:45.979904][29720] BnD::B1RedisDirectClientReadSession: set connection_status to STATUS_CONNECTED: sessionHandleID[1], previous_status:[1]
[2024-08-05_17:24:45.995527][768] BnD::B1RedisDirectClientSubscribeSession: session connected -> clear buffer
[2024-08-05_17:24:45.995527][768] BnD::B1RedisDirectClientSubscribeSession: set connection_status to STATUS_CONNECTED: sessionHandleID[2], previous_status:[1]
[2024-08-05_17:24:46.153424][29288] BnD::B1RedisDirectClientReadSession: selecting redis db: db[0]
[2024-08-05_17:24:46.153424][29720] BnD::B1RedisDirectClientReadSession: redis db selected
[2024-08-05_17:24:46.153424][29288] BnD::B1RedisDirectClientSubscribeSession: selecting redis db: db[0]
[2024-08-05_17:24:46.153424][29288] BnD::B1RedisDirectClientWriteSession: selecting redis db: db[0]
[2024-08-05_17:24:46.169018][27364] SemiTS::LPRWASWebServer: begin accept: port[22001]
[2024-08-05_17:24:46.200268][27364] SemiTS::LPRWebAssistantServicePublic: initializing performance check: tick[266]
[2024-08-05_17:24:46.200268][27364] SemiTS::WebAssistantServiceMFC: [WebAssistantService_LPR][1001014] version:[1000][20240423] started
[2024-08-05_17:24:58.188447][18816] SemiTS::WASWebServerSession: set connection_status to STATUS_CONNECTED: sessionHandleID[0], previous_status:[-1]
[2024-08-05_17:24:58.189447][18816] BnD::B1HttpServerSessionManager: session modified: sessionHandleID[0]
[2024-08-05_17:24:58.189447][18816] SemiTS::LPRWASWebSocketServerSession: web socket accepted: peerAddress[127.0.0.1], localPort[22001]
[2024-08-05_17:24:58.189447][18816] SemiTS::LPRWASWebSocketServerSession: set connection_status to STATUS_CONNECTED: sessionHandleID[0], previous_status:[-1]
[2024-08-05_17:25:14.017342][18816] BnD::B1WebSocketReadWriteImpl: read failed: reason[10054], message[현재 연결은 원격 호스트에 의해 강제로 끊겼습니다]
[2024-08-05_17:25:14.017342][18816] SemiTS::LPRWASWebSocketServerSession: set connection_status to STATUS_DISCONNECTING: sessionHandleID[0], previous_status:[2], reason[10054]
[2024-08-05_17:25:14.286922][18816] SemiTS::WASWebServerSession: set connection_status to STATUS_CONNECTED: sessionHandleID[1], previous_status:[-1]
[2024-08-05_17:25:14.286922][18816] BnD::B1HttpServerSessionManager: session modified: sessionHandleID[1]
[2024-08-05_17:25:14.286922][18816] SemiTS::LPRWASWebSocketServerSession: web socket accepted: peerAddress[127.0.0.1], localPort[22001]
[2024-08-05_17:25:14.287923][18816] SemiTS::LPRWASWebSocketServerSession: set connection_status to STATUS_CONNECTED: sessionHandleID[1], previous_status:[-1]
[2024-08-05_17:25:14.392850][27248] SemiTS::LPRWASWebSocketServerSession: set connection_status to STATUS_DISCONNECTED: sessionHandleID[0], previous_status:[3], reason[10054]
[2024-08-05_17:25:14.392850][27248] SemiTS::LPRWASWebSocketServerSession: server session disconnected: sessionHandleID[0], peerAddress[127.0.0.1], localPort[22001], reason[10054]
[2024-08-05_17:25:15.191697][18816] BnD::B1WebSocketReadWriteImpl: read failed: reason[10053], message[현재 연결은 사용자의 호스트 시스템의 소프트웨어의 의해 중단되었습니다]
[2024-08-05_17:25:15.191697][18816] SemiTS::LPRWASWebSocketServerSession: set connection_status to STATUS_DISCONNECTING: sessionHandleID[1], previous_status:[2], reason[10053]
[2024-08-05_17:25:15.398917][27248] SemiTS::LPRWASWebSocketServerSession: set connection_status to STATUS_DISCONNECTED: sessionHandleID[1], previous_status:[3], reason[10053]
[2024-08-05_17:25:15.398917][27248] SemiTS::LPRWASWebSocketServerSession: server session disconnected: sessionHandleID[1], peerAddress[127.0.0.1], localPort[22001], reason[10053]
[2024-08-05_17:25:15.450110][18816] SemiTS::WASWebServerSession: set connection_status to STATUS_CONNECTED: sessionHandleID[0], previous_status:[-1]
[2024-08-05_17:25:15.451110][18816] BnD::B1HttpServerSessionManager: session modified: sessionHandleID[0]
[2024-08-05_17:25:15.451110][18816] SemiTS::LPRWASWebSocketServerSession: web socket accepted: peerAddress[127.0.0.1], localPort[22001]
[2024-08-05_17:25:15.451110][18816] SemiTS::LPRWASWebSocketServerSession: set connection_status to STATUS_CONNECTED: sessionHandleID[0], previous_status:[-1]
[2024-08-05_17:25:16.412734][18816] BnD::B1WebSocketReadWriteImpl: read failed: reason[1], message[The WebSocket stream was gracefully closed at both endpoints]
[2024-08-05_17:25:16.412734][18816] SemiTS::LPRWASWebSocketServerSession: set connection_status to STATUS_DISCONNECTING: sessionHandleID[0], previous_status:[2], reason[1]
[2024-08-05_17:25:16.416734][27248] SemiTS::LPRWASWebSocketServerSession: set connection_status to STATUS_DISCONNECTED: sessionHandleID[0], previous_status:[3], reason[1]
[2024-08-05_17:25:16.416734][27248] SemiTS::LPRWASWebSocketServerSession: server session disconnected: sessionHandleID[0], peerAddress[], localPort[0], reason[1]
[2024-08-05_17:25:16.685470][18816] SemiTS::WASWebServerSession: set connection_status to STATUS_CONNECTED: sessionHandleID[0], previous_status:[-1]
[2024-08-05_17:25:16.685470][18816] BnD::B1HttpServerSessionManager: session modified: sessionHandleID[0]
[2024-08-05_17:25:16.685470][18816] SemiTS::LPRWASWebSocketServerSession: web socket accepted: peerAddress[127.0.0.1], localPort[22001]
[2024-08-05_17:25:16.686470][18816] SemiTS::LPRWASWebSocketServerSession: set connection_status to STATUS_CONNECTED: sessionHandleID[0], previous_status:[-1]
[2024-08-05_17:26:43.069441][18816] BnD::B1WebSocketReadWriteImpl: read failed: reason[10053], message[현재 연결은 사용자의 호스트 시스템의 소프트웨어의 의해 중단되었습니다]
[2024-08-05_17:26:43.069441][18816] SemiTS::LPRWASWebSocketServerSession: set connection_status to STATUS_DISCONNECTING: sessionHandleID[0], previous_status:[2], reason[10053]
[2024-08-05_17:26:43.100496][27248] SemiTS::LPRWASWebSocketServerSession: set connection_status to STATUS_DISCONNECTED: sessionHandleID[0], previous_status:[3], reason[10053]
[2024-08-05_17:26:43.100496][27248] SemiTS::LPRWASWebSocketServerSession: server session disconnected: sessionHandleID[0], peerAddress[127.0.0.1], localPort[22001], reason[10053]
[2024-08-05_17:26:43.356250][18816] SemiTS::WASWebServerSession: set connection_status to STATUS_CONNECTED: sessionHandleID[0], previous_status:[-1]
[2024-08-05_17:26:43.356250][18816] BnD::B1HttpServerSessionManager: session modified: sessionHandleID[0]
[2024-08-05_17:26:43.357251][18816] SemiTS::LPRWASWebSocketServerSession: web socket accepted: peerAddress[127.0.0.1], localPort[22001]
[2024-08-05_17:26:43.357251][18816] SemiTS::LPRWASWebSocketServerSession: set connection_status to STATUS_CONNECTED: sessionHandleID[0], previous_status:[-1]
[2024-08-05_17:27:15.768430][18816] BnD::B1WebSocketReadWriteImpl: read failed: reason[10054], message[현재 연결은 원격 호스트에 의해 강제로 끊겼습니다]
[2024-08-05_17:27:15.768430][18816] SemiTS::LPRWASWebSocketServerSession: set connection_status to STATUS_DISCONNECTING: sessionHandleID[0], previous_status:[2], reason[10054]
[2024-08-05_17:27:16.075547][18816] SemiTS::WASWebServerSession: set connection_status to STATUS_CONNECTED: sessionHandleID[1], previous_status:[-1]
[2024-08-05_17:27:16.076548][18816] BnD::B1HttpServerSessionManager: session modified: sessionHandleID[1]
[2024-08-05_17:27:16.076548][18816] SemiTS::LPRWASWebSocketServerSession: web socket accepted: peerAddress[127.0.0.1], localPort[22001]
[2024-08-05_17:27:16.076548][18816] SemiTS::LPRWASWebSocketServerSession: set connection_status to STATUS_CONNECTED: sessionHandleID[1], previous_status:[-1]
[2024-08-05_17:27:16.356299][27248] SemiTS::LPRWASWebSocketServerSession: set connection_status to STATUS_DISCONNECTED: sessionHandleID[0], previous_status:[3], reason[10054]
[2024-08-05_17:27:16.356299][27248] SemiTS::LPRWASWebSocketServerSession: server session disconnected: sessionHandleID[0], peerAddress[127.0.0.1], localPort[22001], reason[10054]
[2024-08-05_17:32:45.611062][18816] BnD::B1WebSocketReadWriteImpl: read failed: reason[10053], message[현재 연결은 사용자의 호스트 시스템의 소프트웨어의 의해 중단되었습니다]
[2024-08-05_17:32:45.611062][18816] SemiTS::LPRWASWebSocketServerSession: set connection_status to STATUS_DISCONNECTING: sessionHandleID[1], previous_status:[2], reason[10053]
[2024-08-05_17:32:45.739927][27248] SemiTS::LPRWASWebSocketServerSession: set connection_status to STATUS_DISCONNECTED: sessionHandleID[1], previous_status:[3], reason[10053]
[2024-08-05_17:32:45.739927][27248] SemiTS::LPRWASWebSocketServerSession: server session disconnected: sessionHandleID[1], peerAddress[127.0.0.1], localPort[22001], reason[10053]
[2024-08-05_17:32:45.900814][18816] SemiTS::WASWebServerSession: set connection_status to STATUS_CONNECTED: sessionHandleID[0], previous_status:[-1]
[2024-08-05_17:32:45.901814][18816] BnD::B1HttpServerSessionManager: session modified: sessionHandleID[0]
[2024-08-05_17:32:45.901814][18816] SemiTS::LPRWASWebSocketServerSession: web socket accepted: peerAddress[127.0.0.1], localPort[22001]
[2024-08-05_17:32:45.901814][18816] SemiTS::LPRWASWebSocketServerSession: set connection_status to STATUS_CONNECTED: sessionHandleID[0], previous_status:[-1]
[2024-08-05_17:40:40.570801][18816] BnD::B1WebSocketReadWriteImpl: read failed: reason[10053], message[현재 연결은 사용자의 호스트 시스템의 소프트웨어의 의해 중단되었습니다]
[2024-08-05_17:40:40.570801][18816] SemiTS::LPRWASWebSocketServerSession: set connection_status to STATUS_DISCONNECTING: sessionHandleID[0], previous_status:[2], reason[10053]
[2024-08-05_17:40:40.878591][18816] SemiTS::WASWebServerSession: set connection_status to STATUS_CONNECTED: sessionHandleID[1], previous_status:[-1]
[2024-08-05_17:40:40.878591][18816] BnD::B1HttpServerSessionManager: session modified: sessionHandleID[1]
[2024-08-05_17:40:40.878591][18816] SemiTS::LPRWASWebSocketServerSession: web socket accepted: peerAddress[127.0.0.1], localPort[22001]
[2024-08-05_17:40:40.878591][18816] SemiTS::LPRWASWebSocketServerSession: set connection_status to STATUS_CONNECTED: sessionHandleID[1], previous_status:[-1]
[2024-08-05_17:40:41.077001][27248] SemiTS::LPRWASWebSocketServerSession: set connection_status to STATUS_DISCONNECTED: sessionHandleID[0], previous_status:[3], reason[10053]
[2024-08-05_17:40:41.077100][27248] SemiTS::LPRWASWebSocketServerSession: server session disconnected: sessionHandleID[0], peerAddress[127.0.0.1], localPort[22001], reason[10053]
[2024-08-05_17:40:55.610985][30624] SemiTS::WebAssistantServiceMFC: stopping [WebAssistantService_LPR][1001014] version:[1000][20240423]
[2024-08-05_17:40:55.610985][27364] BnD::B1Acceptor: closing acceptor
[2024-08-05_17:40:55.610985][18816] SemiTS::LPRWASWebServer: accept error: peerAddress[], localPort[0], reason[995]
[2024-08-05_17:40:55.720022][27364] BnD::B1Acceptor: acceptor closed
[2024-08-05_17:40:56.239019][27364] SemiTS::LPRWASWebSocketServerSession: disconnect called: sessionHandleID[1]
[2024-08-05_17:40:56.239019][27364] BnD::B1HttpServerSessionManager: waiting disconnection: sessionHandleID[1]
[2024-08-05_17:40:56.239019][18816] BnD::B1WebSocketReadWriteImpl: read failed: reason[1236], message[네트워크 연결이 로컬 시스템에 의해 취소되었습니다]
[2024-08-05_17:40:56.239019][18816] SemiTS::LPRWASWebSocketServerSession: set connection_status to STATUS_DISCONNECTING: sessionHandleID[1], previous_status:[2], reason[1236]
[2024-08-05_17:40:57.246449][27364] SemiTS::LPRWASWebSocketServerSession: set connection_status to STATUS_DISCONNECTED: sessionHandleID[1], previous_status:[3], reason[1236]
[2024-08-05_17:40:57.246449][27364] SemiTS::LPRWASWebSocketServerSession: server session disconnected: sessionHandleID[1], peerAddress[], localPort[0], reason[1236]
[2024-08-05_17:40:57.246449][27364] BnD::B1HttpServerSessionManager: reserveRemoveSession requested. but manager is not alived
[2024-08-05_17:40:57.419634][27364] BnD::B1RedisDirectClientReadSession: disconnect called: sessionHandleID[1]
[2024-08-05_17:40:57.419634][27364] BnD::B1RedisDirectClientSubscribeSession: disconnect called: sessionHandleID[2]
[2024-08-05_17:40:57.419634][27364] BnD::B1RedisDirectClientWriteSession: disconnect called: sessionHandleID[0]
[2024-08-05_17:40:57.419634][27364] BnD::B1BaseSessionManager: waiting disconnection: sessionHandleID[1]
[2024-08-05_17:40:57.419634][27364] BnD::B1BaseSessionManager: waiting disconnection: sessionHandleID[2]
[2024-08-05_17:40:57.419634][768] BnD::B1ArrayBufferReadWriteImpl: read failed: reason[995], message[스레드 종료 또는 응용 프로그램 요청 때문에 I/O 작업이 취소되었습니다]
[2024-08-05_17:40:57.419634][27364] BnD::B1BaseSessionManager: waiting disconnection: sessionHandleID[0]
[2024-08-05_17:40:57.419634][29720] BnD::B1ArrayBufferReadWriteImpl: read failed: reason[995], message[스레드 종료 또는 응용 프로그램 요청 때문에 I/O 작업이 취소되었습니다]
[2024-08-05_17:40:57.419634][768] BnD::B1RedisDirectClientSubscribeSession: set connection_status to STATUS_DISCONNECTING: sessionHandleID[2], previous_status:[2], reason[995]
[2024-08-05_17:40:57.419634][8640] BnD::B1ArrayBufferReadWriteImpl: read failed: reason[995], message[스레드 종료 또는 응용 프로그램 요청 때문에 I/O 작업이 취소되었습니다]
[2024-08-05_17:40:57.419634][29720] BnD::B1RedisDirectClientReadSession: set connection_status to STATUS_DISCONNECTING: sessionHandleID[1], previous_status:[2], reason[995]
[2024-08-05_17:40:57.419634][8640] BnD::B1RedisDirectClientWriteSession: set connection_status to STATUS_DISCONNECTING: sessionHandleID[0], previous_status:[2], reason[995]
[2024-08-05_17:40:58.425468][27364] BnD::B1RedisDirectClientReadSession: set connection_status to STATUS_DISCONNECTED: sessionHandleID[1], previous_status:[3], reason[995]
[2024-08-05_17:40:58.425468][27364] BnD::B1RedisDirectClientReadSession: session disconnected
[2024-08-05_17:40:58.457184][27364] BnD::B1RedisDirectClientSubscribeSession: set connection_status to STATUS_DISCONNECTED: sessionHandleID[2], previous_status:[3], reason[995]
[2024-08-05_17:40:58.457184][27364] BnD::B1RedisDirectClientSubscribeSession: session disconnected
[2024-08-05_17:40:58.472813][27364] BnD::B1RedisDirectClientWriteSession: set connection_status to STATUS_DISCONNECTED: sessionHandleID[0], previous_status:[3], reason[995]
[2024-08-05_17:40:58.472813][27364] BnD::B1RedisDirectClientWriteSession: session disconnected
[2024-08-05_17:40:58.488492][27364] SemiTS::WebAssistantServiceMFC: [WebAssistantService_LPR][1001014] version:[1000][20240423] stopped
[2024-08-05_17:41:00.885949][17440] SemiTS::WebAssistantServiceMFC: connecting Administration Service for find equipment type...
[2024-08-05_17:41:00.885949][17440] BnD::B1RedisDirectClientWriteSession: set connection_status to STATUS_CONNECTING: sessionHandleID[0], previous_status:[-1]
[2024-08-05_17:41:00.885949][17440] BnD::B1ClientSocket: connecting: address[20.20.0.152], port[9379]
[2024-08-05_17:41:00.910695][17440] BnD::B1RedisDirectClientReadSession: set connection_status to STATUS_CONNECTING: sessionHandleID[1], previous_status:[-1]
[2024-08-05_17:41:00.910695][17440] BnD::B1ClientSocket: connecting: address[20.20.0.152], port[9379]
[2024-08-05_17:41:00.910695][23024] BnD::B1RedisDirectClientWriteSession: session connected -> clear buffer
[2024-08-05_17:41:00.910695][23024] BnD::B1RedisDirectClientWriteSession: set connection_status to STATUS_CONNECTED: sessionHandleID[0], previous_status:[1]
[2024-08-05_17:41:00.926316][30724] BnD::B1RedisDirectClientReadSession: session connected -> clear buffer
[2024-08-05_17:41:00.926316][30724] BnD::B1RedisDirectClientReadSession: set connection_status to STATUS_CONNECTED: sessionHandleID[1], previous_status:[1]
[2024-08-05_17:41:01.098862][30652] BnD::B1RedisDirectClientReadSession: selecting redis db: db[0]
[2024-08-05_17:41:01.098862][30724] BnD::B1RedisDirectClientReadSession: redis db selected
[2024-08-05_17:41:01.098862][30652] BnD::B1RedisDirectClientWriteSession: selecting redis db: db[0]
[2024-08-05_17:41:01.114487][17440] SemiTS::WebAssistantServiceMFC: Sync server time:[2024-08-05 17:41:01.135]
[2024-08-05_17:41:01.135569][17440] SemiTS::WebAssistantServiceMFC: Sync server time finished
[2024-08-05_17:41:01.151195][17440] SemiTS::WebAssistantServiceMFC: find product type done! disconnecting Administration Service: site[1001], type[1001]
[2024-08-05_17:41:01.340172][17440] BnD::B1RedisDirectClientReadSession: disconnect called: sessionHandleID[1]
[2024-08-05_17:41:01.340172][17440] BnD::B1RedisDirectClientWriteSession: disconnect called: sessionHandleID[0]
[2024-08-05_17:41:01.340172][17440] BnD::B1BaseSessionManager: waiting disconnection: sessionHandleID[1]
[2024-08-05_17:41:01.340172][17440] BnD::B1BaseSessionManager: waiting disconnection: sessionHandleID[0]
[2024-08-05_17:41:01.340172][30724] BnD::B1ArrayBufferReadWriteImpl: read failed: reason[995], message[스레드 종료 또는 응용 프로그램 요청 때문에 I/O 작업이 취소되었습니다]
[2024-08-05_17:41:01.340172][23024] BnD::B1ArrayBufferReadWriteImpl: read failed: reason[995], message[스레드 종료 또는 응용 프로그램 요청 때문에 I/O 작업이 취소되었습니다]
[2024-08-05_17:41:01.340172][30724] BnD::B1RedisDirectClientReadSession: set connection_status to STATUS_DISCONNECTING: sessionHandleID[1], previous_status:[2], reason[995]
[2024-08-05_17:41:01.340172][23024] BnD::B1RedisDirectClientWriteSession: set connection_status to STATUS_DISCONNECTING: sessionHandleID[0], previous_status:[2], reason[995]
[2024-08-05_17:41:02.345675][17440] BnD::B1RedisDirectClientReadSession: set connection_status to STATUS_DISCONNECTED: sessionHandleID[1], previous_status:[3], reason[995]
[2024-08-05_17:41:02.345675][17440] BnD::B1RedisDirectClientReadSession: session disconnected
[2024-08-05_17:41:02.376952][17440] BnD::B1RedisDirectClientWriteSession: set connection_status to STATUS_DISCONNECTED: sessionHandleID[0], previous_status:[3], reason[995]
[2024-08-05_17:41:02.376952][17440] BnD::B1RedisDirectClientWriteSession: session disconnected
[2024-08-05_17:41:02.408838][17440] SemiTS::WebAssistantServiceMFC: starting [WebAssistantService_LPR][1001014] version:[1000][20240423]
[2024-08-05_17:41:02.408838][17440] SemiTS::LPRWebAssistantServicePublic: Connecting [20.20.0.152:9379(0)]
[2024-08-05_17:41:02.408838][17440] BnD::B1RedisDirectClientWriteSession: set connection_status to STATUS_CONNECTING: sessionHandleID[0], previous_status:[-1]
[2024-08-05_17:41:02.408838][17440] BnD::B1ClientSocket: connecting: address[20.20.0.152], port[9379]
[2024-08-05_17:41:02.439965][17440] BnD::B1RedisDirectClientReadSession: set connection_status to STATUS_CONNECTING: sessionHandleID[1], previous_status:[-1]
[2024-08-05_17:41:02.439965][17440] BnD::B1ClientSocket: connecting: address[20.20.0.152], port[9379]
[2024-08-05_17:41:02.439965][26820] BnD::B1RedisDirectClientWriteSession: session connected -> clear buffer
[2024-08-05_17:41:02.439965][26820] BnD::B1RedisDirectClientWriteSession: set connection_status to STATUS_CONNECTED: sessionHandleID[0], previous_status:[1]
[2024-08-05_17:41:02.455591][17440] BnD::B1RedisDirectClientSubscribeSession: set connection_status to STATUS_CONNECTING: sessionHandleID[2], previous_status:[-1]
[2024-08-05_17:41:02.455591][17440] BnD::B1ClientSocket: connecting: address[20.20.0.152], port[9379]
[2024-08-05_17:41:02.455591][28392] BnD::B1RedisDirectClientReadSession: session connected -> clear buffer
[2024-08-05_17:41:02.455591][28392] BnD::B1RedisDirectClientReadSession: set connection_status to STATUS_CONNECTED: sessionHandleID[1], previous_status:[1]
[2024-08-05_17:41:02.471240][23204] BnD::B1RedisDirectClientSubscribeSession: session connected -> clear buffer
[2024-08-05_17:41:02.471240][23204] BnD::B1RedisDirectClientSubscribeSession: set connection_status to STATUS_CONNECTED: sessionHandleID[2], previous_status:[1]
[2024-08-05_17:41:02.613228][30416] BnD::B1RedisDirectClientWriteSession: selecting redis db: db[0]
[2024-08-05_17:41:02.613228][30416] BnD::B1RedisDirectClientReadSession: selecting redis db: db[0]
[2024-08-05_17:41:02.613228][28392] BnD::B1RedisDirectClientReadSession: redis db selected
[2024-08-05_17:41:02.613228][30416] BnD::B1RedisDirectClientSubscribeSession: selecting redis db: db[0]
[2024-08-05_17:41:02.628811][17440] SemiTS::LPRWASWebServer: begin accept: port[22001]
[2024-08-05_17:41:02.660044][17440] SemiTS::LPRWebAssistantServicePublic: initializing performance check: tick[250]
[2024-08-05_17:41:02.660044][17440] SemiTS::WebAssistantServiceMFC: [WebAssistantService_LPR][1001014] version:[1000][20240423] started
[2024-08-05_17:41:02.785741][30536] SemiTS::WASWebServerSession: set connection_status to STATUS_CONNECTED: sessionHandleID[0], previous_status:[-1]
[2024-08-05_17:41:02.785741][30536] BnD::B1HttpServerSessionManager: session modified: sessionHandleID[0]
[2024-08-05_17:41:02.785741][30536] SemiTS::LPRWASWebSocketServerSession: web socket accepted: peerAddress[127.0.0.1], localPort[22001]
[2024-08-05_17:41:02.785741][30536] SemiTS::LPRWASWebSocketServerSession: set connection_status to STATUS_CONNECTED: sessionHandleID[0], previous_status:[-1]
[2024-08-05_17:41:08.406629][30624] SemiTS::WebAssistantServiceMFC: stopping [WebAssistantService_LPR][1001014] version:[1000][20240423]
[2024-08-05_17:41:08.406629][17440] BnD::B1Acceptor: closing acceptor
[2024-08-05_17:41:08.406629][30536] SemiTS::LPRWASWebServer: accept error: peerAddress[], localPort[0], reason[995]
[2024-08-05_17:41:08.515853][17440] BnD::B1Acceptor: acceptor closed
[2024-08-05_17:41:08.689265][17440] SemiTS::LPRWASWebSocketServerSession: disconnect called: sessionHandleID[0]
[2024-08-05_17:41:08.689541][17440] BnD::B1HttpServerSessionManager: waiting disconnection: sessionHandleID[0]
[2024-08-05_17:41:08.690057][30536] BnD::B1WebSocketReadWriteImpl: read failed: reason[1236], message[네트워크 연결이 로컬 시스템에 의해 취소되었습니다]
[2024-08-05_17:41:08.690057][30536] SemiTS::LPRWASWebSocketServerSession: set connection_status to STATUS_DISCONNECTING: sessionHandleID[0], previous_status:[2], reason[1236]
[2024-08-05_17:41:09.696925][17440] SemiTS::LPRWASWebSocketServerSession: set connection_status to STATUS_DISCONNECTED: sessionHandleID[0], previous_status:[3], reason[1236]
[2024-08-05_17:41:09.696925][17440] SemiTS::LPRWASWebSocketServerSession: server session disconnected: sessionHandleID[0], peerAddress[], localPort[0], reason[1236]
[2024-08-05_17:41:09.696925][17440] BnD::B1HttpServerSessionManager: reserveRemoveSession requested. but manager is not alived
[2024-08-05_17:41:09.885844][17440] BnD::B1RedisDirectClientWriteSession: disconnect called: sessionHandleID[0]
[2024-08-05_17:41:09.885844][17440] BnD::B1RedisDirectClientReadSession: disconnect called: sessionHandleID[1]
[2024-08-05_17:41:09.885844][17440] BnD::B1RedisDirectClientSubscribeSession: disconnect called: sessionHandleID[2]
[2024-08-05_17:41:09.885844][17440] BnD::B1BaseSessionManager: waiting disconnection: sessionHandleID[0]
[2024-08-05_17:41:09.885844][17440] BnD::B1BaseSessionManager: waiting disconnection: sessionHandleID[1]
[2024-08-05_17:41:09.885844][26820] BnD::B1ArrayBufferReadWriteImpl: read failed: reason[995], message[스레드 종료 또는 응용 프로그램 요청 때문에 I/O 작업이 취소되었습니다]
[2024-08-05_17:41:09.885844][28392] BnD::B1ArrayBufferReadWriteImpl: read failed: reason[995], message[스레드 종료 또는 응용 프로그램 요청 때문에 I/O 작업이 취소되었습니다]
[2024-08-05_17:41:09.885844][17440] BnD::B1BaseSessionManager: waiting disconnection: sessionHandleID[2]
[2024-08-05_17:41:09.885844][23204] BnD::B1ArrayBufferReadWriteImpl: read failed: reason[995], message[스레드 종료 또는 응용 프로그램 요청 때문에 I/O 작업이 취소되었습니다]
[2024-08-05_17:41:09.885844][26820] BnD::B1RedisDirectClientWriteSession: set connection_status to STATUS_DISCONNECTING: sessionHandleID[0], previous_status:[2], reason[995]
[2024-08-05_17:41:09.885844][28392] BnD::B1RedisDirectClientReadSession: set connection_status to STATUS_DISCONNECTING: sessionHandleID[1], previous_status:[2], reason[995]
[2024-08-05_17:41:09.885844][23204] BnD::B1RedisDirectClientSubscribeSession: set connection_status to STATUS_DISCONNECTING: sessionHandleID[2], previous_status:[2], reason[995]
[2024-08-05_17:41:10.891671][17440] BnD::B1RedisDirectClientWriteSession: set connection_status to STATUS_DISCONNECTED: sessionHandleID[0], previous_status:[3], reason[995]
[2024-08-05_17:41:10.891671][17440] BnD::B1RedisDirectClientWriteSession: session disconnected
[2024-08-05_17:41:10.923355][17440] BnD::B1RedisDirectClientReadSession: set connection_status to STATUS_DISCONNECTED: sessionHandleID[1], previous_status:[3], reason[995]
[2024-08-05_17:41:10.923355][17440] BnD::B1RedisDirectClientReadSession: session disconnected
[2024-08-05_17:41:10.938979][17440] BnD::B1RedisDirectClientSubscribeSession: set connection_status to STATUS_DISCONNECTED: sessionHandleID[2], previous_status:[3], reason[995]
[2024-08-05_17:41:10.938979][17440] BnD::B1RedisDirectClientSubscribeSession: session disconnected
[2024-08-05_17:41:10.954604][17440] SemiTS::WebAssistantServiceMFC: [WebAssistantService_LPR][1001014] version:[1000][20240423] stopped
[2024-08-05_17:58:32.940248][6872] SemiTS::WebAssistantServiceMFC: connecting Administration Service for find equipment type...
[2024-08-05_17:58:32.940248][6872] BnD::B1RedisDirectClientWriteSession: set connection_status to STATUS_CONNECTING: sessionHandleID[0], previous_status:[-1]
[2024-08-05_17:58:32.940248][6872] BnD::B1ClientSocket: connecting: address[20.20.0.152], port[9379]
[2024-08-05_17:58:32.968299][6872] BnD::B1RedisDirectClientReadSession: set connection_status to STATUS_CONNECTING: sessionHandleID[1], previous_status:[-1]
[2024-08-05_17:58:32.968299][6872] BnD::B1ClientSocket: connecting: address[20.20.0.152], port[9379]
[2024-08-05_17:58:32.968299][6588] BnD::B1RedisDirectClientWriteSession: session connected -> clear buffer
[2024-08-05_17:58:32.968299][6588] BnD::B1RedisDirectClientWriteSession: set connection_status to STATUS_CONNECTED: sessionHandleID[0], previous_status:[1]
[2024-08-05_17:58:32.999551][18592] BnD::B1RedisDirectClientReadSession: session connected -> clear buffer
[2024-08-05_17:58:32.999551][18592] BnD::B1RedisDirectClientReadSession: set connection_status to STATUS_CONNECTED: sessionHandleID[1], previous_status:[1]
[2024-08-05_17:58:33.141839][13392] BnD::B1RedisDirectClientWriteSession: selecting redis db: db[0]
[2024-08-05_17:58:33.141839][13392] BnD::B1RedisDirectClientReadSession: selecting redis db: db[0]
[2024-08-05_17:58:33.141839][18592] BnD::B1RedisDirectClientReadSession: redis db selected
[2024-08-05_17:58:33.157501][6872] SemiTS::WebAssistantServiceMFC: Sync server time:[2024-08-05 17:58:33.181]
[2024-08-05_17:58:33.181684][6872] SemiTS::WebAssistantServiceMFC: Sync server time finished
[2024-08-05_17:58:33.181684][6872] SemiTS::WebAssistantServiceMFC: find product type done! disconnecting Administration Service: site[1001], type[1001]
[2024-08-05_17:58:33.384874][6872] BnD::B1RedisDirectClientWriteSession: disconnect called: sessionHandleID[0]
[2024-08-05_17:58:33.384874][6872] BnD::B1RedisDirectClientReadSession: disconnect called: sessionHandleID[1]
[2024-08-05_17:58:33.384874][6872] BnD::B1BaseSessionManager: waiting disconnection: sessionHandleID[0]
[2024-08-05_17:58:33.384874][6872] BnD::B1BaseSessionManager: waiting disconnection: sessionHandleID[1]
[2024-08-05_17:58:33.384874][6588] BnD::B1ArrayBufferReadWriteImpl: read failed: reason[995], message[스레드 종료 또는 응용 프로그램 요청 때문에 I/O 작업이 취소되었습니다]
[2024-08-05_17:58:33.384874][18592] BnD::B1ArrayBufferReadWriteImpl: read failed: reason[995], message[스레드 종료 또는 응용 프로그램 요청 때문에 I/O 작업이 취소되었습니다]
[2024-08-05_17:58:33.384874][6588] BnD::B1RedisDirectClientWriteSession: set connection_status to STATUS_DISCONNECTING: sessionHandleID[0], previous_status:[2], reason[995]
[2024-08-05_17:58:33.384874][18592] BnD::B1RedisDirectClientReadSession: set connection_status to STATUS_DISCONNECTING: sessionHandleID[1], previous_status:[2], reason[995]
[2024-08-05_17:58:34.390915][6872] BnD::B1RedisDirectClientWriteSession: set connection_status to STATUS_DISCONNECTED: sessionHandleID[0], previous_status:[3], reason[995]
[2024-08-05_17:58:34.390915][6872] BnD::B1RedisDirectClientWriteSession: session disconnected
[2024-08-05_17:58:34.406488][6872] BnD::B1RedisDirectClientReadSession: set connection_status to STATUS_DISCONNECTED: sessionHandleID[1], previous_status:[3], reason[995]
[2024-08-05_17:58:34.406488][6872] BnD::B1RedisDirectClientReadSession: session disconnected
[2024-08-05_17:58:34.422234][6872] SemiTS::WebAssistantServiceMFC: starting [WebAssistantService_LPR][1001014] version:[1000][20240423]
[2024-08-05_17:58:34.422234][6872] SemiTS::LPRWebAssistantServicePublic: Connecting [20.20.0.152:9379(0)]
[2024-08-05_17:58:34.422234][6872] BnD::B1RedisDirectClientWriteSession: set connection_status to STATUS_CONNECTING: sessionHandleID[0], previous_status:[-1]
[2024-08-05_17:58:34.422234][6872] BnD::B1ClientSocket: connecting: address[20.20.0.152], port[9379]
[2024-08-05_17:58:34.453397][6872] BnD::B1RedisDirectClientReadSession: set connection_status to STATUS_CONNECTING: sessionHandleID[1], previous_status:[-1]
[2024-08-05_17:58:34.453397][6872] BnD::B1ClientSocket: connecting: address[20.20.0.152], port[9379]
[2024-08-05_17:58:34.453397][31656] BnD::B1RedisDirectClientWriteSession: session connected -> clear buffer
[2024-08-05_17:58:34.453397][31656] BnD::B1RedisDirectClientWriteSession: set connection_status to STATUS_CONNECTED: sessionHandleID[0], previous_status:[1]
[2024-08-05_17:58:34.469407][6872] BnD::B1RedisDirectClientSubscribeSession: set connection_status to STATUS_CONNECTING: sessionHandleID[2], previous_status:[-1]
[2024-08-05_17:58:34.469407][6872] BnD::B1ClientSocket: connecting: address[20.20.0.152], port[9379]
[2024-08-05_17:58:34.469407][27024] BnD::B1RedisDirectClientReadSession: session connected -> clear buffer
[2024-08-05_17:58:34.469407][27024] BnD::B1RedisDirectClientReadSession: set connection_status to STATUS_CONNECTED: sessionHandleID[1], previous_status:[1]
[2024-08-05_17:58:34.485064][29016] BnD::B1RedisDirectClientSubscribeSession: session connected -> clear buffer
[2024-08-05_17:58:34.485064][29016] BnD::B1RedisDirectClientSubscribeSession: set connection_status to STATUS_CONNECTED: sessionHandleID[2], previous_status:[1]
[2024-08-05_17:58:34.625646][26152] BnD::B1RedisDirectClientSubscribeSession: selecting redis db: db[0]
[2024-08-05_17:58:34.625646][26152] BnD::B1RedisDirectClientWriteSession: selecting redis db: db[0]
[2024-08-05_17:58:34.625646][26152] BnD::B1RedisDirectClientReadSession: selecting redis db: db[0]
[2024-08-05_17:58:34.625646][27024] BnD::B1RedisDirectClientReadSession: redis db selected
[2024-08-05_17:58:34.641204][6872] SemiTS::LPRWASWebServer: begin accept: port[22001]
[2024-08-05_17:58:34.673061][6872] SemiTS::LPRWebAssistantServicePublic: initializing performance check: tick[250]
[2024-08-05_17:58:34.673061][6872] SemiTS::WebAssistantServiceMFC: [WebAssistantService_LPR][1001014] version:[1000][20240423] started
[2024-08-05_17:58:37.627505][11392] SemiTS::WASWebServerSession: set connection_status to STATUS_CONNECTED: sessionHandleID[0], previous_status:[-1]
[2024-08-05_17:58:37.627505][11392] BnD::B1HttpServerSessionManager: session modified: sessionHandleID[0]
[2024-08-05_17:58:37.627505][11392] SemiTS::LPRWASWebSocketServerSession: web socket accepted: peerAddress[127.0.0.1], localPort[22001]
[2024-08-05_17:58:37.627505][11392] SemiTS::LPRWASWebSocketServerSession: set connection_status to STATUS_CONNECTED: sessionHandleID[0], previous_status:[-1]
[2024-08-05_17:58:39.734040][30624] SemiTS::WebAssistantServiceMFC: stopping [WebAssistantService_LPR][1001014] version:[1000][20240423]
[2024-08-05_17:58:39.734040][6872] BnD::B1Acceptor: closing acceptor
[2024-08-05_17:58:39.734040][11392] SemiTS::LPRWASWebServer: accept error: peerAddress[], localPort[0], reason[995]
[2024-08-05_17:58:39.843542][6872] BnD::B1Acceptor: acceptor closed
[2024-08-05_17:58:40.706019][6872] SemiTS::LPRWASWebSocketServerSession: disconnect called: sessionHandleID[0]
[2024-08-05_17:58:40.706019][6872] BnD::B1HttpServerSessionManager: waiting disconnection: sessionHandleID[0]
[2024-08-05_17:58:40.706019][11392] BnD::B1WebSocketReadWriteImpl: read failed: reason[1236], message[네트워크 연결이 로컬 시스템에 의해 취소되었습니다]
[2024-08-05_17:58:40.706019][11392] SemiTS::LPRWASWebSocketServerSession: set connection_status to STATUS_DISCONNECTING: sessionHandleID[0], previous_status:[2], reason[1236]
[2024-08-05_17:58:41.708880][6872] SemiTS::LPRWASWebSocketServerSession: set connection_status to STATUS_DISCONNECTED: sessionHandleID[0], previous_status:[3], reason[1236]
[2024-08-05_17:58:41.708880][6872] SemiTS::LPRWASWebSocketServerSession: server session disconnected: sessionHandleID[0], peerAddress[], localPort[0], reason[1236]
[2024-08-05_17:58:41.708880][6872] BnD::B1HttpServerSessionManager: reserveRemoveSession requested. but manager is not alived
[2024-08-05_17:58:41.834596][6872] BnD::B1RedisDirectClientSubscribeSession: disconnect called: sessionHandleID[2]
[2024-08-05_17:58:41.834596][6872] BnD::B1RedisDirectClientWriteSession: disconnect called: sessionHandleID[0]
[2024-08-05_17:58:41.834596][6872] BnD::B1RedisDirectClientReadSession: disconnect called: sessionHandleID[1]
[2024-08-05_17:58:41.834596][6872] BnD::B1BaseSessionManager: waiting disconnection: sessionHandleID[2]
[2024-08-05_17:58:41.834596][6872] BnD::B1BaseSessionManager: waiting disconnection: sessionHandleID[0]
[2024-08-05_17:58:41.834596][29016] BnD::B1ArrayBufferReadWriteImpl: read failed: reason[995], message[스레드 종료 또는 응용 프로그램 요청 때문에 I/O 작업이 취소되었습니다]
[2024-08-05_17:58:41.834596][6872] BnD::B1BaseSessionManager: waiting disconnection: sessionHandleID[1]
[2024-08-05_17:58:41.834596][31656] BnD::B1ArrayBufferReadWriteImpl: read failed: reason[995], message[스레드 종료 또는 응용 프로그램 요청 때문에 I/O 작업이 취소되었습니다]
[2024-08-05_17:58:41.834596][29016] BnD::B1RedisDirectClientSubscribeSession: set connection_status to STATUS_DISCONNECTING: sessionHandleID[2], previous_status:[2], reason[995]
[2024-08-05_17:58:41.834596][31656] BnD::B1RedisDirectClientWriteSession: set connection_status to STATUS_DISCONNECTING: sessionHandleID[0], previous_status:[2], reason[995]
[2024-08-05_17:58:41.834596][27024] BnD::B1ArrayBufferReadWriteImpl: read failed: reason[995], message[스레드 종료 또는 응용 프로그램 요청 때문에 I/O 작업이 취소되었습니다]
[2024-08-05_17:58:41.834596][27024] BnD::B1RedisDirectClientReadSession: set connection_status to STATUS_DISCONNECTING: sessionHandleID[1], previous_status:[2], reason[995]
[2024-08-05_17:58:42.836479][6872] BnD::B1RedisDirectClientSubscribeSession: set connection_status to STATUS_DISCONNECTED: sessionHandleID[2], previous_status:[3], reason[995]
[2024-08-05_17:58:42.836479][6872] BnD::B1RedisDirectClientSubscribeSession: session disconnected
[2024-08-05_17:58:42.868457][6872] BnD::B1RedisDirectClientWriteSession: set connection_status to STATUS_DISCONNECTED: sessionHandleID[0], previous_status:[3], reason[995]
[2024-08-05_17:58:42.868457][6872] BnD::B1RedisDirectClientWriteSession: session disconnected
[2024-08-05_17:58:42.884097][6872] BnD::B1RedisDirectClientReadSession: set connection_status to STATUS_DISCONNECTED: sessionHandleID[1], previous_status:[3], reason[995]
[2024-08-05_17:58:42.884097][6872] BnD::B1RedisDirectClientReadSession: session disconnected
[2024-08-05_17:58:42.900547][6872] SemiTS::WebAssistantServiceMFC: [WebAssistantService_LPR][1001014] version:[1000][20240423] stopped
