[2024-08-05_09:05:14.068087][20640] SemiTS::WebAssistantServiceMFC: connecting Administration Service for find equipment type...
[2024-08-05_09:05:14.068087][20640] BnD::B1RedisDirectClientWriteSession: set connection_status to STATUS_CONNECTING: sessionHandleID[0], previous_status:[-1]
[2024-08-05_09:05:14.068087][20640] BnD::B1ClientSocket: connecting: address[20.20.0.152], port[9379]
[2024-08-05_09:05:14.093872][20640] BnD::B1RedisDirectClientReadSession: set connection_status to STATUS_CONNECTING: sessionHandleID[1], previous_status:[-1]
[2024-08-05_09:05:14.093872][20640] BnD::B1ClientSocket: connecting: address[20.20.0.152], port[9379]
[2024-08-05_09:05:14.093872][14888] BnD::B1RedisDirectClientWriteSession: session connected -> clear buffer
[2024-08-05_09:05:14.093872][14888] BnD::B1RedisDirectClientWriteSession: set connection_status to STATUS_CONNECTED: sessionHandleID[0], previous_status:[1]
[2024-08-05_09:05:14.109497][6704] BnD::B1RedisDirectClientReadSession: session connected -> clear buffer
[2024-08-05_09:05:14.109497][6704] BnD::B1RedisDirectClientReadSession: set connection_status to STATUS_CONNECTED: sessionHandleID[1], previous_status:[1]
[2024-08-05_09:05:14.281332][8384] BnD::B1RedisDirectClientWriteSession: selecting redis db: db[0]
[2024-08-05_09:05:14.281446][8384] BnD::B1RedisDirectClientReadSession: selecting redis db: db[0]
[2024-08-05_09:05:14.282023][6704] BnD::B1RedisDirectClientReadSession: redis db selected
[2024-08-05_09:05:14.297131][20640] SemiTS::WebAssistantServiceMFC: Sync server time:[2024-08-05 09:05:14.316]
[2024-08-05_09:05:14.316004][20640] SemiTS::WebAssistantServiceMFC: Sync server time finished
[2024-08-05_09:05:14.317136][20640] SemiTS::WebAssistantServiceMFC: find product type done! disconnecting Administration Service: site[1001], type[1001]
[2024-08-05_09:05:14.504672][20640] BnD::B1RedisDirectClientWriteSession: disconnect called: sessionHandleID[0]
[2024-08-05_09:05:14.504672][20640] BnD::B1RedisDirectClientReadSession: disconnect called: sessionHandleID[1]
[2024-08-05_09:05:14.504672][20640] BnD::B1BaseSessionManager: waiting disconnection: sessionHandleID[0]
[2024-08-05_09:05:14.504672][20640] BnD::B1BaseSessionManager: waiting disconnection: sessionHandleID[1]
[2024-08-05_09:05:14.504672][14888] BnD::B1ArrayBufferReadWriteImpl: read failed: reason[995], message[스레드 종료 또는 응용 프로그램 요청 때문에 I/O 작업이 취소되었습니다]
[2024-08-05_09:05:14.504672][14888] BnD::B1RedisDirectClientWriteSession: set connection_status to STATUS_DISCONNECTING: sessionHandleID[0], previous_status:[2], reason[995]
[2024-08-05_09:05:14.504672][6704] BnD::B1ArrayBufferReadWriteImpl: read failed: reason[995], message[스레드 종료 또는 응용 프로그램 요청 때문에 I/O 작업이 취소되었습니다]
[2024-08-05_09:05:14.504672][6704] BnD::B1RedisDirectClientReadSession: set connection_status to STATUS_DISCONNECTING: sessionHandleID[1], previous_status:[2], reason[995]
[2024-08-05_09:05:15.505525][20640] BnD::B1RedisDirectClientWriteSession: set connection_status to STATUS_DISCONNECTED: sessionHandleID[0], previous_status:[3], reason[995]
[2024-08-05_09:05:15.505525][20640] BnD::B1RedisDirectClientWriteSession: session disconnected
[2024-08-05_09:05:15.521141][20640] BnD::B1RedisDirectClientReadSession: set connection_status to STATUS_DISCONNECTED: sessionHandleID[1], previous_status:[3], reason[995]
[2024-08-05_09:05:15.521141][20640] BnD::B1RedisDirectClientReadSession: session disconnected
[2024-08-05_09:05:15.536717][20640] SemiTS::WebAssistantServiceMFC: starting [WebAssistantService_LPR][1001014] version:[1000][20240423]
[2024-08-05_09:05:15.536717][20640] SemiTS::LPRWebAssistantServicePublic: Connecting [20.20.0.152:9379(0)]
[2024-08-05_09:05:15.536717][20640] BnD::B1RedisDirectClientWriteSession: set connection_status to STATUS_CONNECTING: sessionHandleID[0], previous_status:[-1]
[2024-08-05_09:05:15.536717][20640] BnD::B1ClientSocket: connecting: address[20.20.0.152], port[9379]
[2024-08-05_09:05:15.552255][20640] BnD::B1RedisDirectClientReadSession: set connection_status to STATUS_CONNECTING: sessionHandleID[1], previous_status:[-1]
[2024-08-05_09:05:15.552255][20640] BnD::B1ClientSocket: connecting: address[20.20.0.152], port[9379]
[2024-08-05_09:05:15.552255][756] BnD::B1RedisDirectClientWriteSession: session connected -> clear buffer
[2024-08-05_09:05:15.552255][756] BnD::B1RedisDirectClientWriteSession: set connection_status to STATUS_CONNECTED: sessionHandleID[0], previous_status:[1]
[2024-08-05_09:05:15.567916][20640] BnD::B1RedisDirectClientSubscribeSession: set connection_status to STATUS_CONNECTING: sessionHandleID[2], previous_status:[-1]
[2024-08-05_09:05:15.567916][20640] BnD::B1ClientSocket: connecting: address[20.20.0.152], port[9379]
[2024-08-05_09:05:15.567916][12996] BnD::B1RedisDirectClientReadSession: session connected -> clear buffer
[2024-08-05_09:05:15.567916][12996] BnD::B1RedisDirectClientReadSession: set connection_status to STATUS_CONNECTED: sessionHandleID[1], previous_status:[1]
[2024-08-05_09:05:15.583540][15328] BnD::B1RedisDirectClientSubscribeSession: session connected -> clear buffer
[2024-08-05_09:05:15.583540][15328] BnD::B1RedisDirectClientSubscribeSession: set connection_status to STATUS_CONNECTED: sessionHandleID[2], previous_status:[1]
[2024-08-05_09:05:15.740374][26316] BnD::B1RedisDirectClientWriteSession: selecting redis db: db[0]
[2024-08-05_09:05:15.740374][26316] BnD::B1RedisDirectClientReadSession: selecting redis db: db[0]
[2024-08-05_09:05:15.740374][12996] BnD::B1RedisDirectClientReadSession: redis db selected
[2024-08-05_09:05:15.740374][26316] BnD::B1RedisDirectClientSubscribeSession: selecting redis db: db[0]
[2024-08-05_09:05:15.756460][20640] SemiTS::LPRWASWebServer: begin accept: port[22001]
[2024-08-05_09:05:15.787743][20640] SemiTS::LPRWebAssistantServicePublic: initializing performance check: tick[250]
[2024-08-05_09:05:15.787743][20640] SemiTS::WebAssistantServiceMFC: [WebAssistantService_LPR][1001014] version:[1000][20240423] started
[2024-08-05_09:05:19.020519][23416] SemiTS::WASWebServerSession: set connection_status to STATUS_CONNECTED: sessionHandleID[0], previous_status:[-1]
[2024-08-05_09:05:19.020519][23416] BnD::B1HttpServerSessionManager: session modified: sessionHandleID[0]
[2024-08-05_09:05:19.020519][23416] SemiTS::LPRWASWebSocketServerSession: web socket accepted: peerAddress[127.0.0.1], localPort[22001]
[2024-08-05_09:05:19.020519][23416] SemiTS::LPRWASWebSocketServerSession: set connection_status to STATUS_CONNECTED: sessionHandleID[0], previous_status:[-1]
[2024-08-05_09:05:39.657307][23416] BnD::B1WebSocketReadWriteImpl: read failed: reason[10054], message[현재 연결은 원격 호스트에 의해 강제로 끊겼습니다]
[2024-08-05_09:05:39.657307][23416] SemiTS::LPRWASWebSocketServerSession: set connection_status to STATUS_DISCONNECTING: sessionHandleID[0], previous_status:[2], reason[10054]
[2024-08-05_09:05:39.943108][2808] SemiTS::LPRWASWebSocketServerSession: set connection_status to STATUS_DISCONNECTED: sessionHandleID[0], previous_status:[3], reason[10054]
[2024-08-05_09:05:39.943306][2808] SemiTS::LPRWASWebSocketServerSession: server session disconnected: sessionHandleID[0], peerAddress[127.0.0.1], localPort[22001], reason[10054]
[2024-08-05_09:05:58.242951][23416] SemiTS::WASWebServerSession: set connection_status to STATUS_CONNECTED: sessionHandleID[0], previous_status:[-1]
[2024-08-05_09:05:58.242951][23416] BnD::B1HttpServerSessionManager: session modified: sessionHandleID[0]
[2024-08-05_09:05:58.242951][23416] SemiTS::LPRWASWebSocketServerSession: web socket accepted: peerAddress[127.0.0.1], localPort[22001]
[2024-08-05_09:05:58.242951][23416] SemiTS::LPRWASWebSocketServerSession: set connection_status to STATUS_CONNECTED: sessionHandleID[0], previous_status:[-1]
[2024-08-05_09:50:24.933504][23416] BnD::B1WebSocketReadWriteImpl: read failed: reason[1], message[The WebSocket stream was gracefully closed at both endpoints]
[2024-08-05_09:50:24.933504][23416] SemiTS::LPRWASWebSocketServerSession: set connection_status to STATUS_DISCONNECTING: sessionHandleID[0], previous_status:[2], reason[1]
[2024-08-05_09:50:25.104891][2808] SemiTS::LPRWASWebSocketServerSession: set connection_status to STATUS_DISCONNECTED: sessionHandleID[0], previous_status:[3], reason[1]
[2024-08-05_09:50:25.104891][2808] SemiTS::LPRWASWebSocketServerSession: server session disconnected: sessionHandleID[0], peerAddress[], localPort[0], reason[1]
