[2024-08-09_11:20:27.039520][30640] SemiTS::WebAssistantServiceMFC: connecting Administration Service for find equipment type...
[2024-08-09_11:20:27.039520][30640] BnD::B1RedisDirectClientWriteSession: set connection_status to STATUS_CONNECTING: sessionHandleID[0], previous_status:[-1]
[2024-08-09_11:20:27.039520][30640] BnD::B1ClientSocket: connecting: address[127.0.0.1], port[9379]
[2024-08-09_11:20:27.060086][30640] BnD::B1RedisDirectClientReadSession: set connection_status to STATUS_CONNECTING: sessionHandleID[1], previous_status:[-1]
[2024-08-09_11:20:27.060086][30640] BnD::B1ClientSocket: connecting: address[127.0.0.1], port[9379]
[2024-08-09_11:20:29.082939][40728] BnD::B1RedisDirectClientWriteSession: set connection_status to STATUS_DISCONNECTING: sessionHandleID[0], previous_status:[1], reason[10061]
[2024-08-09_11:20:29.097806][23508] BnD::B1RedisDirectClientReadSession: set connection_status to STATUS_DISCONNECTING: sessionHandleID[1], previous_status:[1], reason[10061]
[2024-08-09_11:20:29.285906][2232] BnD::B1RedisDirectClientWriteSession: set connection_status to STATUS_DISCONNECTED: sessionHandleID[0], previous_status:[3], reason[10061]
[2024-08-09_11:20:29.285906][2232] BnD::B1RedisDirectClientReadSession: set connection_status to STATUS_DISCONNECTED: sessionHandleID[1], previous_status:[3], reason[10061]
[2024-08-09_11:20:29.496760][2232] BnD::B1RedisDirectClientWriteSession: set connection_status to STATUS_CONNECTING: sessionHandleID[0], previous_status:[0]
[2024-08-09_11:20:29.496760][2232] BnD::B1ClientSocket: connecting: address[127.0.0.1], port[9379]
[2024-08-09_11:20:29.512620][2232] BnD::B1RedisDirectClientReadSession: set connection_status to STATUS_CONNECTING: sessionHandleID[1], previous_status:[0]
[2024-08-09_11:20:29.512620][2232] BnD::B1ClientSocket: connecting: address[127.0.0.1], port[9379]
[2024-08-09_11:20:31.564834][19064] BnD::B1RedisDirectClientWriteSession: set connection_status to STATUS_DISCONNECTING: sessionHandleID[0], previous_status:[1], reason[10061]
[2024-08-09_11:20:31.580398][2232] BnD::B1RedisDirectClientWriteSession: set connection_status to STATUS_DISCONNECTED: sessionHandleID[0], previous_status:[3], reason[10061]
[2024-08-09_11:20:31.595926][37916] BnD::B1RedisDirectClientReadSession: set connection_status to STATUS_DISCONNECTING: sessionHandleID[1], previous_status:[1], reason[10061]
[2024-08-09_11:20:31.781869][2232] BnD::B1RedisDirectClientWriteSession: set connection_status to STATUS_CONNECTING: sessionHandleID[0], previous_status:[0]
[2024-08-09_11:20:31.781869][2232] BnD::B1ClientSocket: connecting: address[127.0.0.1], port[9379]
[2024-08-09_11:20:31.812979][2232] BnD::B1RedisDirectClientReadSession: set connection_status to STATUS_DISCONNECTED: sessionHandleID[1], previous_status:[3], reason[10061]
[2024-08-09_11:20:32.016011][2232] BnD::B1RedisDirectClientReadSession: set connection_status to STATUS_CONNECTING: sessionHandleID[1], previous_status:[0]
[2024-08-09_11:20:32.016011][2232] BnD::B1ClientSocket: connecting: address[127.0.0.1], port[9379]
[2024-08-09_11:20:33.862556][24432] BnD::B1RedisDirectClientWriteSession: set connection_status to STATUS_DISCONNECTING: sessionHandleID[0], previous_status:[1], reason[10061]
[2024-08-09_11:20:34.063567][2232] BnD::B1RedisDirectClientWriteSession: set connection_status to STATUS_DISCONNECTED: sessionHandleID[0], previous_status:[3], reason[10061]
[2024-08-09_11:20:34.078901][3668] BnD::B1RedisDirectClientReadSession: set connection_status to STATUS_DISCONNECTING: sessionHandleID[1], previous_status:[1], reason[10061]
[2024-08-09_11:20:34.266017][2232] BnD::B1RedisDirectClientWriteSession: set connection_status to STATUS_CONNECTING: sessionHandleID[0], previous_status:[0]
[2024-08-09_11:20:34.266017][2232] BnD::B1ClientSocket: connecting: address[127.0.0.1], port[9379]
[2024-08-09_11:20:34.296724][2232] BnD::B1RedisDirectClientReadSession: set connection_status to STATUS_DISCONNECTED: sessionHandleID[1], previous_status:[3], reason[10061]
[2024-08-09_11:20:34.497887][2232] BnD::B1RedisDirectClientReadSession: set connection_status to STATUS_CONNECTING: sessionHandleID[1], previous_status:[0]
[2024-08-09_11:20:34.497887][2232] BnD::B1ClientSocket: connecting: address[127.0.0.1], port[9379]
[2024-08-09_11:20:36.322065][11948] BnD::B1RedisDirectClientWriteSession: set connection_status to STATUS_DISCONNECTING: sessionHandleID[0], previous_status:[1], reason[10061]
[2024-08-09_11:20:36.369587][2232] BnD::B1RedisDirectClientWriteSession: set connection_status to STATUS_DISCONNECTED: sessionHandleID[0], previous_status:[3], reason[10061]
[2024-08-09_11:20:36.553714][40244] BnD::B1RedisDirectClientReadSession: set connection_status to STATUS_DISCONNECTING: sessionHandleID[1], previous_status:[1], reason[10061]
[2024-08-09_11:20:36.584617][2232] BnD::B1RedisDirectClientWriteSession: set connection_status to STATUS_CONNECTING: sessionHandleID[0], previous_status:[0]
[2024-08-09_11:20:36.584617][2232] BnD::B1ClientSocket: connecting: address[127.0.0.1], port[9379]
[2024-08-09_11:20:36.600028][2232] BnD::B1RedisDirectClientReadSession: set connection_status to STATUS_DISCONNECTED: sessionHandleID[1], previous_status:[3], reason[10061]
[2024-08-09_11:20:36.802966][2232] BnD::B1RedisDirectClientReadSession: set connection_status to STATUS_CONNECTING: sessionHandleID[1], previous_status:[0]
[2024-08-09_11:20:36.802966][2232] BnD::B1ClientSocket: connecting: address[127.0.0.1], port[9379]
[2024-08-09_11:20:37.091824][30640] BnD::B1RedisDirectClientReadSession: disconnect called: sessionHandleID[1]
[2024-08-09_11:20:37.091824][30640] BnD::B1RedisDirectClientWriteSession: disconnect called: sessionHandleID[0]
[2024-08-09_11:20:37.091824][8212] BnD::B1RedisDirectClientReadSession: set connection_status to STATUS_DISCONNECTING: sessionHandleID[1], previous_status:[1], reason[995]
[2024-08-09_11:20:37.091824][33212] BnD::B1RedisDirectClientWriteSession: set connection_status to STATUS_DISCONNECTING: sessionHandleID[0], previous_status:[1], reason[995]
[2024-08-09_11:20:37.246477][30640] BnD::B1RedisDirectClientWriteSession: disconnect called: sessionHandleID[0]
[2024-08-09_11:20:37.246477][30640] BnD::B1RedisDirectClientReadSession: disconnect called: sessionHandleID[1]
[2024-08-09_11:20:37.246477][30640] BnD::B1RedisDirectClientWriteSession: set connection_status to STATUS_DISCONNECTED: sessionHandleID[0], previous_status:[3], reason[995]
[2024-08-09_11:20:37.262072][30640] BnD::B1RedisDirectClientReadSession: set connection_status to STATUS_DISCONNECTED: sessionHandleID[1], previous_status:[3], reason[995]
[2024-08-09_11:20:37.293162][30640] SemiTS::WebAssistantServiceMFC: unable to connect Administration Service: address[127.0.0.1], port[9379], db[0]
[2024-08-09_11:27:09.616841][2864] SemiTS::WebAssistantServiceMFC: connecting Administration Service for find equipment type...
[2024-08-09_11:27:09.616841][2864] BnD::B1RedisDirectClientWriteSession: set connection_status to STATUS_CONNECTING: sessionHandleID[0], previous_status:[-1]
[2024-08-09_11:27:09.616841][2864] BnD::B1ClientSocket: connecting: address[127.0.0.1], port[9379]
[2024-08-09_11:27:09.634682][2864] BnD::B1RedisDirectClientReadSession: set connection_status to STATUS_CONNECTING: sessionHandleID[1], previous_status:[-1]
[2024-08-09_11:27:09.634682][2864] BnD::B1ClientSocket: connecting: address[127.0.0.1], port[9379]
[2024-08-09_11:27:11.663586][25464] BnD::B1RedisDirectClientWriteSession: set connection_status to STATUS_DISCONNECTING: sessionHandleID[0], previous_status:[1], reason[10061]
[2024-08-09_11:27:11.709033][33508] BnD::B1RedisDirectClientReadSession: set connection_status to STATUS_DISCONNECTING: sessionHandleID[1], previous_status:[1], reason[10061]
[2024-08-09_11:27:11.850785][38344] BnD::B1RedisDirectClientReadSession: set connection_status to STATUS_DISCONNECTED: sessionHandleID[1], previous_status:[3], reason[10061]
[2024-08-09_11:27:11.850785][38344] BnD::B1RedisDirectClientWriteSession: set connection_status to STATUS_DISCONNECTED: sessionHandleID[0], previous_status:[3], reason[10061]
[2024-08-09_11:27:12.062130][38344] BnD::B1RedisDirectClientReadSession: set connection_status to STATUS_CONNECTING: sessionHandleID[1], previous_status:[0]
[2024-08-09_11:27:12.062130][38344] BnD::B1ClientSocket: connecting: address[127.0.0.1], port[9379]
[2024-08-09_11:27:12.078169][38344] BnD::B1RedisDirectClientWriteSession: set connection_status to STATUS_CONNECTING: sessionHandleID[0], previous_status:[0]
[2024-08-09_11:27:12.078169][38344] BnD::B1ClientSocket: connecting: address[127.0.0.1], port[9379]
[2024-08-09_11:27:14.104792][6668] BnD::B1RedisDirectClientReadSession: set connection_status to STATUS_DISCONNECTING: sessionHandleID[1], previous_status:[1], reason[10061]
[2024-08-09_11:27:14.120611][16656] BnD::B1RedisDirectClientWriteSession: set connection_status to STATUS_DISCONNECTING: sessionHandleID[0], previous_status:[1], reason[10061]
[2024-08-09_11:27:14.135914][38344] BnD::B1RedisDirectClientReadSession: set connection_status to STATUS_DISCONNECTED: sessionHandleID[1], previous_status:[3], reason[10061]
[2024-08-09_11:27:14.135914][38344] BnD::B1RedisDirectClientWriteSession: set connection_status to STATUS_DISCONNECTED: sessionHandleID[0], previous_status:[3], reason[10061]
[2024-08-09_11:27:14.337763][38344] BnD::B1RedisDirectClientReadSession: set connection_status to STATUS_CONNECTING: sessionHandleID[1], previous_status:[0]
[2024-08-09_11:27:14.337763][38344] BnD::B1ClientSocket: connecting: address[127.0.0.1], port[9379]
[2024-08-09_11:27:14.353680][38344] BnD::B1RedisDirectClientWriteSession: set connection_status to STATUS_CONNECTING: sessionHandleID[0], previous_status:[0]
[2024-08-09_11:27:14.353680][38344] BnD::B1ClientSocket: connecting: address[127.0.0.1], port[9379]
[2024-08-09_11:27:16.378145][40620] BnD::B1RedisDirectClientReadSession: set connection_status to STATUS_DISCONNECTING: sessionHandleID[1], previous_status:[1], reason[10061]
[2024-08-09_11:27:16.409311][11888] BnD::B1RedisDirectClientWriteSession: set connection_status to STATUS_DISCONNECTING: sessionHandleID[0], previous_status:[1], reason[10061]
[2024-08-09_11:27:16.441835][38344] BnD::B1RedisDirectClientReadSession: set connection_status to STATUS_DISCONNECTED: sessionHandleID[1], previous_status:[3], reason[10061]
[2024-08-09_11:27:16.441835][38344] BnD::B1RedisDirectClientWriteSession: set connection_status to STATUS_DISCONNECTED: sessionHandleID[0], previous_status:[3], reason[10061]
[2024-08-09_11:27:16.645014][38344] BnD::B1RedisDirectClientReadSession: set connection_status to STATUS_CONNECTING: sessionHandleID[1], previous_status:[0]
[2024-08-09_11:27:16.645014][38344] BnD::B1ClientSocket: connecting: address[127.0.0.1], port[9379]
[2024-08-09_11:27:16.675964][38344] BnD::B1RedisDirectClientWriteSession: set connection_status to STATUS_CONNECTING: sessionHandleID[0], previous_status:[0]
[2024-08-09_11:27:16.675964][38344] BnD::B1ClientSocket: connecting: address[127.0.0.1], port[9379]
[2024-08-09_11:27:18.715900][11948] BnD::B1RedisDirectClientReadSession: set connection_status to STATUS_DISCONNECTING: sessionHandleID[1], previous_status:[1], reason[10061]
[2024-08-09_11:27:18.747429][38344] BnD::B1RedisDirectClientReadSession: set connection_status to STATUS_DISCONNECTED: sessionHandleID[1], previous_status:[3], reason[10061]
[2024-08-09_11:27:18.747429][35368] BnD::B1RedisDirectClientWriteSession: set connection_status to STATUS_DISCONNECTING: sessionHandleID[0], previous_status:[1], reason[10061]
[2024-08-09_11:27:18.950786][38344] BnD::B1RedisDirectClientReadSession: set connection_status to STATUS_CONNECTING: sessionHandleID[1], previous_status:[0]
[2024-08-09_11:27:18.951077][38344] BnD::B1ClientSocket: connecting: address[127.0.0.1], port[9379]
[2024-08-09_11:27:18.982296][38344] BnD::B1RedisDirectClientWriteSession: set connection_status to STATUS_DISCONNECTED: sessionHandleID[0], previous_status:[3], reason[10061]
[2024-08-09_11:27:19.184148][38344] BnD::B1RedisDirectClientWriteSession: set connection_status to STATUS_CONNECTING: sessionHandleID[0], previous_status:[0]
[2024-08-09_11:27:19.184148][38344] BnD::B1ClientSocket: connecting: address[127.0.0.1], port[9379]
[2024-08-09_11:27:19.684077][2864] BnD::B1RedisDirectClientReadSession: disconnect called: sessionHandleID[1]
[2024-08-09_11:27:19.684077][2864] BnD::B1RedisDirectClientWriteSession: disconnect called: sessionHandleID[0]
[2024-08-09_11:27:19.684077][34132] BnD::B1RedisDirectClientReadSession: set connection_status to STATUS_DISCONNECTING: sessionHandleID[1], previous_status:[1], reason[995]
[2024-08-09_11:27:19.685033][11248] BnD::B1RedisDirectClientWriteSession: set connection_status to STATUS_DISCONNECTING: sessionHandleID[0], previous_status:[1], reason[995]
[2024-08-09_11:27:19.841336][2864] BnD::B1RedisDirectClientReadSession: disconnect called: sessionHandleID[1]
[2024-08-09_11:27:19.841336][2864] BnD::B1RedisDirectClientWriteSession: disconnect called: sessionHandleID[0]
[2024-08-09_11:27:19.841336][2864] BnD::B1RedisDirectClientReadSession: set connection_status to STATUS_DISCONNECTED: sessionHandleID[1], previous_status:[3], reason[995]
[2024-08-09_11:27:19.856943][2864] BnD::B1RedisDirectClientWriteSession: set connection_status to STATUS_DISCONNECTED: sessionHandleID[0], previous_status:[3], reason[995]
[2024-08-09_11:27:19.872693][2864] SemiTS::WebAssistantServiceMFC: unable to connect Administration Service: address[127.0.0.1], port[9379], db[0]
[2024-08-09_11:27:20.922693][18832] SemiTS::WebAssistantServiceMFC: connecting Administration Service for find equipment type...
[2024-08-09_11:27:20.922693][18832] BnD::B1RedisDirectClientWriteSession: set connection_status to STATUS_CONNECTING: sessionHandleID[0], previous_status:[-1]
[2024-08-09_11:27:20.922693][18832] BnD::B1ClientSocket: connecting: address[127.0.0.1], port[6379]
[2024-08-09_11:27:20.945897][18832] BnD::B1RedisDirectClientReadSession: set connection_status to STATUS_CONNECTING: sessionHandleID[1], previous_status:[-1]
[2024-08-09_11:27:20.945897][18832] BnD::B1ClientSocket: connecting: address[127.0.0.1], port[6379]
[2024-08-09_11:27:20.945897][41548] BnD::B1RedisDirectClientWriteSession: session connected -> clear buffer
[2024-08-09_11:27:20.945897][41548] BnD::B1RedisDirectClientWriteSession: set connection_status to STATUS_CONNECTED: sessionHandleID[0], previous_status:[1]
[2024-08-09_11:27:20.977728][16852] BnD::B1RedisDirectClientReadSession: session connected -> clear buffer
[2024-08-09_11:27:20.977728][16852] BnD::B1RedisDirectClientReadSession: set connection_status to STATUS_CONNECTED: sessionHandleID[1], previous_status:[1]
[2024-08-09_11:27:21.131607][39652] BnD::B1RedisDirectClientReadSession: selecting redis db: db[0]
[2024-08-09_11:27:21.131690][16852] BnD::B1RedisDirectClientReadSession: redis db selected
[2024-08-09_11:27:21.131690][39652] BnD::B1RedisDirectClientWriteSession: selecting redis db: db[0]
[2024-08-09_11:27:21.146769][18832] SemiTS::WebAssistantServiceMFC: Sync server time:[2024-08-09 11:27:21.146]
[2024-08-09_11:27:21.146916][18832] SemiTS::WebAssistantServiceMFC: Sync server time finished
[2024-08-09_11:27:21.146916][18832] SemiTS::WebAssistantServiceMFC: find product type done! disconnecting Administration Service: site[-1], type[-1]
[2024-08-09_11:27:21.333990][18832] BnD::B1RedisDirectClientReadSession: disconnect called: sessionHandleID[1]
[2024-08-09_11:27:21.334091][18832] BnD::B1RedisDirectClientWriteSession: disconnect called: sessionHandleID[0]
[2024-08-09_11:27:21.334091][16852] BnD::B1ArrayBufferReadWriteImpl: read failed: reason[995], message[스레드 종료 또는 응용 프로그램 요청 때문에 I/O 작업이 취소되었습니다]
[2024-08-09_11:27:21.334091][18832] BnD::B1BaseSessionManager: waiting disconnection: sessionHandleID[1]
[2024-08-09_11:27:21.334091][16852] BnD::B1RedisDirectClientReadSession: set connection_status to STATUS_DISCONNECTING: sessionHandleID[1], previous_status:[2], reason[995]
[2024-08-09_11:27:21.334091][18832] BnD::B1BaseSessionManager: waiting disconnection: sessionHandleID[0]
[2024-08-09_11:27:21.334091][41548] BnD::B1ArrayBufferReadWriteImpl: read failed: reason[995], message[스레드 종료 또는 응용 프로그램 요청 때문에 I/O 작업이 취소되었습니다]
[2024-08-09_11:27:21.334091][41548] BnD::B1RedisDirectClientWriteSession: set connection_status to STATUS_DISCONNECTING: sessionHandleID[0], previous_status:[2], reason[995]
[2024-08-09_11:27:22.344002][18832] BnD::B1RedisDirectClientReadSession: set connection_status to STATUS_DISCONNECTED: sessionHandleID[1], previous_status:[3], reason[995]
[2024-08-09_11:27:22.344002][18832] BnD::B1RedisDirectClientReadSession: session disconnected
[2024-08-09_11:27:22.374816][18832] BnD::B1RedisDirectClientWriteSession: set connection_status to STATUS_DISCONNECTED: sessionHandleID[0], previous_status:[3], reason[995]
[2024-08-09_11:27:22.374816][18832] BnD::B1RedisDirectClientWriteSession: session disconnected
[2024-08-09_11:27:24.235924][2904] SemiTS::WebAssistantServiceMFC: connecting Administration Service for find equipment type...
[2024-08-09_11:27:24.235924][2904] BnD::B1RedisDirectClientWriteSession: set connection_status to STATUS_CONNECTING: sessionHandleID[0], previous_status:[-1]
[2024-08-09_11:27:24.235924][2904] BnD::B1ClientSocket: connecting: address[127.0.0.1], port[6379]
[2024-08-09_11:27:24.258593][2904] BnD::B1RedisDirectClientReadSession: set connection_status to STATUS_CONNECTING: sessionHandleID[1], previous_status:[-1]
[2024-08-09_11:27:24.258593][2904] BnD::B1ClientSocket: connecting: address[127.0.0.1], port[6379]
[2024-08-09_11:27:24.258593][26360] BnD::B1RedisDirectClientWriteSession: session connected -> clear buffer
[2024-08-09_11:27:24.259598][26360] BnD::B1RedisDirectClientWriteSession: set connection_status to STATUS_CONNECTED: sessionHandleID[0], previous_status:[1]
[2024-08-09_11:27:24.274335][29604] BnD::B1RedisDirectClientReadSession: session connected -> clear buffer
[2024-08-09_11:27:24.274335][29604] BnD::B1RedisDirectClientReadSession: set connection_status to STATUS_CONNECTED: sessionHandleID[1], previous_status:[1]
[2024-08-09_11:27:24.446781][32612] BnD::B1RedisDirectClientWriteSession: selecting redis db: db[0]
[2024-08-09_11:27:24.446781][32612] BnD::B1RedisDirectClientReadSession: selecting redis db: db[0]
[2024-08-09_11:27:24.446781][29604] BnD::B1RedisDirectClientReadSession: redis db selected
[2024-08-09_11:27:24.462519][2904] SemiTS::WebAssistantServiceMFC: Sync server time:[2024-08-09 11:27:24.462]
[2024-08-09_11:27:24.462494][2904] SemiTS::WebAssistantServiceMFC: Sync server time finished
[2024-08-09_11:27:24.462494][2904] SemiTS::WebAssistantServiceMFC: find product type done! disconnecting Administration Service: site[-1], type[-1]
[2024-08-09_11:27:24.664388][2904] BnD::B1RedisDirectClientWriteSession: disconnect called: sessionHandleID[0]
[2024-08-09_11:27:24.664388][2904] BnD::B1RedisDirectClientReadSession: disconnect called: sessionHandleID[1]
[2024-08-09_11:27:24.664388][2904] BnD::B1BaseSessionManager: waiting disconnection: sessionHandleID[0]
[2024-08-09_11:27:24.664388][2904] BnD::B1BaseSessionManager: waiting disconnection: sessionHandleID[1]
[2024-08-09_11:27:24.664388][26360] BnD::B1ArrayBufferReadWriteImpl: read failed: reason[995], message[스레드 종료 또는 응용 프로그램 요청 때문에 I/O 작업이 취소되었습니다]
[2024-08-09_11:27:24.664388][26360] BnD::B1RedisDirectClientWriteSession: set connection_status to STATUS_DISCONNECTING: sessionHandleID[0], previous_status:[2], reason[995]
[2024-08-09_11:27:24.664388][29604] BnD::B1ArrayBufferReadWriteImpl: read failed: reason[995], message[스레드 종료 또는 응용 프로그램 요청 때문에 I/O 작업이 취소되었습니다]
[2024-08-09_11:27:24.664388][29604] BnD::B1RedisDirectClientReadSession: set connection_status to STATUS_DISCONNECTING: sessionHandleID[1], previous_status:[2], reason[995]
[2024-08-09_11:27:25.670609][2904] BnD::B1RedisDirectClientWriteSession: set connection_status to STATUS_DISCONNECTED: sessionHandleID[0], previous_status:[3], reason[995]
[2024-08-09_11:27:25.670609][2904] BnD::B1RedisDirectClientWriteSession: session disconnected
[2024-08-09_11:27:25.686080][2904] BnD::B1RedisDirectClientReadSession: set connection_status to STATUS_DISCONNECTED: sessionHandleID[1], previous_status:[3], reason[995]
[2024-08-09_11:27:25.686080][2904] BnD::B1RedisDirectClientReadSession: session disconnected
