[2024-07-30_17:17:02.459972][18872] BnD::B1WebSocketReadWriteImpl: read failed: reason[10054], message[현재 연결은 원격 호스트에 의해 강제로 끊겼습니다]
[2024-07-30_17:17:02.459972][18872] SemiTS::LPRWASWebSocketServerSession: set connection_status to STATUS_DISCONNECTING: sessionHandleID[1], previous_status:[2], reason[10054]
[2024-07-30_17:17:02.545911][1352] SemiTS::LPRWASWebSocketServerSession: set connection_status to STATUS_DISCONNECTED: sessionHandleID[1], previous_status:[3], reason[10054]
[2024-07-30_17:17:02.545911][1352] SemiTS::LPRWASWebSocketServerSession: server session disconnected: sessionHandleID[1], peerAddress[127.0.0.1], localPort[22001], reason[10054]
[2024-07-30_17:17:02.750019][18872] SemiTS::WASWebServerSession: set connection_status to STATUS_CONNECTED: sessionHandleID[0], previous_status:[-1]
[2024-07-30_17:17:02.750019][18872] BnD::B1HttpServerSessionManager: session modified: sessionHandleID[0]
[2024-07-30_17:17:02.750019][18872] SemiTS::LPRWASWebSocketServerSession: web socket accepted: peerAddress[127.0.0.1], localPort[22001]
[2024-07-30_17:17:02.750019][18872] SemiTS::LPRWASWebSocketServerSession: set connection_status to STATUS_CONNECTED: sessionHandleID[0], previous_status:[-1]
[2024-07-30_17:17:27.692041][18872] SemiTS::WASWebServerSession: set connection_status to STATUS_CONNECTED: sessionHandleID[1], previous_status:[-1]
[2024-07-30_17:17:27.693042][18872] BnD::B1HttpServerSessionManager: session modified: sessionHandleID[1]
[2024-07-30_17:17:27.693042][18872] SemiTS::LPRWASWebSocketServerSession: web socket accepted: peerAddress[127.0.0.1], localPort[22001]
[2024-07-30_17:17:27.693042][18872] SemiTS::LPRWASWebSocketServerSession: set connection_status to STATUS_CONNECTED: sessionHandleID[1], previous_status:[-1]
[2024-07-30_17:17:28.314710][18872] BnD::B1WebSocketReadWriteImpl: read failed: reason[1], message[The WebSocket stream was gracefully closed at both endpoints]
[2024-07-30_17:17:28.314710][18872] SemiTS::LPRWASWebSocketServerSession: set connection_status to STATUS_DISCONNECTING: sessionHandleID[0], previous_status:[2], reason[1]
[2024-07-30_17:17:28.319251][18872] BnD::B1WebSocketReadWriteImpl: read failed: reason[1], message[The WebSocket stream was gracefully closed at both endpoints]
[2024-07-30_17:17:28.319251][18872] SemiTS::LPRWASWebSocketServerSession: set connection_status to STATUS_DISCONNECTING: sessionHandleID[1], previous_status:[2], reason[1]
[2024-07-30_17:17:28.745732][18872] SemiTS::WASWebServerSession: set connection_status to STATUS_CONNECTED: sessionHandleID[2], previous_status:[-1]
[2024-07-30_17:17:28.745732][18872] BnD::B1HttpServerSessionManager: session modified: sessionHandleID[2]
[2024-07-30_17:17:28.745732][18872] SemiTS::LPRWASWebSocketServerSession: web socket accepted: peerAddress[127.0.0.1], localPort[22001]
[2024-07-30_17:17:28.745732][18872] SemiTS::LPRWASWebSocketServerSession: set connection_status to STATUS_CONNECTED: sessionHandleID[2], previous_status:[-1]
[2024-07-30_17:17:28.830924][1352] SemiTS::LPRWASWebSocketServerSession: set connection_status to STATUS_DISCONNECTED: sessionHandleID[0], previous_status:[3], reason[1]
[2024-07-30_17:17:28.830924][1352] SemiTS::LPRWASWebSocketServerSession: server session disconnected: sessionHandleID[0], peerAddress[], localPort[0], reason[1]
[2024-07-30_17:17:28.830924][1352] SemiTS::LPRWASWebSocketServerSession: set connection_status to STATUS_DISCONNECTED: sessionHandleID[1], previous_status:[3], reason[1]
[2024-07-30_17:17:28.830924][1352] SemiTS::LPRWASWebSocketServerSession: server session disconnected: sessionHandleID[1], peerAddress[], localPort[0], reason[1]
[2024-07-30_17:35:24.830023][36496] SemiTS::WebAssistantServiceMFC: stopping [WebAssistantService_LPR][1001014] version:[1000][20240423]
[2024-07-30_17:35:24.830023][33440] BnD::B1Acceptor: closing acceptor
[2024-07-30_17:35:24.830023][18872] SemiTS::LPRWASWebServer: accept error: peerAddress[], localPort[0], reason[995]
[2024-07-30_17:35:24.934955][33440] BnD::B1Acceptor: acceptor closed
[2024-07-30_17:35:25.349735][33440] SemiTS::LPRWASWebSocketServerSession: disconnect called: sessionHandleID[2]
[2024-07-30_17:35:25.349844][33440] BnD::B1HttpServerSessionManager: waiting disconnection: sessionHandleID[2]
[2024-07-30_17:35:25.349844][18872] BnD::B1WebSocketReadWriteImpl: read failed: reason[1236], message[네트워크 연결이 로컬 시스템에 의해 취소되었습니다]
[2024-07-30_17:35:25.349844][18872] SemiTS::LPRWASWebSocketServerSession: set connection_status to STATUS_DISCONNECTING: sessionHandleID[2], previous_status:[2], reason[1236]
[2024-07-30_17:35:26.353685][33440] SemiTS::LPRWASWebSocketServerSession: set connection_status to STATUS_DISCONNECTED: sessionHandleID[2], previous_status:[3], reason[1236]
[2024-07-30_17:35:26.353807][33440] SemiTS::LPRWASWebSocketServerSession: server session disconnected: sessionHandleID[2], peerAddress[], localPort[0], reason[1236]
[2024-07-30_17:35:26.353807][33440] BnD::B1HttpServerSessionManager: reserveRemoveSession requested. but manager is not alived
[2024-07-30_17:35:26.588020][33440] BnD::B1RedisDirectClientWriteSession: disconnect called: sessionHandleID[0]
[2024-07-30_17:35:26.588020][33440] BnD::B1RedisDirectClientReadSession: disconnect called: sessionHandleID[1]
[2024-07-30_17:35:26.588020][39256] BnD::B1ArrayBufferReadWriteImpl: read failed: reason[995], message[스레드 종료 또는 응용 프로그램 요청 때문에 I/O 작업이 취소되었습니다]
[2024-07-30_17:35:26.588020][33440] BnD::B1RedisDirectClientSubscribeSession: disconnect called: sessionHandleID[2]
[2024-07-30_17:35:26.588020][20976] BnD::B1ArrayBufferReadWriteImpl: read failed: reason[995], message[스레드 종료 또는 응용 프로그램 요청 때문에 I/O 작업이 취소되었습니다]
[2024-07-30_17:35:26.588020][39256] BnD::B1RedisDirectClientWriteSession: set connection_status to STATUS_DISCONNECTING: sessionHandleID[0], previous_status:[2], reason[995]
[2024-07-30_17:35:26.588020][33440] BnD::B1BaseSessionManager: waiting disconnection: sessionHandleID[0]
[2024-07-30_17:35:26.588020][14292] BnD::B1ArrayBufferReadWriteImpl: read failed: reason[995], message[스레드 종료 또는 응용 프로그램 요청 때문에 I/O 작업이 취소되었습니다]
[2024-07-30_17:35:26.588020][20976] BnD::B1RedisDirectClientReadSession: set connection_status to STATUS_DISCONNECTING: sessionHandleID[1], previous_status:[2], reason[995]
[2024-07-30_17:35:26.588020][33440] BnD::B1BaseSessionManager: waiting disconnection: sessionHandleID[1]
[2024-07-30_17:35:26.588020][14292] BnD::B1RedisDirectClientSubscribeSession: set connection_status to STATUS_DISCONNECTING: sessionHandleID[2], previous_status:[2], reason[995]
[2024-07-30_17:35:26.589025][33440] BnD::B1BaseSessionManager: waiting disconnection: sessionHandleID[2]
[2024-07-30_17:35:27.601733][33440] BnD::B1RedisDirectClientWriteSession: set connection_status to STATUS_DISCONNECTED: sessionHandleID[0], previous_status:[3], reason[995]
[2024-07-30_17:35:27.601733][33440] BnD::B1RedisDirectClientWriteSession: session disconnected
[2024-07-30_17:35:27.617051][33440] BnD::B1RedisDirectClientReadSession: set connection_status to STATUS_DISCONNECTED: sessionHandleID[1], previous_status:[3], reason[995]
[2024-07-30_17:35:27.617051][33440] BnD::B1RedisDirectClientReadSession: session disconnected
[2024-07-30_17:35:27.633006][33440] BnD::B1RedisDirectClientSubscribeSession: set connection_status to STATUS_DISCONNECTED: sessionHandleID[2], previous_status:[3], reason[995]
[2024-07-30_17:35:27.633006][33440] BnD::B1RedisDirectClientSubscribeSession: session disconnected
[2024-07-30_17:35:27.648153][33440] SemiTS::WebAssistantServiceMFC: [WebAssistantService_LPR][1001014] version:[1000][20240423] stopped
[2024-07-30_17:41:03.355469][17912] SemiTS::WebAssistantServiceMFC: connecting Administration Service for find equipment type...
[2024-07-30_17:41:03.355469][17912] BnD::B1RedisDirectClientWriteSession: set connection_status to STATUS_CONNECTING: sessionHandleID[0], previous_status:[-1]
[2024-07-30_17:41:03.355469][17912] BnD::B1ClientSocket: connecting: address[127.0.0.1], port[9379]
[2024-07-30_17:41:03.381143][17912] BnD::B1RedisDirectClientReadSession: set connection_status to STATUS_CONNECTING: sessionHandleID[1], previous_status:[-1]
[2024-07-30_17:41:03.381143][17912] BnD::B1ClientSocket: connecting: address[127.0.0.1], port[9379]
[2024-07-30_17:41:03.381143][43596] BnD::B1RedisDirectClientWriteSession: session connected -> clear buffer
[2024-07-30_17:41:03.381694][43596] BnD::B1RedisDirectClientWriteSession: set connection_status to STATUS_CONNECTED: sessionHandleID[0], previous_status:[1]
[2024-07-30_17:41:03.396492][43840] BnD::B1RedisDirectClientReadSession: session connected -> clear buffer
[2024-07-30_17:41:03.396492][43840] BnD::B1RedisDirectClientReadSession: set connection_status to STATUS_CONNECTED: sessionHandleID[1], previous_status:[1]
[2024-07-30_17:41:03.562163][20540] BnD::B1RedisDirectClientWriteSession: selecting redis db: db[0]
[2024-07-30_17:41:03.562163][20540] BnD::B1RedisDirectClientReadSession: selecting redis db: db[0]
[2024-07-30_17:41:03.562163][43840] BnD::B1RedisDirectClientReadSession: redis db selected
[2024-07-30_17:41:03.578049][17912] SemiTS::WebAssistantServiceMFC: Sync server time:[2024-07-30 17:41:03.578]
[2024-07-30_17:41:03.578296][17912] SemiTS::WebAssistantServiceMFC: Sync server time finished
[2024-07-30_17:41:03.578296][17912] SemiTS::WebAssistantServiceMFC: find product type done! disconnecting Administration Service: site[1001], type[1001]
[2024-07-30_17:41:03.787275][17912] BnD::B1RedisDirectClientWriteSession: disconnect called: sessionHandleID[0]
[2024-07-30_17:41:03.787275][17912] BnD::B1RedisDirectClientReadSession: disconnect called: sessionHandleID[1]
[2024-07-30_17:41:03.787275][17912] BnD::B1BaseSessionManager: waiting disconnection: sessionHandleID[0]
[2024-07-30_17:41:03.787275][17912] BnD::B1BaseSessionManager: waiting disconnection: sessionHandleID[1]
[2024-07-30_17:41:03.787275][43840] BnD::B1ArrayBufferReadWriteImpl: read failed: reason[995], message[스레드 종료 또는 응용 프로그램 요청 때문에 I/O 작업이 취소되었습니다]
[2024-07-30_17:41:03.787275][43596] BnD::B1ArrayBufferReadWriteImpl: read failed: reason[995], message[스레드 종료 또는 응용 프로그램 요청 때문에 I/O 작업이 취소되었습니다]
[2024-07-30_17:41:03.787275][43840] BnD::B1RedisDirectClientReadSession: set connection_status to STATUS_DISCONNECTING: sessionHandleID[1], previous_status:[2], reason[995]
[2024-07-30_17:41:03.787275][43596] BnD::B1RedisDirectClientWriteSession: set connection_status to STATUS_DISCONNECTING: sessionHandleID[0], previous_status:[2], reason[995]
[2024-07-30_17:41:04.794352][17912] BnD::B1RedisDirectClientWriteSession: set connection_status to STATUS_DISCONNECTED: sessionHandleID[0], previous_status:[3], reason[995]
[2024-07-30_17:41:04.794352][17912] BnD::B1RedisDirectClientWriteSession: session disconnected
[2024-07-30_17:41:04.810004][17912] BnD::B1RedisDirectClientReadSession: set connection_status to STATUS_DISCONNECTED: sessionHandleID[1], previous_status:[3], reason[995]
[2024-07-30_17:41:04.810004][17912] BnD::B1RedisDirectClientReadSession: session disconnected
[2024-07-30_17:41:04.841325][17912] SemiTS::WebAssistantServiceMFC: starting [WebAssistantService_LPR][1001014] version:[1000][20240423]
[2024-07-30_17:41:04.841325][17912] SemiTS::LPRWebAssistantServicePublic: Connecting [127.0.0.1:9379(0)]
[2024-07-30_17:41:04.841325][17912] BnD::B1RedisDirectClientWriteSession: set connection_status to STATUS_CONNECTING: sessionHandleID[0], previous_status:[-1]
[2024-07-30_17:41:04.841325][17912] BnD::B1ClientSocket: connecting: address[127.0.0.1], port[9379]
[2024-07-30_17:41:04.857359][17912] BnD::B1RedisDirectClientReadSession: set connection_status to STATUS_CONNECTING: sessionHandleID[1], previous_status:[-1]
[2024-07-30_17:41:04.857359][17912] BnD::B1ClientSocket: connecting: address[127.0.0.1], port[9379]
[2024-07-30_17:41:04.857359][45608] BnD::B1RedisDirectClientWriteSession: session connected -> clear buffer
[2024-07-30_17:41:04.857359][45608] BnD::B1RedisDirectClientWriteSession: set connection_status to STATUS_CONNECTED: sessionHandleID[0], previous_status:[1]
[2024-07-30_17:41:04.890275][17912] BnD::B1RedisDirectClientSubscribeSession: set connection_status to STATUS_CONNECTING: sessionHandleID[2], previous_status:[-1]
[2024-07-30_17:41:04.890275][17912] BnD::B1ClientSocket: connecting: address[127.0.0.1], port[9379]
[2024-07-30_17:41:04.890275][45620] BnD::B1RedisDirectClientReadSession: session connected -> clear buffer
[2024-07-30_17:41:04.890275][45620] BnD::B1RedisDirectClientReadSession: set connection_status to STATUS_CONNECTED: sessionHandleID[1], previous_status:[1]
[2024-07-30_17:41:04.904846][8216] BnD::B1RedisDirectClientSubscribeSession: session connected -> clear buffer
[2024-07-30_17:41:04.904846][8216] BnD::B1RedisDirectClientSubscribeSession: set connection_status to STATUS_CONNECTED: sessionHandleID[2], previous_status:[1]
[2024-07-30_17:41:05.047770][19224] BnD::B1RedisDirectClientSubscribeSession: selecting redis db: db[0]
[2024-07-30_17:41:05.047770][19224] BnD::B1RedisDirectClientReadSession: selecting redis db: db[0]
[2024-07-30_17:41:05.047770][45620] BnD::B1RedisDirectClientReadSession: redis db selected
[2024-07-30_17:41:05.047770][19224] BnD::B1RedisDirectClientWriteSession: selecting redis db: db[0]
[2024-07-30_17:41:05.063838][17912] SemiTS::LPRWASWebServer: begin accept: port[22001]
[2024-07-30_17:41:05.076864][17912] SemiTS::LPRWebAssistantServicePublic: initializing performance check: tick[250]
[2024-07-30_17:41:05.078370][17912] SemiTS::WebAssistantServiceMFC: [WebAssistantService_LPR][1001014] version:[1000][20240423] started
[2024-07-30_17:41:05.555578][7792] SemiTS::WASWebServerSession: set connection_status to STATUS_CONNECTED: sessionHandleID[0], previous_status:[-1]
[2024-07-30_17:41:05.556056][7792] BnD::B1HttpServerSessionManager: session modified: sessionHandleID[0]
[2024-07-30_17:41:05.556056][7792] SemiTS::LPRWASWebSocketServerSession: web socket accepted: peerAddress[127.0.0.1], localPort[22001]
[2024-07-30_17:41:05.556056][7792] SemiTS::LPRWASWebSocketServerSession: set connection_status to STATUS_CONNECTED: sessionHandleID[0], previous_status:[-1]
