[2024-07-30_11:07:21.845416][30504] SemiTS::WebAssistantServiceMFC: connecting Administration Service for find equipment type...
[2024-07-30_11:07:21.845416][30504] BnD::B1RedisDirectClientWriteSession: set connection_status to STATUS_CONNECTING: sessionHandleID[0], previous_status:[-1]
[2024-07-30_11:07:21.845416][30504] BnD::B1ClientSocket: connecting: address[127.0.0.1], port[9379]
[2024-07-30_11:07:21.868581][30504] BnD::B1RedisDirectClientReadSession: set connection_status to STATUS_CONNECTING: sessionHandleID[1], previous_status:[-1]
[2024-07-30_11:07:21.868581][30504] BnD::B1ClientSocket: connecting: address[127.0.0.1], port[9379]
[2024-07-30_11:07:21.868581][28952] BnD::B1RedisDirectClientWriteSession: session connected -> clear buffer
[2024-07-30_11:07:21.868581][28952] BnD::B1RedisDirectClientWriteSession: set connection_status to STATUS_CONNECTED: sessionHandleID[0], previous_status:[1]
[2024-07-30_11:07:21.888304][31188] BnD::B1RedisDirectClientReadSession: session connected -> clear buffer
[2024-07-30_11:07:21.888304][31188] BnD::B1RedisDirectClientReadSession: set connection_status to STATUS_CONNECTED: sessionHandleID[1], previous_status:[1]
[2024-07-30_11:07:22.048043][41856] BnD::B1RedisDirectClientWriteSession: selecting redis db: db[0]
[2024-07-30_11:07:22.048043][41856] BnD::B1RedisDirectClientReadSession: selecting redis db: db[0]
[2024-07-30_11:07:22.048604][31188] BnD::B1RedisDirectClientReadSession: redis db selected
[2024-07-30_11:07:22.063810][30504] SemiTS::WebAssistantServiceMFC: Sync server time:[2024-07-30 11:07:22.063]
[2024-07-30_11:07:22.063948][30504] SemiTS::WebAssistantServiceMFC: Sync server time finished
[2024-07-30_11:07:22.063948][30504] SemiTS::WebAssistantServiceMFC: find product type done! disconnecting Administration Service: site[1001], type[1001]
[2024-07-30_11:07:22.268754][30504] BnD::B1RedisDirectClientWriteSession: disconnect called: sessionHandleID[0]
[2024-07-30_11:07:22.268754][30504] BnD::B1RedisDirectClientReadSession: disconnect called: sessionHandleID[1]
[2024-07-30_11:07:22.268754][30504] BnD::B1BaseSessionManager: waiting disconnection: sessionHandleID[0]
[2024-07-30_11:07:22.268754][30504] BnD::B1BaseSessionManager: waiting disconnection: sessionHandleID[1]
[2024-07-30_11:07:22.269847][31188] BnD::B1ArrayBufferReadWriteImpl: read failed: reason[995], message[스레드 종료 또는 응용 프로그램 요청 때문에 I/O 작업이 취소되었습니다]
[2024-07-30_11:07:22.269847][31188] BnD::B1RedisDirectClientReadSession: set connection_status to STATUS_DISCONNECTING: sessionHandleID[1], previous_status:[2], reason[995]
[2024-07-30_11:07:22.269847][28952] BnD::B1ArrayBufferReadWriteImpl: read failed: reason[995], message[스레드 종료 또는 응용 프로그램 요청 때문에 I/O 작업이 취소되었습니다]
[2024-07-30_11:07:22.269847][28952] BnD::B1RedisDirectClientWriteSession: set connection_status to STATUS_DISCONNECTING: sessionHandleID[0], previous_status:[2], reason[995]
[2024-07-30_11:07:23.271741][30504] BnD::B1RedisDirectClientWriteSession: set connection_status to STATUS_DISCONNECTED: sessionHandleID[0], previous_status:[3], reason[995]
[2024-07-30_11:07:23.271741][30504] BnD::B1RedisDirectClientWriteSession: session disconnected
[2024-07-30_11:07:23.287983][30504] BnD::B1RedisDirectClientReadSession: set connection_status to STATUS_DISCONNECTED: sessionHandleID[1], previous_status:[3], reason[995]
[2024-07-30_11:07:23.287983][30504] BnD::B1RedisDirectClientReadSession: session disconnected
[2024-07-30_11:07:23.319852][30504] SemiTS::WebAssistantServiceMFC: starting [WebAssistantService_LPR][1001014] version:[1000][20240423]
[2024-07-30_11:07:23.319852][30504] SemiTS::LPRWebAssistantServicePublic: Connecting [127.0.0.1:9379(0)]
[2024-07-30_11:07:23.319852][30504] BnD::B1RedisDirectClientWriteSession: set connection_status to STATUS_CONNECTING: sessionHandleID[0], previous_status:[-1]
[2024-07-30_11:07:23.319852][30504] BnD::B1ClientSocket: connecting: address[127.0.0.1], port[9379]
[2024-07-30_11:07:23.335651][30504] BnD::B1RedisDirectClientReadSession: set connection_status to STATUS_CONNECTING: sessionHandleID[1], previous_status:[-1]
[2024-07-30_11:07:23.335651][30504] BnD::B1ClientSocket: connecting: address[127.0.0.1], port[9379]
[2024-07-30_11:07:23.335651][27260] BnD::B1RedisDirectClientWriteSession: session connected -> clear buffer
[2024-07-30_11:07:23.335651][27260] BnD::B1RedisDirectClientWriteSession: set connection_status to STATUS_CONNECTED: sessionHandleID[0], previous_status:[1]
[2024-07-30_11:07:23.351742][30504] BnD::B1RedisDirectClientSubscribeSession: set connection_status to STATUS_CONNECTING: sessionHandleID[2], previous_status:[-1]
[2024-07-30_11:07:23.351742][30504] BnD::B1ClientSocket: connecting: address[127.0.0.1], port[9379]
[2024-07-30_11:07:23.351742][20540] BnD::B1RedisDirectClientReadSession: session connected -> clear buffer
[2024-07-30_11:07:23.351742][20540] BnD::B1RedisDirectClientReadSession: set connection_status to STATUS_CONNECTED: sessionHandleID[1], previous_status:[1]
[2024-07-30_11:07:23.367864][13768] BnD::B1RedisDirectClientSubscribeSession: session connected -> clear buffer
[2024-07-30_11:07:23.367864][13768] BnD::B1RedisDirectClientSubscribeSession: set connection_status to STATUS_CONNECTED: sessionHandleID[2], previous_status:[1]
[2024-07-30_11:07:23.524704][41072] BnD::B1RedisDirectClientSubscribeSession: selecting redis db: db[0]
[2024-07-30_11:07:23.524704][41072] BnD::B1RedisDirectClientReadSession: selecting redis db: db[0]
[2024-07-30_11:07:23.524704][20540] BnD::B1RedisDirectClientReadSession: redis db selected
[2024-07-30_11:07:23.524704][41072] BnD::B1RedisDirectClientWriteSession: selecting redis db: db[0]
[2024-07-30_11:07:23.540417][30504] SemiTS::LPRWASWebServer: begin accept: port[22001]
[2024-07-30_11:07:23.559055][30504] SemiTS::LPRWebAssistantServicePublic: initializing performance check: tick[234]
[2024-07-30_11:07:23.559055][30504] SemiTS::WebAssistantServiceMFC: [WebAssistantService_LPR][1001014] version:[1000][20240423] started
[2024-07-30_11:07:27.054222][40224] SemiTS::WASWebServerSession: set connection_status to STATUS_CONNECTED: sessionHandleID[0], previous_status:[-1]
[2024-07-30_11:07:27.054222][40224] BnD::B1HttpServerSessionManager: session modified: sessionHandleID[0]
[2024-07-30_11:07:27.054222][40224] SemiTS::LPRWASWebSocketServerSession: web socket accepted: peerAddress[127.0.0.1], localPort[22001]
[2024-07-30_11:07:27.054222][40224] SemiTS::LPRWASWebSocketServerSession: set connection_status to STATUS_CONNECTED: sessionHandleID[0], previous_status:[-1]
[2024-07-30_11:08:20.673246][40224] BnD::B1WebSocketReadWriteImpl: read failed: reason[10054], message[현재 연결은 원격 호스트에 의해 강제로 끊겼습니다]
[2024-07-30_11:08:20.673246][40224] SemiTS::LPRWASWebSocketServerSession: set connection_status to STATUS_DISCONNECTING: sessionHandleID[0], previous_status:[2], reason[10054]
[2024-07-30_11:08:20.927822][38772] SemiTS::LPRWASWebSocketServerSession: set connection_status to STATUS_DISCONNECTED: sessionHandleID[0], previous_status:[3], reason[10054]
[2024-07-30_11:08:20.939886][38772] SemiTS::LPRWASWebSocketServerSession: server session disconnected: sessionHandleID[0], peerAddress[127.0.0.1], localPort[22001], reason[10054]
[2024-07-30_11:08:21.040119][40224] SemiTS::WASWebServerSession: set connection_status to STATUS_CONNECTED: sessionHandleID[0], previous_status:[-1]
[2024-07-30_11:08:21.040119][40224] BnD::B1HttpServerSessionManager: session modified: sessionHandleID[0]
[2024-07-30_11:08:21.040119][40224] SemiTS::LPRWASWebSocketServerSession: web socket accepted: peerAddress[127.0.0.1], localPort[22001]
[2024-07-30_11:08:21.040119][40224] SemiTS::LPRWASWebSocketServerSession: set connection_status to STATUS_CONNECTED: sessionHandleID[0], previous_status:[-1]
[2024-07-30_11:08:28.949156][36496] SemiTS::WebAssistantServiceMFC: stopping [WebAssistantService_LPR][1001014] version:[1000][20240423]
[2024-07-30_11:08:28.949156][30504] BnD::B1Acceptor: closing acceptor
[2024-07-30_11:08:28.949156][40224] SemiTS::LPRWASWebServer: accept error: peerAddress[], localPort[0], reason[995]
[2024-07-30_11:08:29.055752][30504] BnD::B1Acceptor: acceptor closed
[2024-07-30_11:08:30.056312][30504] SemiTS::LPRWASWebSocketServerSession: disconnect called: sessionHandleID[0]
[2024-07-30_11:08:30.056312][30504] BnD::B1HttpServerSessionManager: waiting disconnection: sessionHandleID[0]
[2024-07-30_11:08:30.056312][40224] BnD::B1WebSocketReadWriteImpl: read failed: reason[1236], message[네트워크 연결이 로컬 시스템에 의해 취소되었습니다]
[2024-07-30_11:08:30.056312][40224] SemiTS::LPRWASWebSocketServerSession: set connection_status to STATUS_DISCONNECTING: sessionHandleID[0], previous_status:[2], reason[1236]
[2024-07-30_11:08:31.061831][30504] SemiTS::LPRWASWebSocketServerSession: set connection_status to STATUS_DISCONNECTED: sessionHandleID[0], previous_status:[3], reason[1236]
[2024-07-30_11:08:31.061831][30504] SemiTS::LPRWASWebSocketServerSession: server session disconnected: sessionHandleID[0], peerAddress[], localPort[0], reason[1236]
[2024-07-30_11:08:31.061831][30504] BnD::B1HttpServerSessionManager: reserveRemoveSession requested. but manager is not alived
[2024-07-30_11:08:31.157741][30504] BnD::B1RedisDirectClientSubscribeSession: disconnect called: sessionHandleID[2]
[2024-07-30_11:08:31.157741][30504] BnD::B1RedisDirectClientReadSession: disconnect called: sessionHandleID[1]
[2024-07-30_11:08:31.157741][13768] BnD::B1ArrayBufferReadWriteImpl: read failed: reason[995], message[스레드 종료 또는 응용 프로그램 요청 때문에 I/O 작업이 취소되었습니다]
[2024-07-30_11:08:31.157741][30504] BnD::B1RedisDirectClientWriteSession: disconnect called: sessionHandleID[0]
[2024-07-30_11:08:31.157741][13768] BnD::B1RedisDirectClientSubscribeSession: set connection_status to STATUS_DISCONNECTING: sessionHandleID[2], previous_status:[2], reason[995]
[2024-07-30_11:08:31.157741][20540] BnD::B1ArrayBufferReadWriteImpl: read failed: reason[995], message[스레드 종료 또는 응용 프로그램 요청 때문에 I/O 작업이 취소되었습니다]
[2024-07-30_11:08:31.157741][30504] BnD::B1BaseSessionManager: waiting disconnection: sessionHandleID[2]
[2024-07-30_11:08:31.158245][27260] BnD::B1ArrayBufferReadWriteImpl: read failed: reason[995], message[스레드 종료 또는 응용 프로그램 요청 때문에 I/O 작업이 취소되었습니다]
[2024-07-30_11:08:31.158245][20540] BnD::B1RedisDirectClientReadSession: set connection_status to STATUS_DISCONNECTING: sessionHandleID[1], previous_status:[2], reason[995]
[2024-07-30_11:08:31.158245][30504] BnD::B1BaseSessionManager: waiting disconnection: sessionHandleID[1]
[2024-07-30_11:08:31.158245][27260] BnD::B1RedisDirectClientWriteSession: set connection_status to STATUS_DISCONNECTING: sessionHandleID[0], previous_status:[2], reason[995]
[2024-07-30_11:08:31.158245][30504] BnD::B1BaseSessionManager: waiting disconnection: sessionHandleID[0]
[2024-07-30_11:08:32.172882][30504] BnD::B1RedisDirectClientSubscribeSession: set connection_status to STATUS_DISCONNECTED: sessionHandleID[2], previous_status:[3], reason[995]
[2024-07-30_11:08:32.172882][30504] BnD::B1RedisDirectClientSubscribeSession: session disconnected
[2024-07-30_11:08:32.204319][30504] BnD::B1RedisDirectClientReadSession: set connection_status to STATUS_DISCONNECTED: sessionHandleID[1], previous_status:[3], reason[995]
[2024-07-30_11:08:32.204319][30504] BnD::B1RedisDirectClientReadSession: session disconnected
[2024-07-30_11:08:32.235813][30504] BnD::B1RedisDirectClientWriteSession: set connection_status to STATUS_DISCONNECTED: sessionHandleID[0], previous_status:[3], reason[995]
[2024-07-30_11:08:32.235813][30504] BnD::B1RedisDirectClientWriteSession: session disconnected
[2024-07-30_11:08:32.268004][30504] SemiTS::WebAssistantServiceMFC: [WebAssistantService_LPR][1001014] version:[1000][20240423] stopped
[2024-07-30_11:08:36.910722][30960] SemiTS::WebAssistantServiceMFC: connecting Administration Service for find equipment type...
[2024-07-30_11:08:36.910722][30960] BnD::B1RedisDirectClientWriteSession: set connection_status to STATUS_CONNECTING: sessionHandleID[0], previous_status:[-1]
[2024-07-30_11:08:36.910722][30960] BnD::B1ClientSocket: connecting: address[127.0.0.1], port[9379]
[2024-07-30_11:08:36.936308][30960] BnD::B1RedisDirectClientReadSession: set connection_status to STATUS_CONNECTING: sessionHandleID[1], previous_status:[-1]
[2024-07-30_11:08:36.936308][30960] BnD::B1ClientSocket: connecting: address[127.0.0.1], port[9379]
[2024-07-30_11:08:36.936308][36620] BnD::B1RedisDirectClientWriteSession: session connected -> clear buffer
[2024-07-30_11:08:36.936900][36620] BnD::B1RedisDirectClientWriteSession: set connection_status to STATUS_CONNECTED: sessionHandleID[0], previous_status:[1]
[2024-07-30_11:08:36.953401][33096] BnD::B1RedisDirectClientReadSession: session connected -> clear buffer
[2024-07-30_11:08:36.953401][33096] BnD::B1RedisDirectClientReadSession: set connection_status to STATUS_CONNECTED: sessionHandleID[1], previous_status:[1]
[2024-07-30_11:08:37.125407][24200] BnD::B1RedisDirectClientWriteSession: selecting redis db: db[0]
[2024-07-30_11:08:37.125407][24200] BnD::B1RedisDirectClientReadSession: selecting redis db: db[0]
[2024-07-30_11:08:37.125407][33096] BnD::B1RedisDirectClientReadSession: redis db selected
[2024-07-30_11:08:37.141414][30960] SemiTS::WebAssistantServiceMFC: Sync server time:[2024-07-30 11:08:37.141]
[2024-07-30_11:08:37.141387][30960] SemiTS::WebAssistantServiceMFC: Sync server time finished
[2024-07-30_11:08:37.141387][30960] SemiTS::WebAssistantServiceMFC: find product type done! disconnecting Administration Service: site[1001], type[1001]
[2024-07-30_11:08:37.347227][30960] BnD::B1RedisDirectClientWriteSession: disconnect called: sessionHandleID[0]
[2024-07-30_11:08:37.347227][30960] BnD::B1RedisDirectClientReadSession: disconnect called: sessionHandleID[1]
[2024-07-30_11:08:37.347227][30960] BnD::B1BaseSessionManager: waiting disconnection: sessionHandleID[0]
[2024-07-30_11:08:37.347227][30960] BnD::B1BaseSessionManager: waiting disconnection: sessionHandleID[1]
[2024-07-30_11:08:37.347227][33096] BnD::B1ArrayBufferReadWriteImpl: read failed: reason[995], message[스레드 종료 또는 응용 프로그램 요청 때문에 I/O 작업이 취소되었습니다]
[2024-07-30_11:08:37.347227][36620] BnD::B1ArrayBufferReadWriteImpl: read failed: reason[995], message[스레드 종료 또는 응용 프로그램 요청 때문에 I/O 작업이 취소되었습니다]
[2024-07-30_11:08:37.347227][33096] BnD::B1RedisDirectClientReadSession: set connection_status to STATUS_DISCONNECTING: sessionHandleID[1], previous_status:[2], reason[995]
[2024-07-30_11:08:37.347227][36620] BnD::B1RedisDirectClientWriteSession: set connection_status to STATUS_DISCONNECTING: sessionHandleID[0], previous_status:[2], reason[995]
[2024-07-30_11:08:38.359925][30960] BnD::B1RedisDirectClientWriteSession: set connection_status to STATUS_DISCONNECTED: sessionHandleID[0], previous_status:[3], reason[995]
[2024-07-30_11:08:38.359925][30960] BnD::B1RedisDirectClientWriteSession: session disconnected
[2024-07-30_11:08:38.391110][30960] BnD::B1RedisDirectClientReadSession: set connection_status to STATUS_DISCONNECTED: sessionHandleID[1], previous_status:[3], reason[995]
[2024-07-30_11:08:38.391110][30960] BnD::B1RedisDirectClientReadSession: session disconnected
[2024-07-30_11:08:38.421404][30960] SemiTS::WebAssistantServiceMFC: starting [WebAssistantService_LPR][1001014] version:[1000][20240423]
[2024-07-30_11:08:38.422315][30960] SemiTS::LPRWebAssistantServicePublic: Connecting [127.0.0.1:9379(0)]
[2024-07-30_11:08:38.422315][30960] BnD::B1RedisDirectClientWriteSession: set connection_status to STATUS_CONNECTING: sessionHandleID[0], previous_status:[-1]
[2024-07-30_11:08:38.422315][30960] BnD::B1ClientSocket: connecting: address[127.0.0.1], port[9379]
[2024-07-30_11:08:38.437145][30960] BnD::B1RedisDirectClientReadSession: set connection_status to STATUS_CONNECTING: sessionHandleID[1], previous_status:[-1]
[2024-07-30_11:08:38.437145][30960] BnD::B1ClientSocket: connecting: address[127.0.0.1], port[9379]
[2024-07-30_11:08:38.437145][30620] BnD::B1RedisDirectClientWriteSession: session connected -> clear buffer
[2024-07-30_11:08:38.437145][30620] BnD::B1RedisDirectClientWriteSession: set connection_status to STATUS_CONNECTED: sessionHandleID[0], previous_status:[1]
[2024-07-30_11:08:38.452169][30960] BnD::B1RedisDirectClientSubscribeSession: set connection_status to STATUS_CONNECTING: sessionHandleID[2], previous_status:[-1]
[2024-07-30_11:08:38.452169][30960] BnD::B1ClientSocket: connecting: address[127.0.0.1], port[9379]
[2024-07-30_11:08:38.452169][27432] BnD::B1RedisDirectClientReadSession: session connected -> clear buffer
[2024-07-30_11:08:38.452169][27432] BnD::B1RedisDirectClientReadSession: set connection_status to STATUS_CONNECTED: sessionHandleID[1], previous_status:[1]
[2024-07-30_11:08:38.468041][5660] BnD::B1RedisDirectClientSubscribeSession: session connected -> clear buffer
[2024-07-30_11:08:38.468041][5660] BnD::B1RedisDirectClientSubscribeSession: set connection_status to STATUS_CONNECTED: sessionHandleID[2], previous_status:[1]
[2024-07-30_11:08:38.638490][40884] BnD::B1RedisDirectClientReadSession: selecting redis db: db[0]
[2024-07-30_11:08:38.639058][27432] BnD::B1RedisDirectClientReadSession: redis db selected
[2024-07-30_11:08:38.639058][40884] BnD::B1RedisDirectClientSubscribeSession: selecting redis db: db[0]
[2024-07-30_11:08:38.639058][40884] BnD::B1RedisDirectClientWriteSession: selecting redis db: db[0]
[2024-07-30_11:08:38.658873][30960] SemiTS::LPRWASWebServer: begin accept: port[22001]
[2024-07-30_11:08:38.687301][30960] SemiTS::LPRWebAssistantServicePublic: initializing performance check: tick[266]
[2024-07-30_11:08:38.687301][30960] SemiTS::WebAssistantServiceMFC: [WebAssistantService_LPR][1001014] version:[1000][20240423] started
[2024-07-30_11:08:40.693636][38156] SemiTS::WASWebServerSession: set connection_status to STATUS_CONNECTED: sessionHandleID[0], previous_status:[-1]
[2024-07-30_11:08:40.694634][38156] BnD::B1HttpServerSessionManager: session modified: sessionHandleID[0]
[2024-07-30_11:08:40.694634][38156] SemiTS::LPRWASWebSocketServerSession: web socket accepted: peerAddress[127.0.0.1], localPort[22001]
[2024-07-30_11:08:40.694634][38156] SemiTS::LPRWASWebSocketServerSession: set connection_status to STATUS_CONNECTED: sessionHandleID[0], previous_status:[-1]
[2024-07-30_11:08:40.719811][38156] SemiTS::WASWebServerSession: set connection_status to STATUS_CONNECTED: sessionHandleID[1], previous_status:[-1]
[2024-07-30_11:08:40.719811][38156] BnD::B1HttpServerSessionManager: session modified: sessionHandleID[1]
[2024-07-30_11:08:40.719811][38156] SemiTS::LPRWASWebSocketServerSession: web socket accepted: peerAddress[127.0.0.1], localPort[22001]
[2024-07-30_11:08:40.719811][38156] SemiTS::LPRWASWebSocketServerSession: set connection_status to STATUS_CONNECTED: sessionHandleID[1], previous_status:[-1]
[2024-07-30_11:09:31.805825][38156] BnD::B1WebSocketReadWriteImpl: read failed: reason[1], message[The WebSocket stream was gracefully closed at both endpoints]
[2024-07-30_11:09:31.805825][38156] SemiTS::LPRWASWebSocketServerSession: set connection_status to STATUS_DISCONNECTING: sessionHandleID[0], previous_status:[2], reason[1]
[2024-07-30_11:09:31.805825][38156] BnD::B1WebSocketReadWriteImpl: read failed: reason[10053], message[현재 연결은 사용자의 호스트 시스템의 소프트웨어의 의해 중단되었습니다]
[2024-07-30_11:09:31.805825][38156] SemiTS::LPRWASWebSocketServerSession: set connection_status to STATUS_DISCONNECTING: sessionHandleID[1], previous_status:[2], reason[10053]
[2024-07-30_11:09:32.096756][14672] SemiTS::LPRWASWebSocketServerSession: set connection_status to STATUS_DISCONNECTED: sessionHandleID[0], previous_status:[3], reason[1]
[2024-07-30_11:09:32.096756][14672] SemiTS::LPRWASWebSocketServerSession: server session disconnected: sessionHandleID[0], peerAddress[], localPort[0], reason[1]
[2024-07-30_11:09:32.096756][14672] SemiTS::LPRWASWebSocketServerSession: set connection_status to STATUS_DISCONNECTED: sessionHandleID[1], previous_status:[3], reason[10053]
[2024-07-30_11:09:32.096756][14672] SemiTS::LPRWASWebSocketServerSession: server session disconnected: sessionHandleID[1], peerAddress[127.0.0.1], localPort[22001], reason[10053]
[2024-07-30_11:09:32.143913][38156] SemiTS::WASWebServerSession: set connection_status to STATUS_CONNECTED: sessionHandleID[0], previous_status:[-1]
[2024-07-30_11:09:32.143913][38156] BnD::B1HttpServerSessionManager: session modified: sessionHandleID[0]
[2024-07-30_11:09:32.143913][38156] SemiTS::LPRWASWebSocketServerSession: web socket accepted: peerAddress[127.0.0.1], localPort[22001]
[2024-07-30_11:09:32.143913][38156] SemiTS::LPRWASWebSocketServerSession: set connection_status to STATUS_CONNECTED: sessionHandleID[0], previous_status:[-1]
[2024-07-30_11:09:35.130172][36496] SemiTS::WebAssistantServiceMFC: stopping [WebAssistantService_LPR][1001014] version:[1000][20240423]
[2024-07-30_11:09:35.130172][30960] BnD::B1Acceptor: closing acceptor
[2024-07-30_11:09:35.130172][38156] SemiTS::LPRWASWebServer: accept error: peerAddress[], localPort[0], reason[995]
[2024-07-30_11:09:35.240174][30960] BnD::B1Acceptor: acceptor closed
[2024-07-30_11:09:36.172836][30960] SemiTS::LPRWASWebSocketServerSession: disconnect called: sessionHandleID[0]
[2024-07-30_11:09:36.172836][30960] BnD::B1HttpServerSessionManager: waiting disconnection: sessionHandleID[0]
[2024-07-30_11:09:36.172836][38156] BnD::B1WebSocketReadWriteImpl: read failed: reason[1236], message[네트워크 연결이 로컬 시스템에 의해 취소되었습니다]
[2024-07-30_11:09:36.172836][38156] SemiTS::LPRWASWebSocketServerSession: set connection_status to STATUS_DISCONNECTING: sessionHandleID[0], previous_status:[2], reason[1236]
[2024-07-30_11:09:37.178039][30960] SemiTS::LPRWASWebSocketServerSession: set connection_status to STATUS_DISCONNECTED: sessionHandleID[0], previous_status:[3], reason[1236]
[2024-07-30_11:09:37.178039][30960] SemiTS::LPRWASWebSocketServerSession: server session disconnected: sessionHandleID[0], peerAddress[], localPort[0], reason[1236]
[2024-07-30_11:09:37.178039][30960] BnD::B1HttpServerSessionManager: reserveRemoveSession requested. but manager is not alived
[2024-07-30_11:09:37.255619][30960] BnD::B1RedisDirectClientReadSession: disconnect called: sessionHandleID[1]
[2024-07-30_11:09:37.255619][30960] BnD::B1RedisDirectClientSubscribeSession: disconnect called: sessionHandleID[2]
[2024-07-30_11:09:37.255619][30960] BnD::B1RedisDirectClientWriteSession: disconnect called: sessionHandleID[0]
[2024-07-30_11:09:37.255619][27432] BnD::B1ArrayBufferReadWriteImpl: read failed: reason[995], message[스레드 종료 또는 응용 프로그램 요청 때문에 I/O 작업이 취소되었습니다]
[2024-07-30_11:09:37.255619][30960] BnD::B1BaseSessionManager: waiting disconnection: sessionHandleID[1]
[2024-07-30_11:09:37.255619][5660] BnD::B1ArrayBufferReadWriteImpl: read failed: reason[995], message[스레드 종료 또는 응용 프로그램 요청 때문에 I/O 작업이 취소되었습니다]
[2024-07-30_11:09:37.255619][27432] BnD::B1RedisDirectClientReadSession: set connection_status to STATUS_DISCONNECTING: sessionHandleID[1], previous_status:[2], reason[995]
[2024-07-30_11:09:37.255619][30960] BnD::B1BaseSessionManager: waiting disconnection: sessionHandleID[2]
[2024-07-30_11:09:37.255619][5660] BnD::B1RedisDirectClientSubscribeSession: set connection_status to STATUS_DISCONNECTING: sessionHandleID[2], previous_status:[2], reason[995]
[2024-07-30_11:09:37.255619][30620] BnD::B1ArrayBufferReadWriteImpl: read failed: reason[995], message[스레드 종료 또는 응용 프로그램 요청 때문에 I/O 작업이 취소되었습니다]
[2024-07-30_11:09:37.255619][30960] BnD::B1BaseSessionManager: waiting disconnection: sessionHandleID[0]
[2024-07-30_11:09:37.255619][30620] BnD::B1RedisDirectClientWriteSession: set connection_status to STATUS_DISCONNECTING: sessionHandleID[0], previous_status:[2], reason[995]
[2024-07-30_11:09:38.259019][30960] BnD::B1RedisDirectClientReadSession: set connection_status to STATUS_DISCONNECTED: sessionHandleID[1], previous_status:[3], reason[995]
[2024-07-30_11:09:38.259019][30960] BnD::B1RedisDirectClientReadSession: session disconnected
[2024-07-30_11:09:38.290186][30960] BnD::B1RedisDirectClientSubscribeSession: set connection_status to STATUS_DISCONNECTED: sessionHandleID[2], previous_status:[3], reason[995]
[2024-07-30_11:09:38.290186][30960] BnD::B1RedisDirectClientSubscribeSession: session disconnected
[2024-07-30_11:09:38.305104][30960] BnD::B1RedisDirectClientWriteSession: set connection_status to STATUS_DISCONNECTED: sessionHandleID[0], previous_status:[3], reason[995]
[2024-07-30_11:09:38.305104][30960] BnD::B1RedisDirectClientWriteSession: session disconnected
[2024-07-30_11:09:38.335996][30960] SemiTS::WebAssistantServiceMFC: [WebAssistantService_LPR][1001014] version:[1000][20240423] stopped
[2024-07-30_11:09:47.097345][33440] SemiTS::WebAssistantServiceMFC: connecting Administration Service for find equipment type...
[2024-07-30_11:09:47.097345][33440] BnD::B1RedisDirectClientWriteSession: set connection_status to STATUS_CONNECTING: sessionHandleID[0], previous_status:[-1]
[2024-07-30_11:09:47.097345][33440] BnD::B1ClientSocket: connecting: address[127.0.0.1], port[9379]
[2024-07-30_11:09:47.118238][33440] BnD::B1RedisDirectClientReadSession: set connection_status to STATUS_CONNECTING: sessionHandleID[1], previous_status:[-1]
[2024-07-30_11:09:47.118238][33440] BnD::B1ClientSocket: connecting: address[127.0.0.1], port[9379]
[2024-07-30_11:09:47.118238][9744] BnD::B1RedisDirectClientWriteSession: session connected -> clear buffer
[2024-07-30_11:09:47.118771][9744] BnD::B1RedisDirectClientWriteSession: set connection_status to STATUS_CONNECTED: sessionHandleID[0], previous_status:[1]
[2024-07-30_11:09:47.141526][29444] BnD::B1RedisDirectClientReadSession: session connected -> clear buffer
[2024-07-30_11:09:47.141526][29444] BnD::B1RedisDirectClientReadSession: set connection_status to STATUS_CONNECTED: sessionHandleID[1], previous_status:[1]
[2024-07-30_11:09:47.298170][28752] BnD::B1RedisDirectClientWriteSession: selecting redis db: db[0]
[2024-07-30_11:09:47.298170][28752] BnD::B1RedisDirectClientReadSession: selecting redis db: db[0]
[2024-07-30_11:09:47.298170][29444] BnD::B1RedisDirectClientReadSession: redis db selected
[2024-07-30_11:09:47.313967][33440] SemiTS::WebAssistantServiceMFC: Sync server time:[2024-07-30 11:09:47.314]
[2024-07-30_11:09:47.314012][33440] SemiTS::WebAssistantServiceMFC: Sync server time finished
[2024-07-30_11:09:47.314012][33440] SemiTS::WebAssistantServiceMFC: find product type done! disconnecting Administration Service: site[1001], type[1001]
[2024-07-30_11:09:47.519831][33440] BnD::B1RedisDirectClientWriteSession: disconnect called: sessionHandleID[0]
[2024-07-30_11:09:47.519831][33440] BnD::B1RedisDirectClientReadSession: disconnect called: sessionHandleID[1]
[2024-07-30_11:09:47.519831][9744] BnD::B1ArrayBufferReadWriteImpl: read failed: reason[995], message[스레드 종료 또는 응용 프로그램 요청 때문에 I/O 작업이 취소되었습니다]
[2024-07-30_11:09:47.519831][33440] BnD::B1BaseSessionManager: waiting disconnection: sessionHandleID[0]
[2024-07-30_11:09:47.519831][9744] BnD::B1RedisDirectClientWriteSession: set connection_status to STATUS_DISCONNECTING: sessionHandleID[0], previous_status:[2], reason[995]
[2024-07-30_11:09:47.519831][29444] BnD::B1ArrayBufferReadWriteImpl: read failed: reason[995], message[스레드 종료 또는 응용 프로그램 요청 때문에 I/O 작업이 취소되었습니다]
[2024-07-30_11:09:47.519831][33440] BnD::B1BaseSessionManager: waiting disconnection: sessionHandleID[1]
[2024-07-30_11:09:47.519831][29444] BnD::B1RedisDirectClientReadSession: set connection_status to STATUS_DISCONNECTING: sessionHandleID[1], previous_status:[2], reason[995]
[2024-07-30_11:09:48.525114][33440] BnD::B1RedisDirectClientWriteSession: set connection_status to STATUS_DISCONNECTED: sessionHandleID[0], previous_status:[3], reason[995]
[2024-07-30_11:09:48.525114][33440] BnD::B1RedisDirectClientWriteSession: session disconnected
[2024-07-30_11:09:48.556950][33440] BnD::B1RedisDirectClientReadSession: set connection_status to STATUS_DISCONNECTED: sessionHandleID[1], previous_status:[3], reason[995]
[2024-07-30_11:09:48.556950][33440] BnD::B1RedisDirectClientReadSession: session disconnected
[2024-07-30_11:09:48.588241][33440] SemiTS::WebAssistantServiceMFC: starting [WebAssistantService_LPR][1001014] version:[1000][20240423]
[2024-07-30_11:09:48.588761][33440] SemiTS::LPRWebAssistantServicePublic: Connecting [127.0.0.1:9379(0)]
[2024-07-30_11:09:48.588761][33440] BnD::B1RedisDirectClientWriteSession: set connection_status to STATUS_CONNECTING: sessionHandleID[0], previous_status:[-1]
[2024-07-30_11:09:48.588761][33440] BnD::B1ClientSocket: connecting: address[127.0.0.1], port[9379]
[2024-07-30_11:09:48.604223][33440] BnD::B1RedisDirectClientReadSession: set connection_status to STATUS_CONNECTING: sessionHandleID[1], previous_status:[-1]
[2024-07-30_11:09:48.604223][33440] BnD::B1ClientSocket: connecting: address[127.0.0.1], port[9379]
[2024-07-30_11:09:48.604223][39256] BnD::B1RedisDirectClientWriteSession: session connected -> clear buffer
[2024-07-30_11:09:48.604223][39256] BnD::B1RedisDirectClientWriteSession: set connection_status to STATUS_CONNECTED: sessionHandleID[0], previous_status:[1]
[2024-07-30_11:09:48.620268][33440] BnD::B1RedisDirectClientSubscribeSession: set connection_status to STATUS_CONNECTING: sessionHandleID[2], previous_status:[-1]
[2024-07-30_11:09:48.620268][33440] BnD::B1ClientSocket: connecting: address[127.0.0.1], port[9379]
[2024-07-30_11:09:48.620268][20976] BnD::B1RedisDirectClientReadSession: session connected -> clear buffer
[2024-07-30_11:09:48.620268][20976] BnD::B1RedisDirectClientReadSession: set connection_status to STATUS_CONNECTED: sessionHandleID[1], previous_status:[1]
[2024-07-30_11:09:48.651878][14292] BnD::B1RedisDirectClientSubscribeSession: session connected -> clear buffer
[2024-07-30_11:09:48.651878][14292] BnD::B1RedisDirectClientSubscribeSession: set connection_status to STATUS_CONNECTED: sessionHandleID[2], previous_status:[1]
[2024-07-30_11:09:48.795325][13768] BnD::B1RedisDirectClientWriteSession: selecting redis db: db[0]
[2024-07-30_11:09:48.795325][13768] BnD::B1RedisDirectClientReadSession: selecting redis db: db[0]
[2024-07-30_11:09:48.795325][20976] BnD::B1RedisDirectClientReadSession: redis db selected
[2024-07-30_11:09:48.795325][13768] BnD::B1RedisDirectClientSubscribeSession: selecting redis db: db[0]
[2024-07-30_11:09:48.811546][33440] SemiTS::LPRWASWebServer: begin accept: port[22001]
[2024-07-30_11:09:48.843260][33440] SemiTS::LPRWebAssistantServicePublic: initializing performance check: tick[265]
[2024-07-30_11:09:48.843260][33440] SemiTS::WebAssistantServiceMFC: [WebAssistantService_LPR][1001014] version:[1000][20240423] started
[2024-07-30_11:09:49.254179][18872] SemiTS::WASWebServerSession: set connection_status to STATUS_CONNECTED: sessionHandleID[0], previous_status:[-1]
[2024-07-30_11:09:49.254179][18872] BnD::B1HttpServerSessionManager: session modified: sessionHandleID[0]
[2024-07-30_11:09:49.254179][18872] SemiTS::LPRWASWebSocketServerSession: web socket accepted: peerAddress[127.0.0.1], localPort[22001]
[2024-07-30_11:09:49.254179][18872] SemiTS::LPRWASWebSocketServerSession: set connection_status to STATUS_CONNECTED: sessionHandleID[0], previous_status:[-1]
[2024-07-30_11:09:49.270048][18872] SemiTS::WASWebServerSession: set connection_status to STATUS_CONNECTED: sessionHandleID[1], previous_status:[-1]
[2024-07-30_11:09:49.270048][18872] BnD::B1HttpServerSessionManager: session modified: sessionHandleID[1]
[2024-07-30_11:09:49.270048][18872] SemiTS::LPRWASWebSocketServerSession: web socket accepted: peerAddress[127.0.0.1], localPort[22001]
[2024-07-30_11:09:49.270048][18872] SemiTS::LPRWASWebSocketServerSession: set connection_status to STATUS_CONNECTED: sessionHandleID[1], previous_status:[-1]
[2024-07-30_11:11:16.423269][18872] BnD::B1WebSocketReadWriteImpl: read failed: reason[10054], message[현재 연결은 원격 호스트에 의해 강제로 끊겼습니다]
[2024-07-30_11:11:16.423269][18872] SemiTS::LPRWASWebSocketServerSession: set connection_status to STATUS_DISCONNECTING: sessionHandleID[0], previous_status:[2], reason[10054]
[2024-07-30_11:11:16.423269][18872] BnD::B1WebSocketReadWriteImpl: read failed: reason[10053], message[현재 연결은 사용자의 호스트 시스템의 소프트웨어의 의해 중단되었습니다]
[2024-07-30_11:11:16.423269][18872] SemiTS::LPRWASWebSocketServerSession: set connection_status to STATUS_DISCONNECTING: sessionHandleID[1], previous_status:[2], reason[10053]
[2024-07-30_11:11:16.548255][1352] SemiTS::LPRWASWebSocketServerSession: set connection_status to STATUS_DISCONNECTED: sessionHandleID[1], previous_status:[3], reason[10053]
[2024-07-30_11:11:16.548255][1352] SemiTS::LPRWASWebSocketServerSession: server session disconnected: sessionHandleID[1], peerAddress[127.0.0.1], localPort[22001], reason[10053]
[2024-07-30_11:11:16.548255][1352] SemiTS::LPRWASWebSocketServerSession: set connection_status to STATUS_DISCONNECTED: sessionHandleID[0], previous_status:[3], reason[10054]
[2024-07-30_11:11:16.548255][1352] SemiTS::LPRWASWebSocketServerSession: server session disconnected: sessionHandleID[0], peerAddress[127.0.0.1], localPort[22001], reason[10054]
[2024-07-30_11:11:16.779188][18872] SemiTS::WASWebServerSession: set connection_status to STATUS_CONNECTED: sessionHandleID[0], previous_status:[-1]
[2024-07-30_11:11:16.779188][18872] BnD::B1HttpServerSessionManager: session modified: sessionHandleID[0]
[2024-07-30_11:11:16.779188][18872] SemiTS::LPRWASWebSocketServerSession: web socket accepted: peerAddress[127.0.0.1], localPort[22001]
[2024-07-30_11:11:16.779188][18872] SemiTS::LPRWASWebSocketServerSession: set connection_status to STATUS_CONNECTED: sessionHandleID[0], previous_status:[-1]
[2024-07-30_11:12:38.359042][18872] SemiTS::WASWebServerSession: set connection_status to STATUS_CONNECTED: sessionHandleID[1], previous_status:[-1]
[2024-07-30_11:12:38.359042][18872] BnD::B1HttpServerSessionManager: session modified: sessionHandleID[1]
[2024-07-30_11:12:38.359042][18872] SemiTS::LPRWASWebSocketServerSession: web socket accepted: peerAddress[127.0.0.1], localPort[22001]
[2024-07-30_11:12:38.359042][18872] SemiTS::LPRWASWebSocketServerSession: set connection_status to STATUS_CONNECTED: sessionHandleID[1], previous_status:[-1]
[2024-07-30_11:12:38.418761][18872] BnD::B1WebSocketReadWriteImpl: read failed: reason[10054], message[현재 연결은 원격 호스트에 의해 강제로 끊겼습니다]
[2024-07-30_11:12:38.418761][18872] SemiTS::LPRWASWebSocketServerSession: set connection_status to STATUS_DISCONNECTING: sessionHandleID[0], previous_status:[2], reason[10054]
[2024-07-30_11:12:38.418761][18872] BnD::B1WebSocketReadWriteImpl: read failed: reason[1], message[The WebSocket stream was gracefully closed at both endpoints]
[2024-07-30_11:12:38.418761][18872] SemiTS::LPRWASWebSocketServerSession: set connection_status to STATUS_DISCONNECTING: sessionHandleID[1], previous_status:[2], reason[1]
[2024-07-30_11:12:38.739010][18872] SemiTS::WASWebServerSession: set connection_status to STATUS_CONNECTED: sessionHandleID[2], previous_status:[-1]
[2024-07-30_11:12:38.739010][18872] BnD::B1HttpServerSessionManager: session modified: sessionHandleID[2]
[2024-07-30_11:12:38.739010][18872] SemiTS::LPRWASWebSocketServerSession: web socket accepted: peerAddress[127.0.0.1], localPort[22001]
[2024-07-30_11:12:38.739010][18872] SemiTS::LPRWASWebSocketServerSession: set connection_status to STATUS_CONNECTED: sessionHandleID[2], previous_status:[-1]
[2024-07-30_11:12:39.163945][1352] SemiTS::LPRWASWebSocketServerSession: set connection_status to STATUS_DISCONNECTED: sessionHandleID[0], previous_status:[3], reason[10054]
[2024-07-30_11:12:39.163945][1352] SemiTS::LPRWASWebSocketServerSession: server session disconnected: sessionHandleID[0], peerAddress[127.0.0.1], localPort[22001], reason[10054]
[2024-07-30_11:12:39.163945][1352] SemiTS::LPRWASWebSocketServerSession: set connection_status to STATUS_DISCONNECTED: sessionHandleID[1], previous_status:[3], reason[1]
[2024-07-30_11:12:39.163945][1352] SemiTS::LPRWASWebSocketServerSession: server session disconnected: sessionHandleID[1], peerAddress[], localPort[0], reason[1]
[2024-07-30_11:13:24.217806][18872] SemiTS::WASWebServerSession: set connection_status to STATUS_CONNECTED: sessionHandleID[3], previous_status:[-1]
[2024-07-30_11:13:24.217806][18872] BnD::B1HttpServerSessionManager: session modified: sessionHandleID[3]
[2024-07-30_11:13:24.217806][18872] SemiTS::LPRWASWebSocketServerSession: web socket accepted: peerAddress[127.0.0.1], localPort[22001]
[2024-07-30_11:13:24.217806][18872] SemiTS::LPRWASWebSocketServerSession: set connection_status to STATUS_CONNECTED: sessionHandleID[3], previous_status:[-1]
[2024-07-30_11:13:24.259186][18872] BnD::B1WebSocketReadWriteImpl: read failed: reason[1], message[The WebSocket stream was gracefully closed at both endpoints]
[2024-07-30_11:13:24.259186][18872] SemiTS::LPRWASWebSocketServerSession: set connection_status to STATUS_DISCONNECTING: sessionHandleID[2], previous_status:[2], reason[1]
[2024-07-30_11:13:24.259186][18872] BnD::B1WebSocketReadWriteImpl: read failed: reason[1], message[The WebSocket stream was gracefully closed at both endpoints]
[2024-07-30_11:13:24.259186][18872] SemiTS::LPRWASWebSocketServerSession: set connection_status to STATUS_DISCONNECTING: sessionHandleID[3], previous_status:[2], reason[1]
[2024-07-30_11:13:24.529892][1352] SemiTS::LPRWASWebSocketServerSession: set connection_status to STATUS_DISCONNECTED: sessionHandleID[3], previous_status:[3], reason[1]
[2024-07-30_11:13:24.529892][1352] SemiTS::LPRWASWebSocketServerSession: server session disconnected: sessionHandleID[3], peerAddress[], localPort[0], reason[1]
[2024-07-30_11:13:24.529892][1352] SemiTS::LPRWASWebSocketServerSession: set connection_status to STATUS_DISCONNECTED: sessionHandleID[2], previous_status:[3], reason[1]
[2024-07-30_11:13:24.529892][1352] SemiTS::LPRWASWebSocketServerSession: server session disconnected: sessionHandleID[2], peerAddress[], localPort[0], reason[1]
[2024-07-30_11:13:24.629072][18872] SemiTS::WASWebServerSession: set connection_status to STATUS_CONNECTED: sessionHandleID[0], previous_status:[-1]
[2024-07-30_11:13:24.633088][18872] BnD::B1HttpServerSessionManager: session modified: sessionHandleID[0]
[2024-07-30_11:13:24.633088][18872] SemiTS::LPRWASWebSocketServerSession: web socket accepted: peerAddress[127.0.0.1], localPort[22001]
[2024-07-30_11:13:24.633088][18872] SemiTS::LPRWASWebSocketServerSession: set connection_status to STATUS_CONNECTED: sessionHandleID[0], previous_status:[-1]
[2024-07-30_11:16:19.339867][18872] SemiTS::LPRWASWebSocketServerSession: SingalMsgInitializeReq, clientType[0]
[2024-07-30_11:16:21.008895][18872] SemiTS::LPRWASWebSocketServerSession: SingalMsgInitializeReq, clientType[0]
[2024-07-30_11:24:28.567338][18872] SemiTS::LPRWASWebSocketServerSession: SingalMsgInitializeReq, clientType[0]
[2024-07-30_11:24:29.690392][18872] SemiTS::LPRWASWebSocketServerSession: SingalMsgInitializeReq, clientType[0]
[2024-07-30_11:24:46.976964][18872] SemiTS::LPRWASWebSocketServerSession: SingalMsgInitializeReq, clientType[0]
[2024-07-30_11:24:47.699838][18872] SemiTS::LPRWASWebSocketServerSession: SingalMsgInitializeReq, clientType[0]
[2024-07-30_11:24:48.218277][18872] SemiTS::LPRWASWebSocketServerSession: SingalMsgInitializeReq, clientType[0]
[2024-07-30_11:24:48.589154][18872] SemiTS::LPRWASWebSocketServerSession: SingalMsgInitializeReq, clientType[0]
[2024-07-30_11:25:12.136577][18872] SemiTS::LPRWASWebSocketServerSession: SingalMsgInitializeReq, clientType[0]
[2024-07-30_11:25:12.779313][18872] SemiTS::LPRWASWebSocketServerSession: SingalMsgInitializeReq, clientType[0]
[2024-07-30_11:25:16.119976][18872] SemiTS::LPRWASWebSocketServerSession: SingalMsgInitializeReq, clientType[0]
[2024-07-30_11:25:16.492591][18872] SemiTS::LPRWASWebSocketServerSession: SingalMsgInitializeReq, clientType[0]
[2024-07-30_11:37:50.718868][18872] BnD::B1WebSocketReadWriteImpl: read failed: reason[1], message[The WebSocket stream was gracefully closed at both endpoints]
[2024-07-30_11:37:50.718868][18872] SemiTS::LPRWASWebSocketServerSession: set connection_status to STATUS_DISCONNECTING: sessionHandleID[0], previous_status:[2], reason[1]
[2024-07-30_11:37:51.023501][18872] SemiTS::WASWebServerSession: set connection_status to STATUS_CONNECTED: sessionHandleID[1], previous_status:[-1]
[2024-07-30_11:37:51.023501][18872] BnD::B1HttpServerSessionManager: session modified: sessionHandleID[1]
[2024-07-30_11:37:51.023501][18872] SemiTS::LPRWASWebSocketServerSession: web socket accepted: peerAddress[127.0.0.1], localPort[22001]
[2024-07-30_11:37:51.023501][18872] SemiTS::LPRWASWebSocketServerSession: set connection_status to STATUS_CONNECTED: sessionHandleID[1], previous_status:[-1]
[2024-07-30_11:37:51.694088][1352] SemiTS::LPRWASWebSocketServerSession: set connection_status to STATUS_DISCONNECTED: sessionHandleID[0], previous_status:[3], reason[1]
[2024-07-30_11:37:51.694088][1352] SemiTS::LPRWASWebSocketServerSession: server session disconnected: sessionHandleID[0], peerAddress[], localPort[0], reason[1]
[2024-07-30_11:37:54.832973][18872] BnD::B1WebSocketReadWriteImpl: read failed: reason[1], message[The WebSocket stream was gracefully closed at both endpoints]
[2024-07-30_11:37:54.832973][18872] SemiTS::LPRWASWebSocketServerSession: set connection_status to STATUS_DISCONNECTING: sessionHandleID[1], previous_status:[2], reason[1]
[2024-07-30_11:37:55.130737][18872] SemiTS::WASWebServerSession: set connection_status to STATUS_CONNECTED: sessionHandleID[2], previous_status:[-1]
[2024-07-30_11:37:55.130737][18872] BnD::B1HttpServerSessionManager: session modified: sessionHandleID[2]
[2024-07-30_11:37:55.130737][18872] SemiTS::LPRWASWebSocketServerSession: web socket accepted: peerAddress[127.0.0.1], localPort[22001]
[2024-07-30_11:37:55.130737][18872] SemiTS::LPRWASWebSocketServerSession: set connection_status to STATUS_CONNECTED: sessionHandleID[2], previous_status:[-1]
[2024-07-30_11:37:55.743446][1352] SemiTS::LPRWASWebSocketServerSession: set connection_status to STATUS_DISCONNECTED: sessionHandleID[1], previous_status:[3], reason[1]
[2024-07-30_11:37:55.743446][1352] SemiTS::LPRWASWebSocketServerSession: server session disconnected: sessionHandleID[1], peerAddress[], localPort[0], reason[1]
[2024-07-30_11:38:06.597566][18872] BnD::B1WebSocketReadWriteImpl: read failed: reason[1], message[The WebSocket stream was gracefully closed at both endpoints]
[2024-07-30_11:38:06.597566][18872] SemiTS::LPRWASWebSocketServerSession: set connection_status to STATUS_DISCONNECTING: sessionHandleID[2], previous_status:[2], reason[1]
[2024-07-30_11:38:06.845311][1352] SemiTS::LPRWASWebSocketServerSession: set connection_status to STATUS_DISCONNECTED: sessionHandleID[2], previous_status:[3], reason[1]
[2024-07-30_11:38:06.845311][1352] SemiTS::LPRWASWebSocketServerSession: server session disconnected: sessionHandleID[2], peerAddress[], localPort[0], reason[1]
[2024-07-30_11:38:06.881373][18872] SemiTS::WASWebServerSession: set connection_status to STATUS_CONNECTED: sessionHandleID[0], previous_status:[-1]
[2024-07-30_11:38:06.881373][18872] BnD::B1HttpServerSessionManager: session modified: sessionHandleID[0]
[2024-07-30_11:38:06.881373][18872] SemiTS::LPRWASWebSocketServerSession: web socket accepted: peerAddress[127.0.0.1], localPort[22001]
[2024-07-30_11:38:06.881373][18872] SemiTS::LPRWASWebSocketServerSession: set connection_status to STATUS_CONNECTED: sessionHandleID[0], previous_status:[-1]
[2024-07-30_11:38:33.822031][18872] BnD::B1WebSocketReadWriteImpl: read failed: reason[1], message[The WebSocket stream was gracefully closed at both endpoints]
[2024-07-30_11:38:33.822031][18872] SemiTS::LPRWASWebSocketServerSession: set connection_status to STATUS_DISCONNECTING: sessionHandleID[0], previous_status:[2], reason[1]
[2024-07-30_11:38:34.029065][1352] SemiTS::LPRWASWebSocketServerSession: set connection_status to STATUS_DISCONNECTED: sessionHandleID[0], previous_status:[3], reason[1]
[2024-07-30_11:38:34.029065][1352] SemiTS::LPRWASWebSocketServerSession: server session disconnected: sessionHandleID[0], peerAddress[], localPort[0], reason[1]
[2024-07-30_11:38:34.106377][18872] SemiTS::WASWebServerSession: set connection_status to STATUS_CONNECTED: sessionHandleID[0], previous_status:[-1]
[2024-07-30_11:38:34.107348][18872] BnD::B1HttpServerSessionManager: session modified: sessionHandleID[0]
[2024-07-30_11:38:34.107348][18872] SemiTS::LPRWASWebSocketServerSession: web socket accepted: peerAddress[127.0.0.1], localPort[22001]
[2024-07-30_11:38:34.107348][18872] SemiTS::LPRWASWebSocketServerSession: set connection_status to STATUS_CONNECTED: sessionHandleID[0], previous_status:[-1]
[2024-07-30_11:40:59.480084][18872] BnD::B1WebSocketReadWriteImpl: read failed: reason[1], message[The WebSocket stream was gracefully closed at both endpoints]
[2024-07-30_11:40:59.480084][18872] SemiTS::LPRWASWebSocketServerSession: set connection_status to STATUS_DISCONNECTING: sessionHandleID[0], previous_status:[2], reason[1]
[2024-07-30_11:40:59.862283][18872] SemiTS::WASWebServerSession: set connection_status to STATUS_CONNECTED: sessionHandleID[1], previous_status:[-1]
[2024-07-30_11:40:59.862283][18872] BnD::B1HttpServerSessionManager: session modified: sessionHandleID[1]
[2024-07-30_11:40:59.862283][18872] SemiTS::LPRWASWebSocketServerSession: web socket accepted: peerAddress[127.0.0.1], localPort[22001]
[2024-07-30_11:40:59.862283][18872] SemiTS::LPRWASWebSocketServerSession: set connection_status to STATUS_CONNECTED: sessionHandleID[1], previous_status:[-1]
[2024-07-30_11:41:00.062613][1352] SemiTS::LPRWASWebSocketServerSession: set connection_status to STATUS_DISCONNECTED: sessionHandleID[0], previous_status:[3], reason[1]
[2024-07-30_11:41:00.062613][1352] SemiTS::LPRWASWebSocketServerSession: server session disconnected: sessionHandleID[0], peerAddress[], localPort[0], reason[1]
[2024-07-30_11:41:43.859674][18872] BnD::B1WebSocketReadWriteImpl: read failed: reason[10053], message[현재 연결은 사용자의 호스트 시스템의 소프트웨어의 의해 중단되었습니다]
[2024-07-30_11:41:43.859674][18872] SemiTS::LPRWASWebSocketServerSession: set connection_status to STATUS_DISCONNECTING: sessionHandleID[1], previous_status:[2], reason[10053]
[2024-07-30_11:41:44.185365][18872] SemiTS::WASWebServerSession: set connection_status to STATUS_CONNECTED: sessionHandleID[2], previous_status:[-1]
[2024-07-30_11:41:44.185365][18872] BnD::B1HttpServerSessionManager: session modified: sessionHandleID[2]
[2024-07-30_11:41:44.185365][18872] SemiTS::LPRWASWebSocketServerSession: web socket accepted: peerAddress[127.0.0.1], localPort[22001]
[2024-07-30_11:41:44.185365][18872] SemiTS::LPRWASWebSocketServerSession: set connection_status to STATUS_CONNECTED: sessionHandleID[2], previous_status:[-1]
[2024-07-30_11:41:44.409654][1352] SemiTS::LPRWASWebSocketServerSession: set connection_status to STATUS_DISCONNECTED: sessionHandleID[1], previous_status:[3], reason[10053]
[2024-07-30_11:41:44.409654][1352] SemiTS::LPRWASWebSocketServerSession: server session disconnected: sessionHandleID[1], peerAddress[127.0.0.1], localPort[22001], reason[10053]
[2024-07-30_11:42:24.455404][18872] BnD::B1WebSocketReadWriteImpl: read failed: reason[1], message[The WebSocket stream was gracefully closed at both endpoints]
[2024-07-30_11:42:24.455404][18872] SemiTS::LPRWASWebSocketServerSession: set connection_status to STATUS_DISCONNECTING: sessionHandleID[2], previous_status:[2], reason[1]
[2024-07-30_11:42:24.743402][1352] SemiTS::LPRWASWebSocketServerSession: set connection_status to STATUS_DISCONNECTED: sessionHandleID[2], previous_status:[3], reason[1]
[2024-07-30_11:42:24.743402][1352] SemiTS::LPRWASWebSocketServerSession: server session disconnected: sessionHandleID[2], peerAddress[], localPort[0], reason[1]
[2024-07-30_11:42:24.806296][18872] SemiTS::WASWebServerSession: set connection_status to STATUS_CONNECTED: sessionHandleID[0], previous_status:[-1]
[2024-07-30_11:42:24.806296][18872] BnD::B1HttpServerSessionManager: session modified: sessionHandleID[0]
[2024-07-30_11:42:24.806296][18872] SemiTS::LPRWASWebSocketServerSession: web socket accepted: peerAddress[127.0.0.1], localPort[22001]
[2024-07-30_11:42:24.806296][18872] SemiTS::LPRWASWebSocketServerSession: set connection_status to STATUS_CONNECTED: sessionHandleID[0], previous_status:[-1]
[2024-07-30_11:46:25.304194][18872] BnD::B1WebSocketReadWriteImpl: read failed: reason[1], message[The WebSocket stream was gracefully closed at both endpoints]
[2024-07-30_11:46:25.304194][18872] SemiTS::LPRWASWebSocketServerSession: set connection_status to STATUS_DISCONNECTING: sessionHandleID[0], previous_status:[2], reason[1]
[2024-07-30_11:46:25.451109][1352] SemiTS::LPRWASWebSocketServerSession: set connection_status to STATUS_DISCONNECTED: sessionHandleID[0], previous_status:[3], reason[1]
[2024-07-30_11:46:25.451109][1352] SemiTS::LPRWASWebSocketServerSession: server session disconnected: sessionHandleID[0], peerAddress[], localPort[0], reason[1]
[2024-07-30_11:46:25.502863][18872] SemiTS::WASWebServerSession: set connection_status to STATUS_CONNECTED: sessionHandleID[0], previous_status:[-1]
[2024-07-30_11:46:25.502863][18872] BnD::B1HttpServerSessionManager: session modified: sessionHandleID[0]
[2024-07-30_11:46:25.502863][18872] SemiTS::LPRWASWebSocketServerSession: web socket accepted: peerAddress[127.0.0.1], localPort[22001]
[2024-07-30_11:46:25.503862][18872] SemiTS::LPRWASWebSocketServerSession: set connection_status to STATUS_CONNECTED: sessionHandleID[0], previous_status:[-1]
[2024-07-30_11:46:32.483210][18872] BnD::B1WebSocketReadWriteImpl: read failed: reason[1], message[The WebSocket stream was gracefully closed at both endpoints]
[2024-07-30_11:46:32.483210][18872] SemiTS::LPRWASWebSocketServerSession: set connection_status to STATUS_DISCONNECTING: sessionHandleID[0], previous_status:[2], reason[1]
[2024-07-30_11:46:32.581318][1352] SemiTS::LPRWASWebSocketServerSession: set connection_status to STATUS_DISCONNECTED: sessionHandleID[0], previous_status:[3], reason[1]
[2024-07-30_11:46:32.581318][1352] SemiTS::LPRWASWebSocketServerSession: server session disconnected: sessionHandleID[0], peerAddress[], localPort[0], reason[1]
[2024-07-30_11:46:32.645997][18872] SemiTS::WASWebServerSession: set connection_status to STATUS_CONNECTED: sessionHandleID[0], previous_status:[-1]
[2024-07-30_11:46:32.646999][18872] BnD::B1HttpServerSessionManager: session modified: sessionHandleID[0]
[2024-07-30_11:46:32.646999][18872] SemiTS::LPRWASWebSocketServerSession: web socket accepted: peerAddress[127.0.0.1], localPort[22001]
[2024-07-30_11:46:32.646999][18872] SemiTS::LPRWASWebSocketServerSession: set connection_status to STATUS_CONNECTED: sessionHandleID[0], previous_status:[-1]
[2024-07-30_11:46:37.591668][18872] BnD::B1WebSocketReadWriteImpl: read failed: reason[10053], message[현재 연결은 사용자의 호스트 시스템의 소프트웨어의 의해 중단되었습니다]
[2024-07-30_11:46:37.591668][18872] SemiTS::LPRWASWebSocketServerSession: set connection_status to STATUS_DISCONNECTING: sessionHandleID[0], previous_status:[2], reason[10053]
[2024-07-30_11:46:37.653521][1352] SemiTS::LPRWASWebSocketServerSession: set connection_status to STATUS_DISCONNECTED: sessionHandleID[0], previous_status:[3], reason[10053]
[2024-07-30_11:46:37.653521][1352] SemiTS::LPRWASWebSocketServerSession: server session disconnected: sessionHandleID[0], peerAddress[127.0.0.1], localPort[22001], reason[10053]
[2024-07-30_11:46:37.757818][18872] SemiTS::WASWebServerSession: set connection_status to STATUS_CONNECTED: sessionHandleID[0], previous_status:[-1]
[2024-07-30_11:46:37.757818][18872] BnD::B1HttpServerSessionManager: session modified: sessionHandleID[0]
[2024-07-30_11:46:37.757818][18872] SemiTS::LPRWASWebSocketServerSession: web socket accepted: peerAddress[127.0.0.1], localPort[22001]
[2024-07-30_11:46:37.757818][18872] SemiTS::LPRWASWebSocketServerSession: set connection_status to STATUS_CONNECTED: sessionHandleID[0], previous_status:[-1]
[2024-07-30_11:48:24.454030][18872] SemiTS::WASWebServerSession: set connection_status to STATUS_CONNECTED: sessionHandleID[1], previous_status:[-1]
[2024-07-30_11:48:24.454030][18872] BnD::B1HttpServerSessionManager: session modified: sessionHandleID[1]
[2024-07-30_11:48:24.454030][18872] SemiTS::LPRWASWebSocketServerSession: web socket accepted: peerAddress[127.0.0.1], localPort[22001]
[2024-07-30_11:48:24.454030][18872] SemiTS::LPRWASWebSocketServerSession: set connection_status to STATUS_CONNECTED: sessionHandleID[1], previous_status:[-1]
[2024-07-30_11:49:25.133907][18872] BnD::B1WebSocketReadWriteImpl: read failed: reason[10054], message[현재 연결은 원격 호스트에 의해 강제로 끊겼습니다]
[2024-07-30_11:49:25.133907][18872] SemiTS::LPRWASWebSocketServerSession: set connection_status to STATUS_DISCONNECTING: sessionHandleID[1], previous_status:[2], reason[10054]
[2024-07-30_11:49:25.133907][18872] BnD::B1WebSocketReadWriteImpl: read failed: reason[10053], message[현재 연결은 사용자의 호스트 시스템의 소프트웨어의 의해 중단되었습니다]
[2024-07-30_11:49:25.133907][18872] SemiTS::LPRWASWebSocketServerSession: set connection_status to STATUS_DISCONNECTING: sessionHandleID[0], previous_status:[2], reason[10053]
[2024-07-30_11:49:25.451083][18872] SemiTS::WASWebServerSession: set connection_status to STATUS_CONNECTED: sessionHandleID[2], previous_status:[-1]
[2024-07-30_11:49:25.451083][18872] BnD::B1HttpServerSessionManager: session modified: sessionHandleID[2]
[2024-07-30_11:49:25.451083][18872] SemiTS::LPRWASWebSocketServerSession: web socket accepted: peerAddress[127.0.0.1], localPort[22001]
[2024-07-30_11:49:25.451083][18872] SemiTS::LPRWASWebSocketServerSession: set connection_status to STATUS_CONNECTED: sessionHandleID[2], previous_status:[-1]
[2024-07-30_11:49:25.791365][1352] SemiTS::LPRWASWebSocketServerSession: set connection_status to STATUS_DISCONNECTED: sessionHandleID[1], previous_status:[3], reason[10054]
[2024-07-30_11:49:25.791365][1352] SemiTS::LPRWASWebSocketServerSession: server session disconnected: sessionHandleID[1], peerAddress[127.0.0.1], localPort[22001], reason[10054]
[2024-07-30_11:49:25.791365][1352] SemiTS::LPRWASWebSocketServerSession: set connection_status to STATUS_DISCONNECTED: sessionHandleID[0], previous_status:[3], reason[10053]
[2024-07-30_11:49:25.791365][1352] SemiTS::LPRWASWebSocketServerSession: server session disconnected: sessionHandleID[0], peerAddress[127.0.0.1], localPort[22001], reason[10053]
[2024-07-30_11:49:27.293560][18872] BnD::B1WebSocketReadWriteImpl: read failed: reason[10053], message[현재 연결은 사용자의 호스트 시스템의 소프트웨어의 의해 중단되었습니다]
[2024-07-30_11:49:27.293560][18872] SemiTS::LPRWASWebSocketServerSession: set connection_status to STATUS_DISCONNECTING: sessionHandleID[2], previous_status:[2], reason[10053]
[2024-07-30_11:49:27.560443][18872] SemiTS::WASWebServerSession: set connection_status to STATUS_CONNECTED: sessionHandleID[3], previous_status:[-1]
[2024-07-30_11:49:27.560443][18872] BnD::B1HttpServerSessionManager: session modified: sessionHandleID[3]
[2024-07-30_11:49:27.560443][18872] SemiTS::LPRWASWebSocketServerSession: web socket accepted: peerAddress[127.0.0.1], localPort[22001]
[2024-07-30_11:49:27.560443][18872] SemiTS::LPRWASWebSocketServerSession: set connection_status to STATUS_CONNECTED: sessionHandleID[3], previous_status:[-1]
[2024-07-30_11:49:27.914033][1352] SemiTS::LPRWASWebSocketServerSession: set connection_status to STATUS_DISCONNECTED: sessionHandleID[2], previous_status:[3], reason[10053]
[2024-07-30_11:49:27.914033][1352] SemiTS::LPRWASWebSocketServerSession: server session disconnected: sessionHandleID[2], peerAddress[127.0.0.1], localPort[22001], reason[10053]
[2024-07-30_11:49:41.247582][18872] BnD::B1WebSocketReadWriteImpl: read failed: reason[10053], message[현재 연결은 사용자의 호스트 시스템의 소프트웨어의 의해 중단되었습니다]
[2024-07-30_11:49:41.247582][18872] SemiTS::LPRWASWebSocketServerSession: set connection_status to STATUS_DISCONNECTING: sessionHandleID[3], previous_status:[2], reason[10053]
[2024-07-30_11:49:41.514612][18872] SemiTS::WASWebServerSession: set connection_status to STATUS_CONNECTED: sessionHandleID[4], previous_status:[-1]
[2024-07-30_11:49:41.514612][18872] BnD::B1HttpServerSessionManager: session modified: sessionHandleID[4]
[2024-07-30_11:49:41.514612][18872] SemiTS::LPRWASWebSocketServerSession: web socket accepted: peerAddress[127.0.0.1], localPort[22001]
[2024-07-30_11:49:41.514612][18872] SemiTS::LPRWASWebSocketServerSession: set connection_status to STATUS_CONNECTED: sessionHandleID[4], previous_status:[-1]
[2024-07-30_11:49:41.998678][1352] SemiTS::LPRWASWebSocketServerSession: set connection_status to STATUS_DISCONNECTED: sessionHandleID[3], previous_status:[3], reason[10053]
[2024-07-30_11:49:41.998678][1352] SemiTS::LPRWASWebSocketServerSession: server session disconnected: sessionHandleID[3], peerAddress[127.0.0.1], localPort[22001], reason[10053]
