[2024-07-29_16:28:07.066683][40328] SemiTS::WebAssistantServiceMFC: connecting Administration Service for find equipment type...
[2024-07-29_16:28:07.066683][40328] BnD::B1RedisDirectClientWriteSession: set connection_status to STATUS_CONNECTING: sessionHandleID[0], previous_status:[-1]
[2024-07-29_16:28:07.067684][40328] BnD::B1ClientSocket: connecting: address[127.0.0.1], port[9379]
[2024-07-29_16:28:07.091416][40328] BnD::B1RedisDirectClientReadSession: set connection_status to STATUS_CONNECTING: sessionHandleID[1], previous_status:[-1]
[2024-07-29_16:28:07.091416][40328] BnD::B1ClientSocket: connecting: address[127.0.0.1], port[9379]
[2024-07-29_16:28:07.091416][23244] BnD::B1RedisDirectClientWriteSession: session connected -> clear buffer
[2024-07-29_16:28:07.091416][23244] BnD::B1RedisDirectClientWriteSession: set connection_status to STATUS_CONNECTED: sessionHandleID[0], previous_status:[1]
[2024-07-29_16:28:07.107235][28432] BnD::B1RedisDirectClientReadSession: session connected -> clear buffer
[2024-07-29_16:28:07.107235][28432] BnD::B1RedisDirectClientReadSession: set connection_status to STATUS_CONNECTED: sessionHandleID[1], previous_status:[1]
[2024-07-29_16:28:07.280105][16888] BnD::B1RedisDirectClientReadSession: selecting redis db: db[0]
[2024-07-29_16:28:07.280105][28432] BnD::B1RedisDirectClientReadSession: redis db selected
[2024-07-29_16:28:07.280105][16888] BnD::B1RedisDirectClientWriteSession: selecting redis db: db[0]
[2024-07-29_16:28:07.295761][40328] SemiTS::WebAssistantServiceMFC: Sync server time:[2024-07-29 16:28:07.296]
[2024-07-29_16:28:07.296036][40328] SemiTS::WebAssistantServiceMFC: Sync server time finished
[2024-07-29_16:28:07.296036][40328] SemiTS::WebAssistantServiceMFC: find product type done! disconnecting Administration Service: site[1001], type[1001]
[2024-07-29_16:28:07.500113][40328] BnD::B1RedisDirectClientReadSession: disconnect called: sessionHandleID[1]
[2024-07-29_16:28:07.500113][40328] BnD::B1RedisDirectClientWriteSession: disconnect called: sessionHandleID[0]
[2024-07-29_16:28:07.500113][40328] BnD::B1BaseSessionManager: waiting disconnection: sessionHandleID[1]
[2024-07-29_16:28:07.500113][40328] BnD::B1BaseSessionManager: waiting disconnection: sessionHandleID[0]
[2024-07-29_16:28:07.500113][28432] BnD::B1ArrayBufferReadWriteImpl: read failed: reason[995], message[스레드 종료 또는 응용 프로그램 요청 때문에 I/O 작업이 취소되었습니다]
[2024-07-29_16:28:07.500113][28432] BnD::B1RedisDirectClientReadSession: set connection_status to STATUS_DISCONNECTING: sessionHandleID[1], previous_status:[2], reason[995]
[2024-07-29_16:28:07.500113][23244] BnD::B1ArrayBufferReadWriteImpl: read failed: reason[995], message[스레드 종료 또는 응용 프로그램 요청 때문에 I/O 작업이 취소되었습니다]
[2024-07-29_16:28:07.500113][23244] BnD::B1RedisDirectClientWriteSession: set connection_status to STATUS_DISCONNECTING: sessionHandleID[0], previous_status:[2], reason[995]
[2024-07-29_16:28:08.506464][40328] BnD::B1RedisDirectClientReadSession: set connection_status to STATUS_DISCONNECTED: sessionHandleID[1], previous_status:[3], reason[995]
[2024-07-29_16:28:08.506464][40328] BnD::B1RedisDirectClientReadSession: session disconnected
[2024-07-29_16:28:08.536280][40328] BnD::B1RedisDirectClientWriteSession: set connection_status to STATUS_DISCONNECTED: sessionHandleID[0], previous_status:[3], reason[995]
[2024-07-29_16:28:08.536280][40328] BnD::B1RedisDirectClientWriteSession: session disconnected
[2024-07-29_16:28:08.566418][40328] SemiTS::WebAssistantServiceMFC: starting [WebAssistantService_LPR][1001014] version:[1000][20240423]
[2024-07-29_16:28:08.567419][40328] SemiTS::LPRWebAssistantServicePublic: Connecting [127.0.0.1:9379(0)]
[2024-07-29_16:28:08.567419][40328] BnD::B1RedisDirectClientWriteSession: set connection_status to STATUS_CONNECTING: sessionHandleID[0], previous_status:[-1]
[2024-07-29_16:28:08.567419][40328] BnD::B1ClientSocket: connecting: address[127.0.0.1], port[9379]
[2024-07-29_16:28:08.582378][40328] BnD::B1RedisDirectClientReadSession: set connection_status to STATUS_CONNECTING: sessionHandleID[1], previous_status:[-1]
[2024-07-29_16:28:08.582378][40328] BnD::B1ClientSocket: connecting: address[127.0.0.1], port[9379]
[2024-07-29_16:28:08.582378][16304] BnD::B1RedisDirectClientWriteSession: session connected -> clear buffer
[2024-07-29_16:28:08.582378][16304] BnD::B1RedisDirectClientWriteSession: set connection_status to STATUS_CONNECTED: sessionHandleID[0], previous_status:[1]
[2024-07-29_16:28:08.598349][40328] BnD::B1RedisDirectClientSubscribeSession: set connection_status to STATUS_CONNECTING: sessionHandleID[2], previous_status:[-1]
[2024-07-29_16:28:08.598349][40328] BnD::B1ClientSocket: connecting: address[127.0.0.1], port[9379]
[2024-07-29_16:28:08.598349][40784] BnD::B1RedisDirectClientReadSession: session connected -> clear buffer
[2024-07-29_16:28:08.598349][40784] BnD::B1RedisDirectClientReadSession: set connection_status to STATUS_CONNECTED: sessionHandleID[1], previous_status:[1]
[2024-07-29_16:28:08.610828][38472] BnD::B1RedisDirectClientSubscribeSession: session connected -> clear buffer
[2024-07-29_16:28:08.610828][38472] BnD::B1RedisDirectClientSubscribeSession: set connection_status to STATUS_CONNECTED: sessionHandleID[2], previous_status:[1]
[2024-07-29_16:28:08.774027][11728] BnD::B1RedisDirectClientSubscribeSession: selecting redis db: db[0]
[2024-07-29_16:28:08.774027][11728] BnD::B1RedisDirectClientWriteSession: selecting redis db: db[0]
[2024-07-29_16:28:08.774027][11728] BnD::B1RedisDirectClientReadSession: selecting redis db: db[0]
[2024-07-29_16:28:08.775027][40784] BnD::B1RedisDirectClientReadSession: redis db selected
[2024-07-29_16:28:08.791620][40328] SemiTS::LPRWASWebServer: begin accept: port[22001]
[2024-07-29_16:28:08.805223][40328] SemiTS::LPRWebAssistantServicePublic: initializing performance check: tick[250]
[2024-07-29_16:28:08.805223][40328] SemiTS::WebAssistantServiceMFC: [WebAssistantService_LPR][1001014] version:[1000][20240423] started
[2024-07-29_16:29:15.839263][37900] SemiTS::WASWebServerSession: set connection_status to STATUS_CONNECTED: sessionHandleID[0], previous_status:[-1]
[2024-07-29_16:29:15.841264][37900] BnD::B1HttpServerSessionManager: session modified: sessionHandleID[0]
[2024-07-29_16:29:15.841264][37900] SemiTS::LPRWASWebSocketServerSession: web socket accepted: peerAddress[127.0.0.1], localPort[22001]
[2024-07-29_16:29:15.841264][37900] SemiTS::LPRWASWebSocketServerSession: set connection_status to STATUS_CONNECTED: sessionHandleID[0], previous_status:[-1]
[2024-07-29_16:29:35.034616][37900] BnD::B1WebSocketReadWriteImpl: read failed: reason[10054], message[현재 연결은 원격 호스트에 의해 강제로 끊겼습니다]
[2024-07-29_16:29:35.034616][37900] SemiTS::LPRWASWebSocketServerSession: set connection_status to STATUS_DISCONNECTING: sessionHandleID[0], previous_status:[2], reason[10054]
[2024-07-29_16:29:35.395041][13548] SemiTS::LPRWASWebSocketServerSession: set connection_status to STATUS_DISCONNECTED: sessionHandleID[0], previous_status:[3], reason[10054]
[2024-07-29_16:29:35.395121][13548] SemiTS::LPRWASWebSocketServerSession: server session disconnected: sessionHandleID[0], peerAddress[127.0.0.1], localPort[22001], reason[10054]
[2024-07-29_16:29:37.307951][37900] SemiTS::WASWebServerSession: set connection_status to STATUS_CONNECTED: sessionHandleID[0], previous_status:[-1]
[2024-07-29_16:29:37.307951][37900] BnD::B1HttpServerSessionManager: session modified: sessionHandleID[0]
[2024-07-29_16:29:37.308952][37900] SemiTS::LPRWASWebSocketServerSession: web socket accepted: peerAddress[127.0.0.1], localPort[22001]
[2024-07-29_16:29:37.308952][37900] SemiTS::LPRWASWebSocketServerSession: set connection_status to STATUS_CONNECTED: sessionHandleID[0], previous_status:[-1]
[2024-07-29_16:33:58.381207][37900] BnD::B1WebSocketReadWriteImpl: read failed: reason[10054], message[현재 연결은 원격 호스트에 의해 강제로 끊겼습니다]
[2024-07-29_16:33:58.381207][37900] SemiTS::LPRWASWebSocketServerSession: set connection_status to STATUS_DISCONNECTING: sessionHandleID[0], previous_status:[2], reason[10054]
[2024-07-29_16:33:58.691334][37900] SemiTS::WASWebServerSession: set connection_status to STATUS_CONNECTED: sessionHandleID[1], previous_status:[-1]
[2024-07-29_16:33:58.691334][37900] BnD::B1HttpServerSessionManager: session modified: sessionHandleID[1]
[2024-07-29_16:33:58.692334][37900] SemiTS::LPRWASWebSocketServerSession: web socket accepted: peerAddress[127.0.0.1], localPort[22001]
[2024-07-29_16:33:58.692334][37900] SemiTS::LPRWASWebSocketServerSession: set connection_status to STATUS_CONNECTED: sessionHandleID[1], previous_status:[-1]
[2024-07-29_16:33:59.131108][13548] SemiTS::LPRWASWebSocketServerSession: set connection_status to STATUS_DISCONNECTED: sessionHandleID[0], previous_status:[3], reason[10054]
[2024-07-29_16:33:59.131108][13548] SemiTS::LPRWASWebSocketServerSession: server session disconnected: sessionHandleID[0], peerAddress[127.0.0.1], localPort[22001], reason[10054]
[2024-07-29_16:34:07.953170][37900] BnD::B1WebSocketReadWriteImpl: read failed: reason[10053], message[현재 연결은 사용자의 호스트 시스템의 소프트웨어의 의해 중단되었습니다]
[2024-07-29_16:34:07.953170][37900] SemiTS::LPRWASWebSocketServerSession: set connection_status to STATUS_DISCONNECTING: sessionHandleID[1], previous_status:[2], reason[10053]
[2024-07-29_16:34:08.188482][13548] SemiTS::LPRWASWebSocketServerSession: set connection_status to STATUS_DISCONNECTED: sessionHandleID[1], previous_status:[3], reason[10053]
[2024-07-29_16:34:08.188482][13548] SemiTS::LPRWASWebSocketServerSession: server session disconnected: sessionHandleID[1], peerAddress[127.0.0.1], localPort[22001], reason[10053]
[2024-07-29_16:34:08.216099][37900] SemiTS::WASWebServerSession: set connection_status to STATUS_CONNECTED: sessionHandleID[0], previous_status:[-1]
[2024-07-29_16:34:08.217101][37900] BnD::B1HttpServerSessionManager: session modified: sessionHandleID[0]
[2024-07-29_16:34:08.217101][37900] SemiTS::LPRWASWebSocketServerSession: web socket accepted: peerAddress[127.0.0.1], localPort[22001]
[2024-07-29_16:34:08.217101][37900] SemiTS::LPRWASWebSocketServerSession: set connection_status to STATUS_CONNECTED: sessionHandleID[0], previous_status:[-1]
[2024-07-29_16:35:07.201136][37900] BnD::B1WebSocketReadWriteImpl: read failed: reason[10053], message[현재 연결은 사용자의 호스트 시스템의 소프트웨어의 의해 중단되었습니다]
[2024-07-29_16:35:07.201136][37900] SemiTS::LPRWASWebSocketServerSession: set connection_status to STATUS_DISCONNECTING: sessionHandleID[0], previous_status:[2], reason[10053]
[2024-07-29_16:35:07.508513][37900] SemiTS::WASWebServerSession: set connection_status to STATUS_CONNECTED: sessionHandleID[1], previous_status:[-1]
[2024-07-29_16:35:07.508513][37900] BnD::B1HttpServerSessionManager: session modified: sessionHandleID[1]
[2024-07-29_16:35:07.508513][37900] SemiTS::LPRWASWebSocketServerSession: web socket accepted: peerAddress[127.0.0.1], localPort[22001]
[2024-07-29_16:35:07.508513][37900] SemiTS::LPRWASWebSocketServerSession: set connection_status to STATUS_CONNECTED: sessionHandleID[1], previous_status:[-1]
[2024-07-29_16:35:07.564726][13548] SemiTS::LPRWASWebSocketServerSession: set connection_status to STATUS_DISCONNECTED: sessionHandleID[0], previous_status:[3], reason[10053]
[2024-07-29_16:35:07.564726][13548] SemiTS::LPRWASWebSocketServerSession: server session disconnected: sessionHandleID[0], peerAddress[127.0.0.1], localPort[22001], reason[10053]
[2024-07-29_16:36:40.010659][37900] BnD::B1WebSocketReadWriteImpl: read failed: reason[1], message[The WebSocket stream was gracefully closed at both endpoints]
[2024-07-29_16:36:40.010659][37900] SemiTS::LPRWASWebSocketServerSession: set connection_status to STATUS_DISCONNECTING: sessionHandleID[1], previous_status:[2], reason[1]
[2024-07-29_16:36:40.228138][13548] SemiTS::LPRWASWebSocketServerSession: set connection_status to STATUS_DISCONNECTED: sessionHandleID[1], previous_status:[3], reason[1]
[2024-07-29_16:36:40.228138][13548] SemiTS::LPRWASWebSocketServerSession: server session disconnected: sessionHandleID[1], peerAddress[], localPort[0], reason[1]
[2024-07-29_16:36:40.309453][37900] SemiTS::WASWebServerSession: set connection_status to STATUS_CONNECTED: sessionHandleID[0], previous_status:[-1]
[2024-07-29_16:36:40.309453][37900] BnD::B1HttpServerSessionManager: session modified: sessionHandleID[0]
[2024-07-29_16:36:40.309453][37900] SemiTS::LPRWASWebSocketServerSession: web socket accepted: peerAddress[127.0.0.1], localPort[22001]
[2024-07-29_16:36:40.309453][37900] SemiTS::LPRWASWebSocketServerSession: set connection_status to STATUS_CONNECTED: sessionHandleID[0], previous_status:[-1]
[2024-07-29_16:36:45.562037][37900] BnD::B1WebSocketReadWriteImpl: read failed: reason[1], message[The WebSocket stream was gracefully closed at both endpoints]
[2024-07-29_16:36:45.562037][37900] SemiTS::LPRWASWebSocketServerSession: set connection_status to STATUS_DISCONNECTING: sessionHandleID[0], previous_status:[2], reason[1]
[2024-07-29_16:36:45.843325][37900] SemiTS::WASWebServerSession: set connection_status to STATUS_CONNECTED: sessionHandleID[1], previous_status:[-1]
[2024-07-29_16:36:45.843325][37900] BnD::B1HttpServerSessionManager: session modified: sessionHandleID[1]
[2024-07-29_16:36:45.843325][37900] SemiTS::LPRWASWebSocketServerSession: web socket accepted: peerAddress[127.0.0.1], localPort[22001]
[2024-07-29_16:36:45.843325][37900] SemiTS::LPRWASWebSocketServerSession: set connection_status to STATUS_CONNECTED: sessionHandleID[1], previous_status:[-1]
[2024-07-29_16:36:46.301218][13548] SemiTS::LPRWASWebSocketServerSession: set connection_status to STATUS_DISCONNECTED: sessionHandleID[0], previous_status:[3], reason[1]
[2024-07-29_16:36:46.301373][13548] SemiTS::LPRWASWebSocketServerSession: server session disconnected: sessionHandleID[0], peerAddress[], localPort[0], reason[1]
[2024-07-29_16:36:49.097593][30404] SemiTS::WebAssistantServiceMFC: stopping [WebAssistantService_LPR][1001014] version:[1000][20240423]
[2024-07-29_16:36:49.097593][40328] BnD::B1Acceptor: closing acceptor
[2024-07-29_16:36:49.097593][37900] SemiTS::LPRWASWebServer: accept error: peerAddress[], localPort[0], reason[995]
[2024-07-29_16:36:49.207270][40328] BnD::B1Acceptor: acceptor closed
[2024-07-29_16:36:49.348624][40328] SemiTS::LPRWASWebSocketServerSession: disconnect called: sessionHandleID[1]
[2024-07-29_16:36:49.348624][40328] BnD::B1HttpServerSessionManager: waiting disconnection: sessionHandleID[1]
[2024-07-29_16:36:49.348624][37900] BnD::B1WebSocketReadWriteImpl: read failed: reason[1236], message[네트워크 연결이 로컬 시스템에 의해 취소되었습니다]
[2024-07-29_16:36:49.348624][37900] SemiTS::LPRWASWebSocketServerSession: set connection_status to STATUS_DISCONNECTING: sessionHandleID[1], previous_status:[2], reason[1236]
[2024-07-29_16:36:50.355666][40328] SemiTS::LPRWASWebSocketServerSession: set connection_status to STATUS_DISCONNECTED: sessionHandleID[1], previous_status:[3], reason[1236]
[2024-07-29_16:36:50.355666][40328] SemiTS::LPRWASWebSocketServerSession: server session disconnected: sessionHandleID[1], peerAddress[], localPort[0], reason[1236]
[2024-07-29_16:36:50.355666][40328] BnD::B1HttpServerSessionManager: reserveRemoveSession requested. but manager is not alived
[2024-07-29_16:36:50.591319][40328] BnD::B1RedisDirectClientSubscribeSession: disconnect called: sessionHandleID[2]
[2024-07-29_16:36:50.591319][40328] BnD::B1RedisDirectClientWriteSession: disconnect called: sessionHandleID[0]
[2024-07-29_16:36:50.591319][40328] BnD::B1RedisDirectClientReadSession: disconnect called: sessionHandleID[1]
[2024-07-29_16:36:50.591319][40328] BnD::B1BaseSessionManager: waiting disconnection: sessionHandleID[2]
[2024-07-29_16:36:50.591319][40328] BnD::B1BaseSessionManager: waiting disconnection: sessionHandleID[0]
[2024-07-29_16:36:50.591319][40328] BnD::B1BaseSessionManager: waiting disconnection: sessionHandleID[1]
[2024-07-29_16:36:50.591319][38472] BnD::B1ArrayBufferReadWriteImpl: read failed: reason[995], message[스레드 종료 또는 응용 프로그램 요청 때문에 I/O 작업이 취소되었습니다]
[2024-07-29_16:36:50.591319][38472] BnD::B1RedisDirectClientSubscribeSession: set connection_status to STATUS_DISCONNECTING: sessionHandleID[2], previous_status:[2], reason[995]
[2024-07-29_16:36:50.591319][16304] BnD::B1ArrayBufferReadWriteImpl: read failed: reason[995], message[스레드 종료 또는 응용 프로그램 요청 때문에 I/O 작업이 취소되었습니다]
[2024-07-29_16:36:50.591319][16304] BnD::B1RedisDirectClientWriteSession: set connection_status to STATUS_DISCONNECTING: sessionHandleID[0], previous_status:[2], reason[995]
[2024-07-29_16:36:50.591319][40784] BnD::B1ArrayBufferReadWriteImpl: read failed: reason[995], message[스레드 종료 또는 응용 프로그램 요청 때문에 I/O 작업이 취소되었습니다]
[2024-07-29_16:36:50.591319][40784] BnD::B1RedisDirectClientReadSession: set connection_status to STATUS_DISCONNECTING: sessionHandleID[1], previous_status:[2], reason[995]
[2024-07-29_16:36:51.596538][40328] BnD::B1RedisDirectClientSubscribeSession: set connection_status to STATUS_DISCONNECTED: sessionHandleID[2], previous_status:[3], reason[995]
[2024-07-29_16:36:51.596538][40328] BnD::B1RedisDirectClientSubscribeSession: session disconnected
[2024-07-29_16:36:51.628175][40328] BnD::B1RedisDirectClientWriteSession: set connection_status to STATUS_DISCONNECTED: sessionHandleID[0], previous_status:[3], reason[995]
[2024-07-29_16:36:51.628175][40328] BnD::B1RedisDirectClientWriteSession: session disconnected
[2024-07-29_16:36:51.659426][40328] BnD::B1RedisDirectClientReadSession: set connection_status to STATUS_DISCONNECTED: sessionHandleID[1], previous_status:[3], reason[995]
[2024-07-29_16:36:51.659426][40328] BnD::B1RedisDirectClientReadSession: session disconnected
[2024-07-29_16:36:51.675052][40328] SemiTS::WebAssistantServiceMFC: [WebAssistantService_LPR][1001014] version:[1000][20240423] stopped
[2024-07-29_16:36:58.504323][41124] SemiTS::WebAssistantServiceMFC: connecting Administration Service for find equipment type...
[2024-07-29_16:36:58.504323][41124] BnD::B1RedisDirectClientWriteSession: set connection_status to STATUS_CONNECTING: sessionHandleID[0], previous_status:[-1]
[2024-07-29_16:36:58.504323][41124] BnD::B1ClientSocket: connecting: address[127.0.0.1], port[9379]
[2024-07-29_16:36:58.517438][41124] BnD::B1RedisDirectClientReadSession: set connection_status to STATUS_CONNECTING: sessionHandleID[1], previous_status:[-1]
[2024-07-29_16:36:58.517438][18540] BnD::B1RedisDirectClientWriteSession: session connected -> clear buffer
[2024-07-29_16:36:58.517438][41124] BnD::B1ClientSocket: connecting: address[127.0.0.1], port[9379]
[2024-07-29_16:36:58.517438][18540] BnD::B1RedisDirectClientWriteSession: set connection_status to STATUS_CONNECTED: sessionHandleID[0], previous_status:[1]
[2024-07-29_16:36:58.549078][40476] BnD::B1RedisDirectClientReadSession: session connected -> clear buffer
[2024-07-29_16:36:58.549078][40476] BnD::B1RedisDirectClientReadSession: set connection_status to STATUS_CONNECTED: sessionHandleID[1], previous_status:[1]
[2024-07-29_16:36:58.705793][13564] BnD::B1RedisDirectClientWriteSession: selecting redis db: db[0]
[2024-07-29_16:36:58.705793][13564] BnD::B1RedisDirectClientReadSession: selecting redis db: db[0]
[2024-07-29_16:36:58.705793][40476] BnD::B1RedisDirectClientReadSession: redis db selected
[2024-07-29_16:36:58.721344][41124] SemiTS::WebAssistantServiceMFC: Sync server time:[2024-07-29 16:36:58.721]
[2024-07-29_16:36:58.721735][41124] SemiTS::WebAssistantServiceMFC: Sync server time finished
[2024-07-29_16:36:58.721735][41124] SemiTS::WebAssistantServiceMFC: find product type done! disconnecting Administration Service: site[1001], type[1001]
[2024-07-29_16:36:58.926529][41124] BnD::B1RedisDirectClientWriteSession: disconnect called: sessionHandleID[0]
[2024-07-29_16:36:58.926529][41124] BnD::B1RedisDirectClientReadSession: disconnect called: sessionHandleID[1]
[2024-07-29_16:36:58.926529][41124] BnD::B1BaseSessionManager: waiting disconnection: sessionHandleID[0]
[2024-07-29_16:36:58.926529][41124] BnD::B1BaseSessionManager: waiting disconnection: sessionHandleID[1]
[2024-07-29_16:36:58.926529][18540] BnD::B1ArrayBufferReadWriteImpl: read failed: reason[995], message[스레드 종료 또는 응용 프로그램 요청 때문에 I/O 작업이 취소되었습니다]
[2024-07-29_16:36:58.926529][18540] BnD::B1RedisDirectClientWriteSession: set connection_status to STATUS_DISCONNECTING: sessionHandleID[0], previous_status:[2], reason[995]
[2024-07-29_16:36:58.926529][40476] BnD::B1ArrayBufferReadWriteImpl: read failed: reason[995], message[스레드 종료 또는 응용 프로그램 요청 때문에 I/O 작업이 취소되었습니다]
[2024-07-29_16:36:58.926529][40476] BnD::B1RedisDirectClientReadSession: set connection_status to STATUS_DISCONNECTING: sessionHandleID[1], previous_status:[2], reason[995]
[2024-07-29_16:36:59.930481][41124] BnD::B1RedisDirectClientWriteSession: set connection_status to STATUS_DISCONNECTED: sessionHandleID[0], previous_status:[3], reason[995]
[2024-07-29_16:36:59.930481][41124] BnD::B1RedisDirectClientWriteSession: session disconnected
[2024-07-29_16:36:59.946141][41124] BnD::B1RedisDirectClientReadSession: set connection_status to STATUS_DISCONNECTED: sessionHandleID[1], previous_status:[3], reason[995]
[2024-07-29_16:36:59.946141][41124] BnD::B1RedisDirectClientReadSession: session disconnected
[2024-07-29_16:36:59.977392][41124] SemiTS::WebAssistantServiceMFC: starting [WebAssistantService_LPR][1001014] version:[1000][20240423]
[2024-07-29_16:36:59.977392][41124] SemiTS::LPRWebAssistantServicePublic: Connecting [127.0.0.1:9379(0)]
[2024-07-29_16:36:59.977392][41124] BnD::B1RedisDirectClientWriteSession: set connection_status to STATUS_CONNECTING: sessionHandleID[0], previous_status:[-1]
[2024-07-29_16:36:59.977392][41124] BnD::B1ClientSocket: connecting: address[127.0.0.1], port[9379]
[2024-07-29_16:36:59.993017][41124] BnD::B1RedisDirectClientReadSession: set connection_status to STATUS_CONNECTING: sessionHandleID[1], previous_status:[-1]
[2024-07-29_16:36:59.993017][41124] BnD::B1ClientSocket: connecting: address[127.0.0.1], port[9379]
[2024-07-29_16:36:59.993017][11236] BnD::B1RedisDirectClientWriteSession: session connected -> clear buffer
[2024-07-29_16:36:59.993017][11236] BnD::B1RedisDirectClientWriteSession: set connection_status to STATUS_CONNECTED: sessionHandleID[0], previous_status:[1]
[2024-07-29_16:37:00.008658][41124] BnD::B1RedisDirectClientSubscribeSession: set connection_status to STATUS_CONNECTING: sessionHandleID[2], previous_status:[-1]
[2024-07-29_16:37:00.008658][41124] BnD::B1ClientSocket: connecting: address[127.0.0.1], port[9379]
[2024-07-29_16:37:00.008658][26912] BnD::B1RedisDirectClientReadSession: session connected -> clear buffer
[2024-07-29_16:37:00.008658][26912] BnD::B1RedisDirectClientReadSession: set connection_status to STATUS_CONNECTED: sessionHandleID[1], previous_status:[1]
[2024-07-29_16:37:00.024236][30008] BnD::B1RedisDirectClientSubscribeSession: session connected -> clear buffer
[2024-07-29_16:37:00.024236][30008] BnD::B1RedisDirectClientSubscribeSession: set connection_status to STATUS_CONNECTED: sessionHandleID[2], previous_status:[1]
[2024-07-29_16:37:00.181369][41504] BnD::B1RedisDirectClientSubscribeSession: selecting redis db: db[0]
[2024-07-29_16:37:00.181369][41504] BnD::B1RedisDirectClientWriteSession: selecting redis db: db[0]
[2024-07-29_16:37:00.181369][41504] BnD::B1RedisDirectClientReadSession: selecting redis db: db[0]
[2024-07-29_16:37:00.181369][26912] BnD::B1RedisDirectClientReadSession: redis db selected
[2024-07-29_16:37:00.196996][41124] SemiTS::LPRWASWebServer: begin accept: port[22001]
[2024-07-29_16:37:00.212621][41124] SemiTS::LPRWebAssistantServicePublic: initializing performance check: tick[235]
[2024-07-29_16:37:00.212621][41124] SemiTS::WebAssistantServiceMFC: [WebAssistantService_LPR][1001014] version:[1000][20240423] started
[2024-07-29_16:37:01.070326][17752] SemiTS::WASWebServerSession: set connection_status to STATUS_CONNECTED: sessionHandleID[0], previous_status:[-1]
[2024-07-29_16:37:01.070326][17752] BnD::B1HttpServerSessionManager: session modified: sessionHandleID[0]
[2024-07-29_16:37:01.070326][17752] SemiTS::LPRWASWebSocketServerSession: web socket accepted: peerAddress[127.0.0.1], localPort[22001]
[2024-07-29_16:37:01.070326][17752] SemiTS::LPRWASWebSocketServerSession: set connection_status to STATUS_CONNECTED: sessionHandleID[0], previous_status:[-1]
[2024-07-29_16:37:09.004345][30404] SemiTS::WebAssistantServiceMFC: stopping [WebAssistantService_LPR][1001014] version:[1000][20240423]
[2024-07-29_16:37:09.004345][41124] BnD::B1Acceptor: closing acceptor
[2024-07-29_16:37:09.004345][17752] SemiTS::LPRWASWebServer: accept error: peerAddress[], localPort[0], reason[995]
[2024-07-29_16:37:09.113593][41124] BnD::B1Acceptor: acceptor closed
[2024-07-29_16:37:09.301204][41124] SemiTS::LPRWASWebSocketServerSession: disconnect called: sessionHandleID[0]
[2024-07-29_16:37:09.301204][41124] BnD::B1HttpServerSessionManager: waiting disconnection: sessionHandleID[0]
[2024-07-29_16:37:09.301204][17752] BnD::B1WebSocketReadWriteImpl: read failed: reason[1236], message[네트워크 연결이 로컬 시스템에 의해 취소되었습니다]
[2024-07-29_16:37:09.301204][17752] SemiTS::LPRWASWebSocketServerSession: set connection_status to STATUS_DISCONNECTING: sessionHandleID[0], previous_status:[2], reason[1236]
[2024-07-29_16:37:10.313846][41124] SemiTS::LPRWASWebSocketServerSession: set connection_status to STATUS_DISCONNECTED: sessionHandleID[0], previous_status:[3], reason[1236]
[2024-07-29_16:37:10.313846][41124] SemiTS::LPRWASWebSocketServerSession: server session disconnected: sessionHandleID[0], peerAddress[], localPort[0], reason[1236]
[2024-07-29_16:37:10.313846][41124] BnD::B1HttpServerSessionManager: reserveRemoveSession requested. but manager is not alived
[2024-07-29_16:37:10.471181][41124] BnD::B1RedisDirectClientSubscribeSession: disconnect called: sessionHandleID[2]
[2024-07-29_16:37:10.471181][41124] BnD::B1RedisDirectClientWriteSession: disconnect called: sessionHandleID[0]
[2024-07-29_16:37:10.471181][41124] BnD::B1RedisDirectClientReadSession: disconnect called: sessionHandleID[1]
[2024-07-29_16:37:10.471181][30008] BnD::B1ArrayBufferReadWriteImpl: read failed: reason[995], message[스레드 종료 또는 응용 프로그램 요청 때문에 I/O 작업이 취소되었습니다]
[2024-07-29_16:37:10.471181][41124] BnD::B1BaseSessionManager: waiting disconnection: sessionHandleID[2]
[2024-07-29_16:37:10.471181][30008] BnD::B1RedisDirectClientSubscribeSession: set connection_status to STATUS_DISCONNECTING: sessionHandleID[2], previous_status:[2], reason[995]
[2024-07-29_16:37:10.471181][11236] BnD::B1ArrayBufferReadWriteImpl: read failed: reason[995], message[스레드 종료 또는 응용 프로그램 요청 때문에 I/O 작업이 취소되었습니다]
[2024-07-29_16:37:10.471181][41124] BnD::B1BaseSessionManager: waiting disconnection: sessionHandleID[0]
[2024-07-29_16:37:10.471181][26912] BnD::B1ArrayBufferReadWriteImpl: read failed: reason[995], message[스레드 종료 또는 응용 프로그램 요청 때문에 I/O 작업이 취소되었습니다]
[2024-07-29_16:37:10.471181][11236] BnD::B1RedisDirectClientWriteSession: set connection_status to STATUS_DISCONNECTING: sessionHandleID[0], previous_status:[2], reason[995]
[2024-07-29_16:37:10.471181][41124] BnD::B1BaseSessionManager: waiting disconnection: sessionHandleID[1]
[2024-07-29_16:37:10.471181][26912] BnD::B1RedisDirectClientReadSession: set connection_status to STATUS_DISCONNECTING: sessionHandleID[1], previous_status:[2], reason[995]
[2024-07-29_16:37:11.477873][41124] BnD::B1RedisDirectClientSubscribeSession: set connection_status to STATUS_DISCONNECTED: sessionHandleID[2], previous_status:[3], reason[995]
[2024-07-29_16:37:11.477973][41124] BnD::B1RedisDirectClientSubscribeSession: session disconnected
[2024-07-29_16:37:11.509620][41124] BnD::B1RedisDirectClientWriteSession: set connection_status to STATUS_DISCONNECTED: sessionHandleID[0], previous_status:[3], reason[995]
[2024-07-29_16:37:11.509620][41124] BnD::B1RedisDirectClientWriteSession: session disconnected
[2024-07-29_16:37:11.525283][41124] BnD::B1RedisDirectClientReadSession: set connection_status to STATUS_DISCONNECTED: sessionHandleID[1], previous_status:[3], reason[995]
[2024-07-29_16:37:11.525283][41124] BnD::B1RedisDirectClientReadSession: session disconnected
[2024-07-29_16:37:11.556973][41124] SemiTS::WebAssistantServiceMFC: [WebAssistantService_LPR][1001014] version:[1000][20240423] stopped
[2024-07-29_16:37:30.981668][17596] SemiTS::WebAssistantServiceMFC: connecting Administration Service for find equipment type...
[2024-07-29_16:37:30.981668][17596] BnD::B1RedisDirectClientWriteSession: set connection_status to STATUS_CONNECTING: sessionHandleID[0], previous_status:[-1]
[2024-07-29_16:37:30.981668][17596] BnD::B1ClientSocket: connecting: address[127.0.0.1], port[9379]
[2024-07-29_16:37:30.997378][17596] BnD::B1RedisDirectClientReadSession: set connection_status to STATUS_CONNECTING: sessionHandleID[1], previous_status:[-1]
[2024-07-29_16:37:30.997378][17596] BnD::B1ClientSocket: connecting: address[127.0.0.1], port[9379]
[2024-07-29_16:37:30.997378][20360] BnD::B1RedisDirectClientWriteSession: session connected -> clear buffer
[2024-07-29_16:37:30.997378][20360] BnD::B1RedisDirectClientWriteSession: set connection_status to STATUS_CONNECTED: sessionHandleID[0], previous_status:[1]
[2024-07-29_16:37:31.033170][22416] BnD::B1RedisDirectClientReadSession: session connected -> clear buffer
[2024-07-29_16:37:31.033170][22416] BnD::B1RedisDirectClientReadSession: set connection_status to STATUS_CONNECTED: sessionHandleID[1], previous_status:[1]
[2024-07-29_16:37:31.182951][22396] BnD::B1RedisDirectClientReadSession: selecting redis db: db[0]
[2024-07-29_16:37:31.182951][22416] BnD::B1RedisDirectClientReadSession: redis db selected
[2024-07-29_16:37:31.183937][22396] BnD::B1RedisDirectClientWriteSession: selecting redis db: db[0]
[2024-07-29_16:37:31.184616][17596] SemiTS::WebAssistantServiceMFC: Sync server time:[2024-07-29 16:37:31.184]
[2024-07-29_16:37:31.184176][17596] SemiTS::WebAssistantServiceMFC: Sync server time finished
[2024-07-29_16:37:31.184176][17596] SemiTS::WebAssistantServiceMFC: find product type done! disconnecting Administration Service: site[1001], type[1001]
[2024-07-29_16:37:31.401576][17596] BnD::B1RedisDirectClientReadSession: disconnect called: sessionHandleID[1]
[2024-07-29_16:37:31.401576][17596] BnD::B1RedisDirectClientWriteSession: disconnect called: sessionHandleID[0]
[2024-07-29_16:37:31.401576][17596] BnD::B1BaseSessionManager: waiting disconnection: sessionHandleID[1]
[2024-07-29_16:37:31.401576][17596] BnD::B1BaseSessionManager: waiting disconnection: sessionHandleID[0]
[2024-07-29_16:37:31.402578][22416] BnD::B1ArrayBufferReadWriteImpl: read failed: reason[995], message[스레드 종료 또는 응용 프로그램 요청 때문에 I/O 작업이 취소되었습니다]
[2024-07-29_16:37:31.402578][22416] BnD::B1RedisDirectClientReadSession: set connection_status to STATUS_DISCONNECTING: sessionHandleID[1], previous_status:[2], reason[995]
[2024-07-29_16:37:31.402728][20360] BnD::B1ArrayBufferReadWriteImpl: read failed: reason[995], message[스레드 종료 또는 응용 프로그램 요청 때문에 I/O 작업이 취소되었습니다]
[2024-07-29_16:37:31.402728][20360] BnD::B1RedisDirectClientWriteSession: set connection_status to STATUS_DISCONNECTING: sessionHandleID[0], previous_status:[2], reason[995]
[2024-07-29_16:37:32.415559][17596] BnD::B1RedisDirectClientReadSession: set connection_status to STATUS_DISCONNECTED: sessionHandleID[1], previous_status:[3], reason[995]
[2024-07-29_16:37:32.415559][17596] BnD::B1RedisDirectClientReadSession: session disconnected
[2024-07-29_16:37:32.433495][17596] BnD::B1RedisDirectClientWriteSession: set connection_status to STATUS_DISCONNECTED: sessionHandleID[0], previous_status:[3], reason[995]
[2024-07-29_16:37:32.433495][17596] BnD::B1RedisDirectClientWriteSession: session disconnected
[2024-07-29_16:37:32.449529][17596] SemiTS::WebAssistantServiceMFC: starting [WebAssistantService_LPR][1001014] version:[1000][20240423]
[2024-07-29_16:37:32.450497][17596] SemiTS::LPRWebAssistantServicePublic: Connecting [127.0.0.1:9379(0)]
[2024-07-29_16:37:32.450497][17596] BnD::B1RedisDirectClientWriteSession: set connection_status to STATUS_CONNECTING: sessionHandleID[0], previous_status:[-1]
[2024-07-29_16:37:32.450497][17596] BnD::B1ClientSocket: connecting: address[127.0.0.1], port[9379]
[2024-07-29_16:37:32.465497][17596] BnD::B1RedisDirectClientReadSession: set connection_status to STATUS_CONNECTING: sessionHandleID[1], previous_status:[-1]
[2024-07-29_16:37:32.465497][17596] BnD::B1ClientSocket: connecting: address[127.0.0.1], port[9379]
[2024-07-29_16:37:32.465497][8244] BnD::B1RedisDirectClientWriteSession: session connected -> clear buffer
[2024-07-29_16:37:32.465497][8244] BnD::B1RedisDirectClientWriteSession: set connection_status to STATUS_CONNECTED: sessionHandleID[0], previous_status:[1]
[2024-07-29_16:37:32.483605][17596] BnD::B1RedisDirectClientSubscribeSession: set connection_status to STATUS_CONNECTING: sessionHandleID[2], previous_status:[-1]
[2024-07-29_16:37:32.483605][17596] BnD::B1ClientSocket: connecting: address[127.0.0.1], port[9379]
[2024-07-29_16:37:32.483605][20184] BnD::B1RedisDirectClientReadSession: session connected -> clear buffer
[2024-07-29_16:37:32.483605][20184] BnD::B1RedisDirectClientReadSession: set connection_status to STATUS_CONNECTED: sessionHandleID[1], previous_status:[1]
[2024-07-29_16:37:32.498705][32512] BnD::B1RedisDirectClientSubscribeSession: session connected -> clear buffer
[2024-07-29_16:37:32.498705][32512] BnD::B1RedisDirectClientSubscribeSession: set connection_status to STATUS_CONNECTED: sessionHandleID[2], previous_status:[1]
[2024-07-29_16:37:32.652097][37756] BnD::B1RedisDirectClientWriteSession: selecting redis db: db[0]
[2024-07-29_16:37:32.652097][37756] BnD::B1RedisDirectClientReadSession: selecting redis db: db[0]
[2024-07-29_16:37:32.652097][20184] BnD::B1RedisDirectClientReadSession: redis db selected
[2024-07-29_16:37:32.652097][37756] BnD::B1RedisDirectClientSubscribeSession: selecting redis db: db[0]
[2024-07-29_16:37:32.673459][17596] SemiTS::LPRWASWebServer: begin accept: port[22001]
[2024-07-29_16:37:32.701337][17596] SemiTS::LPRWebAssistantServicePublic: initializing performance check: tick[250]
[2024-07-29_16:37:32.701337][17596] SemiTS::WebAssistantServiceMFC: [WebAssistantService_LPR][1001014] version:[1000][20240423] started
[2024-07-29_16:37:36.826758][30404] SemiTS::WebAssistantServiceMFC: stopping [WebAssistantService_LPR][1001014] version:[1000][20240423]
[2024-07-29_16:37:36.826758][17596] BnD::B1Acceptor: closing acceptor
[2024-07-29_16:37:36.827411][39768] SemiTS::LPRWASWebServer: accept error: peerAddress[], localPort[0], reason[995]
[2024-07-29_16:37:36.936923][17596] BnD::B1Acceptor: acceptor closed
[2024-07-29_16:37:37.850060][17596] BnD::B1RedisDirectClientWriteSession: disconnect called: sessionHandleID[0]
[2024-07-29_16:37:37.850060][17596] BnD::B1RedisDirectClientReadSession: disconnect called: sessionHandleID[1]
[2024-07-29_16:37:37.850333][8244] BnD::B1ArrayBufferReadWriteImpl: read failed: reason[995], message[스레드 종료 또는 응용 프로그램 요청 때문에 I/O 작업이 취소되었습니다]
[2024-07-29_16:37:37.850333][8244] BnD::B1RedisDirectClientWriteSession: set connection_status to STATUS_DISCONNECTING: sessionHandleID[0], previous_status:[2], reason[995]
[2024-07-29_16:37:37.850333][17596] BnD::B1RedisDirectClientSubscribeSession: disconnect called: sessionHandleID[2]
[2024-07-29_16:37:37.850333][20184] BnD::B1ArrayBufferReadWriteImpl: read failed: reason[995], message[스레드 종료 또는 응용 프로그램 요청 때문에 I/O 작업이 취소되었습니다]
[2024-07-29_16:37:37.850333][20184] BnD::B1RedisDirectClientReadSession: set connection_status to STATUS_DISCONNECTING: sessionHandleID[1], previous_status:[2], reason[995]
[2024-07-29_16:37:37.850333][17596] BnD::B1RedisDirectClientWriteSession: set connection_status to STATUS_DISCONNECTED: sessionHandleID[0], previous_status:[3], reason[995]
[2024-07-29_16:37:37.850333][17596] BnD::B1RedisDirectClientWriteSession: session disconnected
[2024-07-29_16:37:37.850333][32512] BnD::B1ArrayBufferReadWriteImpl: read failed: reason[995], message[스레드 종료 또는 응용 프로그램 요청 때문에 I/O 작업이 취소되었습니다]
[2024-07-29_16:37:37.850333][32512] BnD::B1RedisDirectClientSubscribeSession: set connection_status to STATUS_DISCONNECTING: sessionHandleID[2], previous_status:[2], reason[995]
[2024-07-29_16:37:37.868482][17596] BnD::B1RedisDirectClientReadSession: set connection_status to STATUS_DISCONNECTED: sessionHandleID[1], previous_status:[3], reason[995]
[2024-07-29_16:37:37.868482][17596] BnD::B1RedisDirectClientReadSession: session disconnected
[2024-07-29_16:37:37.884539][17596] BnD::B1RedisDirectClientSubscribeSession: set connection_status to STATUS_DISCONNECTED: sessionHandleID[2], previous_status:[3], reason[995]
[2024-07-29_16:37:37.884539][17596] BnD::B1RedisDirectClientSubscribeSession: session disconnected
[2024-07-29_16:37:37.900134][17596] SemiTS::WebAssistantServiceMFC: [WebAssistantService_LPR][1001014] version:[1000][20240423] stopped
[2024-07-29_16:37:46.481455][5520] SemiTS::WebAssistantServiceMFC: connecting Administration Service for find equipment type...
[2024-07-29_16:37:46.481455][5520] BnD::B1RedisDirectClientWriteSession: set connection_status to STATUS_CONNECTING: sessionHandleID[0], previous_status:[-1]
[2024-07-29_16:37:46.481455][5520] BnD::B1ClientSocket: connecting: address[127.0.0.1], port[9379]
[2024-07-29_16:37:46.515698][5520] BnD::B1RedisDirectClientReadSession: set connection_status to STATUS_CONNECTING: sessionHandleID[1], previous_status:[-1]
[2024-07-29_16:37:46.515698][5520] BnD::B1ClientSocket: connecting: address[127.0.0.1], port[9379]
[2024-07-29_16:37:46.515698][30508] BnD::B1RedisDirectClientWriteSession: session connected -> clear buffer
[2024-07-29_16:37:46.515698][30508] BnD::B1RedisDirectClientWriteSession: set connection_status to STATUS_CONNECTED: sessionHandleID[0], previous_status:[1]
[2024-07-29_16:37:46.532147][31384] BnD::B1RedisDirectClientReadSession: session connected -> clear buffer
[2024-07-29_16:37:46.532147][31384] BnD::B1RedisDirectClientReadSession: set connection_status to STATUS_CONNECTED: sessionHandleID[1], previous_status:[1]
[2024-07-29_16:37:46.683140][35648] BnD::B1RedisDirectClientWriteSession: selecting redis db: db[0]
[2024-07-29_16:37:46.683140][35648] BnD::B1RedisDirectClientReadSession: selecting redis db: db[0]
[2024-07-29_16:37:46.683140][31384] BnD::B1RedisDirectClientReadSession: redis db selected
[2024-07-29_16:37:46.699165][5520] SemiTS::WebAssistantServiceMFC: Sync server time:[2024-07-29 16:37:46.699]
[2024-07-29_16:37:46.699065][5520] SemiTS::WebAssistantServiceMFC: Sync server time finished
[2024-07-29_16:37:46.699712][5520] SemiTS::WebAssistantServiceMFC: find product type done! disconnecting Administration Service: site[1001], type[1001]
[2024-07-29_16:37:46.915554][5520] BnD::B1RedisDirectClientWriteSession: disconnect called: sessionHandleID[0]
[2024-07-29_16:37:46.915554][5520] BnD::B1RedisDirectClientReadSession: disconnect called: sessionHandleID[1]
[2024-07-29_16:37:46.915554][5520] BnD::B1BaseSessionManager: waiting disconnection: sessionHandleID[0]
[2024-07-29_16:37:46.915554][5520] BnD::B1BaseSessionManager: waiting disconnection: sessionHandleID[1]
[2024-07-29_16:37:46.915554][30508] BnD::B1ArrayBufferReadWriteImpl: read failed: reason[995], message[스레드 종료 또는 응용 프로그램 요청 때문에 I/O 작업이 취소되었습니다]
[2024-07-29_16:37:46.915554][31384] BnD::B1ArrayBufferReadWriteImpl: read failed: reason[995], message[스레드 종료 또는 응용 프로그램 요청 때문에 I/O 작업이 취소되었습니다]
[2024-07-29_16:37:46.915554][30508] BnD::B1RedisDirectClientWriteSession: set connection_status to STATUS_DISCONNECTING: sessionHandleID[0], previous_status:[2], reason[995]
[2024-07-29_16:37:46.915554][31384] BnD::B1RedisDirectClientReadSession: set connection_status to STATUS_DISCONNECTING: sessionHandleID[1], previous_status:[2], reason[995]
[2024-07-29_16:37:47.926940][5520] BnD::B1RedisDirectClientWriteSession: set connection_status to STATUS_DISCONNECTED: sessionHandleID[0], previous_status:[3], reason[995]
[2024-07-29_16:37:47.926940][5520] BnD::B1RedisDirectClientWriteSession: session disconnected
[2024-07-29_16:37:47.940701][5520] BnD::B1RedisDirectClientReadSession: set connection_status to STATUS_DISCONNECTED: sessionHandleID[1], previous_status:[3], reason[995]
[2024-07-29_16:37:47.940701][5520] BnD::B1RedisDirectClientReadSession: session disconnected
[2024-07-29_16:37:47.952202][5520] SemiTS::WebAssistantServiceMFC: starting [WebAssistantService_LPR][1001014] version:[1000][20240423]
[2024-07-29_16:37:47.952593][5520] SemiTS::LPRWebAssistantServicePublic: Connecting [127.0.0.1:9379(0)]
[2024-07-29_16:37:47.952593][5520] BnD::B1RedisDirectClientWriteSession: set connection_status to STATUS_CONNECTING: sessionHandleID[0], previous_status:[-1]
[2024-07-29_16:37:47.952593][5520] BnD::B1ClientSocket: connecting: address[127.0.0.1], port[9379]
[2024-07-29_16:37:47.967410][5520] BnD::B1RedisDirectClientReadSession: set connection_status to STATUS_CONNECTING: sessionHandleID[1], previous_status:[-1]
[2024-07-29_16:37:47.967410][5520] BnD::B1ClientSocket: connecting: address[127.0.0.1], port[9379]
[2024-07-29_16:37:47.967410][20244] BnD::B1RedisDirectClientWriteSession: session connected -> clear buffer
[2024-07-29_16:37:47.967410][20244] BnD::B1RedisDirectClientWriteSession: set connection_status to STATUS_CONNECTED: sessionHandleID[0], previous_status:[1]
[2024-07-29_16:37:47.983415][5520] BnD::B1RedisDirectClientSubscribeSession: set connection_status to STATUS_CONNECTING: sessionHandleID[2], previous_status:[-1]
[2024-07-29_16:37:47.983415][5520] BnD::B1ClientSocket: connecting: address[127.0.0.1], port[9379]
[2024-07-29_16:37:47.983415][28628] BnD::B1RedisDirectClientReadSession: session connected -> clear buffer
[2024-07-29_16:37:47.983415][28628] BnD::B1RedisDirectClientReadSession: set connection_status to STATUS_CONNECTED: sessionHandleID[1], previous_status:[1]
[2024-07-29_16:37:47.998601][13768] BnD::B1RedisDirectClientSubscribeSession: session connected -> clear buffer
[2024-07-29_16:37:47.999573][13768] BnD::B1RedisDirectClientSubscribeSession: set connection_status to STATUS_CONNECTED: sessionHandleID[2], previous_status:[1]
[2024-07-29_16:37:48.157568][14612] BnD::B1RedisDirectClientSubscribeSession: selecting redis db: db[0]
[2024-07-29_16:37:48.157568][14612] BnD::B1RedisDirectClientReadSession: selecting redis db: db[0]
[2024-07-29_16:37:48.157568][28628] BnD::B1RedisDirectClientReadSession: redis db selected
[2024-07-29_16:37:48.157568][14612] BnD::B1RedisDirectClientWriteSession: selecting redis db: db[0]
[2024-07-29_16:37:48.173198][5520] SemiTS::LPRWASWebServer: begin accept: port[22001]
[2024-07-29_16:37:48.204919][5520] SemiTS::LPRWebAssistantServicePublic: initializing performance check: tick[250]
[2024-07-29_16:37:48.204919][5520] SemiTS::WebAssistantServiceMFC: [WebAssistantService_LPR][1001014] version:[1000][20240423] started
[2024-07-29_16:37:52.638221][30924] SemiTS::WASWebServerSession: set connection_status to STATUS_CONNECTED: sessionHandleID[0], previous_status:[-1]
[2024-07-29_16:37:52.638221][30924] BnD::B1HttpServerSessionManager: session modified: sessionHandleID[0]
[2024-07-29_16:37:52.638221][30924] SemiTS::LPRWASWebSocketServerSession: web socket accepted: peerAddress[127.0.0.1], localPort[22001]
[2024-07-29_16:37:52.638221][30924] SemiTS::LPRWASWebSocketServerSession: set connection_status to STATUS_CONNECTED: sessionHandleID[0], previous_status:[-1]
[2024-07-29_16:38:03.792484][30404] SemiTS::WebAssistantServiceMFC: stopping [WebAssistantService_LPR][1001014] version:[1000][20240423]
[2024-07-29_16:38:03.792484][5520] BnD::B1Acceptor: closing acceptor
[2024-07-29_16:38:03.792484][30924] SemiTS::LPRWASWebServer: accept error: peerAddress[], localPort[0], reason[995]
[2024-07-29_16:38:03.902741][5520] BnD::B1Acceptor: acceptor closed
[2024-07-29_16:38:04.295077][5520] SemiTS::LPRWASWebSocketServerSession: disconnect called: sessionHandleID[0]
[2024-07-29_16:38:04.295077][5520] BnD::B1HttpServerSessionManager: waiting disconnection: sessionHandleID[0]
[2024-07-29_16:38:04.295077][30924] BnD::B1WebSocketReadWriteImpl: read failed: reason[1236], message[네트워크 연결이 로컬 시스템에 의해 취소되었습니다]
[2024-07-29_16:38:04.295077][30924] SemiTS::LPRWASWebSocketServerSession: set connection_status to STATUS_DISCONNECTING: sessionHandleID[0], previous_status:[2], reason[1236]
[2024-07-29_16:38:05.303993][5520] SemiTS::LPRWASWebSocketServerSession: set connection_status to STATUS_DISCONNECTED: sessionHandleID[0], previous_status:[3], reason[1236]
[2024-07-29_16:38:05.303993][5520] SemiTS::LPRWASWebSocketServerSession: server session disconnected: sessionHandleID[0], peerAddress[], localPort[0], reason[1236]
[2024-07-29_16:38:05.303993][5520] BnD::B1HttpServerSessionManager: reserveRemoveSession requested. but manager is not alived
[2024-07-29_16:38:05.550389][5520] BnD::B1RedisDirectClientSubscribeSession: disconnect called: sessionHandleID[2]
[2024-07-29_16:38:05.550541][5520] BnD::B1RedisDirectClientReadSession: disconnect called: sessionHandleID[1]
[2024-07-29_16:38:05.550541][13768] BnD::B1ArrayBufferReadWriteImpl: read failed: reason[995], message[스레드 종료 또는 응용 프로그램 요청 때문에 I/O 작업이 취소되었습니다]
[2024-07-29_16:38:05.550541][13768] BnD::B1RedisDirectClientSubscribeSession: set connection_status to STATUS_DISCONNECTING: sessionHandleID[2], previous_status:[2], reason[995]
[2024-07-29_16:38:05.550843][28628] BnD::B1ArrayBufferReadWriteImpl: read failed: reason[995], message[스레드 종료 또는 응용 프로그램 요청 때문에 I/O 작업이 취소되었습니다]
[2024-07-29_16:38:05.550843][28628] BnD::B1RedisDirectClientReadSession: set connection_status to STATUS_DISCONNECTING: sessionHandleID[1], previous_status:[2], reason[995]
[2024-07-29_16:38:05.550843][5520] BnD::B1RedisDirectClientWriteSession: disconnect called: sessionHandleID[0]
[2024-07-29_16:38:05.550843][5520] BnD::B1RedisDirectClientSubscribeSession: set connection_status to STATUS_DISCONNECTED: sessionHandleID[2], previous_status:[3], reason[995]
[2024-07-29_16:38:05.550843][5520] BnD::B1RedisDirectClientSubscribeSession: session disconnected
[2024-07-29_16:38:05.550843][20244] BnD::B1ArrayBufferReadWriteImpl: read failed: reason[995], message[스레드 종료 또는 응용 프로그램 요청 때문에 I/O 작업이 취소되었습니다]
[2024-07-29_16:38:05.550843][20244] BnD::B1RedisDirectClientWriteSession: set connection_status to STATUS_DISCONNECTING: sessionHandleID[0], previous_status:[2], reason[995]
[2024-07-29_16:38:05.562770][5520] BnD::B1RedisDirectClientReadSession: set connection_status to STATUS_DISCONNECTED: sessionHandleID[1], previous_status:[3], reason[995]
[2024-07-29_16:38:05.562770][5520] BnD::B1RedisDirectClientReadSession: session disconnected
[2024-07-29_16:38:05.578512][5520] BnD::B1RedisDirectClientWriteSession: set connection_status to STATUS_DISCONNECTED: sessionHandleID[0], previous_status:[3], reason[995]
[2024-07-29_16:38:05.578512][5520] BnD::B1RedisDirectClientWriteSession: session disconnected
[2024-07-29_16:38:05.594365][5520] SemiTS::WebAssistantServiceMFC: [WebAssistantService_LPR][1001014] version:[1000][20240423] stopped
[2024-07-29_16:43:27.042543][37956] SemiTS::WebAssistantServiceMFC: connecting Administration Service for find equipment type...
[2024-07-29_16:43:27.042543][37956] BnD::B1RedisDirectClientWriteSession: set connection_status to STATUS_CONNECTING: sessionHandleID[0], previous_status:[-1]
[2024-07-29_16:43:27.042543][37956] BnD::B1ClientSocket: connecting: address[127.0.0.1], port[9379]
[2024-07-29_16:43:27.068312][37956] BnD::B1RedisDirectClientReadSession: set connection_status to STATUS_CONNECTING: sessionHandleID[1], previous_status:[-1]
[2024-07-29_16:43:27.068312][37956] BnD::B1ClientSocket: connecting: address[127.0.0.1], port[9379]
[2024-07-29_16:43:27.068312][30148] BnD::B1RedisDirectClientWriteSession: session connected -> clear buffer
[2024-07-29_16:43:27.068312][30148] BnD::B1RedisDirectClientWriteSession: set connection_status to STATUS_CONNECTED: sessionHandleID[0], previous_status:[1]
[2024-07-29_16:43:27.099681][38880] BnD::B1RedisDirectClientReadSession: session connected -> clear buffer
[2024-07-29_16:43:27.099681][38880] BnD::B1RedisDirectClientReadSession: set connection_status to STATUS_CONNECTED: sessionHandleID[1], previous_status:[1]
[2024-07-29_16:43:27.257914][27224] BnD::B1RedisDirectClientWriteSession: selecting redis db: db[0]
[2024-07-29_16:43:27.258252][27224] BnD::B1RedisDirectClientReadSession: selecting redis db: db[0]
[2024-07-29_16:43:27.258252][38880] BnD::B1RedisDirectClientReadSession: redis db selected
[2024-07-29_16:43:27.273283][37956] SemiTS::WebAssistantServiceMFC: Sync server time:[2024-07-29 16:43:27.273]
[2024-07-29_16:43:27.273334][37956] SemiTS::WebAssistantServiceMFC: Sync server time finished
[2024-07-29_16:43:27.273334][37956] SemiTS::WebAssistantServiceMFC: find product type done! disconnecting Administration Service: site[1001], type[1001]
[2024-07-29_16:43:27.491000][37956] BnD::B1RedisDirectClientWriteSession: disconnect called: sessionHandleID[0]
[2024-07-29_16:43:27.491000][37956] BnD::B1RedisDirectClientReadSession: disconnect called: sessionHandleID[1]
[2024-07-29_16:43:27.491000][37956] BnD::B1BaseSessionManager: waiting disconnection: sessionHandleID[0]
[2024-07-29_16:43:27.491954][37956] BnD::B1BaseSessionManager: waiting disconnection: sessionHandleID[1]
[2024-07-29_16:43:27.491954][30148] BnD::B1ArrayBufferReadWriteImpl: read failed: reason[995], message[스레드 종료 또는 응용 프로그램 요청 때문에 I/O 작업이 취소되었습니다]
[2024-07-29_16:43:27.491954][38880] BnD::B1ArrayBufferReadWriteImpl: read failed: reason[995], message[스레드 종료 또는 응용 프로그램 요청 때문에 I/O 작업이 취소되었습니다]
[2024-07-29_16:43:27.491954][30148] BnD::B1RedisDirectClientWriteSession: set connection_status to STATUS_DISCONNECTING: sessionHandleID[0], previous_status:[2], reason[995]
[2024-07-29_16:43:27.491954][38880] BnD::B1RedisDirectClientReadSession: set connection_status to STATUS_DISCONNECTING: sessionHandleID[1], previous_status:[2], reason[995]
[2024-07-29_16:43:28.504893][37956] BnD::B1RedisDirectClientWriteSession: set connection_status to STATUS_DISCONNECTED: sessionHandleID[0], previous_status:[3], reason[995]
[2024-07-29_16:43:28.504893][37956] BnD::B1RedisDirectClientWriteSession: session disconnected
[2024-07-29_16:43:28.518624][37956] BnD::B1RedisDirectClientReadSession: set connection_status to STATUS_DISCONNECTED: sessionHandleID[1], previous_status:[3], reason[995]
[2024-07-29_16:43:28.518624][37956] BnD::B1RedisDirectClientReadSession: session disconnected
[2024-07-29_16:43:28.536858][37956] SemiTS::WebAssistantServiceMFC: starting [WebAssistantService_LPR][1001014] version:[1000][20240423]
[2024-07-29_16:43:28.537858][37956] SemiTS::LPRWebAssistantServicePublic: Connecting [127.0.0.1:9379(0)]
[2024-07-29_16:43:28.537858][37956] BnD::B1RedisDirectClientWriteSession: set connection_status to STATUS_CONNECTING: sessionHandleID[0], previous_status:[-1]
[2024-07-29_16:43:28.537858][37956] BnD::B1ClientSocket: connecting: address[127.0.0.1], port[9379]
[2024-07-29_16:43:28.552858][37956] BnD::B1RedisDirectClientReadSession: set connection_status to STATUS_CONNECTING: sessionHandleID[1], previous_status:[-1]
[2024-07-29_16:43:28.552858][37956] BnD::B1ClientSocket: connecting: address[127.0.0.1], port[9379]
[2024-07-29_16:43:28.552858][36244] BnD::B1RedisDirectClientWriteSession: session connected -> clear buffer
[2024-07-29_16:43:28.552858][36244] BnD::B1RedisDirectClientWriteSession: set connection_status to STATUS_CONNECTED: sessionHandleID[0], previous_status:[1]
[2024-07-29_16:43:28.576393][37956] BnD::B1RedisDirectClientSubscribeSession: set connection_status to STATUS_CONNECTING: sessionHandleID[2], previous_status:[-1]
[2024-07-29_16:43:28.576393][37956] BnD::B1ClientSocket: connecting: address[127.0.0.1], port[9379]
[2024-07-29_16:43:28.576393][31384] BnD::B1RedisDirectClientReadSession: session connected -> clear buffer
[2024-07-29_16:43:28.576393][31384] BnD::B1RedisDirectClientReadSession: set connection_status to STATUS_CONNECTED: sessionHandleID[1], previous_status:[1]
[2024-07-29_16:43:28.592531][29396] BnD::B1RedisDirectClientSubscribeSession: session connected -> clear buffer
[2024-07-29_16:43:28.592531][29396] BnD::B1RedisDirectClientSubscribeSession: set connection_status to STATUS_CONNECTED: sessionHandleID[2], previous_status:[1]
[2024-07-29_16:43:28.744902][32648] BnD::B1RedisDirectClientSubscribeSession: selecting redis db: db[0]
[2024-07-29_16:43:28.744902][32648] BnD::B1RedisDirectClientWriteSession: selecting redis db: db[0]
[2024-07-29_16:43:28.744902][32648] BnD::B1RedisDirectClientReadSession: selecting redis db: db[0]
[2024-07-29_16:43:28.744902][31384] BnD::B1RedisDirectClientReadSession: redis db selected
[2024-07-29_16:43:28.759245][37956] SemiTS::LPRWASWebServer: begin accept: port[22001]
[2024-07-29_16:43:28.777901][37956] SemiTS::LPRWebAssistantServicePublic: initializing performance check: tick[250]
[2024-07-29_16:43:28.777901][37956] SemiTS::WebAssistantServiceMFC: [WebAssistantService_LPR][1001014] version:[1000][20240423] started
[2024-07-29_16:43:28.949840][29092] SemiTS::WASWebServerSession: set connection_status to STATUS_CONNECTED: sessionHandleID[0], previous_status:[-1]
[2024-07-29_16:43:28.949840][29092] BnD::B1HttpServerSessionManager: session modified: sessionHandleID[0]
[2024-07-29_16:43:28.949840][29092] SemiTS::LPRWASWebSocketServerSession: web socket accepted: peerAddress[127.0.0.1], localPort[22001]
[2024-07-29_16:43:28.950808][29092] SemiTS::LPRWASWebSocketServerSession: set connection_status to STATUS_CONNECTED: sessionHandleID[0], previous_status:[-1]
[2024-07-29_16:43:31.398488][30404] SemiTS::WebAssistantServiceMFC: stopping [WebAssistantService_LPR][1001014] version:[1000][20240423]
[2024-07-29_16:43:31.398488][37956] BnD::B1Acceptor: closing acceptor
[2024-07-29_16:43:31.399496][29092] SemiTS::LPRWASWebServer: accept error: peerAddress[], localPort[0], reason[995]
[2024-07-29_16:43:31.508775][37956] BnD::B1Acceptor: acceptor closed
[2024-07-29_16:43:31.775781][37956] SemiTS::LPRWASWebSocketServerSession: disconnect called: sessionHandleID[0]
[2024-07-29_16:43:31.775781][37956] BnD::B1HttpServerSessionManager: waiting disconnection: sessionHandleID[0]
[2024-07-29_16:43:31.775781][29092] BnD::B1WebSocketReadWriteImpl: read failed: reason[1236], message[네트워크 연결이 로컬 시스템에 의해 취소되었습니다]
[2024-07-29_16:43:31.775781][29092] SemiTS::LPRWASWebSocketServerSession: set connection_status to STATUS_DISCONNECTING: sessionHandleID[0], previous_status:[2], reason[1236]
[2024-07-29_16:43:32.795896][37956] SemiTS::LPRWASWebSocketServerSession: set connection_status to STATUS_DISCONNECTED: sessionHandleID[0], previous_status:[3], reason[1236]
[2024-07-29_16:43:32.795896][37956] SemiTS::LPRWASWebSocketServerSession: server session disconnected: sessionHandleID[0], peerAddress[], localPort[0], reason[1236]
[2024-07-29_16:43:32.795896][37956] BnD::B1HttpServerSessionManager: reserveRemoveSession requested. but manager is not alived
[2024-07-29_16:43:32.905590][37956] BnD::B1RedisDirectClientSubscribeSession: disconnect called: sessionHandleID[2]
[2024-07-29_16:43:32.905590][37956] BnD::B1RedisDirectClientWriteSession: disconnect called: sessionHandleID[0]
[2024-07-29_16:43:32.905590][29396] BnD::B1ArrayBufferReadWriteImpl: read failed: reason[995], message[스레드 종료 또는 응용 프로그램 요청 때문에 I/O 작업이 취소되었습니다]
[2024-07-29_16:43:32.905590][37956] BnD::B1RedisDirectClientReadSession: disconnect called: sessionHandleID[1]
[2024-07-29_16:43:32.905590][29396] BnD::B1RedisDirectClientSubscribeSession: set connection_status to STATUS_DISCONNECTING: sessionHandleID[2], previous_status:[2], reason[995]
[2024-07-29_16:43:32.905590][36244] BnD::B1ArrayBufferReadWriteImpl: read failed: reason[995], message[스레드 종료 또는 응용 프로그램 요청 때문에 I/O 작업이 취소되었습니다]
[2024-07-29_16:43:32.905590][37956] BnD::B1BaseSessionManager: waiting disconnection: sessionHandleID[2]
[2024-07-29_16:43:32.905590][36244] BnD::B1RedisDirectClientWriteSession: set connection_status to STATUS_DISCONNECTING: sessionHandleID[0], previous_status:[2], reason[995]
[2024-07-29_16:43:32.905590][31384] BnD::B1ArrayBufferReadWriteImpl: read failed: reason[995], message[스레드 종료 또는 응용 프로그램 요청 때문에 I/O 작업이 취소되었습니다]
[2024-07-29_16:43:32.905590][37956] BnD::B1BaseSessionManager: waiting disconnection: sessionHandleID[0]
[2024-07-29_16:43:32.906598][31384] BnD::B1RedisDirectClientReadSession: set connection_status to STATUS_DISCONNECTING: sessionHandleID[1], previous_status:[2], reason[995]
[2024-07-29_16:43:32.906598][37956] BnD::B1BaseSessionManager: waiting disconnection: sessionHandleID[1]
[2024-07-29_16:43:33.908500][37956] BnD::B1RedisDirectClientSubscribeSession: set connection_status to STATUS_DISCONNECTED: sessionHandleID[2], previous_status:[3], reason[995]
[2024-07-29_16:43:33.908686][37956] BnD::B1RedisDirectClientSubscribeSession: session disconnected
[2024-07-29_16:43:33.921366][37956] BnD::B1RedisDirectClientWriteSession: set connection_status to STATUS_DISCONNECTED: sessionHandleID[0], previous_status:[3], reason[995]
[2024-07-29_16:43:33.921366][37956] BnD::B1RedisDirectClientWriteSession: session disconnected
[2024-07-29_16:43:33.934588][37956] BnD::B1RedisDirectClientReadSession: set connection_status to STATUS_DISCONNECTED: sessionHandleID[1], previous_status:[3], reason[995]
[2024-07-29_16:43:33.934588][37956] BnD::B1RedisDirectClientReadSession: session disconnected
[2024-07-29_16:43:33.950019][37956] SemiTS::WebAssistantServiceMFC: [WebAssistantService_LPR][1001014] version:[1000][20240423] stopped
[2024-07-29_16:48:16.560608][3408] SemiTS::WebAssistantServiceMFC: connecting Administration Service for find equipment type...
[2024-07-29_16:48:16.561606][3408] BnD::B1RedisDirectClientWriteSession: set connection_status to STATUS_CONNECTING: sessionHandleID[0], previous_status:[-1]
[2024-07-29_16:48:16.561606][3408] BnD::B1ClientSocket: connecting: address[127.0.0.1], port[9379]
[2024-07-29_16:48:16.603087][3408] BnD::B1RedisDirectClientReadSession: set connection_status to STATUS_CONNECTING: sessionHandleID[1], previous_status:[-1]
[2024-07-29_16:48:16.603087][3408] BnD::B1ClientSocket: connecting: address[127.0.0.1], port[9379]
[2024-07-29_16:48:16.603087][28572] BnD::B1RedisDirectClientWriteSession: session connected -> clear buffer
[2024-07-29_16:48:16.603087][28572] BnD::B1RedisDirectClientWriteSession: set connection_status to STATUS_CONNECTED: sessionHandleID[0], previous_status:[1]
[2024-07-29_16:48:16.618600][6160] BnD::B1RedisDirectClientReadSession: session connected -> clear buffer
[2024-07-29_16:48:16.618600][6160] BnD::B1RedisDirectClientReadSession: set connection_status to STATUS_CONNECTED: sessionHandleID[1], previous_status:[1]
[2024-07-29_16:48:16.775758][9496] BnD::B1RedisDirectClientReadSession: selecting redis db: db[0]
[2024-07-29_16:48:16.775758][6160] BnD::B1RedisDirectClientReadSession: redis db selected
[2024-07-29_16:48:16.775758][9496] BnD::B1RedisDirectClientWriteSession: selecting redis db: db[0]
[2024-07-29_16:48:16.791384][3408] SemiTS::WebAssistantServiceMFC: Sync server time:[2024-07-29 16:48:16.791]
[2024-07-29_16:48:16.791342][3408] SemiTS::WebAssistantServiceMFC: Sync server time finished
[2024-07-29_16:48:16.791342][3408] SemiTS::WebAssistantServiceMFC: find product type done! disconnecting Administration Service: site[1001], type[1001]
[2024-07-29_16:48:16.995433][3408] BnD::B1RedisDirectClientReadSession: disconnect called: sessionHandleID[1]
[2024-07-29_16:48:16.995433][3408] BnD::B1RedisDirectClientWriteSession: disconnect called: sessionHandleID[0]
[2024-07-29_16:48:16.995433][3408] BnD::B1BaseSessionManager: waiting disconnection: sessionHandleID[1]
[2024-07-29_16:48:16.995433][3408] BnD::B1BaseSessionManager: waiting disconnection: sessionHandleID[0]
[2024-07-29_16:48:16.995433][6160] BnD::B1ArrayBufferReadWriteImpl: read failed: reason[995], message[스레드 종료 또는 응용 프로그램 요청 때문에 I/O 작업이 취소되었습니다]
[2024-07-29_16:48:16.995433][28572] BnD::B1ArrayBufferReadWriteImpl: read failed: reason[995], message[스레드 종료 또는 응용 프로그램 요청 때문에 I/O 작업이 취소되었습니다]
[2024-07-29_16:48:16.995433][6160] BnD::B1RedisDirectClientReadSession: set connection_status to STATUS_DISCONNECTING: sessionHandleID[1], previous_status:[2], reason[995]
[2024-07-29_16:48:16.995433][28572] BnD::B1RedisDirectClientWriteSession: set connection_status to STATUS_DISCONNECTING: sessionHandleID[0], previous_status:[2], reason[995]
[2024-07-29_16:48:18.002682][3408] BnD::B1RedisDirectClientReadSession: set connection_status to STATUS_DISCONNECTED: sessionHandleID[1], previous_status:[3], reason[995]
[2024-07-29_16:48:18.002682][3408] BnD::B1RedisDirectClientReadSession: session disconnected
[2024-07-29_16:48:18.018121][3408] BnD::B1RedisDirectClientWriteSession: set connection_status to STATUS_DISCONNECTED: sessionHandleID[0], previous_status:[3], reason[995]
[2024-07-29_16:48:18.020143][3408] BnD::B1RedisDirectClientWriteSession: session disconnected
[2024-07-29_16:48:18.051339][3408] SemiTS::WebAssistantServiceMFC: starting [WebAssistantService_LPR][1001014] version:[1000][20240423]
[2024-07-29_16:48:18.052346][3408] SemiTS::LPRWebAssistantServicePublic: Connecting [127.0.0.1:9379(0)]
[2024-07-29_16:48:18.052346][3408] BnD::B1RedisDirectClientWriteSession: set connection_status to STATUS_CONNECTING: sessionHandleID[0], previous_status:[-1]
[2024-07-29_16:48:18.052346][3408] BnD::B1ClientSocket: connecting: address[127.0.0.1], port[9379]
[2024-07-29_16:48:18.070487][3408] BnD::B1RedisDirectClientReadSession: set connection_status to STATUS_CONNECTING: sessionHandleID[1], previous_status:[-1]
[2024-07-29_16:48:18.070487][3408] BnD::B1ClientSocket: connecting: address[127.0.0.1], port[9379]
[2024-07-29_16:48:18.070487][18076] BnD::B1RedisDirectClientWriteSession: session connected -> clear buffer
[2024-07-29_16:48:18.070487][18076] BnD::B1RedisDirectClientWriteSession: set connection_status to STATUS_CONNECTED: sessionHandleID[0], previous_status:[1]
[2024-07-29_16:48:18.117250][3408] BnD::B1RedisDirectClientSubscribeSession: set connection_status to STATUS_CONNECTING: sessionHandleID[2], previous_status:[-1]
[2024-07-29_16:48:18.117250][3408] BnD::B1ClientSocket: connecting: address[127.0.0.1], port[9379]
[2024-07-29_16:48:18.117250][41664] BnD::B1RedisDirectClientReadSession: session connected -> clear buffer
[2024-07-29_16:48:18.118002][41664] BnD::B1RedisDirectClientReadSession: set connection_status to STATUS_CONNECTED: sessionHandleID[1], previous_status:[1]
[2024-07-29_16:48:18.138500][23464] BnD::B1RedisDirectClientSubscribeSession: session connected -> clear buffer
[2024-07-29_16:48:18.138500][23464] BnD::B1RedisDirectClientSubscribeSession: set connection_status to STATUS_CONNECTED: sessionHandleID[2], previous_status:[1]
[2024-07-29_16:48:18.260344][33948] BnD::B1RedisDirectClientSubscribeSession: selecting redis db: db[0]
[2024-07-29_16:48:18.260479][33948] BnD::B1RedisDirectClientWriteSession: selecting redis db: db[0]
[2024-07-29_16:48:18.260479][33948] BnD::B1RedisDirectClientReadSession: selecting redis db: db[0]
[2024-07-29_16:48:18.260479][41664] BnD::B1RedisDirectClientReadSession: redis db selected
[2024-07-29_16:48:18.279016][3408] SemiTS::LPRWASWebServer: begin accept: port[22001]
[2024-07-29_16:48:18.295950][3408] SemiTS::LPRWebAssistantServicePublic: initializing performance check: tick[250]
[2024-07-29_16:48:18.295950][3408] SemiTS::WebAssistantServiceMFC: [WebAssistantService_LPR][1001014] version:[1000][20240423] started
[2024-07-29_16:48:18.420044][30144] SemiTS::WASWebServerSession: set connection_status to STATUS_CONNECTED: sessionHandleID[0], previous_status:[-1]
[2024-07-29_16:48:18.421022][30144] BnD::B1HttpServerSessionManager: session modified: sessionHandleID[0]
[2024-07-29_16:48:18.421022][30144] SemiTS::LPRWASWebSocketServerSession: web socket accepted: peerAddress[127.0.0.1], localPort[22001]
[2024-07-29_16:48:18.421022][30144] SemiTS::LPRWASWebSocketServerSession: set connection_status to STATUS_CONNECTED: sessionHandleID[0], previous_status:[-1]
[2024-07-29_16:48:21.122231][30404] SemiTS::WebAssistantServiceMFC: stopping [WebAssistantService_LPR][1001014] version:[1000][20240423]
[2024-07-29_16:48:21.122231][3408] BnD::B1Acceptor: closing acceptor
[2024-07-29_16:48:21.122231][30144] SemiTS::LPRWASWebServer: accept error: peerAddress[], localPort[0], reason[995]
[2024-07-29_16:48:21.229436][3408] BnD::B1Acceptor: acceptor closed
[2024-07-29_16:48:21.298784][3408] SemiTS::LPRWASWebSocketServerSession: disconnect called: sessionHandleID[0]
[2024-07-29_16:48:21.298784][3408] BnD::B1HttpServerSessionManager: waiting disconnection: sessionHandleID[0]
[2024-07-29_16:48:21.298784][30144] BnD::B1WebSocketReadWriteImpl: read failed: reason[1236], message[네트워크 연결이 로컬 시스템에 의해 취소되었습니다]
[2024-07-29_16:48:21.298784][30144] SemiTS::LPRWASWebSocketServerSession: set connection_status to STATUS_DISCONNECTING: sessionHandleID[0], previous_status:[2], reason[1236]
[2024-07-29_16:48:22.306393][3408] SemiTS::LPRWASWebSocketServerSession: set connection_status to STATUS_DISCONNECTED: sessionHandleID[0], previous_status:[3], reason[1236]
[2024-07-29_16:48:22.306393][3408] SemiTS::LPRWASWebSocketServerSession: server session disconnected: sessionHandleID[0], peerAddress[], localPort[0], reason[1236]
[2024-07-29_16:48:22.306393][3408] BnD::B1HttpServerSessionManager: reserveRemoveSession requested. but manager is not alived
[2024-07-29_16:48:22.413096][3408] BnD::B1RedisDirectClientSubscribeSession: disconnect called: sessionHandleID[2]
[2024-07-29_16:48:22.413096][3408] BnD::B1RedisDirectClientWriteSession: disconnect called: sessionHandleID[0]
[2024-07-29_16:48:22.413096][3408] BnD::B1RedisDirectClientReadSession: disconnect called: sessionHandleID[1]
[2024-07-29_16:48:22.413096][3408] BnD::B1BaseSessionManager: waiting disconnection: sessionHandleID[2]
[2024-07-29_16:48:22.413096][3408] BnD::B1BaseSessionManager: waiting disconnection: sessionHandleID[0]
[2024-07-29_16:48:22.413096][3408] BnD::B1BaseSessionManager: waiting disconnection: sessionHandleID[1]
[2024-07-29_16:48:22.413096][18076] BnD::B1ArrayBufferReadWriteImpl: read failed: reason[995], message[스레드 종료 또는 응용 프로그램 요청 때문에 I/O 작업이 취소되었습니다]
[2024-07-29_16:48:22.413096][41664] BnD::B1ArrayBufferReadWriteImpl: read failed: reason[995], message[스레드 종료 또는 응용 프로그램 요청 때문에 I/O 작업이 취소되었습니다]
[2024-07-29_16:48:22.413096][18076] BnD::B1RedisDirectClientWriteSession: set connection_status to STATUS_DISCONNECTING: sessionHandleID[0], previous_status:[2], reason[995]
[2024-07-29_16:48:22.413096][41664] BnD::B1RedisDirectClientReadSession: set connection_status to STATUS_DISCONNECTING: sessionHandleID[1], previous_status:[2], reason[995]
[2024-07-29_16:48:22.413096][23464] BnD::B1ArrayBufferReadWriteImpl: read failed: reason[995], message[스레드 종료 또는 응용 프로그램 요청 때문에 I/O 작업이 취소되었습니다]
[2024-07-29_16:48:22.413096][23464] BnD::B1RedisDirectClientSubscribeSession: set connection_status to STATUS_DISCONNECTING: sessionHandleID[2], previous_status:[2], reason[995]
[2024-07-29_16:48:23.418081][3408] BnD::B1RedisDirectClientSubscribeSession: set connection_status to STATUS_DISCONNECTED: sessionHandleID[2], previous_status:[3], reason[995]
[2024-07-29_16:48:23.418081][3408] BnD::B1RedisDirectClientSubscribeSession: session disconnected
[2024-07-29_16:48:23.451269][3408] BnD::B1RedisDirectClientWriteSession: set connection_status to STATUS_DISCONNECTED: sessionHandleID[0], previous_status:[3], reason[995]
[2024-07-29_16:48:23.451792][3408] BnD::B1RedisDirectClientWriteSession: session disconnected
[2024-07-29_16:48:23.469473][3408] BnD::B1RedisDirectClientReadSession: set connection_status to STATUS_DISCONNECTED: sessionHandleID[1], previous_status:[3], reason[995]
[2024-07-29_16:48:23.469874][3408] BnD::B1RedisDirectClientReadSession: session disconnected
[2024-07-29_16:48:23.500980][3408] SemiTS::WebAssistantServiceMFC: [WebAssistantService_LPR][1001014] version:[1000][20240423] stopped
[2024-07-29_16:50:02.974515][28564] SemiTS::WebAssistantServiceMFC: connecting Administration Service for find equipment type...
[2024-07-29_16:50:02.974515][28564] BnD::B1RedisDirectClientWriteSession: set connection_status to STATUS_CONNECTING: sessionHandleID[0], previous_status:[-1]
[2024-07-29_16:50:02.974515][28564] BnD::B1ClientSocket: connecting: address[127.0.0.1], port[9379]
[2024-07-29_16:50:02.998789][28564] BnD::B1RedisDirectClientReadSession: set connection_status to STATUS_CONNECTING: sessionHandleID[1], previous_status:[-1]
[2024-07-29_16:50:02.998789][28564] BnD::B1ClientSocket: connecting: address[127.0.0.1], port[9379]
[2024-07-29_16:50:02.998789][32368] BnD::B1RedisDirectClientWriteSession: session connected -> clear buffer
[2024-07-29_16:50:02.998789][32368] BnD::B1RedisDirectClientWriteSession: set connection_status to STATUS_CONNECTED: sessionHandleID[0], previous_status:[1]
[2024-07-29_16:50:03.016514][936] BnD::B1RedisDirectClientReadSession: session connected -> clear buffer
[2024-07-29_16:50:03.016514][936] BnD::B1RedisDirectClientReadSession: set connection_status to STATUS_CONNECTED: sessionHandleID[1], previous_status:[1]
[2024-07-29_16:50:03.183217][21228] BnD::B1RedisDirectClientReadSession: selecting redis db: db[0]
[2024-07-29_16:50:03.183217][936] BnD::B1RedisDirectClientReadSession: redis db selected
[2024-07-29_16:50:03.183217][21228] BnD::B1RedisDirectClientWriteSession: selecting redis db: db[0]
[2024-07-29_16:50:03.184343][28564] SemiTS::WebAssistantServiceMFC: Sync server time:[2024-07-29 16:50:03.184]
[2024-07-29_16:50:03.184269][28564] SemiTS::WebAssistantServiceMFC: Sync server time finished
[2024-07-29_16:50:03.184269][28564] SemiTS::WebAssistantServiceMFC: find product type done! disconnecting Administration Service: site[1001], type[1001]
[2024-07-29_16:50:03.384288][28564] BnD::B1RedisDirectClientReadSession: disconnect called: sessionHandleID[1]
[2024-07-29_16:50:03.384288][28564] BnD::B1RedisDirectClientWriteSession: disconnect called: sessionHandleID[0]
[2024-07-29_16:50:03.384288][936] BnD::B1ArrayBufferReadWriteImpl: read failed: reason[995], message[스레드 종료 또는 응용 프로그램 요청 때문에 I/O 작업이 취소되었습니다]
[2024-07-29_16:50:03.384288][28564] BnD::B1BaseSessionManager: waiting disconnection: sessionHandleID[1]
[2024-07-29_16:50:03.384288][936] BnD::B1RedisDirectClientReadSession: set connection_status to STATUS_DISCONNECTING: sessionHandleID[1], previous_status:[2], reason[995]
[2024-07-29_16:50:03.384288][32368] BnD::B1ArrayBufferReadWriteImpl: read failed: reason[995], message[스레드 종료 또는 응용 프로그램 요청 때문에 I/O 작업이 취소되었습니다]
[2024-07-29_16:50:03.384288][28564] BnD::B1BaseSessionManager: waiting disconnection: sessionHandleID[0]
[2024-07-29_16:50:03.384288][32368] BnD::B1RedisDirectClientWriteSession: set connection_status to STATUS_DISCONNECTING: sessionHandleID[0], previous_status:[2], reason[995]
[2024-07-29_16:50:04.386262][28564] BnD::B1RedisDirectClientReadSession: set connection_status to STATUS_DISCONNECTED: sessionHandleID[1], previous_status:[3], reason[995]
[2024-07-29_16:50:04.386262][28564] BnD::B1RedisDirectClientReadSession: session disconnected
[2024-07-29_16:50:04.398879][28564] BnD::B1RedisDirectClientWriteSession: set connection_status to STATUS_DISCONNECTED: sessionHandleID[0], previous_status:[3], reason[995]
[2024-07-29_16:50:04.398879][28564] BnD::B1RedisDirectClientWriteSession: session disconnected
[2024-07-29_16:50:04.432082][28564] SemiTS::WebAssistantServiceMFC: starting [WebAssistantService_LPR][1001014] version:[1000][20240423]
[2024-07-29_16:50:04.433034][28564] SemiTS::LPRWebAssistantServicePublic: Connecting [127.0.0.1:9379(0)]
[2024-07-29_16:50:04.433034][28564] BnD::B1RedisDirectClientWriteSession: set connection_status to STATUS_CONNECTING: sessionHandleID[0], previous_status:[-1]
[2024-07-29_16:50:04.433034][28564] BnD::B1ClientSocket: connecting: address[127.0.0.1], port[9379]
[2024-07-29_16:50:04.448037][28564] BnD::B1RedisDirectClientReadSession: set connection_status to STATUS_CONNECTING: sessionHandleID[1], previous_status:[-1]
[2024-07-29_16:50:04.448037][28564] BnD::B1ClientSocket: connecting: address[127.0.0.1], port[9379]
[2024-07-29_16:50:04.448037][6512] BnD::B1RedisDirectClientWriteSession: session connected -> clear buffer
[2024-07-29_16:50:04.448037][6512] BnD::B1RedisDirectClientWriteSession: set connection_status to STATUS_CONNECTED: sessionHandleID[0], previous_status:[1]
[2024-07-29_16:50:04.465374][28564] BnD::B1RedisDirectClientSubscribeSession: set connection_status to STATUS_CONNECTING: sessionHandleID[2], previous_status:[-1]
[2024-07-29_16:50:04.465374][28564] BnD::B1ClientSocket: connecting: address[127.0.0.1], port[9379]
[2024-07-29_16:50:04.465374][40752] BnD::B1RedisDirectClientReadSession: session connected -> clear buffer
[2024-07-29_16:50:04.465374][40752] BnD::B1RedisDirectClientReadSession: set connection_status to STATUS_CONNECTED: sessionHandleID[1], previous_status:[1]
[2024-07-29_16:50:04.480937][3536] BnD::B1RedisDirectClientSubscribeSession: session connected -> clear buffer
[2024-07-29_16:50:04.480937][3536] BnD::B1RedisDirectClientSubscribeSession: set connection_status to STATUS_CONNECTED: sessionHandleID[2], previous_status:[1]
[2024-07-29_16:50:04.648075][35728] BnD::B1RedisDirectClientReadSession: selecting redis db: db[0]
[2024-07-29_16:50:04.648075][40752] BnD::B1RedisDirectClientReadSession: redis db selected
[2024-07-29_16:50:04.648075][35728] BnD::B1RedisDirectClientSubscribeSession: selecting redis db: db[0]
[2024-07-29_16:50:04.648731][35728] BnD::B1RedisDirectClientWriteSession: selecting redis db: db[0]
[2024-07-29_16:50:04.664757][28564] SemiTS::LPRWASWebServer: begin accept: port[22001]
[2024-07-29_16:50:04.695031][28564] SemiTS::LPRWebAssistantServicePublic: initializing performance check: tick[266]
[2024-07-29_16:50:04.695031][28564] SemiTS::WebAssistantServiceMFC: [WebAssistantService_LPR][1001014] version:[1000][20240423] started
[2024-07-29_16:50:07.031463][15920] SemiTS::WASWebServerSession: set connection_status to STATUS_CONNECTED: sessionHandleID[0], previous_status:[-1]
[2024-07-29_16:50:07.031980][15920] BnD::B1HttpServerSessionManager: session modified: sessionHandleID[0]
[2024-07-29_16:50:07.031980][15920] SemiTS::LPRWASWebSocketServerSession: web socket accepted: peerAddress[127.0.0.1], localPort[22001]
[2024-07-29_16:50:07.031980][15920] SemiTS::LPRWASWebSocketServerSession: set connection_status to STATUS_CONNECTED: sessionHandleID[0], previous_status:[-1]
[2024-07-29_16:50:09.589897][30404] SemiTS::WebAssistantServiceMFC: stopping [WebAssistantService_LPR][1001014] version:[1000][20240423]
[2024-07-29_16:50:09.589897][28564] BnD::B1Acceptor: closing acceptor
[2024-07-29_16:50:09.589897][15920] SemiTS::LPRWASWebServer: accept error: peerAddress[], localPort[0], reason[995]
[2024-07-29_16:50:09.698749][28564] BnD::B1Acceptor: acceptor closed
[2024-07-29_16:50:10.720433][28564] SemiTS::LPRWASWebSocketServerSession: disconnect called: sessionHandleID[0]
[2024-07-29_16:50:10.720433][28564] BnD::B1HttpServerSessionManager: waiting disconnection: sessionHandleID[0]
[2024-07-29_16:50:10.720433][15920] BnD::B1WebSocketReadWriteImpl: read failed: reason[1236], message[네트워크 연결이 로컬 시스템에 의해 취소되었습니다]
[2024-07-29_16:50:10.720433][15920] SemiTS::LPRWASWebSocketServerSession: set connection_status to STATUS_DISCONNECTING: sessionHandleID[0], previous_status:[2], reason[1236]
[2024-07-29_16:50:11.729688][28564] SemiTS::LPRWASWebSocketServerSession: set connection_status to STATUS_DISCONNECTED: sessionHandleID[0], previous_status:[3], reason[1236]
[2024-07-29_16:50:11.729688][28564] SemiTS::LPRWASWebSocketServerSession: server session disconnected: sessionHandleID[0], peerAddress[], localPort[0], reason[1236]
[2024-07-29_16:50:11.729688][28564] BnD::B1HttpServerSessionManager: reserveRemoveSession requested. but manager is not alived
[2024-07-29_16:50:11.956379][28564] BnD::B1RedisDirectClientReadSession: disconnect called: sessionHandleID[1]
[2024-07-29_16:50:11.956379][28564] BnD::B1RedisDirectClientSubscribeSession: disconnect called: sessionHandleID[2]
[2024-07-29_16:50:11.956379][28564] BnD::B1RedisDirectClientWriteSession: disconnect called: sessionHandleID[0]
[2024-07-29_16:50:11.956379][28564] BnD::B1BaseSessionManager: waiting disconnection: sessionHandleID[1]
[2024-07-29_16:50:11.956379][28564] BnD::B1BaseSessionManager: waiting disconnection: sessionHandleID[2]
[2024-07-29_16:50:11.956379][28564] BnD::B1BaseSessionManager: waiting disconnection: sessionHandleID[0]
[2024-07-29_16:50:11.956379][40752] BnD::B1ArrayBufferReadWriteImpl: read failed: reason[995], message[스레드 종료 또는 응용 프로그램 요청 때문에 I/O 작업이 취소되었습니다]
[2024-07-29_16:50:11.956379][3536] BnD::B1ArrayBufferReadWriteImpl: read failed: reason[995], message[스레드 종료 또는 응용 프로그램 요청 때문에 I/O 작업이 취소되었습니다]
[2024-07-29_16:50:11.956379][40752] BnD::B1RedisDirectClientReadSession: set connection_status to STATUS_DISCONNECTING: sessionHandleID[1], previous_status:[2], reason[995]
[2024-07-29_16:50:11.956379][6512] BnD::B1ArrayBufferReadWriteImpl: read failed: reason[995], message[스레드 종료 또는 응용 프로그램 요청 때문에 I/O 작업이 취소되었습니다]
[2024-07-29_16:50:11.956379][3536] BnD::B1RedisDirectClientSubscribeSession: set connection_status to STATUS_DISCONNECTING: sessionHandleID[2], previous_status:[2], reason[995]
[2024-07-29_16:50:11.956379][6512] BnD::B1RedisDirectClientWriteSession: set connection_status to STATUS_DISCONNECTING: sessionHandleID[0], previous_status:[2], reason[995]
[2024-07-29_16:50:12.961291][28564] BnD::B1RedisDirectClientReadSession: set connection_status to STATUS_DISCONNECTED: sessionHandleID[1], previous_status:[3], reason[995]
[2024-07-29_16:50:12.961291][28564] BnD::B1RedisDirectClientReadSession: session disconnected
[2024-07-29_16:50:12.976920][28564] BnD::B1RedisDirectClientSubscribeSession: set connection_status to STATUS_DISCONNECTED: sessionHandleID[2], previous_status:[3], reason[995]
[2024-07-29_16:50:12.976920][28564] BnD::B1RedisDirectClientSubscribeSession: session disconnected
[2024-07-29_16:50:13.008746][28564] BnD::B1RedisDirectClientWriteSession: set connection_status to STATUS_DISCONNECTED: sessionHandleID[0], previous_status:[3], reason[995]
[2024-07-29_16:50:13.008746][28564] BnD::B1RedisDirectClientWriteSession: session disconnected
[2024-07-29_16:50:13.024370][28564] SemiTS::WebAssistantServiceMFC: [WebAssistantService_LPR][1001014] version:[1000][20240423] stopped
