[2024-07-31_18:08:12.245591][20948] BnD::B1WebSocketReadWriteImpl: read failed: reason[1], message[The WebSocket stream was gracefully closed at both endpoints]
[2024-07-31_18:08:12.245591][20948] SemiTS::LPRWASWebSocketServerSession: set connection_status to STATUS_DISCONNECTING: sessionHandleID[0], previous_status:[2], reason[1]
[2024-07-31_18:08:13.034012][20060] SemiTS::LPRWASWebSocketServerSession: set connection_status to STATUS_DISCONNECTED: sessionHandleID[0], previous_status:[3], reason[1]
[2024-07-31_18:08:13.034012][20060] SemiTS::LPRWASWebSocketServerSession: server session disconnected: sessionHandleID[0], peerAddress[], localPort[0], reason[1]
[2024-07-31_18:08:14.780200][20680] SemiTS::WebAssistantServiceMFC: stopping [WebAssistantService_LPR][1001014] version:[1000][20240423]
[2024-07-31_18:08:14.780200][16372] BnD::B1Acceptor: closing acceptor
[2024-07-31_18:08:14.780200][20948] SemiTS::LPRWASWebServer: accept error: peerAddress[], localPort[0], reason[995]
[2024-07-31_18:08:14.889976][16372] BnD::B1Acceptor: acceptor closed
[2024-07-31_18:08:15.282334][16372] BnD::B1RedisDirectClientWriteSession: disconnect called: sessionHandleID[0]
[2024-07-31_18:08:15.282334][16372] BnD::B1RedisDirectClientReadSession: disconnect called: sessionHandleID[1]
[2024-07-31_18:08:15.282334][16372] BnD::B1RedisDirectClientSubscribeSession: disconnect called: sessionHandleID[2]
[2024-07-31_18:08:15.282334][16372] BnD::B1BaseSessionManager: waiting disconnection: sessionHandleID[0]
[2024-07-31_18:08:15.282334][17856] BnD::B1ArrayBufferReadWriteImpl: read failed: reason[995], message[스레드 종료 또는 응용 프로그램 요청 때문에 I/O 작업이 취소되었습니다]
[2024-07-31_18:08:15.282334][14288] BnD::B1ArrayBufferReadWriteImpl: read failed: reason[995], message[스레드 종료 또는 응용 프로그램 요청 때문에 I/O 작업이 취소되었습니다]
[2024-07-31_18:08:15.282334][16372] BnD::B1BaseSessionManager: waiting disconnection: sessionHandleID[1]
[2024-07-31_18:08:15.282334][17856] BnD::B1RedisDirectClientWriteSession: set connection_status to STATUS_DISCONNECTING: sessionHandleID[0], previous_status:[2], reason[995]
[2024-07-31_18:08:15.282334][712] BnD::B1ArrayBufferReadWriteImpl: read failed: reason[995], message[스레드 종료 또는 응용 프로그램 요청 때문에 I/O 작업이 취소되었습니다]
[2024-07-31_18:08:15.282334][14288] BnD::B1RedisDirectClientReadSession: set connection_status to STATUS_DISCONNECTING: sessionHandleID[1], previous_status:[2], reason[995]
[2024-07-31_18:08:15.282334][16372] BnD::B1BaseSessionManager: waiting disconnection: sessionHandleID[2]
[2024-07-31_18:08:15.282334][712] BnD::B1RedisDirectClientSubscribeSession: set connection_status to STATUS_DISCONNECTING: sessionHandleID[2], previous_status:[2], reason[995]
[2024-07-31_18:08:16.287461][16372] BnD::B1RedisDirectClientWriteSession: set connection_status to STATUS_DISCONNECTED: sessionHandleID[0], previous_status:[3], reason[995]
[2024-07-31_18:08:16.287461][16372] BnD::B1RedisDirectClientWriteSession: session disconnected
[2024-07-31_18:08:16.303089][16372] BnD::B1RedisDirectClientReadSession: set connection_status to STATUS_DISCONNECTED: sessionHandleID[1], previous_status:[3], reason[995]
[2024-07-31_18:08:16.303089][16372] BnD::B1RedisDirectClientReadSession: session disconnected
[2024-07-31_18:08:16.334341][16372] BnD::B1RedisDirectClientSubscribeSession: set connection_status to STATUS_DISCONNECTED: sessionHandleID[2], previous_status:[3], reason[995]
[2024-07-31_18:08:16.334341][16372] BnD::B1RedisDirectClientSubscribeSession: session disconnected
[2024-07-31_18:08:16.365622][16372] SemiTS::WebAssistantServiceMFC: [WebAssistantService_LPR][1001014] version:[1000][20240423] stopped
