[2024-08-01_17:02:53.028528][20524] BnD::B1WebSocketReadWriteImpl: read failed: reason[10054], message[현재 연결은 원격 호스트에 의해 강제로 끊겼습니다]
[2024-08-01_17:02:53.028528][20524] SemiTS::LPRWASWebSocketServerSession: set connection_status to STATUS_DISCONNECTING: sessionHandleID[2], previous_status:[2], reason[10054]
[2024-08-01_17:02:53.327811][20524] SemiTS::WASWebServerSession: set connection_status to STATUS_CONNECTED: sessionHandleID[3], previous_status:[-1]
[2024-08-01_17:02:53.327811][20524] BnD::B1HttpServerSessionManager: session modified: sessionHandleID[3]
[2024-08-01_17:02:53.327811][20524] SemiTS::LPRWASWebSocketServerSession: web socket accepted: peerAddress[127.0.0.1], localPort[22001]
[2024-08-01_17:02:53.327811][20524] SemiTS::LPRWASWebSocketServerSession: set connection_status to STATUS_CONNECTED: sessionHandleID[3], previous_status:[-1]
[2024-08-01_17:02:53.925190][22832] SemiTS::LPRWASWebSocketServerSession: set connection_status to STATUS_DISCONNECTED: sessionHandleID[2], previous_status:[3], reason[10054]
[2024-08-01_17:02:53.925190][22832] SemiTS::LPRWASWebSocketServerSession: server session disconnected: sessionHandleID[2], peerAddress[127.0.0.1], localPort[22001], reason[10054]
[2024-08-01_17:03:22.224858][20524] BnD::B1WebSocketReadWriteImpl: read failed: reason[1], message[The WebSocket stream was gracefully closed at both endpoints]
[2024-08-01_17:03:22.224858][20524] SemiTS::LPRWASWebSocketServerSession: set connection_status to STATUS_DISCONNECTING: sessionHandleID[3], previous_status:[2], reason[1]
[2024-08-01_17:03:22.509311][20524] SemiTS::WASWebServerSession: set connection_status to STATUS_CONNECTED: sessionHandleID[4], previous_status:[-1]
[2024-08-01_17:03:22.509311][20524] BnD::B1HttpServerSessionManager: session modified: sessionHandleID[4]
[2024-08-01_17:03:22.509311][20524] SemiTS::LPRWASWebSocketServerSession: web socket accepted: peerAddress[127.0.0.1], localPort[22001]
[2024-08-01_17:03:22.509311][20524] SemiTS::LPRWASWebSocketServerSession: set connection_status to STATUS_CONNECTED: sessionHandleID[4], previous_status:[-1]
[2024-08-01_17:03:23.134366][22832] SemiTS::LPRWASWebSocketServerSession: set connection_status to STATUS_DISCONNECTED: sessionHandleID[3], previous_status:[3], reason[1]
[2024-08-01_17:03:23.134366][22832] SemiTS::LPRWASWebSocketServerSession: server session disconnected: sessionHandleID[3], peerAddress[], localPort[0], reason[1]
[2024-08-01_17:23:11.968045][20524] BnD::B1WebSocketReadWriteImpl: read failed: reason[1], message[The WebSocket stream was gracefully closed at both endpoints]
[2024-08-01_17:23:11.968045][20524] SemiTS::LPRWASWebSocketServerSession: set connection_status to STATUS_DISCONNECTING: sessionHandleID[4], previous_status:[2], reason[1]
[2024-08-01_17:23:12.301617][20524] SemiTS::WASWebServerSession: set connection_status to STATUS_CONNECTED: sessionHandleID[5], previous_status:[-1]
[2024-08-01_17:23:12.302134][20524] BnD::B1HttpServerSessionManager: session modified: sessionHandleID[5]
[2024-08-01_17:23:12.302134][20524] SemiTS::LPRWASWebSocketServerSession: web socket accepted: peerAddress[127.0.0.1], localPort[22001]
[2024-08-01_17:23:12.302134][20524] SemiTS::LPRWASWebSocketServerSession: set connection_status to STATUS_CONNECTED: sessionHandleID[5], previous_status:[-1]
[2024-08-01_17:23:12.440963][22832] SemiTS::LPRWASWebSocketServerSession: set connection_status to STATUS_DISCONNECTED: sessionHandleID[4], previous_status:[3], reason[1]
[2024-08-01_17:23:12.441070][22832] SemiTS::LPRWASWebSocketServerSession: server session disconnected: sessionHandleID[4], peerAddress[], localPort[0], reason[1]
[2024-08-01_17:23:43.960431][20524] BnD::B1WebSocketReadWriteImpl: read failed: reason[10053], message[현재 연결은 사용자의 호스트 시스템의 소프트웨어의 의해 중단되었습니다]
[2024-08-01_17:23:43.960431][20524] SemiTS::LPRWASWebSocketServerSession: set connection_status to STATUS_DISCONNECTING: sessionHandleID[5], previous_status:[2], reason[10053]
[2024-08-01_17:23:44.240837][20524] SemiTS::WASWebServerSession: set connection_status to STATUS_CONNECTED: sessionHandleID[6], previous_status:[-1]
[2024-08-01_17:23:44.240837][20524] BnD::B1HttpServerSessionManager: session modified: sessionHandleID[6]
[2024-08-01_17:23:44.240837][20524] SemiTS::LPRWASWebSocketServerSession: web socket accepted: peerAddress[127.0.0.1], localPort[22001]
[2024-08-01_17:23:44.240837][20524] SemiTS::LPRWASWebSocketServerSession: set connection_status to STATUS_CONNECTED: sessionHandleID[6], previous_status:[-1]
[2024-08-01_17:23:44.674326][22832] SemiTS::LPRWASWebSocketServerSession: set connection_status to STATUS_DISCONNECTED: sessionHandleID[5], previous_status:[3], reason[10053]
[2024-08-01_17:23:44.674326][22832] SemiTS::LPRWASWebSocketServerSession: server session disconnected: sessionHandleID[5], peerAddress[127.0.0.1], localPort[22001], reason[10053]
[2024-08-01_17:34:30.136827][20524] BnD::B1WebSocketReadWriteImpl: read failed: reason[1], message[The WebSocket stream was gracefully closed at both endpoints]
[2024-08-01_17:34:30.136827][20524] SemiTS::LPRWASWebSocketServerSession: set connection_status to STATUS_DISCONNECTING: sessionHandleID[6], previous_status:[2], reason[1]
[2024-08-01_17:34:30.445303][20524] SemiTS::WASWebServerSession: set connection_status to STATUS_CONNECTED: sessionHandleID[7], previous_status:[-1]
[2024-08-01_17:34:30.446303][20524] BnD::B1HttpServerSessionManager: session modified: sessionHandleID[7]
[2024-08-01_17:34:30.446303][20524] SemiTS::LPRWASWebSocketServerSession: web socket accepted: peerAddress[127.0.0.1], localPort[22001]
[2024-08-01_17:34:30.446303][20524] SemiTS::LPRWASWebSocketServerSession: set connection_status to STATUS_CONNECTED: sessionHandleID[7], previous_status:[-1]
[2024-08-01_17:34:31.042923][22832] SemiTS::LPRWASWebSocketServerSession: set connection_status to STATUS_DISCONNECTED: sessionHandleID[6], previous_status:[3], reason[1]
[2024-08-01_17:34:31.042923][22832] SemiTS::LPRWASWebSocketServerSession: server session disconnected: sessionHandleID[6], peerAddress[], localPort[0], reason[1]
[2024-08-01_17:36:10.853507][20524] BnD::B1WebSocketReadWriteImpl: read failed: reason[10053], message[현재 연결은 사용자의 호스트 시스템의 소프트웨어의 의해 중단되었습니다]
[2024-08-01_17:36:10.853507][20524] SemiTS::LPRWASWebSocketServerSession: set connection_status to STATUS_DISCONNECTING: sessionHandleID[7], previous_status:[2], reason[10053]
[2024-08-01_17:36:11.150899][20524] SemiTS::WASWebServerSession: set connection_status to STATUS_CONNECTED: sessionHandleID[8], previous_status:[-1]
[2024-08-01_17:36:11.150899][20524] BnD::B1HttpServerSessionManager: session modified: sessionHandleID[8]
[2024-08-01_17:36:11.150899][20524] SemiTS::LPRWASWebSocketServerSession: web socket accepted: peerAddress[127.0.0.1], localPort[22001]
[2024-08-01_17:36:11.150899][20524] SemiTS::LPRWASWebSocketServerSession: set connection_status to STATUS_CONNECTED: sessionHandleID[8], previous_status:[-1]
[2024-08-01_17:36:11.857074][22832] SemiTS::LPRWASWebSocketServerSession: set connection_status to STATUS_DISCONNECTED: sessionHandleID[7], previous_status:[3], reason[10053]
[2024-08-01_17:36:11.857074][22832] SemiTS::LPRWASWebSocketServerSession: server session disconnected: sessionHandleID[7], peerAddress[127.0.0.1], localPort[22001], reason[10053]
[2024-08-01_17:36:54.848401][20524] BnD::B1WebSocketReadWriteImpl: read failed: reason[1], message[The WebSocket stream was gracefully closed at both endpoints]
[2024-08-01_17:36:54.848401][20524] SemiTS::LPRWASWebSocketServerSession: set connection_status to STATUS_DISCONNECTING: sessionHandleID[8], previous_status:[2], reason[1]
[2024-08-01_17:36:55.152805][20524] SemiTS::WASWebServerSession: set connection_status to STATUS_CONNECTED: sessionHandleID[9], previous_status:[-1]
[2024-08-01_17:36:55.152805][20524] BnD::B1HttpServerSessionManager: session modified: sessionHandleID[9]
[2024-08-01_17:36:55.152805][20524] SemiTS::LPRWASWebSocketServerSession: web socket accepted: peerAddress[127.0.0.1], localPort[22001]
[2024-08-01_17:36:55.152805][20524] SemiTS::LPRWASWebSocketServerSession: set connection_status to STATUS_CONNECTED: sessionHandleID[9], previous_status:[-1]
[2024-08-01_17:36:55.287714][22832] SemiTS::LPRWASWebSocketServerSession: set connection_status to STATUS_DISCONNECTED: sessionHandleID[8], previous_status:[3], reason[1]
[2024-08-01_17:36:55.287714][22832] SemiTS::LPRWASWebSocketServerSession: server session disconnected: sessionHandleID[8], peerAddress[], localPort[0], reason[1]
[2024-08-01_17:46:50.501534][20524] BnD::B1WebSocketReadWriteImpl: read failed: reason[10054], message[현재 연결은 원격 호스트에 의해 강제로 끊겼습니다]
[2024-08-01_17:46:50.501534][20524] SemiTS::LPRWASWebSocketServerSession: set connection_status to STATUS_DISCONNECTING: sessionHandleID[9], previous_status:[2], reason[10054]
[2024-08-01_17:46:50.819202][20524] SemiTS::WASWebServerSession: set connection_status to STATUS_CONNECTED: sessionHandleID[10], previous_status:[-1]
[2024-08-01_17:46:50.819202][20524] BnD::B1HttpServerSessionManager: session modified: sessionHandleID[10]
[2024-08-01_17:46:50.819202][20524] SemiTS::LPRWASWebSocketServerSession: web socket accepted: peerAddress[127.0.0.1], localPort[22001]
[2024-08-01_17:46:50.819202][20524] SemiTS::LPRWASWebSocketServerSession: set connection_status to STATUS_CONNECTED: sessionHandleID[10], previous_status:[-1]
[2024-08-01_17:46:51.277777][22832] SemiTS::LPRWASWebSocketServerSession: set connection_status to STATUS_DISCONNECTED: sessionHandleID[9], previous_status:[3], reason[10054]
[2024-08-01_17:46:51.277777][22832] SemiTS::LPRWASWebSocketServerSession: server session disconnected: sessionHandleID[9], peerAddress[127.0.0.1], localPort[22001], reason[10054]
[2024-08-01_17:47:06.177447][20524] BnD::B1WebSocketReadWriteImpl: read failed: reason[10054], message[현재 연결은 원격 호스트에 의해 강제로 끊겼습니다]
[2024-08-01_17:47:06.178447][20524] SemiTS::LPRWASWebSocketServerSession: set connection_status to STATUS_DISCONNECTING: sessionHandleID[10], previous_status:[2], reason[10054]
[2024-08-01_17:47:06.437729][22832] SemiTS::LPRWASWebSocketServerSession: set connection_status to STATUS_DISCONNECTED: sessionHandleID[10], previous_status:[3], reason[10054]
[2024-08-01_17:47:06.437729][22832] SemiTS::LPRWASWebSocketServerSession: server session disconnected: sessionHandleID[10], peerAddress[127.0.0.1], localPort[22001], reason[10054]
[2024-08-01_17:47:06.441731][20524] SemiTS::WASWebServerSession: set connection_status to STATUS_CONNECTED: sessionHandleID[0], previous_status:[-1]
[2024-08-01_17:47:06.441731][20524] BnD::B1HttpServerSessionManager: session modified: sessionHandleID[0]
[2024-08-01_17:47:06.441731][20524] SemiTS::LPRWASWebSocketServerSession: web socket accepted: peerAddress[127.0.0.1], localPort[22001]
[2024-08-01_17:47:06.441731][20524] SemiTS::LPRWASWebSocketServerSession: set connection_status to STATUS_CONNECTED: sessionHandleID[0], previous_status:[-1]
[2024-08-01_17:47:55.117599][20524] BnD::B1WebSocketReadWriteImpl: read failed: reason[10053], message[현재 연결은 사용자의 호스트 시스템의 소프트웨어의 의해 중단되었습니다]
[2024-08-01_17:47:55.117599][20524] SemiTS::LPRWASWebSocketServerSession: set connection_status to STATUS_DISCONNECTING: sessionHandleID[0], previous_status:[2], reason[10053]
[2024-08-01_17:47:55.423630][20524] SemiTS::WASWebServerSession: set connection_status to STATUS_CONNECTED: sessionHandleID[1], previous_status:[-1]
[2024-08-01_17:47:55.423630][20524] BnD::B1HttpServerSessionManager: session modified: sessionHandleID[1]
[2024-08-01_17:47:55.423630][20524] SemiTS::LPRWASWebSocketServerSession: web socket accepted: peerAddress[127.0.0.1], localPort[22001]
[2024-08-01_17:47:55.423630][20524] SemiTS::LPRWASWebSocketServerSession: set connection_status to STATUS_CONNECTED: sessionHandleID[1], previous_status:[-1]
[2024-08-01_17:47:55.815519][22832] SemiTS::LPRWASWebSocketServerSession: set connection_status to STATUS_DISCONNECTED: sessionHandleID[0], previous_status:[3], reason[10053]
[2024-08-01_17:47:55.815519][22832] SemiTS::LPRWASWebSocketServerSession: server session disconnected: sessionHandleID[0], peerAddress[127.0.0.1], localPort[22001], reason[10053]
[2024-08-01_17:49:44.824882][20524] BnD::B1WebSocketReadWriteImpl: read failed: reason[10053], message[현재 연결은 사용자의 호스트 시스템의 소프트웨어의 의해 중단되었습니다]
[2024-08-01_17:49:44.824882][20524] SemiTS::LPRWASWebSocketServerSession: set connection_status to STATUS_DISCONNECTING: sessionHandleID[1], previous_status:[2], reason[10053]
[2024-08-01_17:49:45.138507][20524] SemiTS::WASWebServerSession: set connection_status to STATUS_CONNECTED: sessionHandleID[2], previous_status:[-1]
[2024-08-01_17:49:45.138507][20524] BnD::B1HttpServerSessionManager: session modified: sessionHandleID[2]
[2024-08-01_17:49:45.138507][20524] SemiTS::LPRWASWebSocketServerSession: web socket accepted: peerAddress[127.0.0.1], localPort[22001]
[2024-08-01_17:49:45.138507][20524] SemiTS::LPRWASWebSocketServerSession: set connection_status to STATUS_CONNECTED: sessionHandleID[2], previous_status:[-1]
[2024-08-01_17:49:45.625314][22832] SemiTS::LPRWASWebSocketServerSession: set connection_status to STATUS_DISCONNECTED: sessionHandleID[1], previous_status:[3], reason[10053]
[2024-08-01_17:49:45.625314][22832] SemiTS::LPRWASWebSocketServerSession: server session disconnected: sessionHandleID[1], peerAddress[127.0.0.1], localPort[22001], reason[10053]
[2024-08-01_17:50:04.988817][20524] BnD::B1WebSocketReadWriteImpl: read failed: reason[1], message[The WebSocket stream was gracefully closed at both endpoints]
[2024-08-01_17:50:04.988817][20524] SemiTS::LPRWASWebSocketServerSession: set connection_status to STATUS_DISCONNECTING: sessionHandleID[2], previous_status:[2], reason[1]
[2024-08-01_17:50:05.271441][20524] SemiTS::WASWebServerSession: set connection_status to STATUS_CONNECTED: sessionHandleID[3], previous_status:[-1]
[2024-08-01_17:50:05.271441][20524] BnD::B1HttpServerSessionManager: session modified: sessionHandleID[3]
[2024-08-01_17:50:05.271441][20524] SemiTS::LPRWASWebSocketServerSession: web socket accepted: peerAddress[127.0.0.1], localPort[22001]
[2024-08-01_17:50:05.271441][20524] SemiTS::LPRWASWebSocketServerSession: set connection_status to STATUS_CONNECTED: sessionHandleID[3], previous_status:[-1]
[2024-08-01_17:50:05.804841][22832] SemiTS::LPRWASWebSocketServerSession: set connection_status to STATUS_DISCONNECTED: sessionHandleID[2], previous_status:[3], reason[1]
[2024-08-01_17:50:05.804841][22832] SemiTS::LPRWASWebSocketServerSession: server session disconnected: sessionHandleID[2], peerAddress[], localPort[0], reason[1]
[2024-08-01_17:52:37.604549][20524] BnD::B1WebSocketReadWriteImpl: read failed: reason[10053], message[현재 연결은 사용자의 호스트 시스템의 소프트웨어의 의해 중단되었습니다]
[2024-08-01_17:52:37.604549][20524] SemiTS::LPRWASWebSocketServerSession: set connection_status to STATUS_DISCONNECTING: sessionHandleID[3], previous_status:[2], reason[10053]
[2024-08-01_17:52:37.932766][22832] SemiTS::LPRWASWebSocketServerSession: set connection_status to STATUS_DISCONNECTED: sessionHandleID[3], previous_status:[3], reason[10053]
[2024-08-01_17:52:37.932766][22832] SemiTS::LPRWASWebSocketServerSession: server session disconnected: sessionHandleID[3], peerAddress[127.0.0.1], localPort[22001], reason[10053]
[2024-08-01_17:52:37.948390][20524] SemiTS::WASWebServerSession: set connection_status to STATUS_CONNECTED: sessionHandleID[0], previous_status:[-1]
[2024-08-01_17:52:37.948390][20524] BnD::B1HttpServerSessionManager: session modified: sessionHandleID[0]
[2024-08-01_17:52:37.948390][20524] SemiTS::LPRWASWebSocketServerSession: web socket accepted: peerAddress[127.0.0.1], localPort[22001]
[2024-08-01_17:52:37.948390][20524] SemiTS::LPRWASWebSocketServerSession: set connection_status to STATUS_CONNECTED: sessionHandleID[0], previous_status:[-1]
[2024-08-01_17:53:04.157497][20524] BnD::B1WebSocketReadWriteImpl: read failed: reason[10054], message[현재 연결은 원격 호스트에 의해 강제로 끊겼습니다]
[2024-08-01_17:53:04.157497][20524] SemiTS::LPRWASWebSocketServerSession: set connection_status to STATUS_DISCONNECTING: sessionHandleID[0], previous_status:[2], reason[10054]
[2024-08-01_17:53:04.183151][22832] SemiTS::LPRWASWebSocketServerSession: set connection_status to STATUS_DISCONNECTED: sessionHandleID[0], previous_status:[3], reason[10054]
[2024-08-01_17:53:04.183151][22832] SemiTS::LPRWASWebSocketServerSession: server session disconnected: sessionHandleID[0], peerAddress[127.0.0.1], localPort[22001], reason[10054]
[2024-08-01_17:53:04.434346][20524] SemiTS::WASWebServerSession: set connection_status to STATUS_CONNECTED: sessionHandleID[0], previous_status:[-1]
[2024-08-01_17:53:04.434346][20524] BnD::B1HttpServerSessionManager: session modified: sessionHandleID[0]
[2024-08-01_17:53:04.434346][20524] SemiTS::LPRWASWebSocketServerSession: web socket accepted: peerAddress[127.0.0.1], localPort[22001]
[2024-08-01_17:53:04.434346][20524] SemiTS::LPRWASWebSocketServerSession: set connection_status to STATUS_CONNECTED: sessionHandleID[0], previous_status:[-1]
[2024-08-01_17:53:22.199046][20524] BnD::B1WebSocketReadWriteImpl: read failed: reason[10054], message[현재 연결은 원격 호스트에 의해 강제로 끊겼습니다]
[2024-08-01_17:53:22.199046][20524] SemiTS::LPRWASWebSocketServerSession: set connection_status to STATUS_DISCONNECTING: sessionHandleID[0], previous_status:[2], reason[10054]
[2024-08-01_17:53:22.308916][22832] SemiTS::LPRWASWebSocketServerSession: set connection_status to STATUS_DISCONNECTED: sessionHandleID[0], previous_status:[3], reason[10054]
[2024-08-01_17:53:22.308916][22832] SemiTS::LPRWASWebSocketServerSession: server session disconnected: sessionHandleID[0], peerAddress[127.0.0.1], localPort[22001], reason[10054]
[2024-08-01_17:53:22.481594][20524] SemiTS::WASWebServerSession: set connection_status to STATUS_CONNECTED: sessionHandleID[0], previous_status:[-1]
[2024-08-01_17:53:22.481594][20524] BnD::B1HttpServerSessionManager: session modified: sessionHandleID[0]
[2024-08-01_17:53:22.481594][20524] SemiTS::LPRWASWebSocketServerSession: web socket accepted: peerAddress[127.0.0.1], localPort[22001]
[2024-08-01_17:53:22.481594][20524] SemiTS::LPRWASWebSocketServerSession: set connection_status to STATUS_CONNECTED: sessionHandleID[0], previous_status:[-1]
[2024-08-01_17:53:52.059265][20524] BnD::B1WebSocketReadWriteImpl: read failed: reason[10053], message[현재 연결은 사용자의 호스트 시스템의 소프트웨어의 의해 중단되었습니다]
[2024-08-01_17:53:52.059265][20524] SemiTS::LPRWASWebSocketServerSession: set connection_status to STATUS_DISCONNECTING: sessionHandleID[0], previous_status:[2], reason[10053]
[2024-08-01_17:53:52.352205][20524] SemiTS::WASWebServerSession: set connection_status to STATUS_CONNECTED: sessionHandleID[1], previous_status:[-1]
[2024-08-01_17:53:52.352205][20524] BnD::B1HttpServerSessionManager: session modified: sessionHandleID[1]
[2024-08-01_17:53:52.352205][20524] SemiTS::LPRWASWebSocketServerSession: web socket accepted: peerAddress[127.0.0.1], localPort[22001]
[2024-08-01_17:53:52.352205][20524] SemiTS::LPRWASWebSocketServerSession: set connection_status to STATUS_CONNECTED: sessionHandleID[1], previous_status:[-1]
[2024-08-01_17:53:52.582544][22832] SemiTS::LPRWASWebSocketServerSession: set connection_status to STATUS_DISCONNECTED: sessionHandleID[0], previous_status:[3], reason[10053]
[2024-08-01_17:53:52.582544][22832] SemiTS::LPRWASWebSocketServerSession: server session disconnected: sessionHandleID[0], peerAddress[127.0.0.1], localPort[22001], reason[10053]
[2024-08-01_17:54:22.951573][20524] BnD::B1WebSocketReadWriteImpl: read failed: reason[10054], message[현재 연결은 원격 호스트에 의해 강제로 끊겼습니다]
[2024-08-01_17:54:22.951573][20524] SemiTS::LPRWASWebSocketServerSession: set connection_status to STATUS_DISCONNECTING: sessionHandleID[1], previous_status:[2], reason[10054]
[2024-08-01_17:54:23.252191][20524] SemiTS::WASWebServerSession: set connection_status to STATUS_CONNECTED: sessionHandleID[2], previous_status:[-1]
[2024-08-01_17:54:23.252191][20524] BnD::B1HttpServerSessionManager: session modified: sessionHandleID[2]
[2024-08-01_17:54:23.252191][20524] SemiTS::LPRWASWebSocketServerSession: web socket accepted: peerAddress[127.0.0.1], localPort[22001]
[2024-08-01_17:54:23.252191][20524] SemiTS::LPRWASWebSocketServerSession: set connection_status to STATUS_CONNECTED: sessionHandleID[2], previous_status:[-1]
[2024-08-01_17:54:23.824128][22832] SemiTS::LPRWASWebSocketServerSession: set connection_status to STATUS_DISCONNECTED: sessionHandleID[1], previous_status:[3], reason[10054]
[2024-08-01_17:54:23.824128][22832] SemiTS::LPRWASWebSocketServerSession: server session disconnected: sessionHandleID[1], peerAddress[127.0.0.1], localPort[22001], reason[10054]
[2024-08-01_17:56:27.595802][20524] BnD::B1WebSocketReadWriteImpl: read failed: reason[1], message[The WebSocket stream was gracefully closed at both endpoints]
[2024-08-01_17:56:27.595802][20524] SemiTS::LPRWASWebSocketServerSession: set connection_status to STATUS_DISCONNECTING: sessionHandleID[2], previous_status:[2], reason[1]
[2024-08-01_17:56:27.830601][22832] SemiTS::LPRWASWebSocketServerSession: set connection_status to STATUS_DISCONNECTED: sessionHandleID[2], previous_status:[3], reason[1]
[2024-08-01_17:56:27.830601][22832] SemiTS::LPRWASWebSocketServerSession: server session disconnected: sessionHandleID[2], peerAddress[], localPort[0], reason[1]
[2024-08-01_17:56:27.956407][20524] SemiTS::WASWebServerSession: set connection_status to STATUS_CONNECTED: sessionHandleID[0], previous_status:[-1]
[2024-08-01_17:56:27.956407][20524] BnD::B1HttpServerSessionManager: session modified: sessionHandleID[0]
[2024-08-01_17:56:27.956407][20524] SemiTS::LPRWASWebSocketServerSession: web socket accepted: peerAddress[127.0.0.1], localPort[22001]
[2024-08-01_17:56:27.956407][20524] SemiTS::LPRWASWebSocketServerSession: set connection_status to STATUS_CONNECTED: sessionHandleID[0], previous_status:[-1]
[2024-08-01_17:57:02.012995][20524] BnD::B1WebSocketReadWriteImpl: read failed: reason[1], message[The WebSocket stream was gracefully closed at both endpoints]
[2024-08-01_17:57:02.012995][20524] SemiTS::LPRWASWebSocketServerSession: set connection_status to STATUS_DISCONNECTING: sessionHandleID[0], previous_status:[2], reason[1]
[2024-08-01_17:57:02.107173][22832] SemiTS::LPRWASWebSocketServerSession: set connection_status to STATUS_DISCONNECTED: sessionHandleID[0], previous_status:[3], reason[1]
[2024-08-01_17:57:02.107173][22832] SemiTS::LPRWASWebSocketServerSession: server session disconnected: sessionHandleID[0], peerAddress[], localPort[0], reason[1]
[2024-08-01_17:57:02.357968][20524] SemiTS::WASWebServerSession: set connection_status to STATUS_CONNECTED: sessionHandleID[0], previous_status:[-1]
[2024-08-01_17:57:02.357968][20524] BnD::B1HttpServerSessionManager: session modified: sessionHandleID[0]
[2024-08-01_17:57:02.357968][20524] SemiTS::LPRWASWebSocketServerSession: web socket accepted: peerAddress[127.0.0.1], localPort[22001]
[2024-08-01_17:57:02.357968][20524] SemiTS::LPRWASWebSocketServerSession: set connection_status to STATUS_CONNECTED: sessionHandleID[0], previous_status:[-1]
[2024-08-01_17:58:25.799370][20524] BnD::B1WebSocketReadWriteImpl: read failed: reason[1], message[The WebSocket stream was gracefully closed at both endpoints]
[2024-08-01_17:58:25.799370][20524] SemiTS::LPRWASWebSocketServerSession: set connection_status to STATUS_DISCONNECTING: sessionHandleID[0], previous_status:[2], reason[1]
[2024-08-01_17:58:26.109359][20524] SemiTS::WASWebServerSession: set connection_status to STATUS_CONNECTED: sessionHandleID[1], previous_status:[-1]
[2024-08-01_17:58:26.109359][20524] BnD::B1HttpServerSessionManager: session modified: sessionHandleID[1]
[2024-08-01_17:58:26.109359][20524] SemiTS::LPRWASWebSocketServerSession: web socket accepted: peerAddress[127.0.0.1], localPort[22001]
[2024-08-01_17:58:26.109359][20524] SemiTS::LPRWASWebSocketServerSession: set connection_status to STATUS_CONNECTED: sessionHandleID[1], previous_status:[-1]
[2024-08-01_17:58:26.678362][22832] SemiTS::LPRWASWebSocketServerSession: set connection_status to STATUS_DISCONNECTED: sessionHandleID[0], previous_status:[3], reason[1]
[2024-08-01_17:58:26.678362][22832] SemiTS::LPRWASWebSocketServerSession: server session disconnected: sessionHandleID[0], peerAddress[], localPort[0], reason[1]
[2024-08-01_17:59:31.872015][20524] BnD::B1WebSocketReadWriteImpl: read failed: reason[1], message[The WebSocket stream was gracefully closed at both endpoints]
[2024-08-01_17:59:31.872015][20524] SemiTS::LPRWASWebSocketServerSession: set connection_status to STATUS_DISCONNECTING: sessionHandleID[1], previous_status:[2], reason[1]
[2024-08-01_17:59:32.188096][20524] SemiTS::WASWebServerSession: set connection_status to STATUS_CONNECTED: sessionHandleID[2], previous_status:[-1]
[2024-08-01_17:59:32.188096][20524] BnD::B1HttpServerSessionManager: session modified: sessionHandleID[2]
[2024-08-01_17:59:32.188096][20524] SemiTS::LPRWASWebSocketServerSession: web socket accepted: peerAddress[127.0.0.1], localPort[22001]
[2024-08-01_17:59:32.188096][20524] SemiTS::LPRWASWebSocketServerSession: set connection_status to STATUS_CONNECTED: sessionHandleID[2], previous_status:[-1]
[2024-08-01_17:59:32.250998][22832] SemiTS::LPRWASWebSocketServerSession: set connection_status to STATUS_DISCONNECTED: sessionHandleID[1], previous_status:[3], reason[1]
[2024-08-01_17:59:32.250998][22832] SemiTS::LPRWASWebSocketServerSession: server session disconnected: sessionHandleID[1], peerAddress[], localPort[0], reason[1]
