[2024-08-01_18:01:14.722778][20524] BnD::B1WebSocketReadWriteImpl: read failed: reason[10054], message[현재 연결은 원격 호스트에 의해 강제로 끊겼습니다]
[2024-08-01_18:01:14.722778][20524] SemiTS::LPRWASWebSocketServerSession: set connection_status to STATUS_DISCONNECTING: sessionHandleID[2], previous_status:[2], reason[10054]
[2024-08-01_18:01:14.911090][22832] SemiTS::LPRWASWebSocketServerSession: set connection_status to STATUS_DISCONNECTED: sessionHandleID[2], previous_status:[3], reason[10054]
[2024-08-01_18:01:14.911090][22832] SemiTS::LPRWASWebSocketServerSession: server session disconnected: sessionHandleID[2], peerAddress[127.0.0.1], localPort[22001], reason[10054]
[2024-08-01_18:01:15.068145][20524] SemiTS::WASWebServerSession: set connection_status to STATUS_CONNECTED: sessionHandleID[0], previous_status:[-1]
[2024-08-01_18:01:15.068145][20524] BnD::B1HttpServerSessionManager: session modified: sessionHandleID[0]
[2024-08-01_18:01:15.068145][20524] SemiTS::LPRWASWebSocketServerSession: web socket accepted: peerAddress[127.0.0.1], localPort[22001]
[2024-08-01_18:01:15.068145][20524] SemiTS::LPRWASWebSocketServerSession: set connection_status to STATUS_CONNECTED: sessionHandleID[0], previous_status:[-1]
[2024-08-01_18:02:06.186441][20524] BnD::B1WebSocketReadWriteImpl: read failed: reason[10054], message[현재 연결은 원격 호스트에 의해 강제로 끊겼습니다]
[2024-08-01_18:02:06.186441][20524] SemiTS::LPRWASWebSocketServerSession: set connection_status to STATUS_DISCONNECTING: sessionHandleID[0], previous_status:[2], reason[10054]
[2024-08-01_18:02:06.280593][22832] SemiTS::LPRWASWebSocketServerSession: set connection_status to STATUS_DISCONNECTED: sessionHandleID[0], previous_status:[3], reason[10054]
[2024-08-01_18:02:06.280593][22832] SemiTS::LPRWASWebSocketServerSession: server session disconnected: sessionHandleID[0], peerAddress[127.0.0.1], localPort[22001], reason[10054]
[2024-08-01_18:02:06.484513][20524] SemiTS::WASWebServerSession: set connection_status to STATUS_CONNECTED: sessionHandleID[0], previous_status:[-1]
[2024-08-01_18:02:06.484513][20524] BnD::B1HttpServerSessionManager: session modified: sessionHandleID[0]
[2024-08-01_18:02:06.484513][20524] SemiTS::LPRWASWebSocketServerSession: web socket accepted: peerAddress[127.0.0.1], localPort[22001]
[2024-08-01_18:02:06.484513][20524] SemiTS::LPRWASWebSocketServerSession: set connection_status to STATUS_CONNECTED: sessionHandleID[0], previous_status:[-1]
[2024-08-01_18:06:02.147222][20524] BnD::B1WebSocketReadWriteImpl: read failed: reason[1], message[The WebSocket stream was gracefully closed at both endpoints]
[2024-08-01_18:06:02.147222][20524] SemiTS::LPRWASWebSocketServerSession: set connection_status to STATUS_DISCONNECTING: sessionHandleID[0], previous_status:[2], reason[1]
[2024-08-01_18:06:02.493072][20524] SemiTS::WASWebServerSession: set connection_status to STATUS_CONNECTED: sessionHandleID[1], previous_status:[-1]
[2024-08-01_18:06:02.493072][20524] BnD::B1HttpServerSessionManager: session modified: sessionHandleID[1]
[2024-08-01_18:06:02.493072][20524] SemiTS::LPRWASWebSocketServerSession: web socket accepted: peerAddress[127.0.0.1], localPort[22001]
[2024-08-01_18:06:02.493072][20524] SemiTS::LPRWASWebSocketServerSession: set connection_status to STATUS_CONNECTED: sessionHandleID[1], previous_status:[-1]
[2024-08-01_18:06:02.995051][22832] SemiTS::LPRWASWebSocketServerSession: set connection_status to STATUS_DISCONNECTED: sessionHandleID[0], previous_status:[3], reason[1]
[2024-08-01_18:06:02.995051][22832] SemiTS::LPRWASWebSocketServerSession: server session disconnected: sessionHandleID[0], peerAddress[], localPort[0], reason[1]
[2024-08-01_18:20:17.341566][20524] BnD::B1WebSocketReadWriteImpl: read failed: reason[10054], message[현재 연결은 원격 호스트에 의해 강제로 끊겼습니다]
[2024-08-01_18:20:17.341566][20524] SemiTS::LPRWASWebSocketServerSession: set connection_status to STATUS_DISCONNECTING: sessionHandleID[1], previous_status:[2], reason[10054]
[2024-08-01_18:20:18.094631][22832] SemiTS::LPRWASWebSocketServerSession: set connection_status to STATUS_DISCONNECTED: sessionHandleID[1], previous_status:[3], reason[10054]
[2024-08-01_18:20:18.094631][22832] SemiTS::LPRWASWebSocketServerSession: server session disconnected: sessionHandleID[1], peerAddress[127.0.0.1], localPort[22001], reason[10054]
[2024-08-01_18:20:29.928118][24632] SemiTS::WebAssistantServiceMFC: stopping [WebAssistantService_LPR][1001014] version:[1000][20240423]
[2024-08-01_18:20:29.929149][5872] BnD::B1Acceptor: closing acceptor
[2024-08-01_18:20:29.929149][20524] SemiTS::LPRWASWebServer: accept error: peerAddress[], localPort[0], reason[995]
[2024-08-01_18:20:30.036350][5872] BnD::B1Acceptor: acceptor closed
[2024-08-01_18:20:30.271867][5872] BnD::B1RedisDirectClientReadSession: disconnect called: sessionHandleID[1]
[2024-08-01_18:20:30.271867][5872] BnD::B1RedisDirectClientSubscribeSession: disconnect called: sessionHandleID[2]
[2024-08-01_18:20:30.271867][5872] BnD::B1RedisDirectClientWriteSession: disconnect called: sessionHandleID[0]
[2024-08-01_18:20:30.271867][5872] BnD::B1BaseSessionManager: waiting disconnection: sessionHandleID[1]
[2024-08-01_18:20:30.271867][5872] BnD::B1BaseSessionManager: waiting disconnection: sessionHandleID[2]
[2024-08-01_18:20:30.271867][23740] BnD::B1ArrayBufferReadWriteImpl: read failed: reason[995], message[스레드 종료 또는 응용 프로그램 요청 때문에 I/O 작업이 취소되었습니다]
[2024-08-01_18:20:30.271867][25448] BnD::B1ArrayBufferReadWriteImpl: read failed: reason[995], message[스레드 종료 또는 응용 프로그램 요청 때문에 I/O 작업이 취소되었습니다]
[2024-08-01_18:20:30.271867][5872] BnD::B1BaseSessionManager: waiting disconnection: sessionHandleID[0]
[2024-08-01_18:20:30.271867][23740] BnD::B1RedisDirectClientReadSession: set connection_status to STATUS_DISCONNECTING: sessionHandleID[1], previous_status:[2], reason[995]
[2024-08-01_18:20:30.271867][14168] BnD::B1ArrayBufferReadWriteImpl: read failed: reason[995], message[스레드 종료 또는 응용 프로그램 요청 때문에 I/O 작업이 취소되었습니다]
[2024-08-01_18:20:30.271867][25448] BnD::B1RedisDirectClientSubscribeSession: set connection_status to STATUS_DISCONNECTING: sessionHandleID[2], previous_status:[2], reason[995]
[2024-08-01_18:20:30.271867][14168] BnD::B1RedisDirectClientWriteSession: set connection_status to STATUS_DISCONNECTING: sessionHandleID[0], previous_status:[2], reason[995]
[2024-08-01_18:20:31.261565][24632] SemiTS::WebAssistantServiceMFC: stopping [WebAssistantService_LPR][1001014] version:[1000][20240423]
[2024-08-01_18:20:31.277219][5872] BnD::B1RedisDirectClientReadSession: set connection_status to STATUS_DISCONNECTED: sessionHandleID[1], previous_status:[3], reason[995]
[2024-08-01_18:20:31.277219][5872] BnD::B1RedisDirectClientReadSession: session disconnected
[2024-08-01_18:20:31.308962][5872] BnD::B1RedisDirectClientSubscribeSession: set connection_status to STATUS_DISCONNECTED: sessionHandleID[2], previous_status:[3], reason[995]
[2024-08-01_18:20:31.308962][5872] BnD::B1RedisDirectClientSubscribeSession: session disconnected
[2024-08-01_18:20:31.324588][5872] BnD::B1RedisDirectClientWriteSession: set connection_status to STATUS_DISCONNECTED: sessionHandleID[0], previous_status:[3], reason[995]
[2024-08-01_18:20:31.324588][5872] BnD::B1RedisDirectClientWriteSession: session disconnected
[2024-08-01_18:20:31.355859][5872] SemiTS::WebAssistantServiceMFC: [WebAssistantService_LPR][1001014] version:[1000][20240423] stopped
