[2024-08-07_14:00:00.257812][32720] BnD::B1WebSocketReadWriteImpl: read failed: reason[10054], message[현재 연결은 원격 호스트에 의해 강제로 끊겼습니다]
[2024-08-07_14:00:00.257812][32720] SemiTS::LPRWASWebSocketServerSession: set connection_status to STATUS_DISCONNECTING: sessionHandleID[3], previous_status:[2], reason[10054]
[2024-08-07_14:00:00.315291][34360] SemiTS::LPRWASWebSocketServerSession: set connection_status to STATUS_DISCONNECTED: sessionHandleID[3], previous_status:[3], reason[10054]
[2024-08-07_14:00:00.315291][34360] SemiTS::LPRWASWebSocketServerSession: server session disconnected: sessionHandleID[3], peerAddress[127.0.0.1], localPort[22001], reason[10054]
[2024-08-07_14:00:00.534776][32720] SemiTS::WASWebServerSession: set connection_status to STATUS_CONNECTED: sessionHandleID[0], previous_status:[-1]
[2024-08-07_14:00:00.534776][32720] BnD::B1HttpServerSessionManager: session modified: sessionHandleID[0]
[2024-08-07_14:00:00.534776][32720] SemiTS::LPRWASWebSocketServerSession: web socket accepted: peerAddress[127.0.0.1], localPort[22001]
[2024-08-07_14:00:00.534776][32720] SemiTS::LPRWASWebSocketServerSession: set connection_status to STATUS_CONNECTED: sessionHandleID[0], previous_status:[-1]
[2024-08-07_14:00:50.751748][32720] BnD::B1WebSocketReadWriteImpl: read failed: reason[1], message[The WebSocket stream was gracefully closed at both endpoints]
[2024-08-07_14:00:50.751748][32720] SemiTS::LPRWASWebSocketServerSession: set connection_status to STATUS_DISCONNECTING: sessionHandleID[0], previous_status:[2], reason[1]
[2024-08-07_14:00:51.064968][32720] SemiTS::WASWebServerSession: set connection_status to STATUS_CONNECTED: sessionHandleID[1], previous_status:[-1]
[2024-08-07_14:00:51.064968][32720] BnD::B1HttpServerSessionManager: session modified: sessionHandleID[1]
[2024-08-07_14:00:51.064968][32720] SemiTS::LPRWASWebSocketServerSession: web socket accepted: peerAddress[127.0.0.1], localPort[22001]
[2024-08-07_14:00:51.064968][32720] SemiTS::LPRWASWebSocketServerSession: set connection_status to STATUS_CONNECTED: sessionHandleID[1], previous_status:[-1]
[2024-08-07_14:00:51.703874][34360] SemiTS::LPRWASWebSocketServerSession: set connection_status to STATUS_DISCONNECTED: sessionHandleID[0], previous_status:[3], reason[1]
[2024-08-07_14:00:51.703874][34360] SemiTS::LPRWASWebSocketServerSession: server session disconnected: sessionHandleID[0], peerAddress[], localPort[0], reason[1]
[2024-08-07_14:01:47.176668][32720] BnD::B1WebSocketReadWriteImpl: read failed: reason[10053], message[현재 연결은 사용자의 호스트 시스템의 소프트웨어의 의해 중단되었습니다]
[2024-08-07_14:01:47.176668][32720] SemiTS::LPRWASWebSocketServerSession: set connection_status to STATUS_DISCONNECTING: sessionHandleID[1], previous_status:[2], reason[10053]
[2024-08-07_14:01:47.198306][34360] SemiTS::LPRWASWebSocketServerSession: set connection_status to STATUS_DISCONNECTED: sessionHandleID[1], previous_status:[3], reason[10053]
[2024-08-07_14:01:47.198306][34360] SemiTS::LPRWASWebSocketServerSession: server session disconnected: sessionHandleID[1], peerAddress[127.0.0.1], localPort[22001], reason[10053]
[2024-08-07_14:01:47.464718][32720] SemiTS::WASWebServerSession: set connection_status to STATUS_CONNECTED: sessionHandleID[0], previous_status:[-1]
[2024-08-07_14:01:47.477224][32720] BnD::B1HttpServerSessionManager: session modified: sessionHandleID[0]
[2024-08-07_14:01:47.477224][32720] SemiTS::LPRWASWebSocketServerSession: web socket accepted: peerAddress[127.0.0.1], localPort[22001]
[2024-08-07_14:01:47.477224][32720] SemiTS::LPRWASWebSocketServerSession: set connection_status to STATUS_CONNECTED: sessionHandleID[0], previous_status:[-1]
[2024-08-07_14:02:49.207395][32720] BnD::B1WebSocketReadWriteImpl: read failed: reason[10053], message[현재 연결은 사용자의 호스트 시스템의 소프트웨어의 의해 중단되었습니다]
[2024-08-07_14:02:49.207395][32720] SemiTS::LPRWASWebSocketServerSession: set connection_status to STATUS_DISCONNECTING: sessionHandleID[0], previous_status:[2], reason[10053]
[2024-08-07_14:02:49.522314][32720] SemiTS::WASWebServerSession: set connection_status to STATUS_CONNECTED: sessionHandleID[1], previous_status:[-1]
[2024-08-07_14:02:49.522314][32720] BnD::B1HttpServerSessionManager: session modified: sessionHandleID[1]
[2024-08-07_14:02:49.522314][32720] SemiTS::LPRWASWebSocketServerSession: web socket accepted: peerAddress[127.0.0.1], localPort[22001]
[2024-08-07_14:02:49.522314][32720] SemiTS::LPRWASWebSocketServerSession: set connection_status to STATUS_CONNECTED: sessionHandleID[1], previous_status:[-1]
[2024-08-07_14:02:49.695953][34360] SemiTS::LPRWASWebSocketServerSession: set connection_status to STATUS_DISCONNECTED: sessionHandleID[0], previous_status:[3], reason[10053]
[2024-08-07_14:02:49.695953][34360] SemiTS::LPRWASWebSocketServerSession: server session disconnected: sessionHandleID[0], peerAddress[127.0.0.1], localPort[22001], reason[10053]
[2024-08-07_14:03:11.259146][32720] BnD::B1WebSocketReadWriteImpl: read failed: reason[10054], message[현재 연결은 원격 호스트에 의해 강제로 끊겼습니다]
[2024-08-07_14:03:11.259146][32720] SemiTS::LPRWASWebSocketServerSession: set connection_status to STATUS_DISCONNECTING: sessionHandleID[1], previous_status:[2], reason[10054]
[2024-08-07_14:03:11.541614][32720] SemiTS::WASWebServerSession: set connection_status to STATUS_CONNECTED: sessionHandleID[2], previous_status:[-1]
[2024-08-07_14:03:11.541614][32720] BnD::B1HttpServerSessionManager: session modified: sessionHandleID[2]
[2024-08-07_14:03:11.541614][32720] SemiTS::LPRWASWebSocketServerSession: web socket accepted: peerAddress[127.0.0.1], localPort[22001]
[2024-08-07_14:03:11.541614][32720] SemiTS::LPRWASWebSocketServerSession: set connection_status to STATUS_CONNECTED: sessionHandleID[2], previous_status:[-1]
[2024-08-07_14:03:11.868820][34360] SemiTS::LPRWASWebSocketServerSession: set connection_status to STATUS_DISCONNECTED: sessionHandleID[1], previous_status:[3], reason[10054]
[2024-08-07_14:03:11.868820][34360] SemiTS::LPRWASWebSocketServerSession: server session disconnected: sessionHandleID[1], peerAddress[127.0.0.1], localPort[22001], reason[10054]
[2024-08-07_14:04:27.353846][32720] BnD::B1WebSocketReadWriteImpl: read failed: reason[10053], message[현재 연결은 사용자의 호스트 시스템의 소프트웨어의 의해 중단되었습니다]
[2024-08-07_14:04:27.353846][32720] SemiTS::LPRWASWebSocketServerSession: set connection_status to STATUS_DISCONNECTING: sessionHandleID[2], previous_status:[2], reason[10053]
[2024-08-07_14:04:27.454442][34360] SemiTS::LPRWASWebSocketServerSession: set connection_status to STATUS_DISCONNECTED: sessionHandleID[2], previous_status:[3], reason[10053]
[2024-08-07_14:04:27.454442][34360] SemiTS::LPRWASWebSocketServerSession: server session disconnected: sessionHandleID[2], peerAddress[127.0.0.1], localPort[22001], reason[10053]
[2024-08-07_14:04:27.649513][32720] SemiTS::WASWebServerSession: set connection_status to STATUS_CONNECTED: sessionHandleID[0], previous_status:[-1]
[2024-08-07_14:04:27.649513][32720] BnD::B1HttpServerSessionManager: session modified: sessionHandleID[0]
[2024-08-07_14:04:27.649513][32720] SemiTS::LPRWASWebSocketServerSession: web socket accepted: peerAddress[127.0.0.1], localPort[22001]
[2024-08-07_14:04:27.649513][32720] SemiTS::LPRWASWebSocketServerSession: set connection_status to STATUS_CONNECTED: sessionHandleID[0], previous_status:[-1]
[2024-08-07_14:07:57.097839][32720] BnD::B1WebSocketReadWriteImpl: read failed: reason[10053], message[현재 연결은 사용자의 호스트 시스템의 소프트웨어의 의해 중단되었습니다]
[2024-08-07_14:07:57.097839][32720] SemiTS::LPRWASWebSocketServerSession: set connection_status to STATUS_DISCONNECTING: sessionHandleID[0], previous_status:[2], reason[10053]
[2024-08-07_14:07:57.420852][32720] SemiTS::WASWebServerSession: set connection_status to STATUS_CONNECTED: sessionHandleID[1], previous_status:[-1]
[2024-08-07_14:07:57.420852][32720] BnD::B1HttpServerSessionManager: session modified: sessionHandleID[1]
[2024-08-07_14:07:57.420852][32720] SemiTS::LPRWASWebSocketServerSession: web socket accepted: peerAddress[127.0.0.1], localPort[22001]
[2024-08-07_14:07:57.420852][32720] SemiTS::LPRWASWebSocketServerSession: set connection_status to STATUS_CONNECTED: sessionHandleID[1], previous_status:[-1]
[2024-08-07_14:07:57.787780][34360] SemiTS::LPRWASWebSocketServerSession: set connection_status to STATUS_DISCONNECTED: sessionHandleID[0], previous_status:[3], reason[10053]
[2024-08-07_14:07:57.787780][34360] SemiTS::LPRWASWebSocketServerSession: server session disconnected: sessionHandleID[0], peerAddress[127.0.0.1], localPort[22001], reason[10053]
[2024-08-07_14:08:25.173986][32720] BnD::B1WebSocketReadWriteImpl: read failed: reason[10053], message[현재 연결은 사용자의 호스트 시스템의 소프트웨어의 의해 중단되었습니다]
[2024-08-07_14:08:25.173986][32720] SemiTS::LPRWASWebSocketServerSession: set connection_status to STATUS_DISCONNECTING: sessionHandleID[1], previous_status:[2], reason[10053]
[2024-08-07_14:08:25.456433][32720] SemiTS::WASWebServerSession: set connection_status to STATUS_CONNECTED: sessionHandleID[2], previous_status:[-1]
[2024-08-07_14:08:25.456433][32720] BnD::B1HttpServerSessionManager: session modified: sessionHandleID[2]
[2024-08-07_14:08:25.456433][32720] SemiTS::LPRWASWebSocketServerSession: web socket accepted: peerAddress[127.0.0.1], localPort[22001]
[2024-08-07_14:08:25.456433][32720] SemiTS::LPRWASWebSocketServerSession: set connection_status to STATUS_CONNECTED: sessionHandleID[2], previous_status:[-1]
[2024-08-07_14:08:26.076706][34360] SemiTS::LPRWASWebSocketServerSession: set connection_status to STATUS_DISCONNECTED: sessionHandleID[1], previous_status:[3], reason[10053]
[2024-08-07_14:08:26.076706][34360] SemiTS::LPRWASWebSocketServerSession: server session disconnected: sessionHandleID[1], peerAddress[127.0.0.1], localPort[22001], reason[10053]
[2024-08-07_14:09:32.253585][32720] BnD::B1WebSocketReadWriteImpl: read failed: reason[1], message[The WebSocket stream was gracefully closed at both endpoints]
[2024-08-07_14:09:32.253585][32720] SemiTS::LPRWASWebSocketServerSession: set connection_status to STATUS_DISCONNECTING: sessionHandleID[2], previous_status:[2], reason[1]
[2024-08-07_14:09:32.570636][32720] SemiTS::WASWebServerSession: set connection_status to STATUS_CONNECTED: sessionHandleID[3], previous_status:[-1]
[2024-08-07_14:09:32.570636][32720] BnD::B1HttpServerSessionManager: session modified: sessionHandleID[3]
[2024-08-07_14:09:32.570636][32720] SemiTS::LPRWASWebSocketServerSession: web socket accepted: peerAddress[127.0.0.1], localPort[22001]
[2024-08-07_14:09:32.570636][32720] SemiTS::LPRWASWebSocketServerSession: set connection_status to STATUS_CONNECTED: sessionHandleID[3], previous_status:[-1]
[2024-08-07_14:09:32.629556][34360] SemiTS::LPRWASWebSocketServerSession: set connection_status to STATUS_DISCONNECTED: sessionHandleID[2], previous_status:[3], reason[1]
[2024-08-07_14:09:32.629556][34360] SemiTS::LPRWASWebSocketServerSession: server session disconnected: sessionHandleID[2], peerAddress[], localPort[0], reason[1]
[2024-08-07_14:21:46.984746][8452] BnD::B1RedisDirectClientReadSession: waiting data timed_out
[2024-08-07_14:21:46.984746][8452] BnD::B1RedisDirectClientReadSession: disconnect called: sessionHandleID[1]
[2024-08-07_14:21:46.984746][36416] BnD::B1ArrayBufferReadWriteImpl: read failed: reason[995], message[스레드 종료 또는 응용 프로그램 요청 때문에 I/O 작업이 취소되었습니다]
[2024-08-07_14:21:46.984746][36416] BnD::B1RedisDirectClientReadSession: set connection_status to STATUS_DISCONNECTING: sessionHandleID[1], previous_status:[2], reason[995]
[2024-08-07_14:21:47.188710][8452] BnD::B1RedisDirectClientReadSession: set connection_status to STATUS_DISCONNECTED: sessionHandleID[1], previous_status:[3], reason[995]
[2024-08-07_14:21:47.188710][8452] BnD::B1RedisDirectClientReadSession: session disconnected
[2024-08-07_14:21:47.391711][8452] BnD::B1RedisDirectClientReadSession: set connection_status to STATUS_CONNECTING: sessionHandleID[1], previous_status:[0]
[2024-08-07_14:21:47.391711][8452] BnD::B1ClientSocket: connecting: address[20.20.0.152], port[9379]
[2024-08-07_14:21:48.223002][8452] BnD::B1RedisDirectClientWriteSession: alive check failed -> client force to disconnect: aliveCheckCount[3], maxAliveCount[2]
[2024-08-07_14:21:48.223002][8452] BnD::B1RedisDirectClientWriteSession: disconnect called: sessionHandleID[0]
[2024-08-07_14:21:48.223002][37876] BnD::B1ArrayBufferReadWriteImpl: read failed: reason[995], message[스레드 종료 또는 응용 프로그램 요청 때문에 I/O 작업이 취소되었습니다]
[2024-08-07_14:21:48.223002][37876] BnD::B1RedisDirectClientWriteSession: set connection_status to STATUS_DISCONNECTING: sessionHandleID[0], previous_status:[2], reason[995]
[2024-08-07_14:21:48.428028][8452] BnD::B1RedisDirectClientWriteSession: set connection_status to STATUS_DISCONNECTED: sessionHandleID[0], previous_status:[3], reason[995]
[2024-08-07_14:21:48.428028][8452] BnD::B1RedisDirectClientWriteSession: session disconnected
[2024-08-07_14:21:48.632646][8452] BnD::B1RedisDirectClientWriteSession: set connection_status to STATUS_CONNECTING: sessionHandleID[0], previous_status:[0]
[2024-08-07_14:21:48.632646][8452] BnD::B1ClientSocket: connecting: address[20.20.0.152], port[9379]
[2024-08-07_14:21:49.069652][8452] BnD::B1RedisDirectClientSubscribeSession: alive check failed -> client force to disconnect: aliveCheckCount[3], maxAliveCount[2]
[2024-08-07_14:21:49.069652][8452] BnD::B1RedisDirectClientSubscribeSession: disconnect called: sessionHandleID[2]
[2024-08-07_14:21:49.069652][26216] BnD::B1ArrayBufferReadWriteImpl: read failed: reason[995], message[스레드 종료 또는 응용 프로그램 요청 때문에 I/O 작업이 취소되었습니다]
[2024-08-07_14:21:49.069652][26216] BnD::B1RedisDirectClientSubscribeSession: set connection_status to STATUS_DISCONNECTING: sessionHandleID[2], previous_status:[2], reason[995]
[2024-08-07_14:21:49.273811][8452] BnD::B1RedisDirectClientSubscribeSession: set connection_status to STATUS_DISCONNECTED: sessionHandleID[2], previous_status:[3], reason[995]
[2024-08-07_14:21:49.273811][8452] BnD::B1RedisDirectClientSubscribeSession: session disconnected
[2024-08-07_14:21:49.476877][8452] BnD::B1RedisDirectClientSubscribeSession: set connection_status to STATUS_CONNECTING: sessionHandleID[2], previous_status:[0]
[2024-08-07_14:21:49.476877][8452] BnD::B1ClientSocket: connecting: address[20.20.0.152], port[9379]
[2024-08-07_14:22:08.451168][27972] BnD::B1RedisDirectClientReadSession: set connection_status to STATUS_DISCONNECTING: sessionHandleID[1], previous_status:[1], reason[10060]
[2024-08-07_14:22:08.466929][8452] BnD::B1RedisDirectClientReadSession: set connection_status to STATUS_DISCONNECTED: sessionHandleID[1], previous_status:[3], reason[10060]
[2024-08-07_14:22:08.671375][8452] BnD::B1RedisDirectClientReadSession: set connection_status to STATUS_CONNECTING: sessionHandleID[1], previous_status:[0]
[2024-08-07_14:22:08.671375][8452] BnD::B1ClientSocket: connecting: address[20.20.0.152], port[9379]
[2024-08-07_14:22:09.720530][36320] BnD::B1RedisDirectClientWriteSession: set connection_status to STATUS_DISCONNECTING: sessionHandleID[0], previous_status:[1], reason[10060]
[2024-08-07_14:22:09.924756][8452] BnD::B1RedisDirectClientWriteSession: set connection_status to STATUS_DISCONNECTED: sessionHandleID[0], previous_status:[3], reason[10060]
[2024-08-07_14:22:10.128074][8452] BnD::B1RedisDirectClientWriteSession: set connection_status to STATUS_CONNECTING: sessionHandleID[0], previous_status:[0]
[2024-08-07_14:22:10.128074][8452] BnD::B1ClientSocket: connecting: address[20.20.0.152], port[9379]
[2024-08-07_14:22:10.521785][10200] BnD::B1RedisDirectClientSubscribeSession: set connection_status to STATUS_DISCONNECTING: sessionHandleID[2], previous_status:[1], reason[10060]
[2024-08-07_14:22:10.567385][8452] BnD::B1RedisDirectClientSubscribeSession: set connection_status to STATUS_DISCONNECTED: sessionHandleID[2], previous_status:[3], reason[10060]
[2024-08-07_14:22:10.771762][8452] BnD::B1RedisDirectClientSubscribeSession: set connection_status to STATUS_CONNECTING: sessionHandleID[2], previous_status:[0]
[2024-08-07_14:22:10.771762][8452] BnD::B1ClientSocket: connecting: address[20.20.0.152], port[9379]
[2024-08-07_14:22:29.713601][35116] BnD::B1RedisDirectClientReadSession: set connection_status to STATUS_DISCONNECTING: sessionHandleID[1], previous_status:[1], reason[10060]
[2024-08-07_14:22:29.808018][8452] BnD::B1RedisDirectClientReadSession: set connection_status to STATUS_DISCONNECTED: sessionHandleID[1], previous_status:[3], reason[10060]
[2024-08-07_14:22:30.012201][8452] BnD::B1RedisDirectClientReadSession: set connection_status to STATUS_CONNECTING: sessionHandleID[1], previous_status:[0]
[2024-08-07_14:22:30.012201][8452] BnD::B1ClientSocket: connecting: address[20.20.0.152], port[9379]
[2024-08-07_14:22:31.189538][26276] BnD::B1RedisDirectClientWriteSession: set connection_status to STATUS_DISCONNECTING: sessionHandleID[0], previous_status:[1], reason[10060]
[2024-08-07_14:22:31.248953][8452] BnD::B1RedisDirectClientWriteSession: set connection_status to STATUS_DISCONNECTED: sessionHandleID[0], previous_status:[3], reason[10060]
[2024-08-07_14:22:31.453399][8452] BnD::B1RedisDirectClientWriteSession: set connection_status to STATUS_CONNECTING: sessionHandleID[0], previous_status:[0]
[2024-08-07_14:22:31.453399][8452] BnD::B1ClientSocket: connecting: address[20.20.0.152], port[9379]
[2024-08-07_14:22:31.830046][18580] BnD::B1RedisDirectClientSubscribeSession: set connection_status to STATUS_DISCONNECTING: sessionHandleID[2], previous_status:[1], reason[10060]
[2024-08-07_14:22:31.876923][8452] BnD::B1RedisDirectClientSubscribeSession: set connection_status to STATUS_DISCONNECTED: sessionHandleID[2], previous_status:[3], reason[10060]
[2024-08-07_14:22:32.083688][8452] BnD::B1RedisDirectClientSubscribeSession: set connection_status to STATUS_CONNECTING: sessionHandleID[2], previous_status:[0]
[2024-08-07_14:22:32.083688][8452] BnD::B1ClientSocket: connecting: address[20.20.0.152], port[9379]
[2024-08-07_14:22:51.054553][37256] BnD::B1RedisDirectClientReadSession: set connection_status to STATUS_DISCONNECTING: sessionHandleID[1], previous_status:[1], reason[10060]
[2024-08-07_14:22:51.227482][8452] BnD::B1RedisDirectClientReadSession: set connection_status to STATUS_DISCONNECTED: sessionHandleID[1], previous_status:[3], reason[10060]
[2024-08-07_14:22:51.430235][8452] BnD::B1RedisDirectClientReadSession: set connection_status to STATUS_CONNECTING: sessionHandleID[1], previous_status:[0]
[2024-08-07_14:22:51.430235][8452] BnD::B1ClientSocket: connecting: address[20.20.0.152], port[9379]
[2024-08-07_14:22:52.512289][32972] BnD::B1RedisDirectClientWriteSession: set connection_status to STATUS_DISCONNECTING: sessionHandleID[0], previous_status:[1], reason[10060]
[2024-08-07_14:22:52.669308][8452] BnD::B1RedisDirectClientWriteSession: set connection_status to STATUS_DISCONNECTED: sessionHandleID[0], previous_status:[3], reason[10060]
[2024-08-07_14:22:52.873503][8452] BnD::B1RedisDirectClientWriteSession: set connection_status to STATUS_CONNECTING: sessionHandleID[0], previous_status:[0]
[2024-08-07_14:22:52.873503][8452] BnD::B1ClientSocket: connecting: address[20.20.0.152], port[9379]
[2024-08-07_14:22:53.139546][33524] BnD::B1RedisDirectClientSubscribeSession: set connection_status to STATUS_DISCONNECTING: sessionHandleID[2], previous_status:[1], reason[10060]
[2024-08-07_14:22:53.296436][8452] BnD::B1RedisDirectClientSubscribeSession: set connection_status to STATUS_DISCONNECTED: sessionHandleID[2], previous_status:[3], reason[10060]
[2024-08-07_14:22:53.499295][8452] BnD::B1RedisDirectClientSubscribeSession: set connection_status to STATUS_CONNECTING: sessionHandleID[2], previous_status:[0]
[2024-08-07_14:22:53.499295][8452] BnD::B1ClientSocket: connecting: address[20.20.0.152], port[9379]
[2024-08-07_14:23:09.297592][30264] BnD::B1RedisDirectClientSubscribeSession: session connected -> clear buffer
[2024-08-07_14:23:09.297592][30264] BnD::B1RedisDirectClientSubscribeSession: set connection_status to STATUS_CONNECTED: sessionHandleID[2], previous_status:[1]
[2024-08-07_14:23:09.454266][8452] BnD::B1RedisDirectClientSubscribeSession: selecting redis db: db[0]
[2024-08-07_14:23:12.485269][35740] BnD::B1RedisDirectClientReadSession: set connection_status to STATUS_DISCONNECTING: sessionHandleID[1], previous_status:[1], reason[10060]
[2024-08-07_14:23:12.516563][8452] BnD::B1RedisDirectClientReadSession: set connection_status to STATUS_DISCONNECTED: sessionHandleID[1], previous_status:[3], reason[10060]
[2024-08-07_14:23:12.720515][8452] BnD::B1RedisDirectClientReadSession: set connection_status to STATUS_CONNECTING: sessionHandleID[1], previous_status:[0]
[2024-08-07_14:23:12.720515][8452] BnD::B1ClientSocket: connecting: address[20.20.0.152], port[9379]
[2024-08-07_14:23:12.736142][26712] BnD::B1RedisDirectClientReadSession: session connected -> clear buffer
[2024-08-07_14:23:12.736142][26712] BnD::B1RedisDirectClientReadSession: set connection_status to STATUS_CONNECTED: sessionHandleID[1], previous_status:[1]
[2024-08-07_14:23:12.940265][8452] BnD::B1RedisDirectClientReadSession: selecting redis db: db[0]
[2024-08-07_14:23:12.940265][26712] BnD::B1RedisDirectClientReadSession: redis db selected
[2024-08-07_14:23:13.930264][29844] BnD::B1RedisDirectClientWriteSession: set connection_status to STATUS_DISCONNECTING: sessionHandleID[0], previous_status:[1], reason[10060]
[2024-08-07_14:23:13.961536][8452] BnD::B1RedisDirectClientWriteSession: set connection_status to STATUS_DISCONNECTED: sessionHandleID[0], previous_status:[3], reason[10060]
[2024-08-07_14:23:14.169014][8452] BnD::B1RedisDirectClientWriteSession: set connection_status to STATUS_CONNECTING: sessionHandleID[0], previous_status:[0]
[2024-08-07_14:23:14.169014][8452] BnD::B1ClientSocket: connecting: address[20.20.0.152], port[9379]
[2024-08-07_14:23:14.185053][35964] BnD::B1RedisDirectClientWriteSession: session connected -> clear buffer
[2024-08-07_14:23:14.185053][35964] BnD::B1RedisDirectClientWriteSession: set connection_status to STATUS_CONNECTED: sessionHandleID[0], previous_status:[1]
[2024-08-07_14:23:14.399334][8452] BnD::B1RedisDirectClientWriteSession: selecting redis db: db[0]
[2024-08-07_14:24:43.859585][8452] BnD::B1RedisDirectClientReadSession: waiting data timed_out
[2024-08-07_14:24:43.859585][8452] BnD::B1RedisDirectClientReadSession: disconnect called: sessionHandleID[1]
[2024-08-07_14:24:43.859585][26712] BnD::B1ArrayBufferReadWriteImpl: read failed: reason[995], message[스레드 종료 또는 응용 프로그램 요청 때문에 I/O 작업이 취소되었습니다]
[2024-08-07_14:24:43.859585][26712] BnD::B1RedisDirectClientReadSession: set connection_status to STATUS_DISCONNECTING: sessionHandleID[1], previous_status:[2], reason[995]
[2024-08-07_14:24:44.063734][8452] BnD::B1RedisDirectClientReadSession: set connection_status to STATUS_DISCONNECTED: sessionHandleID[1], previous_status:[3], reason[995]
[2024-08-07_14:24:44.063734][8452] BnD::B1RedisDirectClientReadSession: session disconnected
[2024-08-07_14:24:44.268067][8452] BnD::B1RedisDirectClientReadSession: set connection_status to STATUS_CONNECTING: sessionHandleID[1], previous_status:[0]
[2024-08-07_14:24:44.268067][8452] BnD::B1ClientSocket: connecting: address[20.20.0.152], port[9379]
[2024-08-07_14:24:44.895837][8452] BnD::B1RedisDirectClientSubscribeSession: alive check failed -> client force to disconnect: aliveCheckCount[3], maxAliveCount[2]
[2024-08-07_14:24:44.895837][8452] BnD::B1RedisDirectClientSubscribeSession: disconnect called: sessionHandleID[2]
[2024-08-07_14:24:44.895837][30264] BnD::B1ArrayBufferReadWriteImpl: read failed: reason[995], message[스레드 종료 또는 응용 프로그램 요청 때문에 I/O 작업이 취소되었습니다]
[2024-08-07_14:24:44.895837][30264] BnD::B1RedisDirectClientSubscribeSession: set connection_status to STATUS_DISCONNECTING: sessionHandleID[2], previous_status:[2], reason[995]
[2024-08-07_14:24:45.098722][8452] BnD::B1RedisDirectClientWriteSession: alive check failed -> client force to disconnect: aliveCheckCount[3], maxAliveCount[2]
[2024-08-07_14:24:45.098722][8452] BnD::B1RedisDirectClientWriteSession: disconnect called: sessionHandleID[0]
[2024-08-07_14:24:45.098722][8452] BnD::B1RedisDirectClientSubscribeSession: set connection_status to STATUS_DISCONNECTED: sessionHandleID[2], previous_status:[3], reason[995]
[2024-08-07_14:24:45.098722][8452] BnD::B1RedisDirectClientSubscribeSession: session disconnected
[2024-08-07_14:24:45.098722][35964] BnD::B1ArrayBufferReadWriteImpl: read failed: reason[995], message[스레드 종료 또는 응용 프로그램 요청 때문에 I/O 작업이 취소되었습니다]
[2024-08-07_14:24:45.098722][35964] BnD::B1RedisDirectClientWriteSession: set connection_status to STATUS_DISCONNECTING: sessionHandleID[0], previous_status:[2], reason[995]
[2024-08-07_14:24:45.303528][8452] BnD::B1RedisDirectClientWriteSession: set connection_status to STATUS_DISCONNECTED: sessionHandleID[0], previous_status:[3], reason[995]
[2024-08-07_14:24:45.303528][8452] BnD::B1RedisDirectClientWriteSession: session disconnected
[2024-08-07_14:24:45.303528][8452] BnD::B1RedisDirectClientSubscribeSession: set connection_status to STATUS_CONNECTING: sessionHandleID[2], previous_status:[0]
[2024-08-07_14:24:45.303528][8452] BnD::B1ClientSocket: connecting: address[20.20.0.152], port[9379]
[2024-08-07_14:24:45.539505][8452] BnD::B1RedisDirectClientWriteSession: set connection_status to STATUS_CONNECTING: sessionHandleID[0], previous_status:[0]
[2024-08-07_14:24:45.539505][8452] BnD::B1ClientSocket: connecting: address[20.20.0.152], port[9379]
[2024-08-07_14:25:05.314916][33824] BnD::B1RedisDirectClientReadSession: set connection_status to STATUS_DISCONNECTING: sessionHandleID[1], previous_status:[1], reason[10060]
[2024-08-07_14:25:05.362369][8452] BnD::B1RedisDirectClientReadSession: set connection_status to STATUS_DISCONNECTED: sessionHandleID[1], previous_status:[3], reason[10060]
[2024-08-07_14:25:05.566630][8452] BnD::B1RedisDirectClientReadSession: set connection_status to STATUS_CONNECTING: sessionHandleID[1], previous_status:[0]
[2024-08-07_14:25:05.566630][8452] BnD::B1ClientSocket: connecting: address[20.20.0.152], port[9379]
[2024-08-07_14:25:06.383355][31664] BnD::B1RedisDirectClientSubscribeSession: set connection_status to STATUS_DISCONNECTING: sessionHandleID[2], previous_status:[1], reason[10060]
[2024-08-07_14:25:06.414579][8452] BnD::B1RedisDirectClientSubscribeSession: set connection_status to STATUS_DISCONNECTED: sessionHandleID[2], previous_status:[3], reason[10060]
[2024-08-07_14:25:06.587590][22288] BnD::B1RedisDirectClientWriteSession: set connection_status to STATUS_DISCONNECTING: sessionHandleID[0], previous_status:[1], reason[10060]
[2024-08-07_14:25:06.618920][8452] BnD::B1RedisDirectClientWriteSession: set connection_status to STATUS_DISCONNECTED: sessionHandleID[0], previous_status:[3], reason[10060]
[2024-08-07_14:25:06.619030][8452] BnD::B1RedisDirectClientSubscribeSession: set connection_status to STATUS_CONNECTING: sessionHandleID[2], previous_status:[0]
[2024-08-07_14:25:06.619030][8452] BnD::B1ClientSocket: connecting: address[20.20.0.152], port[9379]
[2024-08-07_14:25:06.839281][8452] BnD::B1RedisDirectClientWriteSession: set connection_status to STATUS_CONNECTING: sessionHandleID[0], previous_status:[0]
[2024-08-07_14:25:06.839281][8452] BnD::B1ClientSocket: connecting: address[20.20.0.152], port[9379]
[2024-08-07_14:25:20.623306][28384] BnD::B1RedisDirectClientReadSession: session connected -> clear buffer
[2024-08-07_14:25:20.623306][28384] BnD::B1RedisDirectClientReadSession: set connection_status to STATUS_CONNECTED: sessionHandleID[1], previous_status:[1]
[2024-08-07_14:25:20.765663][8452] BnD::B1RedisDirectClientReadSession: selecting redis db: db[0]
[2024-08-07_14:25:20.765663][28384] BnD::B1RedisDirectClientReadSession: redis db selected
[2024-08-07_14:25:21.660501][7464] BnD::B1RedisDirectClientSubscribeSession: session connected -> clear buffer
[2024-08-07_14:25:21.660501][7464] BnD::B1RedisDirectClientSubscribeSession: set connection_status to STATUS_CONNECTED: sessionHandleID[2], previous_status:[1]
[2024-08-07_14:25:21.785459][8452] BnD::B1RedisDirectClientSubscribeSession: selecting redis db: db[0]
[2024-08-07_14:25:21.895318][1976] BnD::B1RedisDirectClientWriteSession: session connected -> clear buffer
[2024-08-07_14:25:21.895318][1976] BnD::B1RedisDirectClientWriteSession: set connection_status to STATUS_CONNECTED: sessionHandleID[0], previous_status:[1]
[2024-08-07_14:25:21.989363][8452] BnD::B1RedisDirectClientWriteSession: selecting redis db: db[0]
[2024-08-07_14:36:45.881389][32720] BnD::B1WebSocketReadWriteImpl: read failed: reason[10054], message[현재 연결은 원격 호스트에 의해 강제로 끊겼습니다]
[2024-08-07_14:36:45.881389][32720] SemiTS::LPRWASWebSocketServerSession: set connection_status to STATUS_DISCONNECTING: sessionHandleID[3], previous_status:[2], reason[10054]
[2024-08-07_14:36:46.178239][32720] SemiTS::WASWebServerSession: set connection_status to STATUS_CONNECTED: sessionHandleID[4], previous_status:[-1]
[2024-08-07_14:36:46.178239][32720] BnD::B1HttpServerSessionManager: session modified: sessionHandleID[4]
[2024-08-07_14:36:46.178239][32720] SemiTS::LPRWASWebSocketServerSession: web socket accepted: peerAddress[127.0.0.1], localPort[22001]
[2024-08-07_14:36:46.178239][32720] SemiTS::LPRWASWebSocketServerSession: set connection_status to STATUS_CONNECTED: sessionHandleID[4], previous_status:[-1]
[2024-08-07_14:36:46.394974][34360] SemiTS::LPRWASWebSocketServerSession: set connection_status to STATUS_DISCONNECTED: sessionHandleID[3], previous_status:[3], reason[10054]
[2024-08-07_14:36:46.394974][34360] SemiTS::LPRWASWebSocketServerSession: server session disconnected: sessionHandleID[3], peerAddress[127.0.0.1], localPort[22001], reason[10054]
[2024-08-07_14:40:48.118434][32720] BnD::B1WebSocketReadWriteImpl: read failed: reason[10053], message[현재 연결은 사용자의 호스트 시스템의 소프트웨어의 의해 중단되었습니다]
[2024-08-07_14:40:48.118434][32720] SemiTS::LPRWASWebSocketServerSession: set connection_status to STATUS_DISCONNECTING: sessionHandleID[4], previous_status:[2], reason[10053]
[2024-08-07_14:40:48.306366][34360] SemiTS::LPRWASWebSocketServerSession: set connection_status to STATUS_DISCONNECTED: sessionHandleID[4], previous_status:[3], reason[10053]
[2024-08-07_14:40:48.307368][34360] SemiTS::LPRWASWebSocketServerSession: server session disconnected: sessionHandleID[4], peerAddress[127.0.0.1], localPort[22001], reason[10053]
[2024-08-07_14:40:48.417231][32720] SemiTS::WASWebServerSession: set connection_status to STATUS_CONNECTED: sessionHandleID[0], previous_status:[-1]
[2024-08-07_14:40:48.418230][32720] BnD::B1HttpServerSessionManager: session modified: sessionHandleID[0]
[2024-08-07_14:40:48.418230][32720] SemiTS::LPRWASWebSocketServerSession: web socket accepted: peerAddress[127.0.0.1], localPort[22001]
[2024-08-07_14:40:48.418230][32720] SemiTS::LPRWASWebSocketServerSession: set connection_status to STATUS_CONNECTED: sessionHandleID[0], previous_status:[-1]
[2024-08-07_14:44:22.865522][32720] BnD::B1WebSocketReadWriteImpl: read failed: reason[1], message[The WebSocket stream was gracefully closed at both endpoints]
[2024-08-07_14:44:22.865522][32720] SemiTS::LPRWASWebSocketServerSession: set connection_status to STATUS_DISCONNECTING: sessionHandleID[0], previous_status:[2], reason[1]
[2024-08-07_14:44:23.153464][34360] SemiTS::LPRWASWebSocketServerSession: set connection_status to STATUS_DISCONNECTED: sessionHandleID[0], previous_status:[3], reason[1]
[2024-08-07_14:44:23.153525][34360] SemiTS::LPRWASWebSocketServerSession: server session disconnected: sessionHandleID[0], peerAddress[], localPort[0], reason[1]
[2024-08-07_14:44:23.179718][32720] SemiTS::WASWebServerSession: set connection_status to STATUS_CONNECTED: sessionHandleID[0], previous_status:[-1]
[2024-08-07_14:44:23.180727][32720] BnD::B1HttpServerSessionManager: session modified: sessionHandleID[0]
[2024-08-07_14:44:23.180727][32720] SemiTS::LPRWASWebSocketServerSession: web socket accepted: peerAddress[127.0.0.1], localPort[22001]
[2024-08-07_14:44:23.180727][32720] SemiTS::LPRWASWebSocketServerSession: set connection_status to STATUS_CONNECTED: sessionHandleID[0], previous_status:[-1]
[2024-08-07_14:48:04.479728][32720] BnD::B1WebSocketReadWriteImpl: read failed: reason[1], message[The WebSocket stream was gracefully closed at both endpoints]
[2024-08-07_14:48:04.479728][32720] SemiTS::LPRWASWebSocketServerSession: set connection_status to STATUS_DISCONNECTING: sessionHandleID[0], previous_status:[2], reason[1]
[2024-08-07_14:48:04.818808][32720] SemiTS::WASWebServerSession: set connection_status to STATUS_CONNECTED: sessionHandleID[1], previous_status:[-1]
[2024-08-07_14:48:04.819809][32720] BnD::B1HttpServerSessionManager: session modified: sessionHandleID[1]
[2024-08-07_14:48:04.819809][32720] SemiTS::LPRWASWebSocketServerSession: web socket accepted: peerAddress[127.0.0.1], localPort[22001]
[2024-08-07_14:48:04.819809][32720] SemiTS::LPRWASWebSocketServerSession: set connection_status to STATUS_CONNECTED: sessionHandleID[1], previous_status:[-1]
[2024-08-07_14:48:04.893867][34360] SemiTS::LPRWASWebSocketServerSession: set connection_status to STATUS_DISCONNECTED: sessionHandleID[0], previous_status:[3], reason[1]
[2024-08-07_14:48:04.893867][34360] SemiTS::LPRWASWebSocketServerSession: server session disconnected: sessionHandleID[0], peerAddress[], localPort[0], reason[1]
[2024-08-07_14:51:31.175500][32720] BnD::B1WebSocketReadWriteImpl: read failed: reason[10054], message[현재 연결은 원격 호스트에 의해 강제로 끊겼습니다]
[2024-08-07_14:51:31.175500][32720] SemiTS::LPRWASWebSocketServerSession: set connection_status to STATUS_DISCONNECTING: sessionHandleID[1], previous_status:[2], reason[10054]
[2024-08-07_14:51:31.497422][32720] SemiTS::WASWebServerSession: set connection_status to STATUS_CONNECTED: sessionHandleID[2], previous_status:[-1]
[2024-08-07_14:51:31.497422][32720] BnD::B1HttpServerSessionManager: session modified: sessionHandleID[2]
[2024-08-07_14:51:31.497422][32720] SemiTS::LPRWASWebSocketServerSession: web socket accepted: peerAddress[127.0.0.1], localPort[22001]
[2024-08-07_14:51:31.497422][32720] SemiTS::LPRWASWebSocketServerSession: set connection_status to STATUS_CONNECTED: sessionHandleID[2], previous_status:[-1]
[2024-08-07_14:51:31.542355][34360] SemiTS::LPRWASWebSocketServerSession: set connection_status to STATUS_DISCONNECTED: sessionHandleID[1], previous_status:[3], reason[10054]
[2024-08-07_14:51:31.542355][34360] SemiTS::LPRWASWebSocketServerSession: server session disconnected: sessionHandleID[1], peerAddress[127.0.0.1], localPort[22001], reason[10054]
[2024-08-07_14:52:01.055117][32720] BnD::B1WebSocketReadWriteImpl: read failed: reason[10053], message[현재 연결은 사용자의 호스트 시스템의 소프트웨어의 의해 중단되었습니다]
[2024-08-07_14:52:01.055117][32720] SemiTS::LPRWASWebSocketServerSession: set connection_status to STATUS_DISCONNECTING: sessionHandleID[2], previous_status:[2], reason[10053]
[2024-08-07_14:52:01.393134][32720] SemiTS::WASWebServerSession: set connection_status to STATUS_CONNECTED: sessionHandleID[3], previous_status:[-1]
[2024-08-07_14:52:01.393134][32720] BnD::B1HttpServerSessionManager: session modified: sessionHandleID[3]
[2024-08-07_14:52:01.394134][32720] SemiTS::LPRWASWebSocketServerSession: web socket accepted: peerAddress[127.0.0.1], localPort[22001]
[2024-08-07_14:52:01.394134][32720] SemiTS::LPRWASWebSocketServerSession: set connection_status to STATUS_CONNECTED: sessionHandleID[3], previous_status:[-1]
[2024-08-07_14:52:01.802523][34360] SemiTS::LPRWASWebSocketServerSession: set connection_status to STATUS_DISCONNECTED: sessionHandleID[2], previous_status:[3], reason[10053]
[2024-08-07_14:52:01.802523][34360] SemiTS::LPRWASWebSocketServerSession: server session disconnected: sessionHandleID[2], peerAddress[127.0.0.1], localPort[22001], reason[10053]
[2024-08-07_14:54:13.103839][32720] BnD::B1WebSocketReadWriteImpl: read failed: reason[10054], message[현재 연결은 원격 호스트에 의해 강제로 끊겼습니다]
[2024-08-07_14:54:13.103839][32720] SemiTS::LPRWASWebSocketServerSession: set connection_status to STATUS_DISCONNECTING: sessionHandleID[3], previous_status:[2], reason[10054]
[2024-08-07_14:54:13.431462][32720] SemiTS::WASWebServerSession: set connection_status to STATUS_CONNECTED: sessionHandleID[4], previous_status:[-1]
[2024-08-07_14:54:13.431462][32720] BnD::B1HttpServerSessionManager: session modified: sessionHandleID[4]
[2024-08-07_14:54:13.431462][32720] SemiTS::LPRWASWebSocketServerSession: web socket accepted: peerAddress[127.0.0.1], localPort[22001]
[2024-08-07_14:54:13.431462][32720] SemiTS::LPRWASWebSocketServerSession: set connection_status to STATUS_CONNECTED: sessionHandleID[4], previous_status:[-1]
[2024-08-07_14:54:13.873561][34360] SemiTS::LPRWASWebSocketServerSession: set connection_status to STATUS_DISCONNECTED: sessionHandleID[3], previous_status:[3], reason[10054]
[2024-08-07_14:54:13.873561][34360] SemiTS::LPRWASWebSocketServerSession: server session disconnected: sessionHandleID[3], peerAddress[127.0.0.1], localPort[22001], reason[10054]
[2024-08-07_14:54:31.596922][32720] BnD::B1WebSocketReadWriteImpl: read failed: reason[10053], message[현재 연결은 사용자의 호스트 시스템의 소프트웨어의 의해 중단되었습니다]
[2024-08-07_14:54:31.596922][32720] SemiTS::LPRWASWebSocketServerSession: set connection_status to STATUS_DISCONNECTING: sessionHandleID[4], previous_status:[2], reason[10053]
[2024-08-07_14:54:31.900743][32720] SemiTS::WASWebServerSession: set connection_status to STATUS_CONNECTED: sessionHandleID[5], previous_status:[-1]
[2024-08-07_14:54:31.900743][32720] BnD::B1HttpServerSessionManager: session modified: sessionHandleID[5]
[2024-08-07_14:54:31.900743][32720] SemiTS::LPRWASWebSocketServerSession: web socket accepted: peerAddress[127.0.0.1], localPort[22001]
[2024-08-07_14:54:31.900743][32720] SemiTS::LPRWASWebSocketServerSession: set connection_status to STATUS_CONNECTED: sessionHandleID[5], previous_status:[-1]
[2024-08-07_14:54:32.047581][34360] SemiTS::LPRWASWebSocketServerSession: set connection_status to STATUS_DISCONNECTED: sessionHandleID[4], previous_status:[3], reason[10053]
[2024-08-07_14:54:32.047581][34360] SemiTS::LPRWASWebSocketServerSession: server session disconnected: sessionHandleID[4], peerAddress[127.0.0.1], localPort[22001], reason[10053]
