[2024-07-31_09:12:38.463411][36712] SemiTS::WebAssistantServiceMFC: connecting Administration Service for find equipment type...
[2024-07-31_09:12:38.463411][36712] BnD::B1RedisDirectClientWriteSession: set connection_status to STATUS_CONNECTING: sessionHandleID[0], previous_status:[-1]
[2024-07-31_09:12:38.463411][36712] BnD::B1ClientSocket: connecting: address[127.0.0.1], port[9379]
[2024-07-31_09:12:38.494777][36712] BnD::B1RedisDirectClientReadSession: set connection_status to STATUS_CONNECTING: sessionHandleID[1], previous_status:[-1]
[2024-07-31_09:12:38.494777][36712] BnD::B1ClientSocket: connecting: address[127.0.0.1], port[9379]
[2024-07-31_09:12:38.494777][30144] BnD::B1RedisDirectClientWriteSession: session connected -> clear buffer
[2024-07-31_09:12:38.494777][30144] BnD::B1RedisDirectClientWriteSession: set connection_status to STATUS_CONNECTED: sessionHandleID[0], previous_status:[1]
[2024-07-31_09:12:38.510534][32488] BnD::B1RedisDirectClientReadSession: session connected -> clear buffer
[2024-07-31_09:12:38.510534][32488] BnD::B1RedisDirectClientReadSession: set connection_status to STATUS_CONNECTED: sessionHandleID[1], previous_status:[1]
[2024-07-31_09:12:38.683126][19296] BnD::B1RedisDirectClientWriteSession: selecting redis db: db[0]
[2024-07-31_09:12:38.683126][19296] BnD::B1RedisDirectClientReadSession: selecting redis db: db[0]
[2024-07-31_09:12:38.683126][32488] BnD::B1RedisDirectClientReadSession: redis db selected
[2024-07-31_09:12:38.698693][36712] SemiTS::WebAssistantServiceMFC: Sync server time:[2024-07-31 09:12:38.698]
[2024-07-31_09:12:38.698961][36712] SemiTS::WebAssistantServiceMFC: Sync server time finished
[2024-07-31_09:12:38.698961][36712] SemiTS::WebAssistantServiceMFC: find product type done! disconnecting Administration Service: site[1001], type[1001]
[2024-07-31_09:12:38.902771][36712] BnD::B1RedisDirectClientWriteSession: disconnect called: sessionHandleID[0]
[2024-07-31_09:12:38.902771][36712] BnD::B1RedisDirectClientReadSession: disconnect called: sessionHandleID[1]
[2024-07-31_09:12:38.902771][36712] BnD::B1BaseSessionManager: waiting disconnection: sessionHandleID[0]
[2024-07-31_09:12:38.902771][36712] BnD::B1BaseSessionManager: waiting disconnection: sessionHandleID[1]
[2024-07-31_09:12:38.902771][32488] BnD::B1ArrayBufferReadWriteImpl: read failed: reason[995], message[스레드 종료 또는 응용 프로그램 요청 때문에 I/O 작업이 취소되었습니다]
[2024-07-31_09:12:38.902771][32488] BnD::B1RedisDirectClientReadSession: set connection_status to STATUS_DISCONNECTING: sessionHandleID[1], previous_status:[2], reason[995]
[2024-07-31_09:12:38.902771][30144] BnD::B1ArrayBufferReadWriteImpl: read failed: reason[995], message[스레드 종료 또는 응용 프로그램 요청 때문에 I/O 작업이 취소되었습니다]
[2024-07-31_09:12:38.902771][30144] BnD::B1RedisDirectClientWriteSession: set connection_status to STATUS_DISCONNECTING: sessionHandleID[0], previous_status:[2], reason[995]
[2024-07-31_09:12:39.907271][36712] BnD::B1RedisDirectClientWriteSession: set connection_status to STATUS_DISCONNECTED: sessionHandleID[0], previous_status:[3], reason[995]
[2024-07-31_09:12:39.907271][36712] BnD::B1RedisDirectClientWriteSession: session disconnected
[2024-07-31_09:12:39.923314][36712] BnD::B1RedisDirectClientReadSession: set connection_status to STATUS_DISCONNECTED: sessionHandleID[1], previous_status:[3], reason[995]
[2024-07-31_09:12:39.923314][36712] BnD::B1RedisDirectClientReadSession: session disconnected
[2024-07-31_09:12:39.954600][36712] SemiTS::WebAssistantServiceMFC: starting [WebAssistantService_LPR][1001014] version:[1000][20240423]
[2024-07-31_09:12:39.954600][36712] SemiTS::LPRWebAssistantServicePublic: Connecting [127.0.0.1:9379(0)]
[2024-07-31_09:12:39.954600][36712] BnD::B1RedisDirectClientWriteSession: set connection_status to STATUS_CONNECTING: sessionHandleID[0], previous_status:[-1]
[2024-07-31_09:12:39.954600][36712] BnD::B1ClientSocket: connecting: address[127.0.0.1], port[9379]
[2024-07-31_09:12:39.970197][36712] BnD::B1RedisDirectClientReadSession: set connection_status to STATUS_CONNECTING: sessionHandleID[1], previous_status:[-1]
[2024-07-31_09:12:39.970197][36712] BnD::B1ClientSocket: connecting: address[127.0.0.1], port[9379]
[2024-07-31_09:12:39.970197][16952] BnD::B1RedisDirectClientWriteSession: session connected -> clear buffer
[2024-07-31_09:12:39.970197][16952] BnD::B1RedisDirectClientWriteSession: set connection_status to STATUS_CONNECTED: sessionHandleID[0], previous_status:[1]
[2024-07-31_09:12:39.985834][36712] BnD::B1RedisDirectClientSubscribeSession: set connection_status to STATUS_CONNECTING: sessionHandleID[2], previous_status:[-1]
[2024-07-31_09:12:39.985834][36712] BnD::B1ClientSocket: connecting: address[127.0.0.1], port[9379]
[2024-07-31_09:12:39.985834][11864] BnD::B1RedisDirectClientReadSession: session connected -> clear buffer
[2024-07-31_09:12:39.985834][11864] BnD::B1RedisDirectClientReadSession: set connection_status to STATUS_CONNECTED: sessionHandleID[1], previous_status:[1]
[2024-07-31_09:12:40.001444][30564] BnD::B1RedisDirectClientSubscribeSession: session connected -> clear buffer
[2024-07-31_09:12:40.001444][30564] BnD::B1RedisDirectClientSubscribeSession: set connection_status to STATUS_CONNECTED: sessionHandleID[2], previous_status:[1]
[2024-07-31_09:12:40.158510][30544] BnD::B1RedisDirectClientSubscribeSession: selecting redis db: db[0]
[2024-07-31_09:12:40.158510][30544] BnD::B1RedisDirectClientWriteSession: selecting redis db: db[0]
[2024-07-31_09:12:40.158510][30544] BnD::B1RedisDirectClientReadSession: selecting redis db: db[0]
[2024-07-31_09:12:40.158510][11864] BnD::B1RedisDirectClientReadSession: redis db selected
[2024-07-31_09:12:40.175393][36712] SemiTS::LPRWASWebServer: begin accept: port[22001]
[2024-07-31_09:12:40.206668][36712] SemiTS::LPRWebAssistantServicePublic: initializing performance check: tick[266]
[2024-07-31_09:12:40.206668][36712] SemiTS::WebAssistantServiceMFC: [WebAssistantService_LPR][1001014] version:[1000][20240423] started
[2024-07-31_09:12:42.659184][41572] SemiTS::WASWebServerSession: set connection_status to STATUS_CONNECTED: sessionHandleID[0], previous_status:[-1]
[2024-07-31_09:12:42.659184][41572] BnD::B1HttpServerSessionManager: session modified: sessionHandleID[0]
[2024-07-31_09:12:42.659184][41572] SemiTS::LPRWASWebSocketServerSession: web socket accepted: peerAddress[127.0.0.1], localPort[22001]
[2024-07-31_09:12:42.659184][41572] SemiTS::LPRWASWebSocketServerSession: set connection_status to STATUS_CONNECTED: sessionHandleID[0], previous_status:[-1]
[2024-07-31_09:17:59.291324][41572] BnD::B1WebSocketReadWriteImpl: read failed: reason[10053], message[현재 연결은 사용자의 호스트 시스템의 소프트웨어의 의해 중단되었습니다]
[2024-07-31_09:17:59.291324][41572] SemiTS::LPRWASWebSocketServerSession: set connection_status to STATUS_DISCONNECTING: sessionHandleID[0], previous_status:[2], reason[10053]
[2024-07-31_09:17:59.345070][42680] SemiTS::LPRWASWebSocketServerSession: set connection_status to STATUS_DISCONNECTED: sessionHandleID[0], previous_status:[3], reason[10053]
[2024-07-31_09:17:59.345070][42680] SemiTS::LPRWASWebSocketServerSession: server session disconnected: sessionHandleID[0], peerAddress[127.0.0.1], localPort[22001], reason[10053]
[2024-07-31_09:17:59.463122][41572] SemiTS::WASWebServerSession: set connection_status to STATUS_CONNECTED: sessionHandleID[0], previous_status:[-1]
[2024-07-31_09:17:59.463122][41572] BnD::B1HttpServerSessionManager: session modified: sessionHandleID[0]
[2024-07-31_09:17:59.463122][41572] SemiTS::LPRWASWebSocketServerSession: web socket accepted: peerAddress[127.0.0.1], localPort[22001]
[2024-07-31_09:17:59.463122][41572] SemiTS::LPRWASWebSocketServerSession: set connection_status to STATUS_CONNECTED: sessionHandleID[0], previous_status:[-1]
[2024-07-31_09:18:14.093235][41572] BnD::B1WebSocketReadWriteImpl: read failed: reason[10053], message[현재 연결은 사용자의 호스트 시스템의 소프트웨어의 의해 중단되었습니다]
[2024-07-31_09:18:14.093235][41572] SemiTS::LPRWASWebSocketServerSession: set connection_status to STATUS_DISCONNECTING: sessionHandleID[0], previous_status:[2], reason[10053]
[2024-07-31_09:18:14.238916][41572] SemiTS::WASWebServerSession: set connection_status to STATUS_CONNECTED: sessionHandleID[1], previous_status:[-1]
[2024-07-31_09:18:14.239895][41572] BnD::B1HttpServerSessionManager: session modified: sessionHandleID[1]
[2024-07-31_09:18:14.239895][41572] SemiTS::LPRWASWebSocketServerSession: web socket accepted: peerAddress[127.0.0.1], localPort[22001]
[2024-07-31_09:18:14.239895][41572] SemiTS::LPRWASWebSocketServerSession: set connection_status to STATUS_CONNECTED: sessionHandleID[1], previous_status:[-1]
[2024-07-31_09:18:14.526705][42680] SemiTS::LPRWASWebSocketServerSession: set connection_status to STATUS_DISCONNECTED: sessionHandleID[0], previous_status:[3], reason[10053]
[2024-07-31_09:18:14.526705][42680] SemiTS::LPRWASWebSocketServerSession: server session disconnected: sessionHandleID[0], peerAddress[127.0.0.1], localPort[22001], reason[10053]
[2024-07-31_09:21:36.206430][41572] BnD::B1WebSocketReadWriteImpl: read failed: reason[10053], message[현재 연결은 사용자의 호스트 시스템의 소프트웨어의 의해 중단되었습니다]
[2024-07-31_09:21:36.206430][41572] SemiTS::LPRWASWebSocketServerSession: set connection_status to STATUS_DISCONNECTING: sessionHandleID[1], previous_status:[2], reason[10053]
[2024-07-31_09:21:36.365298][41572] SemiTS::WASWebServerSession: set connection_status to STATUS_CONNECTED: sessionHandleID[2], previous_status:[-1]
[2024-07-31_09:21:36.365298][41572] BnD::B1HttpServerSessionManager: session modified: sessionHandleID[2]
[2024-07-31_09:21:36.365298][41572] SemiTS::LPRWASWebSocketServerSession: web socket accepted: peerAddress[127.0.0.1], localPort[22001]
[2024-07-31_09:21:36.365298][41572] SemiTS::LPRWASWebSocketServerSession: set connection_status to STATUS_CONNECTED: sessionHandleID[2], previous_status:[-1]
[2024-07-31_09:21:36.982491][42680] SemiTS::LPRWASWebSocketServerSession: set connection_status to STATUS_DISCONNECTED: sessionHandleID[1], previous_status:[3], reason[10053]
[2024-07-31_09:21:36.982603][42680] SemiTS::LPRWASWebSocketServerSession: server session disconnected: sessionHandleID[1], peerAddress[127.0.0.1], localPort[22001], reason[10053]
[2024-07-31_09:21:45.109466][41572] BnD::B1WebSocketReadWriteImpl: read failed: reason[1], message[The WebSocket stream was gracefully closed at both endpoints]
[2024-07-31_09:21:45.109466][41572] SemiTS::LPRWASWebSocketServerSession: set connection_status to STATUS_DISCONNECTING: sessionHandleID[2], previous_status:[2], reason[1]
[2024-07-31_09:21:45.366093][41572] SemiTS::WASWebServerSession: set connection_status to STATUS_CONNECTED: sessionHandleID[3], previous_status:[-1]
[2024-07-31_09:21:45.366093][41572] BnD::B1HttpServerSessionManager: session modified: sessionHandleID[3]
[2024-07-31_09:21:45.366093][41572] SemiTS::LPRWASWebSocketServerSession: web socket accepted: peerAddress[127.0.0.1], localPort[22001]
[2024-07-31_09:21:45.366093][41572] SemiTS::LPRWASWebSocketServerSession: set connection_status to STATUS_CONNECTED: sessionHandleID[3], previous_status:[-1]
[2024-07-31_09:21:46.054129][42680] SemiTS::LPRWASWebSocketServerSession: set connection_status to STATUS_DISCONNECTED: sessionHandleID[2], previous_status:[3], reason[1]
[2024-07-31_09:21:46.054129][42680] SemiTS::LPRWASWebSocketServerSession: server session disconnected: sessionHandleID[2], peerAddress[], localPort[0], reason[1]
[2024-07-31_09:22:01.388113][41572] BnD::B1WebSocketReadWriteImpl: read failed: reason[1], message[The WebSocket stream was gracefully closed at both endpoints]
[2024-07-31_09:22:01.388113][41572] SemiTS::LPRWASWebSocketServerSession: set connection_status to STATUS_DISCONNECTING: sessionHandleID[3], previous_status:[2], reason[1]
[2024-07-31_09:22:02.221195][42680] SemiTS::LPRWASWebSocketServerSession: set connection_status to STATUS_DISCONNECTED: sessionHandleID[3], previous_status:[3], reason[1]
[2024-07-31_09:22:02.221328][42680] SemiTS::LPRWASWebSocketServerSession: server session disconnected: sessionHandleID[3], peerAddress[], localPort[0], reason[1]
[2024-07-31_09:22:03.570387][41572] SemiTS::WASWebServerSession: set connection_status to STATUS_CONNECTED: sessionHandleID[0], previous_status:[-1]
[2024-07-31_09:22:03.570387][41572] BnD::B1HttpServerSessionManager: session modified: sessionHandleID[0]
[2024-07-31_09:22:03.570387][41572] SemiTS::LPRWASWebSocketServerSession: web socket accepted: peerAddress[127.0.0.1], localPort[22001]
[2024-07-31_09:22:03.570387][41572] SemiTS::LPRWASWebSocketServerSession: set connection_status to STATUS_CONNECTED: sessionHandleID[0], previous_status:[-1]
[2024-07-31_09:43:11.675966][41572] BnD::B1WebSocketReadWriteImpl: read failed: reason[10054], message[현재 연결은 원격 호스트에 의해 강제로 끊겼습니다]
[2024-07-31_09:43:11.675966][41572] SemiTS::LPRWASWebSocketServerSession: set connection_status to STATUS_DISCONNECTING: sessionHandleID[0], previous_status:[2], reason[10054]
[2024-07-31_09:43:11.911486][42680] SemiTS::LPRWASWebSocketServerSession: set connection_status to STATUS_DISCONNECTED: sessionHandleID[0], previous_status:[3], reason[10054]
[2024-07-31_09:43:11.911486][42680] SemiTS::LPRWASWebSocketServerSession: server session disconnected: sessionHandleID[0], peerAddress[127.0.0.1], localPort[22001], reason[10054]
[2024-07-31_09:43:11.964978][41572] SemiTS::WASWebServerSession: set connection_status to STATUS_CONNECTED: sessionHandleID[0], previous_status:[-1]
[2024-07-31_09:43:11.965947][41572] BnD::B1HttpServerSessionManager: session modified: sessionHandleID[0]
[2024-07-31_09:43:11.965947][41572] SemiTS::LPRWASWebSocketServerSession: web socket accepted: peerAddress[127.0.0.1], localPort[22001]
[2024-07-31_09:43:11.965947][41572] SemiTS::LPRWASWebSocketServerSession: set connection_status to STATUS_CONNECTED: sessionHandleID[0], previous_status:[-1]
[2024-07-31_09:44:07.927661][41572] BnD::B1WebSocketReadWriteImpl: read failed: reason[1], message[The WebSocket stream was gracefully closed at both endpoints]
[2024-07-31_09:44:07.927661][41572] SemiTS::LPRWASWebSocketServerSession: set connection_status to STATUS_DISCONNECTING: sessionHandleID[0], previous_status:[2], reason[1]
[2024-07-31_09:44:08.218158][41572] SemiTS::WASWebServerSession: set connection_status to STATUS_CONNECTED: sessionHandleID[1], previous_status:[-1]
[2024-07-31_09:44:08.218158][41572] BnD::B1HttpServerSessionManager: session modified: sessionHandleID[1]
[2024-07-31_09:44:08.218158][41572] SemiTS::LPRWASWebSocketServerSession: web socket accepted: peerAddress[127.0.0.1], localPort[22001]
[2024-07-31_09:44:08.218158][41572] SemiTS::LPRWASWebSocketServerSession: set connection_status to STATUS_CONNECTED: sessionHandleID[1], previous_status:[-1]
[2024-07-31_09:44:08.340343][42680] SemiTS::LPRWASWebSocketServerSession: set connection_status to STATUS_DISCONNECTED: sessionHandleID[0], previous_status:[3], reason[1]
[2024-07-31_09:44:08.340343][42680] SemiTS::LPRWASWebSocketServerSession: server session disconnected: sessionHandleID[0], peerAddress[], localPort[0], reason[1]
[2024-07-31_09:44:21.118173][41572] BnD::B1WebSocketReadWriteImpl: read failed: reason[1], message[The WebSocket stream was gracefully closed at both endpoints]
[2024-07-31_09:44:21.118173][41572] SemiTS::LPRWASWebSocketServerSession: set connection_status to STATUS_DISCONNECTING: sessionHandleID[1], previous_status:[2], reason[1]
[2024-07-31_09:44:21.281307][41572] SemiTS::WASWebServerSession: set connection_status to STATUS_CONNECTED: sessionHandleID[2], previous_status:[-1]
[2024-07-31_09:44:21.281307][41572] BnD::B1HttpServerSessionManager: session modified: sessionHandleID[2]
[2024-07-31_09:44:21.281307][41572] SemiTS::LPRWASWebSocketServerSession: web socket accepted: peerAddress[127.0.0.1], localPort[22001]
[2024-07-31_09:44:21.281307][41572] SemiTS::LPRWASWebSocketServerSession: set connection_status to STATUS_CONNECTED: sessionHandleID[2], previous_status:[-1]
[2024-07-31_09:44:21.462554][42680] SemiTS::LPRWASWebSocketServerSession: set connection_status to STATUS_DISCONNECTED: sessionHandleID[1], previous_status:[3], reason[1]
[2024-07-31_09:44:21.462554][42680] SemiTS::LPRWASWebSocketServerSession: server session disconnected: sessionHandleID[1], peerAddress[], localPort[0], reason[1]
[2024-07-31_09:44:39.424565][41572] BnD::B1WebSocketReadWriteImpl: read failed: reason[10054], message[현재 연결은 원격 호스트에 의해 강제로 끊겼습니다]
[2024-07-31_09:44:39.424565][41572] SemiTS::LPRWASWebSocketServerSession: set connection_status to STATUS_DISCONNECTING: sessionHandleID[2], previous_status:[2], reason[10054]
[2024-07-31_09:44:39.567800][41572] SemiTS::WASWebServerSession: set connection_status to STATUS_CONNECTED: sessionHandleID[3], previous_status:[-1]
[2024-07-31_09:44:39.567800][41572] BnD::B1HttpServerSessionManager: session modified: sessionHandleID[3]
[2024-07-31_09:44:39.567800][41572] SemiTS::LPRWASWebSocketServerSession: web socket accepted: peerAddress[127.0.0.1], localPort[22001]
[2024-07-31_09:44:39.567800][41572] SemiTS::LPRWASWebSocketServerSession: set connection_status to STATUS_CONNECTED: sessionHandleID[3], previous_status:[-1]
[2024-07-31_09:44:39.586763][42680] SemiTS::LPRWASWebSocketServerSession: set connection_status to STATUS_DISCONNECTED: sessionHandleID[2], previous_status:[3], reason[10054]
[2024-07-31_09:44:39.586763][42680] SemiTS::LPRWASWebSocketServerSession: server session disconnected: sessionHandleID[2], peerAddress[127.0.0.1], localPort[22001], reason[10054]
[2024-07-31_09:44:55.806912][41572] BnD::B1WebSocketReadWriteImpl: read failed: reason[1], message[The WebSocket stream was gracefully closed at both endpoints]
[2024-07-31_09:44:55.806912][41572] SemiTS::LPRWASWebSocketServerSession: set connection_status to STATUS_DISCONNECTING: sessionHandleID[3], previous_status:[2], reason[1]
[2024-07-31_09:44:55.961852][41572] SemiTS::WASWebServerSession: set connection_status to STATUS_CONNECTED: sessionHandleID[4], previous_status:[-1]
[2024-07-31_09:44:55.962840][41572] BnD::B1HttpServerSessionManager: session modified: sessionHandleID[4]
[2024-07-31_09:44:55.962840][41572] SemiTS::LPRWASWebSocketServerSession: web socket accepted: peerAddress[127.0.0.1], localPort[22001]
[2024-07-31_09:44:55.962840][41572] SemiTS::LPRWASWebSocketServerSession: set connection_status to STATUS_CONNECTED: sessionHandleID[4], previous_status:[-1]
[2024-07-31_09:44:56.756372][42680] SemiTS::LPRWASWebSocketServerSession: set connection_status to STATUS_DISCONNECTED: sessionHandleID[3], previous_status:[3], reason[1]
[2024-07-31_09:44:56.756372][42680] SemiTS::LPRWASWebSocketServerSession: server session disconnected: sessionHandleID[3], peerAddress[], localPort[0], reason[1]
[2024-07-31_09:46:31.472233][41572] BnD::B1WebSocketReadWriteImpl: read failed: reason[10054], message[현재 연결은 원격 호스트에 의해 강제로 끊겼습니다]
[2024-07-31_09:46:31.472233][41572] SemiTS::LPRWASWebSocketServerSession: set connection_status to STATUS_DISCONNECTING: sessionHandleID[4], previous_status:[2], reason[10054]
[2024-07-31_09:46:31.789452][41572] SemiTS::WASWebServerSession: set connection_status to STATUS_CONNECTED: sessionHandleID[5], previous_status:[-1]
[2024-07-31_09:46:31.791457][41572] BnD::B1HttpServerSessionManager: session modified: sessionHandleID[5]
[2024-07-31_09:46:31.791457][41572] SemiTS::LPRWASWebSocketServerSession: web socket accepted: peerAddress[127.0.0.1], localPort[22001]
[2024-07-31_09:46:31.791457][41572] SemiTS::LPRWASWebSocketServerSession: set connection_status to STATUS_CONNECTED: sessionHandleID[5], previous_status:[-1]
[2024-07-31_09:46:32.452622][42680] SemiTS::LPRWASWebSocketServerSession: set connection_status to STATUS_DISCONNECTED: sessionHandleID[4], previous_status:[3], reason[10054]
[2024-07-31_09:46:32.452622][42680] SemiTS::LPRWASWebSocketServerSession: server session disconnected: sessionHandleID[4], peerAddress[127.0.0.1], localPort[22001], reason[10054]
[2024-07-31_09:47:00.236384][41572] BnD::B1WebSocketReadWriteImpl: read failed: reason[1], message[The WebSocket stream was gracefully closed at both endpoints]
[2024-07-31_09:47:00.236384][41572] SemiTS::LPRWASWebSocketServerSession: set connection_status to STATUS_DISCONNECTING: sessionHandleID[5], previous_status:[2], reason[1]
[2024-07-31_09:47:00.503490][41572] SemiTS::WASWebServerSession: set connection_status to STATUS_CONNECTED: sessionHandleID[6], previous_status:[-1]
[2024-07-31_09:47:00.503490][41572] BnD::B1HttpServerSessionManager: session modified: sessionHandleID[6]
[2024-07-31_09:47:00.503490][41572] SemiTS::LPRWASWebSocketServerSession: web socket accepted: peerAddress[127.0.0.1], localPort[22001]
[2024-07-31_09:47:00.503490][41572] SemiTS::LPRWASWebSocketServerSession: set connection_status to STATUS_CONNECTED: sessionHandleID[6], previous_status:[-1]
[2024-07-31_09:47:00.651991][42680] SemiTS::LPRWASWebSocketServerSession: set connection_status to STATUS_DISCONNECTED: sessionHandleID[5], previous_status:[3], reason[1]
[2024-07-31_09:47:00.651991][42680] SemiTS::LPRWASWebSocketServerSession: server session disconnected: sessionHandleID[5], peerAddress[], localPort[0], reason[1]
[2024-07-31_09:53:39.087846][41572] BnD::B1WebSocketReadWriteImpl: read failed: reason[10053], message[현재 연결은 사용자의 호스트 시스템의 소프트웨어의 의해 중단되었습니다]
[2024-07-31_09:53:39.087846][41572] SemiTS::LPRWASWebSocketServerSession: set connection_status to STATUS_DISCONNECTING: sessionHandleID[6], previous_status:[2], reason[10053]
[2024-07-31_09:53:39.370001][42680] SemiTS::LPRWASWebSocketServerSession: set connection_status to STATUS_DISCONNECTED: sessionHandleID[6], previous_status:[3], reason[10053]
[2024-07-31_09:53:39.370001][42680] SemiTS::LPRWASWebSocketServerSession: server session disconnected: sessionHandleID[6], peerAddress[127.0.0.1], localPort[22001], reason[10053]
[2024-07-31_09:53:41.322418][41572] SemiTS::WASWebServerSession: set connection_status to STATUS_CONNECTED: sessionHandleID[0], previous_status:[-1]
[2024-07-31_09:53:41.323418][41572] BnD::B1HttpServerSessionManager: session modified: sessionHandleID[0]
[2024-07-31_09:53:41.323418][41572] SemiTS::LPRWASWebSocketServerSession: web socket accepted: peerAddress[127.0.0.1], localPort[22001]
[2024-07-31_09:53:41.323418][41572] SemiTS::LPRWASWebSocketServerSession: set connection_status to STATUS_CONNECTED: sessionHandleID[0], previous_status:[-1]
[2024-07-31_09:56:52.028700][41572] BnD::B1WebSocketReadWriteImpl: read failed: reason[1], message[The WebSocket stream was gracefully closed at both endpoints]
[2024-07-31_09:56:52.028700][41572] SemiTS::LPRWASWebSocketServerSession: set connection_status to STATUS_DISCONNECTING: sessionHandleID[0], previous_status:[2], reason[1]
[2024-07-31_09:56:52.202154][41572] SemiTS::WASWebServerSession: set connection_status to STATUS_CONNECTED: sessionHandleID[1], previous_status:[-1]
[2024-07-31_09:56:52.203156][41572] BnD::B1HttpServerSessionManager: session modified: sessionHandleID[1]
[2024-07-31_09:56:52.203156][41572] SemiTS::LPRWASWebSocketServerSession: web socket accepted: peerAddress[127.0.0.1], localPort[22001]
[2024-07-31_09:56:52.203156][41572] SemiTS::LPRWASWebSocketServerSession: set connection_status to STATUS_CONNECTED: sessionHandleID[1], previous_status:[-1]
[2024-07-31_09:56:52.720740][42680] SemiTS::LPRWASWebSocketServerSession: set connection_status to STATUS_DISCONNECTED: sessionHandleID[0], previous_status:[3], reason[1]
[2024-07-31_09:56:52.721304][42680] SemiTS::LPRWASWebSocketServerSession: server session disconnected: sessionHandleID[0], peerAddress[], localPort[0], reason[1]
