[2024-08-01_13:15:56.706220][24392] SemiTS::WebAssistantServiceMFC: connecting Administration Service for find equipment type...
[2024-08-01_13:15:56.706220][24392] BnD::B1RedisDirectClientWriteSession: set connection_status to STATUS_CONNECTING: sessionHandleID[0], previous_status:[-1]
[2024-08-01_13:15:56.706220][24392] BnD::B1ClientSocket: connecting: address[20.20.0.152], port[9379]
[2024-08-01_13:15:56.730086][24392] BnD::B1RedisDirectClientReadSession: set connection_status to STATUS_CONNECTING: sessionHandleID[1], previous_status:[-1]
[2024-08-01_13:15:56.730086][24392] BnD::B1ClientSocket: connecting: address[20.20.0.152], port[9379]
[2024-08-01_13:15:56.730086][13748] BnD::B1RedisDirectClientWriteSession: session connected -> clear buffer
[2024-08-01_13:15:56.730086][13748] BnD::B1RedisDirectClientWriteSession: set connection_status to STATUS_CONNECTED: sessionHandleID[0], previous_status:[1]
[2024-08-01_13:15:56.745712][23240] BnD::B1RedisDirectClientReadSession: session connected -> clear buffer
[2024-08-01_13:15:56.745712][23240] BnD::B1RedisDirectClientReadSession: set connection_status to STATUS_CONNECTED: sessionHandleID[1], previous_status:[1]
[2024-08-01_13:15:56.918588][22272] BnD::B1RedisDirectClientReadSession: selecting redis db: db[0]
[2024-08-01_13:15:56.918588][23240] BnD::B1RedisDirectClientReadSession: redis db selected
[2024-08-01_13:15:56.918588][22272] BnD::B1RedisDirectClientWriteSession: selecting redis db: db[0]
[2024-08-01_13:15:56.934214][24392] SemiTS::WebAssistantServiceMFC: Sync server time:[2024-08-01 13:15:57.314]
[2024-08-01_13:15:57.314707][24392] SemiTS::WebAssistantServiceMFC: Sync server time finished
[2024-08-01_13:15:57.314707][24392] SemiTS::WebAssistantServiceMFC: find product type done! disconnecting Administration Service: site[1001], type[1001]
[2024-08-01_13:15:57.523802][24392] BnD::B1RedisDirectClientReadSession: disconnect called: sessionHandleID[1]
[2024-08-01_13:15:57.523802][24392] BnD::B1RedisDirectClientWriteSession: disconnect called: sessionHandleID[0]
[2024-08-01_13:15:57.523802][24392] BnD::B1BaseSessionManager: waiting disconnection: sessionHandleID[1]
[2024-08-01_13:15:57.523802][24392] BnD::B1BaseSessionManager: waiting disconnection: sessionHandleID[0]
[2024-08-01_13:15:57.524814][13748] BnD::B1ArrayBufferReadWriteImpl: read failed: reason[995], message[스레드 종료 또는 응용 프로그램 요청 때문에 I/O 작업이 취소되었습니다]
[2024-08-01_13:15:57.524814][13748] BnD::B1RedisDirectClientWriteSession: set connection_status to STATUS_DISCONNECTING: sessionHandleID[0], previous_status:[2], reason[995]
[2024-08-01_13:15:57.524814][23240] BnD::B1ArrayBufferReadWriteImpl: read failed: reason[995], message[스레드 종료 또는 응용 프로그램 요청 때문에 I/O 작업이 취소되었습니다]
[2024-08-01_13:15:57.524814][23240] BnD::B1RedisDirectClientReadSession: set connection_status to STATUS_DISCONNECTING: sessionHandleID[1], previous_status:[2], reason[995]
[2024-08-01_13:15:58.537760][24392] BnD::B1RedisDirectClientReadSession: set connection_status to STATUS_DISCONNECTED: sessionHandleID[1], previous_status:[3], reason[995]
[2024-08-01_13:15:58.537760][24392] BnD::B1RedisDirectClientReadSession: session disconnected
[2024-08-01_13:15:58.554352][24392] BnD::B1RedisDirectClientWriteSession: set connection_status to STATUS_DISCONNECTED: sessionHandleID[0], previous_status:[3], reason[995]
[2024-08-01_13:15:58.554352][24392] BnD::B1RedisDirectClientWriteSession: session disconnected
[2024-08-01_13:15:58.573155][24392] SemiTS::WebAssistantServiceMFC: starting [WebAssistantService_LPR][1001014] version:[1000][20240423]
[2024-08-01_13:15:58.574124][24392] SemiTS::LPRWebAssistantServicePublic: Connecting [20.20.0.152:9379(0)]
[2024-08-01_13:15:58.574124][24392] BnD::B1RedisDirectClientWriteSession: set connection_status to STATUS_CONNECTING: sessionHandleID[0], previous_status:[-1]
[2024-08-01_13:15:58.574124][24392] BnD::B1ClientSocket: connecting: address[20.20.0.152], port[9379]
[2024-08-01_13:15:58.587655][24392] BnD::B1RedisDirectClientReadSession: set connection_status to STATUS_CONNECTING: sessionHandleID[1], previous_status:[-1]
[2024-08-01_13:15:58.587655][24392] BnD::B1ClientSocket: connecting: address[20.20.0.152], port[9379]
[2024-08-01_13:15:58.588201][23096] BnD::B1RedisDirectClientWriteSession: session connected -> clear buffer
[2024-08-01_13:15:58.588201][23096] BnD::B1RedisDirectClientWriteSession: set connection_status to STATUS_CONNECTED: sessionHandleID[0], previous_status:[1]
[2024-08-01_13:15:58.603236][24392] BnD::B1RedisDirectClientSubscribeSession: set connection_status to STATUS_CONNECTING: sessionHandleID[2], previous_status:[-1]
[2024-08-01_13:15:58.603236][24392] BnD::B1ClientSocket: connecting: address[20.20.0.152], port[9379]
[2024-08-01_13:15:58.604207][24556] BnD::B1RedisDirectClientReadSession: session connected -> clear buffer
[2024-08-01_13:15:58.605206][24556] BnD::B1RedisDirectClientReadSession: set connection_status to STATUS_CONNECTED: sessionHandleID[1], previous_status:[1]
[2024-08-01_13:15:58.621061][23208] BnD::B1RedisDirectClientSubscribeSession: session connected -> clear buffer
[2024-08-01_13:15:58.621731][23208] BnD::B1RedisDirectClientSubscribeSession: set connection_status to STATUS_CONNECTED: sessionHandleID[2], previous_status:[1]
[2024-08-01_13:15:58.774744][22764] BnD::B1RedisDirectClientSubscribeSession: selecting redis db: db[0]
[2024-08-01_13:15:58.774744][22764] BnD::B1RedisDirectClientWriteSession: selecting redis db: db[0]
[2024-08-01_13:15:58.774744][22764] BnD::B1RedisDirectClientReadSession: selecting redis db: db[0]
[2024-08-01_13:15:58.774744][24556] BnD::B1RedisDirectClientReadSession: redis db selected
[2024-08-01_13:15:58.788387][24392] SemiTS::LPRWASWebServer: begin accept: port[22001]
[2024-08-01_13:15:58.805528][24392] SemiTS::LPRWebAssistantServicePublic: initializing performance check: tick[234]
[2024-08-01_13:15:58.805528][24392] SemiTS::WebAssistantServiceMFC: [WebAssistantService_LPR][1001014] version:[1000][20240423] started
[2024-08-01_13:16:02.173363][18000] SemiTS::WASWebServerSession: set connection_status to STATUS_CONNECTED: sessionHandleID[0], previous_status:[-1]
[2024-08-01_13:16:02.173363][18000] BnD::B1HttpServerSessionManager: session modified: sessionHandleID[0]
[2024-08-01_13:16:02.173363][18000] SemiTS::LPRWASWebSocketServerSession: web socket accepted: peerAddress[127.0.0.1], localPort[22001]
[2024-08-01_13:16:02.173363][18000] SemiTS::LPRWASWebSocketServerSession: set connection_status to STATUS_CONNECTED: sessionHandleID[0], previous_status:[-1]
[2024-08-01_13:18:03.321701][18000] SemiTS::WASWebServerSession: set connection_status to STATUS_CONNECTED: sessionHandleID[1], previous_status:[-1]
[2024-08-01_13:18:03.321701][18000] BnD::B1HttpServerSessionManager: session modified: sessionHandleID[1]
[2024-08-01_13:18:03.321701][18000] SemiTS::LPRWASWebSocketServerSession: web socket accepted: peerAddress[127.0.0.1], localPort[22001]
[2024-08-01_13:18:03.321701][18000] SemiTS::LPRWASWebSocketServerSession: set connection_status to STATUS_CONNECTED: sessionHandleID[1], previous_status:[-1]
[2024-08-01_13:18:03.389043][18000] BnD::B1WebSocketReadWriteImpl: read failed: reason[10053], message[현재 연결은 사용자의 호스트 시스템의 소프트웨어의 의해 중단되었습니다]
[2024-08-01_13:18:03.389043][18000] SemiTS::LPRWASWebSocketServerSession: set connection_status to STATUS_DISCONNECTING: sessionHandleID[0], previous_status:[2], reason[10053]
[2024-08-01_13:18:03.389043][18000] BnD::B1WebSocketReadWriteImpl: read failed: reason[10053], message[현재 연결은 사용자의 호스트 시스템의 소프트웨어의 의해 중단되었습니다]
[2024-08-01_13:18:03.389043][18000] SemiTS::LPRWASWebSocketServerSession: set connection_status to STATUS_DISCONNECTING: sessionHandleID[1], previous_status:[2], reason[10053]
[2024-08-01_13:18:03.578191][17280] SemiTS::LPRWASWebSocketServerSession: set connection_status to STATUS_DISCONNECTED: sessionHandleID[1], previous_status:[3], reason[10053]
[2024-08-01_13:18:03.578191][17280] SemiTS::LPRWASWebSocketServerSession: server session disconnected: sessionHandleID[1], peerAddress[127.0.0.1], localPort[22001], reason[10053]
[2024-08-01_13:18:03.578191][17280] SemiTS::LPRWASWebSocketServerSession: set connection_status to STATUS_DISCONNECTED: sessionHandleID[0], previous_status:[3], reason[10053]
[2024-08-01_13:18:03.578191][17280] SemiTS::LPRWASWebSocketServerSession: server session disconnected: sessionHandleID[0], peerAddress[127.0.0.1], localPort[22001], reason[10053]
[2024-08-01_13:18:03.707831][18000] SemiTS::WASWebServerSession: set connection_status to STATUS_CONNECTED: sessionHandleID[0], previous_status:[-1]
[2024-08-01_13:18:03.707831][18000] BnD::B1HttpServerSessionManager: session modified: sessionHandleID[0]
[2024-08-01_13:18:03.707831][18000] SemiTS::LPRWASWebSocketServerSession: web socket accepted: peerAddress[127.0.0.1], localPort[22001]
[2024-08-01_13:18:03.707831][18000] SemiTS::LPRWASWebSocketServerSession: set connection_status to STATUS_CONNECTED: sessionHandleID[0], previous_status:[-1]
[2024-08-01_13:18:10.951617][23208] SemiTS::LPRWebAssistantServicePublic: {"MessageID":"LPRZonePurgeAttributesMsg","MessageData":{"ArchiveObject":{"ZoneID":"11110010","Flow1":"50","Flow2":"12","Flow3":"5","Pressure":"28","Humidity":"0","Temperature":"49"},"BaseTime":""}}
[2024-08-01_13:18:10.951617][23208] SemiTS::LPRWebAssistantServicePublic: {"MessageID":"LPRZonePurgeAttributesMsg","MessageData":{"ArchiveObject":{"ZoneID":"11110020","Flow1":"44","Flow2":"44","Flow3":"27","Pressure":"27","Humidity":"42","Temperature":"42"},"BaseTime":""}}
[2024-08-01_13:18:12.049942][23208] SemiTS::LPRWebAssistantServicePublic: {"MessageID":"LPRZonePurgeAttributesMsg","MessageData":{"ArchiveObject":{"ZoneID":"11110010","Flow1":"16","Flow2":"82","Flow3":"85","Pressure":"36","Humidity":"8","Temperature":"59"},"BaseTime":""}}
[2024-08-01_13:18:12.049942][23208] SemiTS::LPRWebAssistantServicePublic: {"MessageID":"LPRZonePurgeAttributesMsg","MessageData":{"ArchiveObject":{"ZoneID":"11110020","Flow1":"37","Flow2":"64","Flow3":"65","Pressure":"63","Humidity":"17","Temperature":"77"},"BaseTime":""}}
[2024-08-01_13:18:13.149383][23208] SemiTS::LPRWebAssistantServicePublic: {"MessageID":"LPRZonePurgeAttributesMsg","MessageData":{"ArchiveObject":{"ZoneID":"11110010","Flow1":"18","Flow2":"61","Flow3":"21","Pressure":"96","Humidity":"67","Temperature":"16"},"BaseTime":""}}
[2024-08-01_13:18:13.149383][23208] SemiTS::LPRWebAssistantServicePublic: {"MessageID":"LPRZonePurgeAttributesMsg","MessageData":{"ArchiveObject":{"ZoneID":"11110020","Flow1":"49","Flow2":"96","Flow3":"30","Pressure":"18","Humidity":"73","Temperature":"8"},"BaseTime":""}}
[2024-08-01_13:18:14.249401][23208] SemiTS::LPRWebAssistantServicePublic: {"MessageID":"LPRZonePurgeAttributesMsg","MessageData":{"ArchiveObject":{"ZoneID":"11110010","Flow1":"87","Flow2":"78","Flow3":"53","Pressure":"21","Humidity":"59","Temperature":"83"},"BaseTime":""}}
[2024-08-01_13:18:14.249401][23208] SemiTS::LPRWebAssistantServicePublic: {"MessageID":"LPRZonePurgeAttributesMsg","MessageData":{"ArchiveObject":{"ZoneID":"11110020","Flow1":"43","Flow2":"78","Flow3":"59","Pressure":"2","Humidity":"62","Temperature":"26"},"BaseTime":""}}
[2024-08-01_13:18:15.349856][23208] SemiTS::LPRWebAssistantServicePublic: {"MessageID":"LPRZonePurgeAttributesMsg","MessageData":{"ArchiveObject":{"ZoneID":"11110010","Flow1":"9","Flow2":"66","Flow3":"94","Pressure":"9","Humidity":"19","Temperature":"66"},"BaseTime":""}}
[2024-08-01_13:18:15.349856][23208] SemiTS::LPRWebAssistantServicePublic: {"MessageID":"LPRZonePurgeAttributesMsg","MessageData":{"ArchiveObject":{"ZoneID":"11110020","Flow1":"54","Flow2":"2","Flow3":"7","Pressure":"30","Humidity":"40","Temperature":"97"},"BaseTime":""}}
[2024-08-01_13:18:16.402520][23208] SemiTS::LPRWebAssistantServicePublic: {"MessageID":"LPRZonePurgeAttributesMsg","MessageData":{"ArchiveObject":{"ZoneID":"11110010","Flow1":"32","Flow2":"74","Flow3":"27","Pressure":"16","Humidity":"2","Temperature":"44"},"BaseTime":""}}
[2024-08-01_13:18:16.403512][23208] SemiTS::LPRWebAssistantServicePublic: {"MessageID":"LPRZonePurgeAttributesMsg","MessageData":{"ArchiveObject":{"ZoneID":"11110020","Flow1":"21","Flow2":"79","Flow3":"35","Pressure":"32","Humidity":"39","Temperature":"60"},"BaseTime":""}}
[2024-08-01_13:18:17.044102][18000] BnD::B1WebSocketReadWriteImpl: read failed: reason[1], message[The WebSocket stream was gracefully closed at both endpoints]
[2024-08-01_13:18:17.044102][18000] SemiTS::LPRWASWebSocketServerSession: set connection_status to STATUS_DISCONNECTING: sessionHandleID[0], previous_status:[2], reason[1]
[2024-08-01_13:18:17.315110][18000] SemiTS::WASWebServerSession: set connection_status to STATUS_CONNECTED: sessionHandleID[1], previous_status:[-1]
[2024-08-01_13:18:17.316111][18000] BnD::B1HttpServerSessionManager: session modified: sessionHandleID[1]
[2024-08-01_13:18:17.316111][18000] SemiTS::LPRWASWebSocketServerSession: web socket accepted: peerAddress[127.0.0.1], localPort[22001]
[2024-08-01_13:18:17.316111][18000] SemiTS::LPRWASWebSocketServerSession: set connection_status to STATUS_CONNECTED: sessionHandleID[1], previous_status:[-1]
[2024-08-01_13:18:17.467042][23208] SemiTS::LPRWebAssistantServicePublic: {"MessageID":"LPRZonePurgeAttributesMsg","MessageData":{"ArchiveObject":{"ZoneID":"11110010","Flow1":"8","Flow2":"49","Flow3":"90","Pressure":"15","Humidity":"22","Temperature":"29"},"BaseTime":""}}
[2024-08-01_13:18:17.468043][23208] SemiTS::LPRWebAssistantServicePublic: {"MessageID":"LPRZonePurgeAttributesMsg","MessageData":{"ArchiveObject":{"ZoneID":"11110020","Flow1":"39","Flow2":"6","Flow3":"75","Pressure":"12","Humidity":"95","Temperature":"84"},"BaseTime":""}}
[2024-08-01_13:18:17.745212][17280] SemiTS::LPRWASWebSocketServerSession: set connection_status to STATUS_DISCONNECTED: sessionHandleID[0], previous_status:[3], reason[1]
[2024-08-01_13:18:17.745212][17280] SemiTS::LPRWASWebSocketServerSession: server session disconnected: sessionHandleID[0], peerAddress[], localPort[0], reason[1]
[2024-08-01_13:18:18.516766][23208] SemiTS::LPRWebAssistantServicePublic: {"MessageID":"LPRZonePurgeAttributesMsg","MessageData":{"ArchiveObject":{"ZoneID":"11110010","Flow1":"15","Flow2":"21","Flow3":"52","Pressure":"51","Humidity":"59","Temperature":"90"},"BaseTime":""}}
[2024-08-01_13:18:18.516766][23208] SemiTS::LPRWebAssistantServicePublic: {"MessageID":"LPRZonePurgeAttributesMsg","MessageData":{"ArchiveObject":{"ZoneID":"11110020","Flow1":"10","Flow2":"67","Flow3":"11","Pressure":"83","Humidity":"5","Temperature":"57"},"BaseTime":""}}
[2024-08-01_13:18:19.587436][23208] SemiTS::LPRWebAssistantServicePublic: {"MessageID":"LPRZonePurgeAttributesMsg","MessageData":{"ArchiveObject":{"ZoneID":"11110010","Flow1":"55","Flow2":"73","Flow3":"77","Pressure":"8","Humidity":"48","Temperature":"55"},"BaseTime":""}}
[2024-08-01_13:18:19.587436][23208] SemiTS::LPRWebAssistantServicePublic: {"MessageID":"LPRZonePurgeAttributesMsg","MessageData":{"ArchiveObject":{"ZoneID":"11110020","Flow1":"27","Flow2":"27","Flow3":"8","Pressure":"28","Humidity":"36","Temperature":"88"},"BaseTime":""}}
[2024-08-01_13:18:20.683361][23208] SemiTS::LPRWebAssistantServicePublic: {"MessageID":"LPRZonePurgeAttributesMsg","MessageData":{"ArchiveObject":{"ZoneID":"11110010","Flow1":"8","Flow2":"6","Flow3":"16","Pressure":"83","Humidity":"24","Temperature":"15"},"BaseTime":""}}
[2024-08-01_13:18:20.683361][23208] SemiTS::LPRWebAssistantServicePublic: {"MessageID":"LPRZonePurgeAttributesMsg","MessageData":{"ArchiveObject":{"ZoneID":"11110020","Flow1":"36","Flow2":"13","Flow3":"0","Pressure":"18","Humidity":"23","Temperature":"18"},"BaseTime":""}}
[2024-08-01_13:18:21.769428][23208] SemiTS::LPRWebAssistantServicePublic: {"MessageID":"LPRZonePurgeAttributesMsg","MessageData":{"ArchiveObject":{"ZoneID":"11110010","Flow1":"92","Flow2":"56","Flow3":"14","Pressure":"29","Humidity":"9","Temperature":"43"},"BaseTime":""}}
[2024-08-01_13:18:21.769428][23208] SemiTS::LPRWebAssistantServicePublic: {"MessageID":"LPRZonePurgeAttributesMsg","MessageData":{"ArchiveObject":{"ZoneID":"11110020","Flow1":"50","Flow2":"16","Flow3":"95","Pressure":"22","Humidity":"94","Temperature":"44"},"BaseTime":""}}
[2024-08-01_13:18:22.831983][23208] SemiTS::LPRWebAssistantServicePublic: {"MessageID":"LPRZonePurgeAttributesMsg","MessageData":{"ArchiveObject":{"ZoneID":"11110010","Flow1":"31","Flow2":"46","Flow3":"73","Pressure":"17","Humidity":"34","Temperature":"5"},"BaseTime":""}}
[2024-08-01_13:18:22.831983][23208] SemiTS::LPRWebAssistantServicePublic: {"MessageID":"LPRZonePurgeAttributesMsg","MessageData":{"ArchiveObject":{"ZoneID":"11110020","Flow1":"64","Flow2":"21","Flow3":"64","Pressure":"34","Humidity":"16","Temperature":"53"},"BaseTime":""}}
[2024-08-01_13:18:23.918471][23208] SemiTS::LPRWebAssistantServicePublic: {"MessageID":"LPRZonePurgeAttributesMsg","MessageData":{"ArchiveObject":{"ZoneID":"11110010","Flow1":"33","Flow2":"1","Flow3":"47","Pressure":"33","Humidity":"22","Temperature":"55"},"BaseTime":""}}
[2024-08-01_13:18:23.918471][23208] SemiTS::LPRWebAssistantServicePublic: {"MessageID":"LPRZonePurgeAttributesMsg","MessageData":{"ArchiveObject":{"ZoneID":"11110020","Flow1":"48","Flow2":"25","Flow3":"84","Pressure":"99","Humidity":"48","Temperature":"76"},"BaseTime":""}}
[2024-08-01_13:18:24.997084][23208] SemiTS::LPRWebAssistantServicePublic: {"MessageID":"LPRZonePurgeAttributesMsg","MessageData":{"ArchiveObject":{"ZoneID":"11110010","Flow1":"30","Flow2":"41","Flow3":"75","Pressure":"56","Humidity":"12","Temperature":"7"},"BaseTime":""}}
[2024-08-01_13:18:24.997084][23208] SemiTS::LPRWebAssistantServicePublic: {"MessageID":"LPRZonePurgeAttributesMsg","MessageData":{"ArchiveObject":{"ZoneID":"11110020","Flow1":"0","Flow2":"9","Flow3":"74","Pressure":"51","Humidity":"44","Temperature":"51"},"BaseTime":""}}
[2024-08-01_13:18:26.085287][23208] SemiTS::LPRWebAssistantServicePublic: {"MessageID":"LPRZonePurgeAttributesMsg","MessageData":{"ArchiveObject":{"ZoneID":"11110010","Flow1":"5","Flow2":"53","Flow3":"15","Pressure":"50","Humidity":"40","Temperature":"1"},"BaseTime":""}}
[2024-08-01_13:18:26.085886][23208] SemiTS::LPRWebAssistantServicePublic: {"MessageID":"LPRZonePurgeAttributesMsg","MessageData":{"ArchiveObject":{"ZoneID":"11110020","Flow1":"52","Flow2":"37","Flow3":"79","Pressure":"31","Humidity":"22","Temperature":"23"},"BaseTime":""}}
[2024-08-01_13:18:27.159075][23208] SemiTS::LPRWebAssistantServicePublic: {"MessageID":"LPRZonePurgeAttributesMsg","MessageData":{"ArchiveObject":{"ZoneID":"11110010","Flow1":"41","Flow2":"21","Flow3":"71","Pressure":"67","Humidity":"66","Temperature":"92"},"BaseTime":""}}
[2024-08-01_13:18:27.159075][23208] SemiTS::LPRWebAssistantServicePublic: {"MessageID":"LPRZonePurgeAttributesMsg","MessageData":{"ArchiveObject":{"ZoneID":"11110020","Flow1":"54","Flow2":"86","Flow3":"79","Pressure":"35","Humidity":"35","Temperature":"29"},"BaseTime":""}}
[2024-08-01_13:18:30.222346][18000] BnD::B1WebSocketReadWriteImpl: read failed: reason[1], message[The WebSocket stream was gracefully closed at both endpoints]
[2024-08-01_13:18:30.222346][18000] SemiTS::LPRWASWebSocketServerSession: set connection_status to STATUS_DISCONNECTING: sessionHandleID[1], previous_status:[2], reason[1]
[2024-08-01_13:18:30.489368][18000] SemiTS::WASWebServerSession: set connection_status to STATUS_CONNECTED: sessionHandleID[2], previous_status:[-1]
[2024-08-01_13:18:30.489368][18000] BnD::B1HttpServerSessionManager: session modified: sessionHandleID[2]
[2024-08-01_13:18:30.489368][18000] SemiTS::LPRWASWebSocketServerSession: web socket accepted: peerAddress[127.0.0.1], localPort[22001]
[2024-08-01_13:18:30.489368][18000] SemiTS::LPRWASWebSocketServerSession: set connection_status to STATUS_CONNECTED: sessionHandleID[2], previous_status:[-1]
[2024-08-01_13:18:30.865118][17280] SemiTS::LPRWASWebSocketServerSession: set connection_status to STATUS_DISCONNECTED: sessionHandleID[1], previous_status:[3], reason[1]
[2024-08-01_13:18:30.865118][17280] SemiTS::LPRWASWebSocketServerSession: server session disconnected: sessionHandleID[1], peerAddress[], localPort[0], reason[1]
[2024-08-01_13:18:34.767771][23208] SemiTS::LPRWebAssistantServicePublic: {"MessageID":"LPRZonePurgeAttributesMsg","MessageData":{"ArchiveObject":{"ZoneID":"11110010","Flow1":"36","Flow2":"56","Flow3":"90","Pressure":"85","Humidity":"38","Temperature":"12"},"BaseTime":""}}
[2024-08-01_13:18:34.767771][23208] SemiTS::LPRWebAssistantServicePublic: {"MessageID":"LPRZonePurgeAttributesMsg","MessageData":{"ArchiveObject":{"ZoneID":"11110020","Flow1":"52","Flow2":"24","Flow3":"55","Pressure":"74","Humidity":"73","Temperature":"56"},"BaseTime":""}}
[2024-08-01_13:18:35.847622][23208] SemiTS::LPRWebAssistantServicePublic: {"MessageID":"LPRZonePurgeAttributesMsg","MessageData":{"ArchiveObject":{"ZoneID":"11110010","Flow1":"95","Flow2":"7","Flow3":"35","Pressure":"86","Humidity":"93","Temperature":"88"},"BaseTime":""}}
[2024-08-01_13:18:35.847622][23208] SemiTS::LPRWebAssistantServicePublic: {"MessageID":"LPRZonePurgeAttributesMsg","MessageData":{"ArchiveObject":{"ZoneID":"11110020","Flow1":"1","Flow2":"19","Flow3":"48","Pressure":"27","Humidity":"71","Temperature":"65"},"BaseTime":""}}
[2024-08-01_13:18:36.938041][23208] SemiTS::LPRWebAssistantServicePublic: {"MessageID":"LPRZonePurgeAttributesMsg","MessageData":{"ArchiveObject":{"ZoneID":"11110010","Flow1":"14","Flow2":"7","Flow3":"57","Pressure":"41","Humidity":"2","Temperature":"67"},"BaseTime":""}}
[2024-08-01_13:18:36.938041][23208] SemiTS::LPRWebAssistantServicePublic: {"MessageID":"LPRZonePurgeAttributesMsg","MessageData":{"ArchiveObject":{"ZoneID":"11110020","Flow1":"55","Flow2":"0","Flow3":"33","Pressure":"84","Humidity":"5","Temperature":"64"},"BaseTime":""}}
[2024-08-01_13:18:38.028574][23208] SemiTS::LPRWebAssistantServicePublic: {"MessageID":"LPRZonePurgeAttributesMsg","MessageData":{"ArchiveObject":{"ZoneID":"11110010","Flow1":"16","Flow2":"30","Flow3":"66","Pressure":"0","Humidity":"3","Temperature":"52"},"BaseTime":""}}
[2024-08-01_13:18:38.028574][23208] SemiTS::LPRWebAssistantServicePublic: {"MessageID":"LPRZonePurgeAttributesMsg","MessageData":{"ArchiveObject":{"ZoneID":"11110020","Flow1":"33","Flow2":"74","Flow3":"77","Pressure":"95","Humidity":"33","Temperature":"8"},"BaseTime":""}}
[2024-08-01_13:18:39.119124][23208] SemiTS::LPRWebAssistantServicePublic: {"MessageID":"LPRZonePurgeAttributesMsg","MessageData":{"ArchiveObject":{"ZoneID":"11110010","Flow1":"94","Flow2":"34","Flow3":"69","Pressure":"57","Humidity":"5","Temperature":"51"},"BaseTime":""}}
[2024-08-01_13:18:39.119124][23208] SemiTS::LPRWebAssistantServicePublic: {"MessageID":"LPRZonePurgeAttributesMsg","MessageData":{"ArchiveObject":{"ZoneID":"11110020","Flow1":"5","Flow2":"14","Flow3":"4","Pressure":"3","Humidity":"56","Temperature":"21"},"BaseTime":""}}
[2024-08-01_13:18:40.213126][23208] SemiTS::LPRWebAssistantServicePublic: {"MessageID":"LPRZonePurgeAttributesMsg","MessageData":{"ArchiveObject":{"ZoneID":"11110010","Flow1":"5","Flow2":"26","Flow3":"47","Pressure":"76","Humidity":"34","Temperature":"65"},"BaseTime":""}}
[2024-08-01_13:18:40.213204][23208] SemiTS::LPRWebAssistantServicePublic: {"MessageID":"LPRZonePurgeAttributesMsg","MessageData":{"ArchiveObject":{"ZoneID":"11110020","Flow1":"28","Flow2":"68","Flow3":"22","Pressure":"93","Humidity":"98","Temperature":"44"},"BaseTime":""}}
[2024-08-01_13:18:41.287104][23208] SemiTS::LPRWebAssistantServicePublic: {"MessageID":"LPRZonePurgeAttributesMsg","MessageData":{"ArchiveObject":{"ZoneID":"11110010","Flow1":"37","Flow2":"5","Flow3":"36","Pressure":"41","Humidity":"34","Temperature":"11"},"BaseTime":""}}
[2024-08-01_13:18:41.287104][23208] SemiTS::LPRWebAssistantServicePublic: {"MessageID":"LPRZonePurgeAttributesMsg","MessageData":{"ArchiveObject":{"ZoneID":"11110020","Flow1":"4","Flow2":"12","Flow3":"60","Pressure":"39","Humidity":"66","Temperature":"18"},"BaseTime":""}}
[2024-08-01_13:18:42.380718][23208] SemiTS::LPRWebAssistantServicePublic: {"MessageID":"LPRZonePurgeAttributesMsg","MessageData":{"ArchiveObject":{"ZoneID":"11110010","Flow1":"4","Flow2":"3","Flow3":"85","Pressure":"34","Humidity":"56","Temperature":"66"},"BaseTime":""}}
[2024-08-01_13:18:42.380718][23208] SemiTS::LPRWebAssistantServicePublic: {"MessageID":"LPRZonePurgeAttributesMsg","MessageData":{"ArchiveObject":{"ZoneID":"11110020","Flow1":"45","Flow2":"16","Flow3":"34","Pressure":"12","Humidity":"22","Temperature":"9"},"BaseTime":""}}
[2024-08-01_13:18:43.483558][23208] SemiTS::LPRWebAssistantServicePublic: {"MessageID":"LPRZonePurgeAttributesMsg","MessageData":{"ArchiveObject":{"ZoneID":"11110010","Flow1":"14","Flow2":"13","Flow3":"0","Pressure":"91","Humidity":"50","Temperature":"1"},"BaseTime":""}}
[2024-08-01_13:18:43.483558][23208] SemiTS::LPRWebAssistantServicePublic: {"MessageID":"LPRZonePurgeAttributesMsg","MessageData":{"ArchiveObject":{"ZoneID":"11110020","Flow1":"59","Flow2":"50","Flow3":"21","Pressure":"3","Humidity":"65","Temperature":"36"},"BaseTime":""}}
[2024-08-01_13:18:44.580205][23208] SemiTS::LPRWebAssistantServicePublic: {"MessageID":"LPRZonePurgeAttributesMsg","MessageData":{"ArchiveObject":{"ZoneID":"11110010","Flow1":"70","Flow2":"53","Flow3":"70","Pressure":"5","Humidity":"22","Temperature":"20"},"BaseTime":""}}
[2024-08-01_13:18:44.580205][23208] SemiTS::LPRWebAssistantServicePublic: {"MessageID":"LPRZonePurgeAttributesMsg","MessageData":{"ArchiveObject":{"ZoneID":"11110020","Flow1":"87","Flow2":"81","Flow3":"59","Pressure":"16","Humidity":"34","Temperature":"22"},"BaseTime":""}}
[2024-08-01_13:18:45.668422][23208] SemiTS::LPRWebAssistantServicePublic: {"MessageID":"LPRZonePurgeAttributesMsg","MessageData":{"ArchiveObject":{"ZoneID":"11110010","Flow1":"58","Flow2":"10","Flow3":"52","Pressure":"52","Humidity":"39","Temperature":"68"},"BaseTime":""}}
[2024-08-01_13:18:45.668422][23208] SemiTS::LPRWebAssistantServicePublic: {"MessageID":"LPRZonePurgeAttributesMsg","MessageData":{"ArchiveObject":{"ZoneID":"11110020","Flow1":"92","Flow2":"63","Flow3":"51","Pressure":"1","Humidity":"60","Temperature":"57"},"BaseTime":""}}
[2024-08-01_13:18:46.747310][23208] SemiTS::LPRWebAssistantServicePublic: {"MessageID":"LPRZonePurgeAttributesMsg","MessageData":{"ArchiveObject":{"ZoneID":"11110010","Flow1":"3","Flow2":"98","Flow3":"18","Pressure":"40","Humidity":"43","Temperature":"20"},"BaseTime":""}}
[2024-08-01_13:18:46.747310][23208] SemiTS::LPRWebAssistantServicePublic: {"MessageID":"LPRZonePurgeAttributesMsg","MessageData":{"ArchiveObject":{"ZoneID":"11110020","Flow1":"61","Flow2":"39","Flow3":"89","Pressure":"10","Humidity":"87","Temperature":"95"},"BaseTime":""}}
[2024-08-01_13:18:47.820586][23208] SemiTS::LPRWebAssistantServicePublic: {"MessageID":"LPRZonePurgeAttributesMsg","MessageData":{"ArchiveObject":{"ZoneID":"11110010","Flow1":"56","Flow2":"61","Flow3":"60","Pressure":"83","Humidity":"7","Temperature":"46"},"BaseTime":""}}
[2024-08-01_13:18:47.820586][23208] SemiTS::LPRWebAssistantServicePublic: {"MessageID":"LPRZonePurgeAttributesMsg","MessageData":{"ArchiveObject":{"ZoneID":"11110020","Flow1":"52","Flow2":"96","Flow3":"30","Pressure":"52","Humidity":"18","Temperature":"64"},"BaseTime":""}}
[2024-08-01_13:18:48.898174][23208] SemiTS::LPRWebAssistantServicePublic: {"MessageID":"LPRZonePurgeAttributesMsg","MessageData":{"ArchiveObject":{"ZoneID":"11110010","Flow1":"35","Flow2":"96","Flow3":"27","Pressure":"47","Humidity":"20","Temperature":"57"},"BaseTime":""}}
[2024-08-01_13:18:48.898174][23208] SemiTS::LPRWebAssistantServicePublic: {"MessageID":"LPRZonePurgeAttributesMsg","MessageData":{"ArchiveObject":{"ZoneID":"11110020","Flow1":"49","Flow2":"0","Flow3":"28","Pressure":"27","Humidity":"86","Temperature":"10"},"BaseTime":""}}
[2024-08-01_13:18:49.985696][23208] SemiTS::LPRWebAssistantServicePublic: {"MessageID":"LPRZonePurgeAttributesMsg","MessageData":{"ArchiveObject":{"ZoneID":"11110010","Flow1":"23","Flow2":"70","Flow3":"63","Pressure":"30","Humidity":"40","Temperature":"38"},"BaseTime":""}}
[2024-08-01_13:18:49.985696][23208] SemiTS::LPRWebAssistantServicePublic: {"MessageID":"LPRZonePurgeAttributesMsg","MessageData":{"ArchiveObject":{"ZoneID":"11110020","Flow1":"24","Flow2":"90","Flow3":"38","Pressure":"22","Humidity":"39","Temperature":"2"},"BaseTime":""}}
[2024-08-01_13:18:51.078767][23208] SemiTS::LPRWebAssistantServicePublic: {"MessageID":"LPRZonePurgeAttributesMsg","MessageData":{"ArchiveObject":{"ZoneID":"11110010","Flow1":"64","Flow2":"25","Flow3":"21","Pressure":"54","Humidity":"48","Temperature":"8"},"BaseTime":""}}
[2024-08-01_13:18:51.078767][23208] SemiTS::LPRWebAssistantServicePublic: {"MessageID":"LPRZonePurgeAttributesMsg","MessageData":{"ArchiveObject":{"ZoneID":"11110020","Flow1":"39","Flow2":"89","Flow3":"57","Pressure":"82","Humidity":"36","Temperature":"57"},"BaseTime":""}}
[2024-08-01_13:18:52.168936][23208] SemiTS::LPRWebAssistantServicePublic: {"MessageID":"LPRZonePurgeAttributesMsg","MessageData":{"ArchiveObject":{"ZoneID":"11110010","Flow1":"53","Flow2":"41","Flow3":"7","Pressure":"58","Humidity":"31","Temperature":"89"},"BaseTime":""}}
[2024-08-01_13:18:52.168936][23208] SemiTS::LPRWebAssistantServicePublic: {"MessageID":"LPRZonePurgeAttributesMsg","MessageData":{"ArchiveObject":{"ZoneID":"11110020","Flow1":"76","Flow2":"23","Flow3":"38","Pressure":"26","Humidity":"12","Temperature":"2"},"BaseTime":""}}
[2024-08-01_13:18:53.264139][23208] SemiTS::LPRWebAssistantServicePublic: {"MessageID":"LPRZonePurgeAttributesMsg","MessageData":{"ArchiveObject":{"ZoneID":"11110010","Flow1":"25","Flow2":"25","Flow3":"49","Pressure":"99","Humidity":"43","Temperature":"18"},"BaseTime":""}}
[2024-08-01_13:18:53.264139][23208] SemiTS::LPRWebAssistantServicePublic: {"MessageID":"LPRZonePurgeAttributesMsg","MessageData":{"ArchiveObject":{"ZoneID":"11110020","Flow1":"50","Flow2":"33","Flow3":"22","Pressure":"65","Humidity":"38","Temperature":"60"},"BaseTime":""}}
[2024-08-01_13:18:54.352255][23208] SemiTS::LPRWebAssistantServicePublic: {"MessageID":"LPRZonePurgeAttributesMsg","MessageData":{"ArchiveObject":{"ZoneID":"11110010","Flow1":"88","Flow2":"62","Flow3":"98","Pressure":"6","Humidity":"67","Temperature":"27"},"BaseTime":""}}
[2024-08-01_13:18:54.352853][23208] SemiTS::LPRWebAssistantServicePublic: {"MessageID":"LPRZonePurgeAttributesMsg","MessageData":{"ArchiveObject":{"ZoneID":"11110020","Flow1":"34","Flow2":"11","Flow3":"26","Pressure":"24","Humidity":"17","Temperature":"10"},"BaseTime":""}}
[2024-08-01_13:18:55.435837][23208] SemiTS::LPRWebAssistantServicePublic: {"MessageID":"LPRZonePurgeAttributesMsg","MessageData":{"ArchiveObject":{"ZoneID":"11110010","Flow1":"15","Flow2":"72","Flow3":"0","Pressure":"31","Humidity":"62","Temperature":"3"},"BaseTime":""}}
[2024-08-01_13:18:55.435837][23208] SemiTS::LPRWebAssistantServicePublic: {"MessageID":"LPRZonePurgeAttributesMsg","MessageData":{"ArchiveObject":{"ZoneID":"11110020","Flow1":"91","Flow2":"34","Flow3":"49","Pressure":"14","Humidity":"17","Temperature":"29"},"BaseTime":""}}
[2024-08-01_13:19:26.185823][18000] BnD::B1WebSocketReadWriteImpl: read failed: reason[10054], message[현재 연결은 원격 호스트에 의해 강제로 끊겼습니다]
[2024-08-01_13:19:26.185823][18000] SemiTS::LPRWASWebSocketServerSession: set connection_status to STATUS_DISCONNECTING: sessionHandleID[2], previous_status:[2], reason[10054]
[2024-08-01_13:19:26.261782][17280] SemiTS::LPRWASWebSocketServerSession: set connection_status to STATUS_DISCONNECTED: sessionHandleID[2], previous_status:[3], reason[10054]
[2024-08-01_13:19:26.261782][17280] SemiTS::LPRWASWebSocketServerSession: server session disconnected: sessionHandleID[2], peerAddress[127.0.0.1], localPort[22001], reason[10054]
[2024-08-01_13:19:28.491113][18000] SemiTS::WASWebServerSession: set connection_status to STATUS_CONNECTED: sessionHandleID[0], previous_status:[-1]
[2024-08-01_13:19:28.491113][18000] BnD::B1HttpServerSessionManager: session modified: sessionHandleID[0]
[2024-08-01_13:19:28.491113][18000] SemiTS::LPRWASWebSocketServerSession: web socket accepted: peerAddress[127.0.0.1], localPort[22001]
[2024-08-01_13:19:28.491113][18000] SemiTS::LPRWASWebSocketServerSession: set connection_status to STATUS_CONNECTED: sessionHandleID[0], previous_status:[-1]
[2024-08-01_13:19:35.783839][23208] SemiTS::LPRWebAssistantServicePublic: {"MessageID":"LPRZonePurgeAttributesMsg","MessageData":{"ArchiveObject":{"ZoneID":"11110010","Flow1":"94","Flow2":"35","Flow3":"33","Pressure":"41","Humidity":"30","Temperature":"97"},"BaseTime":""}}
[2024-08-01_13:19:35.783839][23208] SemiTS::LPRWebAssistantServicePublic: {"MessageID":"LPRZonePurgeAttributesMsg","MessageData":{"ArchiveObject":{"ZoneID":"11110020","Flow1":"29","Flow2":"21","Flow3":"27","Pressure":"30","Humidity":"36","Temperature":"51"},"BaseTime":""}}
[2024-08-01_13:19:36.867737][23208] SemiTS::LPRWebAssistantServicePublic: {"MessageID":"LPRZonePurgeAttributesMsg","MessageData":{"ArchiveObject":{"ZoneID":"11110010","Flow1":"12","Flow2":"19","Flow3":"87","Pressure":"19","Humidity":"3","Temperature":"35"},"BaseTime":""}}
[2024-08-01_13:19:36.867737][23208] SemiTS::LPRWebAssistantServicePublic: {"MessageID":"LPRZonePurgeAttributesMsg","MessageData":{"ArchiveObject":{"ZoneID":"11110020","Flow1":"75","Flow2":"37","Flow3":"84","Pressure":"32","Humidity":"81","Temperature":"54"},"BaseTime":""}}
[2024-08-01_13:19:37.940945][23208] SemiTS::LPRWebAssistantServicePublic: {"MessageID":"LPRZonePurgeAttributesMsg","MessageData":{"ArchiveObject":{"ZoneID":"11110010","Flow1":"28","Flow2":"31","Flow3":"97","Pressure":"6","Humidity":"5","Temperature":"50"},"BaseTime":""}}
[2024-08-01_13:19:37.940945][23208] SemiTS::LPRWebAssistantServicePublic: {"MessageID":"LPRZonePurgeAttributesMsg","MessageData":{"ArchiveObject":{"ZoneID":"11110020","Flow1":"96","Flow2":"33","Flow3":"76","Pressure":"31","Humidity":"85","Temperature":"20"},"BaseTime":""}}
[2024-08-01_13:19:39.000744][23208] SemiTS::LPRWebAssistantServicePublic: {"MessageID":"LPRZonePurgeAttributesMsg","MessageData":{"ArchiveObject":{"ZoneID":"11110010","Flow1":"2","Flow2":"22","Flow3":"50","Pressure":"89","Humidity":"51","Temperature":"71"},"BaseTime":""}}
[2024-08-01_13:19:39.000744][23208] SemiTS::LPRWebAssistantServicePublic: {"MessageID":"LPRZonePurgeAttributesMsg","MessageData":{"ArchiveObject":{"ZoneID":"11110020","Flow1":"48","Flow2":"49","Flow3":"96","Pressure":"13","Humidity":"7","Temperature":"32"},"BaseTime":""}}
[2024-08-01_13:19:40.082921][23208] SemiTS::LPRWebAssistantServicePublic: {"MessageID":"LPRZonePurgeAttributesMsg","MessageData":{"ArchiveObject":{"ZoneID":"11110010","Flow1":"28","Flow2":"34","Flow3":"67","Pressure":"74","Humidity":"30","Temperature":"1"},"BaseTime":""}}
[2024-08-01_13:19:40.082921][23208] SemiTS::LPRWebAssistantServicePublic: {"MessageID":"LPRZonePurgeAttributesMsg","MessageData":{"ArchiveObject":{"ZoneID":"11110020","Flow1":"75","Flow2":"89","Flow3":"57","Pressure":"24","Humidity":"14","Temperature":"55"},"BaseTime":""}}
[2024-08-01_13:19:41.150129][23208] SemiTS::LPRWebAssistantServicePublic: {"MessageID":"LPRZonePurgeAttributesMsg","MessageData":{"ArchiveObject":{"ZoneID":"11110010","Flow1":"7","Flow2":"89","Flow3":"0","Pressure":"30","Humidity":"10","Temperature":"79"},"BaseTime":""}}
[2024-08-01_13:19:41.150814][23208] SemiTS::LPRWebAssistantServicePublic: {"MessageID":"LPRZonePurgeAttributesMsg","MessageData":{"ArchiveObject":{"ZoneID":"11110020","Flow1":"89","Flow2":"49","Flow3":"76","Pressure":"40","Humidity":"69","Temperature":"28"},"BaseTime":""}}
[2024-08-01_13:19:42.201552][23208] SemiTS::LPRWebAssistantServicePublic: {"MessageID":"LPRZonePurgeAttributesMsg","MessageData":{"ArchiveObject":{"ZoneID":"11110010","Flow1":"70","Flow2":"70","Flow3":"7","Pressure":"91","Humidity":"23","Temperature":"55"},"BaseTime":""}}
[2024-08-01_13:19:42.201552][23208] SemiTS::LPRWebAssistantServicePublic: {"MessageID":"LPRZonePurgeAttributesMsg","MessageData":{"ArchiveObject":{"ZoneID":"11110020","Flow1":"63","Flow2":"58","Flow3":"65","Pressure":"49","Humidity":"30","Temperature":"57"},"BaseTime":""}}
[2024-08-01_13:19:43.281166][23208] SemiTS::LPRWebAssistantServicePublic: {"MessageID":"LPRZonePurgeAttributesMsg","MessageData":{"ArchiveObject":{"ZoneID":"11110010","Flow1":"13","Flow2":"34","Flow3":"51","Pressure":"99","Humidity":"79","Temperature":"55"},"BaseTime":""}}
[2024-08-01_13:19:43.281166][23208] SemiTS::LPRWebAssistantServicePublic: {"MessageID":"LPRZonePurgeAttributesMsg","MessageData":{"ArchiveObject":{"ZoneID":"11110020","Flow1":"37","Flow2":"60","Flow3":"93","Pressure":"63","Humidity":"50","Temperature":"16"},"BaseTime":""}}
[2024-08-01_13:19:44.369302][23208] SemiTS::LPRWebAssistantServicePublic: {"MessageID":"LPRZonePurgeAttributesMsg","MessageData":{"ArchiveObject":{"ZoneID":"11110010","Flow1":"72","Flow2":"51","Flow3":"86","Pressure":"64","Humidity":"10","Temperature":"39"},"BaseTime":""}}
[2024-08-01_13:19:44.369302][23208] SemiTS::LPRWebAssistantServicePublic: {"MessageID":"LPRZonePurgeAttributesMsg","MessageData":{"ArchiveObject":{"ZoneID":"11110020","Flow1":"53","Flow2":"47","Flow3":"26","Pressure":"87","Humidity":"21","Temperature":"1"},"BaseTime":""}}
[2024-08-01_13:19:45.448278][23208] SemiTS::LPRWebAssistantServicePublic: {"MessageID":"LPRZonePurgeAttributesMsg","MessageData":{"ArchiveObject":{"ZoneID":"11110010","Flow1":"85","Flow2":"31","Flow3":"67","Pressure":"62","Humidity":"47","Temperature":"52"},"BaseTime":""}}
[2024-08-01_13:19:45.448278][23208] SemiTS::LPRWebAssistantServicePublic: {"MessageID":"LPRZonePurgeAttributesMsg","MessageData":{"ArchiveObject":{"ZoneID":"11110020","Flow1":"7","Flow2":"10","Flow3":"25","Pressure":"20","Humidity":"21","Temperature":"92"},"BaseTime":""}}
[2024-08-01_13:19:46.529777][23208] SemiTS::LPRWebAssistantServicePublic: {"MessageID":"LPRZonePurgeAttributesMsg","MessageData":{"ArchiveObject":{"ZoneID":"11110010","Flow1":"16","Flow2":"40","Flow3":"51","Pressure":"57","Humidity":"21","Temperature":"28"},"BaseTime":""}}
[2024-08-01_13:19:46.530326][23208] SemiTS::LPRWebAssistantServicePublic: {"MessageID":"LPRZonePurgeAttributesMsg","MessageData":{"ArchiveObject":{"ZoneID":"11110020","Flow1":"49","Flow2":"11","Flow3":"38","Pressure":"18","Humidity":"16","Temperature":"46"},"BaseTime":""}}
[2024-08-01_13:19:47.618105][23208] SemiTS::LPRWebAssistantServicePublic: {"MessageID":"LPRZonePurgeAttributesMsg","MessageData":{"ArchiveObject":{"ZoneID":"11110010","Flow1":"10","Flow2":"19","Flow3":"58","Pressure":"53","Humidity":"85","Temperature":"50"},"BaseTime":""}}
[2024-08-01_13:19:47.619109][23208] SemiTS::LPRWebAssistantServicePublic: {"MessageID":"LPRZonePurgeAttributesMsg","MessageData":{"ArchiveObject":{"ZoneID":"11110020","Flow1":"17","Flow2":"27","Flow3":"42","Pressure":"42","Humidity":"30","Temperature":"95"},"BaseTime":""}}
[2024-08-01_13:19:48.679818][23208] SemiTS::LPRWebAssistantServicePublic: {"MessageID":"LPRZonePurgeAttributesMsg","MessageData":{"ArchiveObject":{"ZoneID":"11110010","Flow1":"48","Flow2":"3","Flow3":"36","Pressure":"26","Humidity":"82","Temperature":"16"},"BaseTime":""}}
[2024-08-01_13:19:48.679818][23208] SemiTS::LPRWebAssistantServicePublic: {"MessageID":"LPRZonePurgeAttributesMsg","MessageData":{"ArchiveObject":{"ZoneID":"11110020","Flow1":"96","Flow2":"21","Flow3":"54","Pressure":"7","Humidity":"39","Temperature":"27"},"BaseTime":""}}
[2024-08-01_13:19:49.749392][23208] SemiTS::LPRWebAssistantServicePublic: {"MessageID":"LPRZonePurgeAttributesMsg","MessageData":{"ArchiveObject":{"ZoneID":"11110010","Flow1":"97","Flow2":"71","Flow3":"63","Pressure":"12","Humidity":"41","Temperature":"98"},"BaseTime":""}}
[2024-08-01_13:19:49.749392][23208] SemiTS::LPRWebAssistantServicePublic: {"MessageID":"LPRZonePurgeAttributesMsg","MessageData":{"ArchiveObject":{"ZoneID":"11110020","Flow1":"62","Flow2":"29","Flow3":"22","Pressure":"67","Humidity":"9","Temperature":"98"},"BaseTime":""}}
[2024-08-01_13:19:50.798423][23208] SemiTS::LPRWebAssistantServicePublic: {"MessageID":"LPRZonePurgeAttributesMsg","MessageData":{"ArchiveObject":{"ZoneID":"11110010","Flow1":"77","Flow2":"75","Flow3":"35","Pressure":"38","Humidity":"98","Temperature":"32"},"BaseTime":""}}
[2024-08-01_13:19:50.799469][23208] SemiTS::LPRWebAssistantServicePublic: {"MessageID":"LPRZonePurgeAttributesMsg","MessageData":{"ArchiveObject":{"ZoneID":"11110020","Flow1":"65","Flow2":"66","Flow3":"45","Pressure":"29","Humidity":"1","Temperature":"84"},"BaseTime":""}}
[2024-08-01_13:19:51.850774][23208] SemiTS::LPRWebAssistantServicePublic: {"MessageID":"LPRZonePurgeAttributesMsg","MessageData":{"ArchiveObject":{"ZoneID":"11110010","Flow1":"20","Flow2":"51","Flow3":"45","Pressure":"49","Humidity":"59","Temperature":"71"},"BaseTime":""}}
[2024-08-01_13:19:51.850774][23208] SemiTS::LPRWebAssistantServicePublic: {"MessageID":"LPRZonePurgeAttributesMsg","MessageData":{"ArchiveObject":{"ZoneID":"11110020","Flow1":"98","Flow2":"49","Flow3":"68","Pressure":"94","Humidity":"60","Temperature":"26"},"BaseTime":""}}
[2024-08-01_13:19:52.967011][23208] SemiTS::LPRWebAssistantServicePublic: {"MessageID":"LPRZonePurgeAttributesMsg","MessageData":{"ArchiveObject":{"ZoneID":"11110010","Flow1":"55","Flow2":"61","Flow3":"21","Pressure":"96","Humidity":"96","Temperature":"41"},"BaseTime":""}}
[2024-08-01_13:19:52.967011][23208] SemiTS::LPRWebAssistantServicePublic: {"MessageID":"LPRZonePurgeAttributesMsg","MessageData":{"ArchiveObject":{"ZoneID":"11110020","Flow1":"6","Flow2":"47","Flow3":"80","Pressure":"33","Humidity":"72","Temperature":"69"},"BaseTime":""}}
[2024-08-01_13:19:54.063259][23208] SemiTS::LPRWebAssistantServicePublic: {"MessageID":"LPRZonePurgeAttributesMsg","MessageData":{"ArchiveObject":{"ZoneID":"11110010","Flow1":"46","Flow2":"45","Flow3":"39","Pressure":"81","Humidity":"15","Temperature":"47"},"BaseTime":""}}
[2024-08-01_13:19:54.063259][23208] SemiTS::LPRWebAssistantServicePublic: {"MessageID":"LPRZonePurgeAttributesMsg","MessageData":{"ArchiveObject":{"ZoneID":"11110020","Flow1":"55","Flow2":"65","Flow3":"55","Pressure":"28","Humidity":"24","Temperature":"28"},"BaseTime":""}}
[2024-08-01_13:19:55.141209][23208] SemiTS::LPRWebAssistantServicePublic: {"MessageID":"LPRZonePurgeAttributesMsg","MessageData":{"ArchiveObject":{"ZoneID":"11110010","Flow1":"18","Flow2":"50","Flow3":"67","Pressure":"59","Humidity":"81","Temperature":"39"},"BaseTime":""}}
[2024-08-01_13:19:55.141209][23208] SemiTS::LPRWebAssistantServicePublic: {"MessageID":"LPRZonePurgeAttributesMsg","MessageData":{"ArchiveObject":{"ZoneID":"11110020","Flow1":"53","Flow2":"73","Flow3":"2","Pressure":"80","Humidity":"32","Temperature":"24"},"BaseTime":""}}
[2024-08-01_13:19:56.198434][23208] SemiTS::LPRWebAssistantServicePublic: {"MessageID":"LPRZonePurgeAttributesMsg","MessageData":{"ArchiveObject":{"ZoneID":"11110010","Flow1":"35","Flow2":"27","Flow3":"28","Pressure":"50","Humidity":"69","Temperature":"42"},"BaseTime":""}}
[2024-08-01_13:19:56.198434][23208] SemiTS::LPRWebAssistantServicePublic: {"MessageID":"LPRZonePurgeAttributesMsg","MessageData":{"ArchiveObject":{"ZoneID":"11110020","Flow1":"56","Flow2":"56","Flow3":"44","Pressure":"81","Humidity":"65","Temperature":"6"},"BaseTime":""}}
[2024-08-01_13:19:57.265979][23208] SemiTS::LPRWebAssistantServicePublic: {"MessageID":"LPRZonePurgeAttributesMsg","MessageData":{"ArchiveObject":{"ZoneID":"11110010","Flow1":"88","Flow2":"29","Flow3":"70","Pressure":"3","Humidity":"80","Temperature":"46"},"BaseTime":""}}
[2024-08-01_13:19:57.266092][23208] SemiTS::LPRWebAssistantServicePublic: {"MessageID":"LPRZonePurgeAttributesMsg","MessageData":{"ArchiveObject":{"ZoneID":"11110020","Flow1":"12","Flow2":"23","Flow3":"94","Pressure":"70","Humidity":"31","Temperature":"94"},"BaseTime":""}}
[2024-08-01_13:19:58.350582][23208] SemiTS::LPRWebAssistantServicePublic: {"MessageID":"LPRZonePurgeAttributesMsg","MessageData":{"ArchiveObject":{"ZoneID":"11110010","Flow1":"98","Flow2":"51","Flow3":"54","Pressure":"50","Humidity":"12","Temperature":"27"},"BaseTime":""}}
[2024-08-01_13:19:58.350582][23208] SemiTS::LPRWebAssistantServicePublic: {"MessageID":"LPRZonePurgeAttributesMsg","MessageData":{"ArchiveObject":{"ZoneID":"11110020","Flow1":"80","Flow2":"51","Flow3":"43","Pressure":"26","Humidity":"32","Temperature":"74"},"BaseTime":""}}
[2024-08-01_13:19:59.418280][23208] SemiTS::LPRWebAssistantServicePublic: {"MessageID":"LPRZonePurgeAttributesMsg","MessageData":{"ArchiveObject":{"ZoneID":"11110010","Flow1":"19","Flow2":"28","Flow3":"38","Pressure":"80","Humidity":"85","Temperature":"83"},"BaseTime":""}}
[2024-08-01_13:19:59.418280][23208] SemiTS::LPRWebAssistantServicePublic: {"MessageID":"LPRZonePurgeAttributesMsg","MessageData":{"ArchiveObject":{"ZoneID":"11110020","Flow1":"10","Flow2":"37","Flow3":"30","Pressure":"3","Humidity":"41","Temperature":"80"},"BaseTime":""}}
[2024-08-01_13:20:00.503200][23208] SemiTS::LPRWebAssistantServicePublic: {"MessageID":"LPRZonePurgeAttributesMsg","MessageData":{"ArchiveObject":{"ZoneID":"11110010","Flow1":"97","Flow2":"48","Flow3":"9","Pressure":"41","Humidity":"77","Temperature":"48"},"BaseTime":""}}
[2024-08-01_13:20:00.503200][23208] SemiTS::LPRWebAssistantServicePublic: {"MessageID":"LPRZonePurgeAttributesMsg","MessageData":{"ArchiveObject":{"ZoneID":"11110020","Flow1":"30","Flow2":"33","Flow3":"10","Pressure":"74","Humidity":"30","Temperature":"20"},"BaseTime":""}}
[2024-08-01_13:20:01.616336][23208] SemiTS::LPRWebAssistantServicePublic: {"MessageID":"LPRZonePurgeAttributesMsg","MessageData":{"ArchiveObject":{"ZoneID":"11110010","Flow1":"63","Flow2":"62","Flow3":"5","Pressure":"12","Humidity":"68","Temperature":"25"},"BaseTime":""}}
[2024-08-01_13:20:01.616715][23208] SemiTS::LPRWebAssistantServicePublic: {"MessageID":"LPRZonePurgeAttributesMsg","MessageData":{"ArchiveObject":{"ZoneID":"11110020","Flow1":"29","Flow2":"24","Flow3":"8","Pressure":"52","Humidity":"47","Temperature":"76"},"BaseTime":""}}
[2024-08-01_13:20:02.698794][23208] SemiTS::LPRWebAssistantServicePublic: {"MessageID":"LPRZonePurgeAttributesMsg","MessageData":{"ArchiveObject":{"ZoneID":"11110010","Flow1":"30","Flow2":"40","Flow3":"87","Pressure":"92","Humidity":"28","Temperature":"28"},"BaseTime":""}}
[2024-08-01_13:20:02.698794][23208] SemiTS::LPRWebAssistantServicePublic: {"MessageID":"LPRZonePurgeAttributesMsg","MessageData":{"ArchiveObject":{"ZoneID":"11110020","Flow1":"65","Flow2":"32","Flow3":"56","Pressure":"23","Humidity":"84","Temperature":"34"},"BaseTime":""}}
[2024-08-01_13:20:03.749380][23208] SemiTS::LPRWebAssistantServicePublic: {"MessageID":"LPRZonePurgeAttributesMsg","MessageData":{"ArchiveObject":{"ZoneID":"11110010","Flow1":"86","Flow2":"56","Flow3":"59","Pressure":"56","Humidity":"77","Temperature":"7"},"BaseTime":""}}
[2024-08-01_13:20:03.749526][23208] SemiTS::LPRWebAssistantServicePublic: {"MessageID":"LPRZonePurgeAttributesMsg","MessageData":{"ArchiveObject":{"ZoneID":"11110020","Flow1":"50","Flow2":"35","Flow3":"29","Pressure":"68","Humidity":"46","Temperature":"88"},"BaseTime":""}}
[2024-08-01_13:20:04.805309][23208] SemiTS::LPRWebAssistantServicePublic: {"MessageID":"LPRZonePurgeAttributesMsg","MessageData":{"ArchiveObject":{"ZoneID":"11110010","Flow1":"14","Flow2":"26","Flow3":"32","Pressure":"54","Humidity":"67","Temperature":"97"},"BaseTime":""}}
[2024-08-01_13:20:04.805309][23208] SemiTS::LPRWebAssistantServicePublic: {"MessageID":"LPRZonePurgeAttributesMsg","MessageData":{"ArchiveObject":{"ZoneID":"11110020","Flow1":"23","Flow2":"24","Flow3":"81","Pressure":"8","Humidity":"7","Temperature":"25"},"BaseTime":""}}
[2024-08-01_13:20:05.869421][23208] SemiTS::LPRWebAssistantServicePublic: {"MessageID":"LPRZonePurgeAttributesMsg","MessageData":{"ArchiveObject":{"ZoneID":"11110010","Flow1":"57","Flow2":"78","Flow3":"69","Pressure":"37","Humidity":"15","Temperature":"27"},"BaseTime":""}}
[2024-08-01_13:20:05.869421][23208] SemiTS::LPRWebAssistantServicePublic: {"MessageID":"LPRZonePurgeAttributesMsg","MessageData":{"ArchiveObject":{"ZoneID":"11110020","Flow1":"49","Flow2":"10","Flow3":"97","Pressure":"65","Humidity":"47","Temperature":"55"},"BaseTime":""}}
[2024-08-01_13:20:06.968679][23208] SemiTS::LPRWebAssistantServicePublic: {"MessageID":"LPRZonePurgeAttributesMsg","MessageData":{"ArchiveObject":{"ZoneID":"11110010","Flow1":"47","Flow2":"96","Flow3":"13","Pressure":"60","Humidity":"32","Temperature":"7"},"BaseTime":""}}
[2024-08-01_13:20:06.968679][23208] SemiTS::LPRWebAssistantServicePublic: {"MessageID":"LPRZonePurgeAttributesMsg","MessageData":{"ArchiveObject":{"ZoneID":"11110020","Flow1":"87","Flow2":"58","Flow3":"85","Pressure":"27","Humidity":"64","Temperature":"71"},"BaseTime":""}}
[2024-08-01_13:20:08.061674][23208] SemiTS::LPRWebAssistantServicePublic: {"MessageID":"LPRZonePurgeAttributesMsg","MessageData":{"ArchiveObject":{"ZoneID":"11110010","Flow1":"16","Flow2":"25","Flow3":"61","Pressure":"61","Humidity":"32","Temperature":"75"},"BaseTime":""}}
[2024-08-01_13:20:08.061674][23208] SemiTS::LPRWebAssistantServicePublic: {"MessageID":"LPRZonePurgeAttributesMsg","MessageData":{"ArchiveObject":{"ZoneID":"11110020","Flow1":"84","Flow2":"43","Flow3":"39","Pressure":"23","Humidity":"50","Temperature":"33"},"BaseTime":""}}
[2024-08-01_13:20:09.151757][23208] SemiTS::LPRWebAssistantServicePublic: {"MessageID":"LPRZonePurgeAttributesMsg","MessageData":{"ArchiveObject":{"ZoneID":"11110010","Flow1":"24","Flow2":"48","Flow3":"27","Pressure":"34","Humidity":"42","Temperature":"93"},"BaseTime":""}}
[2024-08-01_13:20:09.151757][23208] SemiTS::LPRWebAssistantServicePublic: {"MessageID":"LPRZonePurgeAttributesMsg","MessageData":{"ArchiveObject":{"ZoneID":"11110020","Flow1":"45","Flow2":"99","Flow3":"68","Pressure":"27","Humidity":"44","Temperature":"45"},"BaseTime":""}}
[2024-08-01_13:20:10.261874][23208] SemiTS::LPRWebAssistantServicePublic: {"MessageID":"LPRZonePurgeAttributesMsg","MessageData":{"ArchiveObject":{"ZoneID":"11110010","Flow1":"59","Flow2":"5","Flow3":"25","Pressure":"58","Humidity":"29","Temperature":"17"},"BaseTime":""}}
[2024-08-01_13:20:10.261874][23208] SemiTS::LPRWebAssistantServicePublic: {"MessageID":"LPRZonePurgeAttributesMsg","MessageData":{"ArchiveObject":{"ZoneID":"11110020","Flow1":"38","Flow2":"40","Flow3":"87","Pressure":"6","Humidity":"45","Temperature":"66"},"BaseTime":""}}
[2024-08-01_13:20:11.349791][23208] SemiTS::LPRWebAssistantServicePublic: {"MessageID":"LPRZonePurgeAttributesMsg","MessageData":{"ArchiveObject":{"ZoneID":"11110010","Flow1":"41","Flow2":"41","Flow3":"39","Pressure":"55","Humidity":"5","Temperature":"36"},"BaseTime":""}}
[2024-08-01_13:20:11.349791][23208] SemiTS::LPRWebAssistantServicePublic: {"MessageID":"LPRZonePurgeAttributesMsg","MessageData":{"ArchiveObject":{"ZoneID":"11110020","Flow1":"47","Flow2":"44","Flow3":"29","Pressure":"29","Humidity":"19","Temperature":"13"},"BaseTime":""}}
[2024-08-01_13:20:12.415261][23208] SemiTS::LPRWebAssistantServicePublic: {"MessageID":"LPRZonePurgeAttributesMsg","MessageData":{"ArchiveObject":{"ZoneID":"11110010","Flow1":"41","Flow2":"10","Flow3":"26","Pressure":"35","Humidity":"44","Temperature":"57"},"BaseTime":""}}
[2024-08-01_13:20:12.415261][23208] SemiTS::LPRWebAssistantServicePublic: {"MessageID":"LPRZonePurgeAttributesMsg","MessageData":{"ArchiveObject":{"ZoneID":"11110020","Flow1":"10","Flow2":"57","Flow3":"30","Pressure":"23","Humidity":"0","Temperature":"68"},"BaseTime":""}}
[2024-08-01_13:20:13.509937][23208] SemiTS::LPRWebAssistantServicePublic: {"MessageID":"LPRZonePurgeAttributesMsg","MessageData":{"ArchiveObject":{"ZoneID":"11110010","Flow1":"50","Flow2":"96","Flow3":"10","Pressure":"12","Humidity":"0","Temperature":"13"},"BaseTime":""}}
[2024-08-01_13:20:13.509937][23208] SemiTS::LPRWebAssistantServicePublic: {"MessageID":"LPRZonePurgeAttributesMsg","MessageData":{"ArchiveObject":{"ZoneID":"11110020","Flow1":"16","Flow2":"75","Flow3":"2","Pressure":"49","Humidity":"74","Temperature":"68"},"BaseTime":""}}
[2024-08-01_13:20:14.583553][23208] SemiTS::LPRWebAssistantServicePublic: {"MessageID":"LPRZonePurgeAttributesMsg","MessageData":{"ArchiveObject":{"ZoneID":"11110010","Flow1":"75","Flow2":"33","Flow3":"45","Pressure":"16","Humidity":"36","Temperature":"28"},"BaseTime":""}}
[2024-08-01_13:20:14.583553][23208] SemiTS::LPRWebAssistantServicePublic: {"MessageID":"LPRZonePurgeAttributesMsg","MessageData":{"ArchiveObject":{"ZoneID":"11110020","Flow1":"48","Flow2":"44","Flow3":"26","Pressure":"33","Humidity":"97","Temperature":"32"},"BaseTime":""}}
[2024-08-01_13:20:15.650150][23208] SemiTS::LPRWebAssistantServicePublic: {"MessageID":"LPRZonePurgeAttributesMsg","MessageData":{"ArchiveObject":{"ZoneID":"11110010","Flow1":"36","Flow2":"30","Flow3":"12","Pressure":"1","Humidity":"77","Temperature":"44"},"BaseTime":""}}
[2024-08-01_13:20:15.650150][23208] SemiTS::LPRWebAssistantServicePublic: {"MessageID":"LPRZonePurgeAttributesMsg","MessageData":{"ArchiveObject":{"ZoneID":"11110020","Flow1":"95","Flow2":"25","Flow3":"40","Pressure":"52","Humidity":"47","Temperature":"95"},"BaseTime":""}}
[2024-08-01_13:20:16.736705][23208] SemiTS::LPRWebAssistantServicePublic: {"MessageID":"LPRZonePurgeAttributesMsg","MessageData":{"ArchiveObject":{"ZoneID":"11110010","Flow1":"44","Flow2":"62","Flow3":"14","Pressure":"13","Humidity":"74","Temperature":"88"},"BaseTime":""}}
[2024-08-01_13:20:16.736705][23208] SemiTS::LPRWebAssistantServicePublic: {"MessageID":"LPRZonePurgeAttributesMsg","MessageData":{"ArchiveObject":{"ZoneID":"11110020","Flow1":"13","Flow2":"90","Flow3":"37","Pressure":"42","Humidity":"84","Temperature":"19"},"BaseTime":""}}
[2024-08-01_13:20:20.576649][22964] SemiTS::WebAssistantServiceMFC: stopping [WebAssistantService_LPR][1001014] version:[1000][20240423]
[2024-08-01_13:20:20.576649][24392] BnD::B1Acceptor: closing acceptor
[2024-08-01_13:20:20.577649][18000] SemiTS::LPRWASWebServer: accept error: peerAddress[], localPort[0], reason[995]
[2024-08-01_13:20:20.686105][24392] BnD::B1Acceptor: acceptor closed
[2024-08-01_13:20:21.691893][24392] SemiTS::LPRWASWebSocketServerSession: disconnect called: sessionHandleID[0]
[2024-08-01_13:20:21.691893][24392] BnD::B1HttpServerSessionManager: waiting disconnection: sessionHandleID[0]
[2024-08-01_13:20:21.691893][18000] BnD::B1WebSocketReadWriteImpl: read failed: reason[1236], message[네트워크 연결이 로컬 시스템에 의해 취소되었습니다]
[2024-08-01_13:20:21.691893][18000] SemiTS::LPRWASWebSocketServerSession: set connection_status to STATUS_DISCONNECTING: sessionHandleID[0], previous_status:[2], reason[1236]
[2024-08-01_13:20:22.699621][24392] SemiTS::LPRWASWebSocketServerSession: set connection_status to STATUS_DISCONNECTED: sessionHandleID[0], previous_status:[3], reason[1236]
[2024-08-01_13:20:22.699621][24392] SemiTS::LPRWASWebSocketServerSession: server session disconnected: sessionHandleID[0], peerAddress[], localPort[0], reason[1236]
[2024-08-01_13:20:22.699621][24392] BnD::B1HttpServerSessionManager: reserveRemoveSession requested. but manager is not alived
[2024-08-01_13:20:22.963535][24392] BnD::B1RedisDirectClientSubscribeSession: disconnect called: sessionHandleID[2]
[2024-08-01_13:20:22.963535][24392] BnD::B1RedisDirectClientWriteSession: disconnect called: sessionHandleID[0]
[2024-08-01_13:20:22.963535][24392] BnD::B1RedisDirectClientReadSession: disconnect called: sessionHandleID[1]
[2024-08-01_13:20:22.963535][24392] BnD::B1BaseSessionManager: waiting disconnection: sessionHandleID[2]
[2024-08-01_13:20:22.963535][24392] BnD::B1BaseSessionManager: waiting disconnection: sessionHandleID[0]
[2024-08-01_13:20:22.963535][24392] BnD::B1BaseSessionManager: waiting disconnection: sessionHandleID[1]
[2024-08-01_13:20:22.963535][24556] BnD::B1ArrayBufferReadWriteImpl: read failed: reason[995], message[스레드 종료 또는 응용 프로그램 요청 때문에 I/O 작업이 취소되었습니다]
[2024-08-01_13:20:22.963535][23208] BnD::B1ArrayBufferReadWriteImpl: read failed: reason[995], message[스레드 종료 또는 응용 프로그램 요청 때문에 I/O 작업이 취소되었습니다]
[2024-08-01_13:20:22.963535][23096] BnD::B1ArrayBufferReadWriteImpl: read failed: reason[995], message[스레드 종료 또는 응용 프로그램 요청 때문에 I/O 작업이 취소되었습니다]
[2024-08-01_13:20:22.963535][24556] BnD::B1RedisDirectClientReadSession: set connection_status to STATUS_DISCONNECTING: sessionHandleID[1], previous_status:[2], reason[995]
[2024-08-01_13:20:22.963535][23208] BnD::B1RedisDirectClientSubscribeSession: set connection_status to STATUS_DISCONNECTING: sessionHandleID[2], previous_status:[2], reason[995]
[2024-08-01_13:20:22.963535][23096] BnD::B1RedisDirectClientWriteSession: set connection_status to STATUS_DISCONNECTING: sessionHandleID[0], previous_status:[2], reason[995]
[2024-08-01_13:20:23.975199][24392] BnD::B1RedisDirectClientSubscribeSession: set connection_status to STATUS_DISCONNECTED: sessionHandleID[2], previous_status:[3], reason[995]
[2024-08-01_13:20:23.975199][24392] BnD::B1RedisDirectClientSubscribeSession: session disconnected
[2024-08-01_13:20:24.006498][24392] BnD::B1RedisDirectClientWriteSession: set connection_status to STATUS_DISCONNECTED: sessionHandleID[0], previous_status:[3], reason[995]
[2024-08-01_13:20:24.006498][24392] BnD::B1RedisDirectClientWriteSession: session disconnected
[2024-08-01_13:20:24.022025][24392] BnD::B1RedisDirectClientReadSession: set connection_status to STATUS_DISCONNECTED: sessionHandleID[1], previous_status:[3], reason[995]
[2024-08-01_13:20:24.022025][24392] BnD::B1RedisDirectClientReadSession: session disconnected
[2024-08-01_13:20:24.038157][24392] SemiTS::WebAssistantServiceMFC: [WebAssistantService_LPR][1001014] version:[1000][20240423] stopped
