[2024-07-29_17:08:47.819030][19232] SemiTS::WebAssistantServiceMFC: connecting Administration Service for find equipment type...
[2024-07-29_17:08:47.819030][19232] BnD::B1RedisDirectClientWriteSession: set connection_status to STATUS_CONNECTING: sessionHandleID[0], previous_status:[-1]
[2024-07-29_17:08:47.819030][19232] BnD::B1ClientSocket: connecting: address[127.0.0.1], port[9379]
[2024-07-29_17:08:47.837029][19232] BnD::B1RedisDirectClientReadSession: set connection_status to STATUS_CONNECTING: sessionHandleID[1], previous_status:[-1]
[2024-07-29_17:08:47.837029][19232] BnD::B1ClientSocket: connecting: address[127.0.0.1], port[9379]
[2024-07-29_17:08:47.837029][27852] BnD::B1RedisDirectClientWriteSession: session connected -> clear buffer
[2024-07-29_17:08:47.837029][27852] BnD::B1RedisDirectClientWriteSession: set connection_status to STATUS_CONNECTED: sessionHandleID[0], previous_status:[1]
[2024-07-29_17:08:47.852378][12264] BnD::B1RedisDirectClientReadSession: session connected -> clear buffer
[2024-07-29_17:08:47.852378][12264] BnD::B1RedisDirectClientReadSession: set connection_status to STATUS_CONNECTED: sessionHandleID[1], previous_status:[1]
[2024-07-29_17:08:48.034591][40492] BnD::B1RedisDirectClientWriteSession: selecting redis db: db[0]
[2024-07-29_17:08:48.034591][40492] BnD::B1RedisDirectClientReadSession: selecting redis db: db[0]
[2024-07-29_17:08:48.034591][12264] BnD::B1RedisDirectClientReadSession: redis db selected
[2024-07-29_17:08:48.038484][19232] SemiTS::WebAssistantServiceMFC: Sync server time:[2024-07-29 17:08:48.038]
[2024-07-29_17:08:48.038561][19232] SemiTS::WebAssistantServiceMFC: Sync server time finished
[2024-07-29_17:08:48.038561][19232] SemiTS::WebAssistantServiceMFC: find product type done! disconnecting Administration Service: site[1001], type[1001]
[2024-07-29_17:08:48.252606][19232] BnD::B1RedisDirectClientWriteSession: disconnect called: sessionHandleID[0]
[2024-07-29_17:08:48.252606][19232] BnD::B1RedisDirectClientReadSession: disconnect called: sessionHandleID[1]
[2024-07-29_17:08:48.252606][19232] BnD::B1BaseSessionManager: waiting disconnection: sessionHandleID[0]
[2024-07-29_17:08:48.252606][19232] BnD::B1BaseSessionManager: waiting disconnection: sessionHandleID[1]
[2024-07-29_17:08:48.252606][27852] BnD::B1ArrayBufferReadWriteImpl: read failed: reason[995], message[스레드 종료 또는 응용 프로그램 요청 때문에 I/O 작업이 취소되었습니다]
[2024-07-29_17:08:48.252606][27852] BnD::B1RedisDirectClientWriteSession: set connection_status to STATUS_DISCONNECTING: sessionHandleID[0], previous_status:[2], reason[995]
[2024-07-29_17:08:48.252606][12264] BnD::B1ArrayBufferReadWriteImpl: read failed: reason[995], message[스레드 종료 또는 응용 프로그램 요청 때문에 I/O 작업이 취소되었습니다]
[2024-07-29_17:08:48.252606][12264] BnD::B1RedisDirectClientReadSession: set connection_status to STATUS_DISCONNECTING: sessionHandleID[1], previous_status:[2], reason[995]
[2024-07-29_17:08:49.255021][19232] BnD::B1RedisDirectClientWriteSession: set connection_status to STATUS_DISCONNECTED: sessionHandleID[0], previous_status:[3], reason[995]
[2024-07-29_17:08:49.255021][19232] BnD::B1RedisDirectClientWriteSession: session disconnected
[2024-07-29_17:08:49.271064][19232] BnD::B1RedisDirectClientReadSession: set connection_status to STATUS_DISCONNECTED: sessionHandleID[1], previous_status:[3], reason[995]
[2024-07-29_17:08:49.271064][19232] BnD::B1RedisDirectClientReadSession: session disconnected
[2024-07-29_17:08:49.286635][19232] SemiTS::WebAssistantServiceMFC: starting [WebAssistantService_LPR][1001014] version:[1000][20240423]
[2024-07-29_17:08:49.287635][19232] SemiTS::LPRWebAssistantServicePublic: Connecting [127.0.0.1:9379(0)]
[2024-07-29_17:08:49.287635][19232] BnD::B1RedisDirectClientWriteSession: set connection_status to STATUS_CONNECTING: sessionHandleID[0], previous_status:[-1]
[2024-07-29_17:08:49.287635][19232] BnD::B1ClientSocket: connecting: address[127.0.0.1], port[9379]
[2024-07-29_17:08:49.302444][19232] BnD::B1RedisDirectClientReadSession: set connection_status to STATUS_CONNECTING: sessionHandleID[1], previous_status:[-1]
[2024-07-29_17:08:49.302444][19232] BnD::B1ClientSocket: connecting: address[127.0.0.1], port[9379]
[2024-07-29_17:08:49.302444][33908] BnD::B1RedisDirectClientWriteSession: session connected -> clear buffer
[2024-07-29_17:08:49.302444][33908] BnD::B1RedisDirectClientWriteSession: set connection_status to STATUS_CONNECTED: sessionHandleID[0], previous_status:[1]
[2024-07-29_17:08:49.321070][19232] BnD::B1RedisDirectClientSubscribeSession: set connection_status to STATUS_CONNECTING: sessionHandleID[2], previous_status:[-1]
[2024-07-29_17:08:49.321070][19232] BnD::B1ClientSocket: connecting: address[127.0.0.1], port[9379]
[2024-07-29_17:08:49.321070][38320] BnD::B1RedisDirectClientReadSession: session connected -> clear buffer
[2024-07-29_17:08:49.321070][38320] BnD::B1RedisDirectClientReadSession: set connection_status to STATUS_CONNECTED: sessionHandleID[1], previous_status:[1]
[2024-07-29_17:08:49.335714][38124] BnD::B1RedisDirectClientSubscribeSession: session connected -> clear buffer
[2024-07-29_17:08:49.335714][38124] BnD::B1RedisDirectClientSubscribeSession: set connection_status to STATUS_CONNECTED: sessionHandleID[2], previous_status:[1]
[2024-07-29_17:08:49.503362][30944] BnD::B1RedisDirectClientWriteSession: selecting redis db: db[0]
[2024-07-29_17:08:49.503362][30944] BnD::B1RedisDirectClientReadSession: selecting redis db: db[0]
[2024-07-29_17:08:49.503362][38320] BnD::B1RedisDirectClientReadSession: redis db selected
[2024-07-29_17:08:49.503362][30944] BnD::B1RedisDirectClientSubscribeSession: selecting redis db: db[0]
[2024-07-29_17:08:49.505990][19232] SemiTS::LPRWASWebServer: begin accept: port[22001]
[2024-07-29_17:08:49.521091][19232] SemiTS::LPRWebAssistantServicePublic: initializing performance check: tick[234]
[2024-07-29_17:08:49.521091][19232] SemiTS::WebAssistantServiceMFC: [WebAssistantService_LPR][1001014] version:[1000][20240423] started
[2024-07-29_17:08:50.251626][14212] SemiTS::WASWebServerSession: set connection_status to STATUS_CONNECTED: sessionHandleID[0], previous_status:[-1]
[2024-07-29_17:08:50.251626][14212] BnD::B1HttpServerSessionManager: session modified: sessionHandleID[0]
[2024-07-29_17:08:50.251626][14212] SemiTS::LPRWASWebSocketServerSession: web socket accepted: peerAddress[127.0.0.1], localPort[22001]
[2024-07-29_17:08:50.251626][14212] SemiTS::LPRWASWebSocketServerSession: set connection_status to STATUS_CONNECTED: sessionHandleID[0], previous_status:[-1]
[2024-07-29_17:08:52.133055][30404] SemiTS::WebAssistantServiceMFC: stopping [WebAssistantService_LPR][1001014] version:[1000][20240423]
[2024-07-29_17:08:52.133055][19232] BnD::B1Acceptor: closing acceptor
[2024-07-29_17:08:52.133055][14212] SemiTS::LPRWASWebServer: accept error: peerAddress[], localPort[0], reason[995]
[2024-07-29_17:08:52.238668][19232] BnD::B1Acceptor: acceptor closed
[2024-07-29_17:08:52.536211][19232] SemiTS::LPRWASWebSocketServerSession: disconnect called: sessionHandleID[0]
[2024-07-29_17:08:52.536211][19232] BnD::B1HttpServerSessionManager: waiting disconnection: sessionHandleID[0]
[2024-07-29_17:08:52.536620][14212] BnD::B1WebSocketReadWriteImpl: read failed: reason[1236], message[네트워크 연결이 로컬 시스템에 의해 취소되었습니다]
[2024-07-29_17:08:52.536620][14212] SemiTS::LPRWASWebSocketServerSession: set connection_status to STATUS_DISCONNECTING: sessionHandleID[0], previous_status:[2], reason[1236]
[2024-07-29_17:08:53.546427][19232] SemiTS::LPRWASWebSocketServerSession: set connection_status to STATUS_DISCONNECTED: sessionHandleID[0], previous_status:[3], reason[1236]
[2024-07-29_17:08:53.546427][19232] SemiTS::LPRWASWebSocketServerSession: server session disconnected: sessionHandleID[0], peerAddress[], localPort[0], reason[1236]
[2024-07-29_17:08:53.546427][19232] BnD::B1HttpServerSessionManager: reserveRemoveSession requested. but manager is not alived
[2024-07-29_17:08:53.656566][19232] BnD::B1RedisDirectClientWriteSession: disconnect called: sessionHandleID[0]
[2024-07-29_17:08:53.656566][19232] BnD::B1RedisDirectClientReadSession: disconnect called: sessionHandleID[1]
[2024-07-29_17:08:53.656566][19232] BnD::B1RedisDirectClientSubscribeSession: disconnect called: sessionHandleID[2]
[2024-07-29_17:08:53.656566][19232] BnD::B1BaseSessionManager: waiting disconnection: sessionHandleID[0]
[2024-07-29_17:08:53.656566][19232] BnD::B1BaseSessionManager: waiting disconnection: sessionHandleID[1]
[2024-07-29_17:08:53.656566][19232] BnD::B1BaseSessionManager: waiting disconnection: sessionHandleID[2]
[2024-07-29_17:08:53.656566][38124] BnD::B1ArrayBufferReadWriteImpl: read failed: reason[995], message[스레드 종료 또는 응용 프로그램 요청 때문에 I/O 작업이 취소되었습니다]
[2024-07-29_17:08:53.656566][38320] BnD::B1ArrayBufferReadWriteImpl: read failed: reason[995], message[스레드 종료 또는 응용 프로그램 요청 때문에 I/O 작업이 취소되었습니다]
[2024-07-29_17:08:53.656566][33908] BnD::B1ArrayBufferReadWriteImpl: read failed: reason[995], message[스레드 종료 또는 응용 프로그램 요청 때문에 I/O 작업이 취소되었습니다]
[2024-07-29_17:08:53.656566][38124] BnD::B1RedisDirectClientSubscribeSession: set connection_status to STATUS_DISCONNECTING: sessionHandleID[2], previous_status:[2], reason[995]
[2024-07-29_17:08:53.656566][38320] BnD::B1RedisDirectClientReadSession: set connection_status to STATUS_DISCONNECTING: sessionHandleID[1], previous_status:[2], reason[995]
[2024-07-29_17:08:53.656566][33908] BnD::B1RedisDirectClientWriteSession: set connection_status to STATUS_DISCONNECTING: sessionHandleID[0], previous_status:[2], reason[995]
[2024-07-29_17:08:54.661882][19232] BnD::B1RedisDirectClientWriteSession: set connection_status to STATUS_DISCONNECTED: sessionHandleID[0], previous_status:[3], reason[995]
[2024-07-29_17:08:54.661882][19232] BnD::B1RedisDirectClientWriteSession: session disconnected
[2024-07-29_17:08:54.693136][19232] BnD::B1RedisDirectClientReadSession: set connection_status to STATUS_DISCONNECTED: sessionHandleID[1], previous_status:[3], reason[995]
[2024-07-29_17:08:54.693136][19232] BnD::B1RedisDirectClientReadSession: session disconnected
[2024-07-29_17:08:54.708767][19232] BnD::B1RedisDirectClientSubscribeSession: set connection_status to STATUS_DISCONNECTED: sessionHandleID[2], previous_status:[3], reason[995]
[2024-07-29_17:08:54.708767][19232] BnD::B1RedisDirectClientSubscribeSession: session disconnected
[2024-07-29_17:08:54.724391][19232] SemiTS::WebAssistantServiceMFC: [WebAssistantService_LPR][1001014] version:[1000][20240423] stopped
[2024-07-29_17:09:52.342075][14856] SemiTS::WebAssistantServiceMFC: connecting Administration Service for find equipment type...
[2024-07-29_17:09:52.342075][14856] BnD::B1RedisDirectClientWriteSession: set connection_status to STATUS_CONNECTING: sessionHandleID[0], previous_status:[-1]
[2024-07-29_17:09:52.342075][14856] BnD::B1ClientSocket: connecting: address[127.0.0.1], port[9379]
[2024-07-29_17:09:52.370159][14856] BnD::B1RedisDirectClientReadSession: set connection_status to STATUS_CONNECTING: sessionHandleID[1], previous_status:[-1]
[2024-07-29_17:09:52.370159][14856] BnD::B1ClientSocket: connecting: address[127.0.0.1], port[9379]
[2024-07-29_17:09:52.370159][36320] BnD::B1RedisDirectClientWriteSession: session connected -> clear buffer
[2024-07-29_17:09:52.370159][36320] BnD::B1RedisDirectClientWriteSession: set connection_status to STATUS_CONNECTED: sessionHandleID[0], previous_status:[1]
[2024-07-29_17:09:52.386856][35220] BnD::B1RedisDirectClientReadSession: session connected -> clear buffer
[2024-07-29_17:09:52.386856][35220] BnD::B1RedisDirectClientReadSession: set connection_status to STATUS_CONNECTED: sessionHandleID[1], previous_status:[1]
[2024-07-29_17:09:52.544372][8920] BnD::B1RedisDirectClientWriteSession: selecting redis db: db[0]
[2024-07-29_17:09:52.544468][8920] BnD::B1RedisDirectClientReadSession: selecting redis db: db[0]
[2024-07-29_17:09:52.544468][35220] BnD::B1RedisDirectClientReadSession: redis db selected
[2024-07-29_17:09:52.560050][14856] SemiTS::WebAssistantServiceMFC: Sync server time:[2024-07-29 17:09:52.560]
[2024-07-29_17:09:52.560042][14856] SemiTS::WebAssistantServiceMFC: Sync server time finished
[2024-07-29_17:09:52.560042][14856] SemiTS::WebAssistantServiceMFC: find product type done! disconnecting Administration Service: site[1001], type[1001]
[2024-07-29_17:09:52.770277][14856] BnD::B1RedisDirectClientWriteSession: disconnect called: sessionHandleID[0]
[2024-07-29_17:09:52.770277][14856] BnD::B1RedisDirectClientReadSession: disconnect called: sessionHandleID[1]
[2024-07-29_17:09:52.770277][14856] BnD::B1BaseSessionManager: waiting disconnection: sessionHandleID[0]
[2024-07-29_17:09:52.770277][14856] BnD::B1BaseSessionManager: waiting disconnection: sessionHandleID[1]
[2024-07-29_17:09:52.770277][36320] BnD::B1ArrayBufferReadWriteImpl: read failed: reason[995], message[스레드 종료 또는 응용 프로그램 요청 때문에 I/O 작업이 취소되었습니다]
[2024-07-29_17:09:52.770277][36320] BnD::B1RedisDirectClientWriteSession: set connection_status to STATUS_DISCONNECTING: sessionHandleID[0], previous_status:[2], reason[995]
[2024-07-29_17:09:52.770277][35220] BnD::B1ArrayBufferReadWriteImpl: read failed: reason[995], message[스레드 종료 또는 응용 프로그램 요청 때문에 I/O 작업이 취소되었습니다]
[2024-07-29_17:09:52.770277][35220] BnD::B1RedisDirectClientReadSession: set connection_status to STATUS_DISCONNECTING: sessionHandleID[1], previous_status:[2], reason[995]
[2024-07-29_17:09:53.785102][14856] BnD::B1RedisDirectClientWriteSession: set connection_status to STATUS_DISCONNECTED: sessionHandleID[0], previous_status:[3], reason[995]
[2024-07-29_17:09:53.785102][14856] BnD::B1RedisDirectClientWriteSession: session disconnected
[2024-07-29_17:09:53.800101][14856] BnD::B1RedisDirectClientReadSession: set connection_status to STATUS_DISCONNECTED: sessionHandleID[1], previous_status:[3], reason[995]
[2024-07-29_17:09:53.800101][14856] BnD::B1RedisDirectClientReadSession: session disconnected
[2024-07-29_17:09:53.832102][14856] SemiTS::WebAssistantServiceMFC: starting [WebAssistantService_LPR][1001014] version:[1000][20240423]
[2024-07-29_17:09:53.833103][14856] SemiTS::LPRWebAssistantServicePublic: Connecting [127.0.0.1:9379(0)]
[2024-07-29_17:09:53.834102][14856] BnD::B1RedisDirectClientWriteSession: set connection_status to STATUS_CONNECTING: sessionHandleID[0], previous_status:[-1]
[2024-07-29_17:09:53.834102][14856] BnD::B1ClientSocket: connecting: address[127.0.0.1], port[9379]
[2024-07-29_17:09:53.848111][14856] BnD::B1RedisDirectClientReadSession: set connection_status to STATUS_CONNECTING: sessionHandleID[1], previous_status:[-1]
[2024-07-29_17:09:53.849111][14856] BnD::B1ClientSocket: connecting: address[127.0.0.1], port[9379]
[2024-07-29_17:09:53.849111][34956] BnD::B1RedisDirectClientWriteSession: session connected -> clear buffer
[2024-07-29_17:09:53.849111][34956] BnD::B1RedisDirectClientWriteSession: set connection_status to STATUS_CONNECTED: sessionHandleID[0], previous_status:[1]
[2024-07-29_17:09:53.863937][14856] BnD::B1RedisDirectClientSubscribeSession: set connection_status to STATUS_CONNECTING: sessionHandleID[2], previous_status:[-1]
[2024-07-29_17:09:53.863937][24012] BnD::B1RedisDirectClientReadSession: session connected -> clear buffer
[2024-07-29_17:09:53.863937][14856] BnD::B1ClientSocket: connecting: address[127.0.0.1], port[9379]
[2024-07-29_17:09:53.863937][24012] BnD::B1RedisDirectClientReadSession: set connection_status to STATUS_CONNECTED: sessionHandleID[1], previous_status:[1]
[2024-07-29_17:09:53.880939][10900] BnD::B1RedisDirectClientSubscribeSession: session connected -> clear buffer
[2024-07-29_17:09:53.880939][10900] BnD::B1RedisDirectClientSubscribeSession: set connection_status to STATUS_CONNECTED: sessionHandleID[2], previous_status:[1]
[2024-07-29_17:09:54.036035][35016] BnD::B1RedisDirectClientWriteSession: selecting redis db: db[0]
[2024-07-29_17:09:54.036035][35016] BnD::B1RedisDirectClientReadSession: selecting redis db: db[0]
[2024-07-29_17:09:54.036035][24012] BnD::B1RedisDirectClientReadSession: redis db selected
[2024-07-29_17:09:54.036035][35016] BnD::B1RedisDirectClientSubscribeSession: selecting redis db: db[0]
[2024-07-29_17:09:54.038594][14856] SemiTS::LPRWASWebServer: begin accept: port[22001]
[2024-07-29_17:09:54.070524][14856] SemiTS::LPRWebAssistantServicePublic: initializing performance check: tick[250]
[2024-07-29_17:09:54.070524][14856] SemiTS::WebAssistantServiceMFC: [WebAssistantService_LPR][1001014] version:[1000][20240423] started
[2024-07-29_17:09:54.287067][38244] SemiTS::WASWebServerSession: set connection_status to STATUS_CONNECTED: sessionHandleID[0], previous_status:[-1]
[2024-07-29_17:09:54.287067][38244] BnD::B1HttpServerSessionManager: session modified: sessionHandleID[0]
[2024-07-29_17:09:54.287067][38244] SemiTS::LPRWASWebSocketServerSession: web socket accepted: peerAddress[127.0.0.1], localPort[22001]
[2024-07-29_17:09:54.287067][38244] SemiTS::LPRWASWebSocketServerSession: set connection_status to STATUS_CONNECTED: sessionHandleID[0], previous_status:[-1]
[2024-07-29_17:09:56.255644][30404] SemiTS::WebAssistantServiceMFC: stopping [WebAssistantService_LPR][1001014] version:[1000][20240423]
[2024-07-29_17:09:56.255644][14856] BnD::B1Acceptor: closing acceptor
[2024-07-29_17:09:56.255644][38244] SemiTS::LPRWASWebServer: accept error: peerAddress[], localPort[0], reason[995]
[2024-07-29_17:09:56.365611][14856] BnD::B1Acceptor: acceptor closed
[2024-07-29_17:09:57.069400][14856] SemiTS::LPRWASWebSocketServerSession: disconnect called: sessionHandleID[0]
[2024-07-29_17:09:57.069400][14856] BnD::B1HttpServerSessionManager: waiting disconnection: sessionHandleID[0]
[2024-07-29_17:09:57.069400][38244] BnD::B1WebSocketReadWriteImpl: read failed: reason[1236], message[네트워크 연결이 로컬 시스템에 의해 취소되었습니다]
[2024-07-29_17:09:57.069400][38244] SemiTS::LPRWASWebSocketServerSession: set connection_status to STATUS_DISCONNECTING: sessionHandleID[0], previous_status:[2], reason[1236]
[2024-07-29_17:09:58.072495][14856] SemiTS::LPRWASWebSocketServerSession: set connection_status to STATUS_DISCONNECTED: sessionHandleID[0], previous_status:[3], reason[1236]
[2024-07-29_17:09:58.072495][14856] SemiTS::LPRWASWebSocketServerSession: server session disconnected: sessionHandleID[0], peerAddress[], localPort[0], reason[1236]
[2024-07-29_17:09:58.072495][14856] BnD::B1HttpServerSessionManager: reserveRemoveSession requested. but manager is not alived
[2024-07-29_17:09:58.184028][14856] BnD::B1RedisDirectClientWriteSession: disconnect called: sessionHandleID[0]
[2024-07-29_17:09:58.184117][14856] BnD::B1RedisDirectClientReadSession: disconnect called: sessionHandleID[1]
[2024-07-29_17:09:58.184117][14856] BnD::B1RedisDirectClientSubscribeSession: disconnect called: sessionHandleID[2]
[2024-07-29_17:09:58.184117][14856] BnD::B1BaseSessionManager: waiting disconnection: sessionHandleID[0]
[2024-07-29_17:09:58.184117][14856] BnD::B1BaseSessionManager: waiting disconnection: sessionHandleID[1]
[2024-07-29_17:09:58.184117][14856] BnD::B1BaseSessionManager: waiting disconnection: sessionHandleID[2]
[2024-07-29_17:09:58.184117][34956] BnD::B1ArrayBufferReadWriteImpl: read failed: reason[995], message[스레드 종료 또는 응용 프로그램 요청 때문에 I/O 작업이 취소되었습니다]
[2024-07-29_17:09:58.184117][34956] BnD::B1RedisDirectClientWriteSession: set connection_status to STATUS_DISCONNECTING: sessionHandleID[0], previous_status:[2], reason[995]
[2024-07-29_17:09:58.184117][24012] BnD::B1ArrayBufferReadWriteImpl: read failed: reason[995], message[스레드 종료 또는 응용 프로그램 요청 때문에 I/O 작업이 취소되었습니다]
[2024-07-29_17:09:58.184117][24012] BnD::B1RedisDirectClientReadSession: set connection_status to STATUS_DISCONNECTING: sessionHandleID[1], previous_status:[2], reason[995]
[2024-07-29_17:09:58.184117][10900] BnD::B1ArrayBufferReadWriteImpl: read failed: reason[995], message[스레드 종료 또는 응용 프로그램 요청 때문에 I/O 작업이 취소되었습니다]
[2024-07-29_17:09:58.184117][10900] BnD::B1RedisDirectClientSubscribeSession: set connection_status to STATUS_DISCONNECTING: sessionHandleID[2], previous_status:[2], reason[995]
[2024-07-29_17:09:59.196451][14856] BnD::B1RedisDirectClientWriteSession: set connection_status to STATUS_DISCONNECTED: sessionHandleID[0], previous_status:[3], reason[995]
[2024-07-29_17:09:59.196451][14856] BnD::B1RedisDirectClientWriteSession: session disconnected
[2024-07-29_17:09:59.227555][14856] BnD::B1RedisDirectClientReadSession: set connection_status to STATUS_DISCONNECTED: sessionHandleID[1], previous_status:[3], reason[995]
[2024-07-29_17:09:59.227555][14856] BnD::B1RedisDirectClientReadSession: session disconnected
[2024-07-29_17:09:59.252197][14856] BnD::B1RedisDirectClientSubscribeSession: set connection_status to STATUS_DISCONNECTED: sessionHandleID[2], previous_status:[3], reason[995]
[2024-07-29_17:09:59.252197][14856] BnD::B1RedisDirectClientSubscribeSession: session disconnected
[2024-07-29_17:09:59.270003][14856] SemiTS::WebAssistantServiceMFC: [WebAssistantService_LPR][1001014] version:[1000][20240423] stopped
[2024-07-29_17:13:47.543721][40620] SemiTS::WebAssistantServiceMFC: connecting Administration Service for find equipment type...
[2024-07-29_17:13:47.543721][40620] BnD::B1RedisDirectClientWriteSession: set connection_status to STATUS_CONNECTING: sessionHandleID[0], previous_status:[-1]
[2024-07-29_17:13:47.543721][40620] BnD::B1ClientSocket: connecting: address[127.0.0.1], port[9379]
[2024-07-29_17:13:47.564799][40620] BnD::B1RedisDirectClientReadSession: set connection_status to STATUS_CONNECTING: sessionHandleID[1], previous_status:[-1]
[2024-07-29_17:13:47.564799][40620] BnD::B1ClientSocket: connecting: address[127.0.0.1], port[9379]
[2024-07-29_17:13:47.564799][27872] BnD::B1RedisDirectClientWriteSession: session connected -> clear buffer
[2024-07-29_17:13:47.564799][27872] BnD::B1RedisDirectClientWriteSession: set connection_status to STATUS_CONNECTED: sessionHandleID[0], previous_status:[1]
[2024-07-29_17:13:47.582181][5004] BnD::B1RedisDirectClientReadSession: session connected -> clear buffer
[2024-07-29_17:13:47.582181][5004] BnD::B1RedisDirectClientReadSession: set connection_status to STATUS_CONNECTED: sessionHandleID[1], previous_status:[1]
[2024-07-29_17:13:47.750568][30768] BnD::B1RedisDirectClientReadSession: selecting redis db: db[0]
[2024-07-29_17:13:47.750667][5004] BnD::B1RedisDirectClientReadSession: redis db selected
[2024-07-29_17:13:47.750667][30768] BnD::B1RedisDirectClientWriteSession: selecting redis db: db[0]
[2024-07-29_17:13:47.752866][40620] SemiTS::WebAssistantServiceMFC: Sync server time:[2024-07-29 17:13:47.752]
[2024-07-29_17:13:47.752822][40620] SemiTS::WebAssistantServiceMFC: Sync server time finished
[2024-07-29_17:13:47.753161][40620] SemiTS::WebAssistantServiceMFC: find product type done! disconnecting Administration Service: site[1001], type[1001]
[2024-07-29_17:13:47.981191][40620] BnD::B1RedisDirectClientReadSession: disconnect called: sessionHandleID[1]
[2024-07-29_17:13:47.981327][40620] BnD::B1RedisDirectClientWriteSession: disconnect called: sessionHandleID[0]
[2024-07-29_17:13:47.981327][40620] BnD::B1BaseSessionManager: waiting disconnection: sessionHandleID[1]
[2024-07-29_17:13:47.981413][40620] BnD::B1BaseSessionManager: waiting disconnection: sessionHandleID[0]
[2024-07-29_17:13:47.981413][5004] BnD::B1ArrayBufferReadWriteImpl: read failed: reason[995], message[스레드 종료 또는 응용 프로그램 요청 때문에 I/O 작업이 취소되었습니다]
[2024-07-29_17:13:47.981413][27872] BnD::B1ArrayBufferReadWriteImpl: read failed: reason[995], message[스레드 종료 또는 응용 프로그램 요청 때문에 I/O 작업이 취소되었습니다]
[2024-07-29_17:13:47.981413][5004] BnD::B1RedisDirectClientReadSession: set connection_status to STATUS_DISCONNECTING: sessionHandleID[1], previous_status:[2], reason[995]
[2024-07-29_17:13:47.981413][27872] BnD::B1RedisDirectClientWriteSession: set connection_status to STATUS_DISCONNECTING: sessionHandleID[0], previous_status:[2], reason[995]
[2024-07-29_17:13:48.995257][40620] BnD::B1RedisDirectClientReadSession: set connection_status to STATUS_DISCONNECTED: sessionHandleID[1], previous_status:[3], reason[995]
[2024-07-29_17:13:48.995257][40620] BnD::B1RedisDirectClientReadSession: session disconnected
[2024-07-29_17:13:49.026960][40620] BnD::B1RedisDirectClientWriteSession: set connection_status to STATUS_DISCONNECTED: sessionHandleID[0], previous_status:[3], reason[995]
[2024-07-29_17:13:49.026960][40620] BnD::B1RedisDirectClientWriteSession: session disconnected
[2024-07-29_17:13:49.042587][40620] SemiTS::WebAssistantServiceMFC: starting [WebAssistantService_LPR][1001014] version:[1000][20240423]
[2024-07-29_17:13:49.042587][40620] SemiTS::LPRWebAssistantServicePublic: Connecting [127.0.0.1:9379(0)]
[2024-07-29_17:13:49.042587][40620] BnD::B1RedisDirectClientWriteSession: set connection_status to STATUS_CONNECTING: sessionHandleID[0], previous_status:[-1]
[2024-07-29_17:13:49.042587][40620] BnD::B1ClientSocket: connecting: address[127.0.0.1], port[9379]
[2024-07-29_17:13:49.058206][40620] BnD::B1RedisDirectClientReadSession: set connection_status to STATUS_CONNECTING: sessionHandleID[1], previous_status:[-1]
[2024-07-29_17:13:49.058206][40620] BnD::B1ClientSocket: connecting: address[127.0.0.1], port[9379]
[2024-07-29_17:13:49.058206][30348] BnD::B1RedisDirectClientWriteSession: session connected -> clear buffer
[2024-07-29_17:13:49.058206][30348] BnD::B1RedisDirectClientWriteSession: set connection_status to STATUS_CONNECTED: sessionHandleID[0], previous_status:[1]
[2024-07-29_17:13:49.073778][40620] BnD::B1RedisDirectClientSubscribeSession: set connection_status to STATUS_CONNECTING: sessionHandleID[2], previous_status:[-1]
[2024-07-29_17:13:49.073778][40620] BnD::B1ClientSocket: connecting: address[127.0.0.1], port[9379]
[2024-07-29_17:13:49.073778][41828] BnD::B1RedisDirectClientReadSession: session connected -> clear buffer
[2024-07-29_17:13:49.073778][41828] BnD::B1RedisDirectClientReadSession: set connection_status to STATUS_CONNECTED: sessionHandleID[1], previous_status:[1]
[2024-07-29_17:13:49.096566][8180] BnD::B1RedisDirectClientSubscribeSession: session connected -> clear buffer
[2024-07-29_17:13:49.096566][8180] BnD::B1RedisDirectClientSubscribeSession: set connection_status to STATUS_CONNECTED: sessionHandleID[2], previous_status:[1]
[2024-07-29_17:13:49.245996][31004] BnD::B1RedisDirectClientReadSession: selecting redis db: db[0]
[2024-07-29_17:13:49.245996][41828] BnD::B1RedisDirectClientReadSession: redis db selected
[2024-07-29_17:13:49.245996][31004] BnD::B1RedisDirectClientSubscribeSession: selecting redis db: db[0]
[2024-07-29_17:13:49.245996][31004] BnD::B1RedisDirectClientWriteSession: selecting redis db: db[0]
[2024-07-29_17:13:49.248636][40620] SemiTS::LPRWASWebServer: begin accept: port[22001]
[2024-07-29_17:13:49.267119][40620] SemiTS::LPRWebAssistantServicePublic: initializing performance check: tick[218]
[2024-07-29_17:13:49.267119][40620] SemiTS::WebAssistantServiceMFC: [WebAssistantService_LPR][1001014] version:[1000][20240423] started
[2024-07-29_17:13:52.126812][37364] SemiTS::WASWebServerSession: set connection_status to STATUS_CONNECTED: sessionHandleID[0], previous_status:[-1]
[2024-07-29_17:13:52.127810][37364] BnD::B1HttpServerSessionManager: session modified: sessionHandleID[0]
[2024-07-29_17:13:52.127810][37364] SemiTS::LPRWASWebSocketServerSession: web socket accepted: peerAddress[127.0.0.1], localPort[22001]
[2024-07-29_17:13:52.127810][37364] SemiTS::LPRWASWebSocketServerSession: set connection_status to STATUS_CONNECTED: sessionHandleID[0], previous_status:[-1]
[2024-07-29_17:13:58.507869][30404] SemiTS::WebAssistantServiceMFC: stopping [WebAssistantService_LPR][1001014] version:[1000][20240423]
[2024-07-29_17:13:58.507869][40620] BnD::B1Acceptor: closing acceptor
[2024-07-29_17:13:58.507869][37364] SemiTS::LPRWASWebServer: accept error: peerAddress[], localPort[0], reason[995]
[2024-07-29_17:13:58.617732][40620] BnD::B1Acceptor: acceptor closed
[2024-07-29_17:13:59.323621][40620] SemiTS::LPRWASWebSocketServerSession: disconnect called: sessionHandleID[0]
[2024-07-29_17:13:59.323820][40620] BnD::B1HttpServerSessionManager: waiting disconnection: sessionHandleID[0]
[2024-07-29_17:13:59.323820][37364] BnD::B1WebSocketReadWriteImpl: read failed: reason[1236], message[네트워크 연결이 로컬 시스템에 의해 취소되었습니다]
[2024-07-29_17:13:59.323820][37364] SemiTS::LPRWASWebSocketServerSession: set connection_status to STATUS_DISCONNECTING: sessionHandleID[0], previous_status:[2], reason[1236]
[2024-07-29_17:14:00.327323][40620] SemiTS::LPRWASWebSocketServerSession: set connection_status to STATUS_DISCONNECTED: sessionHandleID[0], previous_status:[3], reason[1236]
[2024-07-29_17:14:00.327323][40620] SemiTS::LPRWASWebSocketServerSession: server session disconnected: sessionHandleID[0], peerAddress[], localPort[0], reason[1236]
[2024-07-29_17:14:00.327323][40620] BnD::B1HttpServerSessionManager: reserveRemoveSession requested. but manager is not alived
[2024-07-29_17:14:00.543876][40620] BnD::B1RedisDirectClientReadSession: disconnect called: sessionHandleID[1]
[2024-07-29_17:14:00.543876][40620] BnD::B1RedisDirectClientSubscribeSession: disconnect called: sessionHandleID[2]
[2024-07-29_17:14:00.543876][40620] BnD::B1RedisDirectClientWriteSession: disconnect called: sessionHandleID[0]
[2024-07-29_17:14:00.543876][41828] BnD::B1ArrayBufferReadWriteImpl: read failed: reason[995], message[스레드 종료 또는 응용 프로그램 요청 때문에 I/O 작업이 취소되었습니다]
[2024-07-29_17:14:00.543876][40620] BnD::B1BaseSessionManager: waiting disconnection: sessionHandleID[1]
[2024-07-29_17:14:00.543876][41828] BnD::B1RedisDirectClientReadSession: set connection_status to STATUS_DISCONNECTING: sessionHandleID[1], previous_status:[2], reason[995]
[2024-07-29_17:14:00.543876][40620] BnD::B1BaseSessionManager: waiting disconnection: sessionHandleID[2]
[2024-07-29_17:14:00.544876][8180] BnD::B1ArrayBufferReadWriteImpl: read failed: reason[995], message[스레드 종료 또는 응용 프로그램 요청 때문에 I/O 작업이 취소되었습니다]
[2024-07-29_17:14:00.544876][40620] BnD::B1BaseSessionManager: waiting disconnection: sessionHandleID[0]
[2024-07-29_17:14:00.544876][30348] BnD::B1ArrayBufferReadWriteImpl: read failed: reason[995], message[스레드 종료 또는 응용 프로그램 요청 때문에 I/O 작업이 취소되었습니다]
[2024-07-29_17:14:00.544876][8180] BnD::B1RedisDirectClientSubscribeSession: set connection_status to STATUS_DISCONNECTING: sessionHandleID[2], previous_status:[2], reason[995]
[2024-07-29_17:14:00.544876][30348] BnD::B1RedisDirectClientWriteSession: set connection_status to STATUS_DISCONNECTING: sessionHandleID[0], previous_status:[2], reason[995]
[2024-07-29_17:14:01.545763][40620] BnD::B1RedisDirectClientReadSession: set connection_status to STATUS_DISCONNECTED: sessionHandleID[1], previous_status:[3], reason[995]
[2024-07-29_17:14:01.545763][40620] BnD::B1RedisDirectClientReadSession: session disconnected
[2024-07-29_17:14:01.559697][40620] BnD::B1RedisDirectClientSubscribeSession: set connection_status to STATUS_DISCONNECTED: sessionHandleID[2], previous_status:[3], reason[995]
[2024-07-29_17:14:01.559697][40620] BnD::B1RedisDirectClientSubscribeSession: session disconnected
[2024-07-29_17:14:01.582296][40620] BnD::B1RedisDirectClientWriteSession: set connection_status to STATUS_DISCONNECTED: sessionHandleID[0], previous_status:[3], reason[995]
[2024-07-29_17:14:01.582296][40620] BnD::B1RedisDirectClientWriteSession: session disconnected
[2024-07-29_17:14:01.614381][40620] SemiTS::WebAssistantServiceMFC: [WebAssistantService_LPR][1001014] version:[1000][20240423] stopped
[2024-07-29_17:17:48.492218][24612] SemiTS::WebAssistantServiceMFC: connecting Administration Service for find equipment type...
[2024-07-29_17:17:48.492218][24612] BnD::B1RedisDirectClientWriteSession: set connection_status to STATUS_CONNECTING: sessionHandleID[0], previous_status:[-1]
[2024-07-29_17:17:48.492218][24612] BnD::B1ClientSocket: connecting: address[127.0.0.1], port[9379]
[2024-07-29_17:17:48.534670][24612] BnD::B1RedisDirectClientReadSession: set connection_status to STATUS_CONNECTING: sessionHandleID[1], previous_status:[-1]
[2024-07-29_17:17:48.534670][24612] BnD::B1ClientSocket: connecting: address[127.0.0.1], port[9379]
[2024-07-29_17:17:48.534670][12832] BnD::B1RedisDirectClientWriteSession: session connected -> clear buffer
[2024-07-29_17:17:48.534670][12832] BnD::B1RedisDirectClientWriteSession: set connection_status to STATUS_CONNECTED: sessionHandleID[0], previous_status:[1]
[2024-07-29_17:17:48.550278][11276] BnD::B1RedisDirectClientReadSession: session connected -> clear buffer
[2024-07-29_17:17:48.550278][11276] BnD::B1RedisDirectClientReadSession: set connection_status to STATUS_CONNECTED: sessionHandleID[1], previous_status:[1]
[2024-07-29_17:17:48.707547][40588] BnD::B1RedisDirectClientWriteSession: selecting redis db: db[0]
[2024-07-29_17:17:48.707547][40588] BnD::B1RedisDirectClientReadSession: selecting redis db: db[0]
[2024-07-29_17:17:48.707547][11276] BnD::B1RedisDirectClientReadSession: redis db selected
[2024-07-29_17:17:48.723541][24612] SemiTS::WebAssistantServiceMFC: Sync server time:[2024-07-29 17:17:48.723]
[2024-07-29_17:17:48.723488][24612] SemiTS::WebAssistantServiceMFC: Sync server time finished
[2024-07-29_17:17:48.724921][24612] SemiTS::WebAssistantServiceMFC: find product type done! disconnecting Administration Service: site[1001], type[1001]
[2024-07-29_17:17:48.927496][24612] BnD::B1RedisDirectClientWriteSession: disconnect called: sessionHandleID[0]
[2024-07-29_17:17:48.927496][24612] BnD::B1RedisDirectClientReadSession: disconnect called: sessionHandleID[1]
[2024-07-29_17:17:48.927496][24612] BnD::B1BaseSessionManager: waiting disconnection: sessionHandleID[0]
[2024-07-29_17:17:48.927496][24612] BnD::B1BaseSessionManager: waiting disconnection: sessionHandleID[1]
[2024-07-29_17:17:48.927496][12832] BnD::B1ArrayBufferReadWriteImpl: read failed: reason[995], message[스레드 종료 또는 응용 프로그램 요청 때문에 I/O 작업이 취소되었습니다]
[2024-07-29_17:17:48.927496][11276] BnD::B1ArrayBufferReadWriteImpl: read failed: reason[995], message[스레드 종료 또는 응용 프로그램 요청 때문에 I/O 작업이 취소되었습니다]
[2024-07-29_17:17:48.927496][12832] BnD::B1RedisDirectClientWriteSession: set connection_status to STATUS_DISCONNECTING: sessionHandleID[0], previous_status:[2], reason[995]
[2024-07-29_17:17:48.927496][11276] BnD::B1RedisDirectClientReadSession: set connection_status to STATUS_DISCONNECTING: sessionHandleID[1], previous_status:[2], reason[995]
[2024-07-29_17:17:49.941200][24612] BnD::B1RedisDirectClientWriteSession: set connection_status to STATUS_DISCONNECTED: sessionHandleID[0], previous_status:[3], reason[995]
[2024-07-29_17:17:49.941200][24612] BnD::B1RedisDirectClientWriteSession: session disconnected
[2024-07-29_17:17:49.957877][24612] BnD::B1RedisDirectClientReadSession: set connection_status to STATUS_DISCONNECTED: sessionHandleID[1], previous_status:[3], reason[995]
[2024-07-29_17:17:49.957877][24612] BnD::B1RedisDirectClientReadSession: session disconnected
[2024-07-29_17:17:49.974356][24612] SemiTS::WebAssistantServiceMFC: starting [WebAssistantService_LPR][1001014] version:[1000][20240423]
[2024-07-29_17:17:49.975146][24612] SemiTS::LPRWebAssistantServicePublic: Connecting [127.0.0.1:9379(0)]
[2024-07-29_17:17:49.975146][24612] BnD::B1RedisDirectClientWriteSession: set connection_status to STATUS_CONNECTING: sessionHandleID[0], previous_status:[-1]
[2024-07-29_17:17:49.975146][24612] BnD::B1ClientSocket: connecting: address[127.0.0.1], port[9379]
[2024-07-29_17:17:49.991848][24612] BnD::B1RedisDirectClientReadSession: set connection_status to STATUS_CONNECTING: sessionHandleID[1], previous_status:[-1]
[2024-07-29_17:17:49.991848][24612] BnD::B1ClientSocket: connecting: address[127.0.0.1], port[9379]
[2024-07-29_17:17:49.991848][24856] BnD::B1RedisDirectClientWriteSession: session connected -> clear buffer
[2024-07-29_17:17:49.992336][24856] BnD::B1RedisDirectClientWriteSession: set connection_status to STATUS_CONNECTED: sessionHandleID[0], previous_status:[1]
[2024-07-29_17:17:50.007991][24612] BnD::B1RedisDirectClientSubscribeSession: set connection_status to STATUS_CONNECTING: sessionHandleID[2], previous_status:[-1]
[2024-07-29_17:17:50.007991][24612] BnD::B1ClientSocket: connecting: address[127.0.0.1], port[9379]
[2024-07-29_17:17:50.007991][41856] BnD::B1RedisDirectClientReadSession: session connected -> clear buffer
[2024-07-29_17:17:50.007991][41856] BnD::B1RedisDirectClientReadSession: set connection_status to STATUS_CONNECTED: sessionHandleID[1], previous_status:[1]
[2024-07-29_17:17:50.024555][20148] BnD::B1RedisDirectClientSubscribeSession: session connected -> clear buffer
[2024-07-29_17:17:50.024555][20148] BnD::B1RedisDirectClientSubscribeSession: set connection_status to STATUS_CONNECTED: sessionHandleID[2], previous_status:[1]
[2024-07-29_17:17:50.187154][29564] BnD::B1RedisDirectClientReadSession: selecting redis db: db[0]
[2024-07-29_17:17:50.187154][41856] BnD::B1RedisDirectClientReadSession: redis db selected
[2024-07-29_17:17:50.187154][29564] BnD::B1RedisDirectClientSubscribeSession: selecting redis db: db[0]
[2024-07-29_17:17:50.187154][29564] BnD::B1RedisDirectClientWriteSession: selecting redis db: db[0]
[2024-07-29_17:17:50.203228][24612] SemiTS::LPRWASWebServer: begin accept: port[22001]
[2024-07-29_17:17:50.242554][24612] SemiTS::LPRWebAssistantServicePublic: initializing performance check: tick[281]
[2024-07-29_17:17:50.242554][24612] SemiTS::WebAssistantServiceMFC: [WebAssistantService_LPR][1001014] version:[1000][20240423] started
[2024-07-29_17:17:51.640690][2220] SemiTS::WASWebServerSession: set connection_status to STATUS_CONNECTED: sessionHandleID[0], previous_status:[-1]
[2024-07-29_17:17:51.642048][2220] BnD::B1HttpServerSessionManager: session modified: sessionHandleID[0]
[2024-07-29_17:17:51.642048][2220] SemiTS::LPRWASWebSocketServerSession: web socket accepted: peerAddress[127.0.0.1], localPort[22001]
[2024-07-29_17:17:51.642048][2220] SemiTS::LPRWASWebSocketServerSession: set connection_status to STATUS_CONNECTED: sessionHandleID[0], previous_status:[-1]
[2024-07-29_17:17:59.225992][20148] SemiTS::LPRWebAssistantServicePublic: {"MessageID":"LPRZonePurgeAttributesMsg","MessageData":{"ArchiveObject":{"ZoneID":"11110010","Flow1":"9","Flow2":"47","Flow3":"54","Pressure":"49","Humidity":"89","Temperature":"50"},"BaseTime":""}}
[2024-07-29_17:17:59.225992][20148] SemiTS::LPRWebAssistantServicePublic: {"MessageID":"LPRZonePurgeAttributesMsg","MessageData":{"ArchiveObject":{"ZoneID":"11110020","Flow1":"35","Flow2":"97","Flow3":"9","Pressure":"48","Humidity":"74","Temperature":"14"},"BaseTime":""}}
[2024-07-29_17:18:00.317884][20148] SemiTS::LPRWebAssistantServicePublic: {"MessageID":"LPRZonePurgeAttributesMsg","MessageData":{"ArchiveObject":{"ZoneID":"11110010","Flow1":"83","Flow2":"47","Flow3":"87","Pressure":"43","Humidity":"25","Temperature":"64"},"BaseTime":""}}
[2024-07-29_17:18:00.317884][20148] SemiTS::LPRWebAssistantServicePublic: {"MessageID":"LPRZonePurgeAttributesMsg","MessageData":{"ArchiveObject":{"ZoneID":"11110020","Flow1":"64","Flow2":"39","Flow3":"36","Pressure":"31","Humidity":"53","Temperature":"80"},"BaseTime":""}}
[2024-07-29_17:38:35.712661][2220] BnD::B1WebSocketReadWriteImpl: read failed: reason[1], message[The WebSocket stream was gracefully closed at both endpoints]
[2024-07-29_17:38:35.712661][2220] SemiTS::LPRWASWebSocketServerSession: set connection_status to STATUS_DISCONNECTING: sessionHandleID[0], previous_status:[2], reason[1]
[2024-07-29_17:38:35.759292][18552] SemiTS::LPRWASWebSocketServerSession: set connection_status to STATUS_DISCONNECTED: sessionHandleID[0], previous_status:[3], reason[1]
[2024-07-29_17:38:35.759292][18552] SemiTS::LPRWASWebSocketServerSession: server session disconnected: sessionHandleID[0], peerAddress[], localPort[0], reason[1]
[2024-07-29_17:38:38.520088][2220] SemiTS::WASWebServerSession: set connection_status to STATUS_CONNECTED: sessionHandleID[0], previous_status:[-1]
[2024-07-29_17:38:38.520088][2220] BnD::B1HttpServerSessionManager: session modified: sessionHandleID[0]
[2024-07-29_17:38:38.520088][2220] SemiTS::LPRWASWebSocketServerSession: web socket accepted: peerAddress[127.0.0.1], localPort[22001]
[2024-07-29_17:38:38.520088][2220] SemiTS::LPRWASWebSocketServerSession: set connection_status to STATUS_CONNECTED: sessionHandleID[0], previous_status:[-1]
[2024-07-29_17:38:49.395333][20148] SemiTS::LPRWebAssistantServicePublic: {"MessageID":"LPRZonePurgeAttributesMsg","MessageData":{"ArchiveObject":{"ZoneID":"11110010","Flow1":"50","Flow2":"44","Flow3":"23","Pressure":"14","Humidity":"53","Temperature":"39"},"BaseTime":""}}
[2024-07-29_17:38:49.395333][20148] SemiTS::LPRWebAssistantServicePublic: {"MessageID":"LPRZonePurgeAttributesMsg","MessageData":{"ArchiveObject":{"ZoneID":"11110020","Flow1":"88","Flow2":"89","Flow3":"33","Pressure":"20","Humidity":"62","Temperature":"21"},"BaseTime":""}}
[2024-07-29_17:38:50.489065][20148] SemiTS::LPRWebAssistantServicePublic: {"MessageID":"LPRZonePurgeAttributesMsg","MessageData":{"ArchiveObject":{"ZoneID":"11110010","Flow1":"56","Flow2":"40","Flow3":"64","Pressure":"1","Humidity":"57","Temperature":"0"},"BaseTime":""}}
[2024-07-29_17:38:50.489065][20148] SemiTS::LPRWebAssistantServicePublic: {"MessageID":"LPRZonePurgeAttributesMsg","MessageData":{"ArchiveObject":{"ZoneID":"11110020","Flow1":"31","Flow2":"70","Flow3":"35","Pressure":"99","Humidity":"68","Temperature":"90"},"BaseTime":""}}
[2024-07-29_17:38:51.577643][20148] SemiTS::LPRWebAssistantServicePublic: {"MessageID":"LPRZonePurgeAttributesMsg","MessageData":{"ArchiveObject":{"ZoneID":"11110010","Flow1":"26","Flow2":"38","Flow3":"61","Pressure":"76","Humidity":"70","Temperature":"94"},"BaseTime":""}}
[2024-07-29_17:38:51.577643][20148] SemiTS::LPRWebAssistantServicePublic: {"MessageID":"LPRZonePurgeAttributesMsg","MessageData":{"ArchiveObject":{"ZoneID":"11110020","Flow1":"10","Flow2":"33","Flow3":"55","Pressure":"10","Humidity":"54","Temperature":"35"},"BaseTime":""}}
[2024-07-29_17:38:52.660185][20148] SemiTS::LPRWebAssistantServicePublic: {"MessageID":"LPRZonePurgeAttributesMsg","MessageData":{"ArchiveObject":{"ZoneID":"11110010","Flow1":"69","Flow2":"73","Flow3":"14","Pressure":"65","Humidity":"6","Temperature":"70"},"BaseTime":""}}
[2024-07-29_17:38:52.660185][20148] SemiTS::LPRWebAssistantServicePublic: {"MessageID":"LPRZonePurgeAttributesMsg","MessageData":{"ArchiveObject":{"ZoneID":"11110020","Flow1":"94","Flow2":"28","Flow3":"40","Pressure":"98","Humidity":"26","Temperature":"69"},"BaseTime":""}}
[2024-07-29_17:38:53.728996][20148] SemiTS::LPRWebAssistantServicePublic: {"MessageID":"LPRZonePurgeAttributesMsg","MessageData":{"ArchiveObject":{"ZoneID":"11110010","Flow1":"78","Flow2":"6","Flow3":"46","Pressure":"71","Humidity":"6","Temperature":"57"},"BaseTime":""}}
[2024-07-29_17:38:53.728996][20148] SemiTS::LPRWebAssistantServicePublic: {"MessageID":"LPRZonePurgeAttributesMsg","MessageData":{"ArchiveObject":{"ZoneID":"11110020","Flow1":"37","Flow2":"69","Flow3":"36","Pressure":"9","Humidity":"2","Temperature":"87"},"BaseTime":""}}
[2024-07-29_17:38:54.792727][20148] SemiTS::LPRWebAssistantServicePublic: {"MessageID":"LPRZonePurgeAttributesMsg","MessageData":{"ArchiveObject":{"ZoneID":"11110010","Flow1":"46","Flow2":"53","Flow3":"84","Pressure":"9","Humidity":"23","Temperature":"9"},"BaseTime":""}}
[2024-07-29_17:38:54.792727][20148] SemiTS::LPRWebAssistantServicePublic: {"MessageID":"LPRZonePurgeAttributesMsg","MessageData":{"ArchiveObject":{"ZoneID":"11110020","Flow1":"36","Flow2":"13","Flow3":"1","Pressure":"14","Humidity":"96","Temperature":"7"},"BaseTime":""}}
[2024-07-29_17:44:39.011266][2220] BnD::B1WebSocketReadWriteImpl: read failed: reason[1], message[The WebSocket stream was gracefully closed at both endpoints]
[2024-07-29_17:44:39.011266][2220] SemiTS::LPRWASWebSocketServerSession: set connection_status to STATUS_DISCONNECTING: sessionHandleID[0], previous_status:[2], reason[1]
[2024-07-29_17:44:39.249536][18552] SemiTS::LPRWASWebSocketServerSession: set connection_status to STATUS_DISCONNECTED: sessionHandleID[0], previous_status:[3], reason[1]
[2024-07-29_17:44:39.249536][18552] SemiTS::LPRWASWebSocketServerSession: server session disconnected: sessionHandleID[0], peerAddress[], localPort[0], reason[1]
[2024-07-29_17:44:49.608921][2220] SemiTS::WASWebServerSession: set connection_status to STATUS_CONNECTED: sessionHandleID[0], previous_status:[-1]
[2024-07-29_17:44:49.608921][2220] BnD::B1HttpServerSessionManager: session modified: sessionHandleID[0]
[2024-07-29_17:44:49.608921][2220] SemiTS::LPRWASWebSocketServerSession: web socket accepted: peerAddress[127.0.0.1], localPort[22001]
[2024-07-29_17:44:49.608921][2220] SemiTS::LPRWASWebSocketServerSession: set connection_status to STATUS_CONNECTED: sessionHandleID[0], previous_status:[-1]
[2024-07-29_17:45:00.926871][2220] BnD::B1WebSocketReadWriteImpl: read failed: reason[1], message[The WebSocket stream was gracefully closed at both endpoints]
[2024-07-29_17:45:00.926871][2220] SemiTS::LPRWASWebSocketServerSession: set connection_status to STATUS_DISCONNECTING: sessionHandleID[0], previous_status:[2], reason[1]
[2024-07-29_17:45:01.188030][2220] SemiTS::WASWebServerSession: set connection_status to STATUS_CONNECTED: sessionHandleID[1], previous_status:[-1]
[2024-07-29_17:45:01.188030][2220] BnD::B1HttpServerSessionManager: session modified: sessionHandleID[1]
[2024-07-29_17:45:01.188030][2220] SemiTS::LPRWASWebSocketServerSession: web socket accepted: peerAddress[127.0.0.1], localPort[22001]
[2024-07-29_17:45:01.188030][2220] SemiTS::LPRWASWebSocketServerSession: set connection_status to STATUS_CONNECTED: sessionHandleID[1], previous_status:[-1]
[2024-07-29_17:45:01.393985][18552] SemiTS::LPRWASWebSocketServerSession: set connection_status to STATUS_DISCONNECTED: sessionHandleID[0], previous_status:[3], reason[1]
[2024-07-29_17:45:01.393985][18552] SemiTS::LPRWASWebSocketServerSession: server session disconnected: sessionHandleID[0], peerAddress[], localPort[0], reason[1]
[2024-07-29_17:45:08.924743][20148] SemiTS::LPRWebAssistantServicePublic: {"MessageID":"LPRZonePurgeAttributesMsg","MessageData":{"ArchiveObject":{"ZoneID":"11110010","Flow1":"46","Flow2":"67","Flow3":"90","Pressure":"49","Humidity":"33","Temperature":"81"},"BaseTime":""}}
[2024-07-29_17:45:08.924743][20148] SemiTS::LPRWebAssistantServicePublic: {"MessageID":"LPRZonePurgeAttributesMsg","MessageData":{"ArchiveObject":{"ZoneID":"11110020","Flow1":"34","Flow2":"8","Flow3":"50","Pressure":"37","Humidity":"4","Temperature":"8"},"BaseTime":""}}
[2024-07-29_17:45:10.012348][20148] SemiTS::LPRWebAssistantServicePublic: {"MessageID":"LPRZonePurgeAttributesMsg","MessageData":{"ArchiveObject":{"ZoneID":"11110010","Flow1":"43","Flow2":"23","Flow3":"17","Pressure":"46","Humidity":"73","Temperature":"35"},"BaseTime":""}}
[2024-07-29_17:45:10.012348][20148] SemiTS::LPRWebAssistantServicePublic: {"MessageID":"LPRZonePurgeAttributesMsg","MessageData":{"ArchiveObject":{"ZoneID":"11110020","Flow1":"27","Flow2":"8","Flow3":"55","Pressure":"9","Humidity":"88","Temperature":"5"},"BaseTime":""}}
[2024-07-29_17:45:11.086448][20148] SemiTS::LPRWebAssistantServicePublic: {"MessageID":"LPRZonePurgeAttributesMsg","MessageData":{"ArchiveObject":{"ZoneID":"11110010","Flow1":"73","Flow2":"27","Flow3":"52","Pressure":"95","Humidity":"7","Temperature":"6"},"BaseTime":""}}
[2024-07-29_17:45:11.086448][20148] SemiTS::LPRWebAssistantServicePublic: {"MessageID":"LPRZonePurgeAttributesMsg","MessageData":{"ArchiveObject":{"ZoneID":"11110020","Flow1":"89","Flow2":"21","Flow3":"30","Pressure":"40","Humidity":"91","Temperature":"21"},"BaseTime":""}}
[2024-07-29_17:45:12.185064][20148] SemiTS::LPRWebAssistantServicePublic: {"MessageID":"LPRZonePurgeAttributesMsg","MessageData":{"ArchiveObject":{"ZoneID":"11110010","Flow1":"39","Flow2":"32","Flow3":"55","Pressure":"82","Humidity":"36","Temperature":"11"},"BaseTime":""}}
[2024-07-29_17:45:12.185064][20148] SemiTS::LPRWebAssistantServicePublic: {"MessageID":"LPRZonePurgeAttributesMsg","MessageData":{"ArchiveObject":{"ZoneID":"11110020","Flow1":"44","Flow2":"5","Flow3":"52","Pressure":"27","Humidity":"65","Temperature":"73"},"BaseTime":""}}
[2024-07-29_17:47:25.928967][2220] BnD::B1WebSocketReadWriteImpl: read failed: reason[1], message[The WebSocket stream was gracefully closed at both endpoints]
[2024-07-29_17:47:25.928967][2220] SemiTS::LPRWASWebSocketServerSession: set connection_status to STATUS_DISCONNECTING: sessionHandleID[1], previous_status:[2], reason[1]
[2024-07-29_17:47:26.361284][18552] SemiTS::LPRWASWebSocketServerSession: set connection_status to STATUS_DISCONNECTED: sessionHandleID[1], previous_status:[3], reason[1]
[2024-07-29_17:47:26.361284][18552] SemiTS::LPRWASWebSocketServerSession: server session disconnected: sessionHandleID[1], peerAddress[], localPort[0], reason[1]
[2024-07-29_17:47:27.565351][2220] SemiTS::WASWebServerSession: set connection_status to STATUS_CONNECTED: sessionHandleID[0], previous_status:[-1]
[2024-07-29_17:47:27.565939][2220] BnD::B1HttpServerSessionManager: session modified: sessionHandleID[0]
[2024-07-29_17:47:27.565939][2220] SemiTS::LPRWASWebSocketServerSession: web socket accepted: peerAddress[127.0.0.1], localPort[22001]
[2024-07-29_17:47:27.565939][2220] SemiTS::LPRWASWebSocketServerSession: set connection_status to STATUS_CONNECTED: sessionHandleID[0], previous_status:[-1]
[2024-07-29_17:47:30.707494][20148] SemiTS::LPRWebAssistantServicePublic: {"MessageID":"LPRZonePurgeAttributesMsg","MessageData":{"ArchiveObject":{"ZoneID":"11110010","Flow1":"27","Flow2":"89","Flow3":"22","Pressure":"64","Humidity":"12","Temperature":"6"},"BaseTime":""}}
[2024-07-29_17:47:30.707494][20148] SemiTS::LPRWebAssistantServicePublic: {"MessageID":"LPRZonePurgeAttributesMsg","MessageData":{"ArchiveObject":{"ZoneID":"11110020","Flow1":"33","Flow2":"40","Flow3":"36","Pressure":"66","Humidity":"98","Temperature":"6"},"BaseTime":""}}
[2024-07-29_17:49:44.348929][2220] BnD::B1WebSocketReadWriteImpl: read failed: reason[10054], message[현재 연결은 원격 호스트에 의해 강제로 끊겼습니다]
[2024-07-29_17:49:44.348929][2220] SemiTS::LPRWASWebSocketServerSession: set connection_status to STATUS_DISCONNECTING: sessionHandleID[0], previous_status:[2], reason[10054]
[2024-07-29_17:49:44.394358][18552] SemiTS::LPRWASWebSocketServerSession: set connection_status to STATUS_DISCONNECTED: sessionHandleID[0], previous_status:[3], reason[10054]
[2024-07-29_17:49:44.394358][18552] SemiTS::LPRWASWebSocketServerSession: server session disconnected: sessionHandleID[0], peerAddress[127.0.0.1], localPort[22001], reason[10054]
[2024-07-29_17:49:49.861638][2220] SemiTS::WASWebServerSession: set connection_status to STATUS_CONNECTED: sessionHandleID[0], previous_status:[-1]
[2024-07-29_17:49:49.863572][2220] BnD::B1HttpServerSessionManager: session modified: sessionHandleID[0]
[2024-07-29_17:49:49.863572][2220] SemiTS::LPRWASWebSocketServerSession: web socket accepted: peerAddress[127.0.0.1], localPort[22001]
[2024-07-29_17:49:49.863572][2220] SemiTS::LPRWASWebSocketServerSession: set connection_status to STATUS_CONNECTED: sessionHandleID[0], previous_status:[-1]
[2024-07-29_17:49:53.498025][20148] SemiTS::LPRWebAssistantServicePublic: {"MessageID":"LPRZonePurgeAttributesMsg","MessageData":{"ArchiveObject":{"ZoneID":"11110010","Flow1":"36","Flow2":"48","Flow3":"62","Pressure":"61","Humidity":"91","Temperature":"49"},"BaseTime":""}}
[2024-07-29_17:49:53.498025][20148] SemiTS::LPRWebAssistantServicePublic: {"MessageID":"LPRZonePurgeAttributesMsg","MessageData":{"ArchiveObject":{"ZoneID":"11110020","Flow1":"37","Flow2":"22","Flow3":"63","Pressure":"97","Humidity":"2","Temperature":"88"},"BaseTime":""}}
[2024-07-29_17:49:54.594967][20148] SemiTS::LPRWebAssistantServicePublic: {"MessageID":"LPRZonePurgeAttributesMsg","MessageData":{"ArchiveObject":{"ZoneID":"11110010","Flow1":"80","Flow2":"54","Flow3":"51","Pressure":"98","Humidity":"36","Temperature":"82"},"BaseTime":""}}
[2024-07-29_17:49:54.594967][20148] SemiTS::LPRWebAssistantServicePublic: {"MessageID":"LPRZonePurgeAttributesMsg","MessageData":{"ArchiveObject":{"ZoneID":"11110020","Flow1":"49","Flow2":"56","Flow3":"16","Pressure":"43","Humidity":"37","Temperature":"46"},"BaseTime":""}}
[2024-07-29_17:49:55.686387][20148] SemiTS::LPRWebAssistantServicePublic: {"MessageID":"LPRZonePurgeAttributesMsg","MessageData":{"ArchiveObject":{"ZoneID":"11110010","Flow1":"55","Flow2":"32","Flow3":"32","Pressure":"10","Humidity":"34","Temperature":"55"},"BaseTime":""}}
[2024-07-29_17:49:55.686387][20148] SemiTS::LPRWebAssistantServicePublic: {"MessageID":"LPRZonePurgeAttributesMsg","MessageData":{"ArchiveObject":{"ZoneID":"11110020","Flow1":"60","Flow2":"80","Flow3":"92","Pressure":"73","Humidity":"27","Temperature":"91"},"BaseTime":""}}
[2024-07-29_17:49:56.782915][20148] SemiTS::LPRWebAssistantServicePublic: {"MessageID":"LPRZonePurgeAttributesMsg","MessageData":{"ArchiveObject":{"ZoneID":"11110010","Flow1":"3","Flow2":"66","Flow3":"11","Pressure":"47","Humidity":"7","Temperature":"18"},"BaseTime":""}}
[2024-07-29_17:49:56.782915][20148] SemiTS::LPRWebAssistantServicePublic: {"MessageID":"LPRZonePurgeAttributesMsg","MessageData":{"ArchiveObject":{"ZoneID":"11110020","Flow1":"87","Flow2":"44","Flow3":"45","Pressure":"71","Humidity":"77","Temperature":"68"},"BaseTime":""}}
[2024-07-29_17:49:57.870091][20148] SemiTS::LPRWebAssistantServicePublic: {"MessageID":"LPRZonePurgeAttributesMsg","MessageData":{"ArchiveObject":{"ZoneID":"11110010","Flow1":"99","Flow2":"20","Flow3":"36","Pressure":"5","Humidity":"18","Temperature":"69"},"BaseTime":""}}
[2024-07-29_17:49:57.870091][20148] SemiTS::LPRWebAssistantServicePublic: {"MessageID":"LPRZonePurgeAttributesMsg","MessageData":{"ArchiveObject":{"ZoneID":"11110020","Flow1":"0","Flow2":"34","Flow3":"99","Pressure":"43","Humidity":"52","Temperature":"36"},"BaseTime":""}}
[2024-07-29_17:49:58.954855][20148] SemiTS::LPRWebAssistantServicePublic: {"MessageID":"LPRZonePurgeAttributesMsg","MessageData":{"ArchiveObject":{"ZoneID":"11110010","Flow1":"54","Flow2":"10","Flow3":"75","Pressure":"99","Humidity":"68","Temperature":"38"},"BaseTime":""}}
[2024-07-29_17:49:58.954855][20148] SemiTS::LPRWebAssistantServicePublic: {"MessageID":"LPRZonePurgeAttributesMsg","MessageData":{"ArchiveObject":{"ZoneID":"11110020","Flow1":"95","Flow2":"61","Flow3":"44","Pressure":"63","Humidity":"10","Temperature":"61"},"BaseTime":""}}
[2024-07-29_17:50:00.026947][20148] SemiTS::LPRWebAssistantServicePublic: {"MessageID":"LPRZonePurgeAttributesMsg","MessageData":{"ArchiveObject":{"ZoneID":"11110010","Flow1":"21","Flow2":"40","Flow3":"77","Pressure":"49","Humidity":"65","Temperature":"46"},"BaseTime":""}}
[2024-07-29_17:50:00.026947][20148] SemiTS::LPRWebAssistantServicePublic: {"MessageID":"LPRZonePurgeAttributesMsg","MessageData":{"ArchiveObject":{"ZoneID":"11110020","Flow1":"49","Flow2":"6","Flow3":"33","Pressure":"40","Humidity":"27","Temperature":"28"},"BaseTime":""}}
[2024-07-29_17:50:01.125969][20148] SemiTS::LPRWebAssistantServicePublic: {"MessageID":"LPRZonePurgeAttributesMsg","MessageData":{"ArchiveObject":{"ZoneID":"11110010","Flow1":"63","Flow2":"82","Flow3":"8","Pressure":"64","Humidity":"36","Temperature":"83"},"BaseTime":""}}
[2024-07-29_17:50:01.125969][20148] SemiTS::LPRWebAssistantServicePublic: {"MessageID":"LPRZonePurgeAttributesMsg","MessageData":{"ArchiveObject":{"ZoneID":"11110020","Flow1":"62","Flow2":"12","Flow3":"4","Pressure":"59","Humidity":"42","Temperature":"43"},"BaseTime":""}}
[2024-07-29_17:50:02.203414][20148] SemiTS::LPRWebAssistantServicePublic: {"MessageID":"LPRZonePurgeAttributesMsg","MessageData":{"ArchiveObject":{"ZoneID":"11110010","Flow1":"22","Flow2":"29","Flow3":"34","Pressure":"37","Humidity":"89","Temperature":"11"},"BaseTime":""}}
[2024-07-29_17:50:02.203414][20148] SemiTS::LPRWebAssistantServicePublic: {"MessageID":"LPRZonePurgeAttributesMsg","MessageData":{"ArchiveObject":{"ZoneID":"11110020","Flow1":"17","Flow2":"58","Flow3":"7","Pressure":"63","Humidity":"28","Temperature":"64"},"BaseTime":""}}
[2024-07-29_17:50:03.301460][20148] SemiTS::LPRWebAssistantServicePublic: {"MessageID":"LPRZonePurgeAttributesMsg","MessageData":{"ArchiveObject":{"ZoneID":"11110010","Flow1":"15","Flow2":"50","Flow3":"8","Pressure":"37","Humidity":"98","Temperature":"44"},"BaseTime":""}}
[2024-07-29_17:50:03.301460][20148] SemiTS::LPRWebAssistantServicePublic: {"MessageID":"LPRZonePurgeAttributesMsg","MessageData":{"ArchiveObject":{"ZoneID":"11110020","Flow1":"1","Flow2":"87","Flow3":"29","Pressure":"11","Humidity":"45","Temperature":"61"},"BaseTime":""}}
[2024-07-29_17:50:04.396025][20148] SemiTS::LPRWebAssistantServicePublic: {"MessageID":"LPRZonePurgeAttributesMsg","MessageData":{"ArchiveObject":{"ZoneID":"11110010","Flow1":"14","Flow2":"39","Flow3":"17","Pressure":"5","Humidity":"28","Temperature":"17"},"BaseTime":""}}
[2024-07-29_17:50:04.396025][20148] SemiTS::LPRWebAssistantServicePublic: {"MessageID":"LPRZonePurgeAttributesMsg","MessageData":{"ArchiveObject":{"ZoneID":"11110020","Flow1":"87","Flow2":"2","Flow3":"60","Pressure":"46","Humidity":"1","Temperature":"27"},"BaseTime":""}}
[2024-07-29_17:50:05.478981][20148] SemiTS::LPRWebAssistantServicePublic: {"MessageID":"LPRZonePurgeAttributesMsg","MessageData":{"ArchiveObject":{"ZoneID":"11110010","Flow1":"14","Flow2":"83","Flow3":"29","Pressure":"16","Humidity":"15","Temperature":"31"},"BaseTime":""}}
[2024-07-29_17:50:05.478981][20148] SemiTS::LPRWebAssistantServicePublic: {"MessageID":"LPRZonePurgeAttributesMsg","MessageData":{"ArchiveObject":{"ZoneID":"11110020","Flow1":"66","Flow2":"55","Flow3":"15","Pressure":"45","Humidity":"49","Temperature":"40"},"BaseTime":""}}
[2024-07-29_17:50:06.573954][20148] SemiTS::LPRWebAssistantServicePublic: {"MessageID":"LPRZonePurgeAttributesMsg","MessageData":{"ArchiveObject":{"ZoneID":"11110010","Flow1":"42","Flow2":"18","Flow3":"15","Pressure":"80","Humidity":"35","Temperature":"16"},"BaseTime":""}}
[2024-07-29_17:50:06.573954][20148] SemiTS::LPRWebAssistantServicePublic: {"MessageID":"LPRZonePurgeAttributesMsg","MessageData":{"ArchiveObject":{"ZoneID":"11110020","Flow1":"50","Flow2":"16","Flow3":"49","Pressure":"12","Humidity":"86","Temperature":"76"},"BaseTime":""}}
[2024-07-29_17:50:07.654963][20148] SemiTS::LPRWebAssistantServicePublic: {"MessageID":"LPRZonePurgeAttributesMsg","MessageData":{"ArchiveObject":{"ZoneID":"11110010","Flow1":"46","Flow2":"2","Flow3":"6","Pressure":"2","Humidity":"73","Temperature":"91"},"BaseTime":""}}
[2024-07-29_17:50:07.654963][20148] SemiTS::LPRWebAssistantServicePublic: {"MessageID":"LPRZonePurgeAttributesMsg","MessageData":{"ArchiveObject":{"ZoneID":"11110020","Flow1":"76","Flow2":"81","Flow3":"94","Pressure":"95","Humidity":"29","Temperature":"74"},"BaseTime":""}}
[2024-07-29_17:50:08.759399][20148] SemiTS::LPRWebAssistantServicePublic: {"MessageID":"LPRZonePurgeAttributesMsg","MessageData":{"ArchiveObject":{"ZoneID":"11110010","Flow1":"47","Flow2":"32","Flow3":"0","Pressure":"17","Humidity":"53","Temperature":"1"},"BaseTime":""}}
[2024-07-29_17:50:08.759399][20148] SemiTS::LPRWebAssistantServicePublic: {"MessageID":"LPRZonePurgeAttributesMsg","MessageData":{"ArchiveObject":{"ZoneID":"11110020","Flow1":"57","Flow2":"7","Flow3":"13","Pressure":"63","Humidity":"36","Temperature":"26"},"BaseTime":""}}
[2024-07-29_17:50:09.859038][20148] SemiTS::LPRWebAssistantServicePublic: {"MessageID":"LPRZonePurgeAttributesMsg","MessageData":{"ArchiveObject":{"ZoneID":"11110010","Flow1":"57","Flow2":"25","Flow3":"7","Pressure":"10","Humidity":"34","Temperature":"46"},"BaseTime":""}}
[2024-07-29_17:50:09.859038][20148] SemiTS::LPRWebAssistantServicePublic: {"MessageID":"LPRZonePurgeAttributesMsg","MessageData":{"ArchiveObject":{"ZoneID":"11110020","Flow1":"37","Flow2":"23","Flow3":"34","Pressure":"40","Humidity":"84","Temperature":"35"},"BaseTime":""}}
[2024-07-29_17:50:10.957861][20148] SemiTS::LPRWebAssistantServicePublic: {"MessageID":"LPRZonePurgeAttributesMsg","MessageData":{"ArchiveObject":{"ZoneID":"11110010","Flow1":"20","Flow2":"50","Flow3":"58","Pressure":"65","Humidity":"7","Temperature":"19"},"BaseTime":""}}
[2024-07-29_17:50:10.957861][20148] SemiTS::LPRWebAssistantServicePublic: {"MessageID":"LPRZonePurgeAttributesMsg","MessageData":{"ArchiveObject":{"ZoneID":"11110020","Flow1":"2","Flow2":"9","Flow3":"53","Pressure":"21","Humidity":"89","Temperature":"15"},"BaseTime":""}}
[2024-07-29_17:50:12.046638][20148] SemiTS::LPRWebAssistantServicePublic: {"MessageID":"LPRZonePurgeAttributesMsg","MessageData":{"ArchiveObject":{"ZoneID":"11110010","Flow1":"50","Flow2":"47","Flow3":"71","Pressure":"18","Humidity":"71","Temperature":"23"},"BaseTime":""}}
[2024-07-29_17:50:12.046638][20148] SemiTS::LPRWebAssistantServicePublic: {"MessageID":"LPRZonePurgeAttributesMsg","MessageData":{"ArchiveObject":{"ZoneID":"11110020","Flow1":"21","Flow2":"22","Flow3":"83","Pressure":"54","Humidity":"70","Temperature":"22"},"BaseTime":""}}
[2024-07-29_17:50:13.147102][20148] SemiTS::LPRWebAssistantServicePublic: {"MessageID":"LPRZonePurgeAttributesMsg","MessageData":{"ArchiveObject":{"ZoneID":"11110010","Flow1":"15","Flow2":"41","Flow3":"25","Pressure":"9","Humidity":"24","Temperature":"48"},"BaseTime":""}}
[2024-07-29_17:50:13.147102][20148] SemiTS::LPRWebAssistantServicePublic: {"MessageID":"LPRZonePurgeAttributesMsg","MessageData":{"ArchiveObject":{"ZoneID":"11110020","Flow1":"17","Flow2":"23","Flow3":"51","Pressure":"69","Humidity":"16","Temperature":"30"},"BaseTime":""}}
[2024-07-29_17:50:14.220736][20148] SemiTS::LPRWebAssistantServicePublic: {"MessageID":"LPRZonePurgeAttributesMsg","MessageData":{"ArchiveObject":{"ZoneID":"11110010","Flow1":"84","Flow2":"27","Flow3":"44","Pressure":"3","Humidity":"36","Temperature":"43"},"BaseTime":""}}
[2024-07-29_17:50:14.220736][20148] SemiTS::LPRWebAssistantServicePublic: {"MessageID":"LPRZonePurgeAttributesMsg","MessageData":{"ArchiveObject":{"ZoneID":"11110020","Flow1":"55","Flow2":"55","Flow3":"36","Pressure":"99","Humidity":"32","Temperature":"10"},"BaseTime":""}}
[2024-07-29_17:56:08.782975][2220] BnD::B1WebSocketReadWriteImpl: read failed: reason[10053], message[현재 연결은 사용자의 호스트 시스템의 소프트웨어의 의해 중단되었습니다]
[2024-07-29_17:56:08.782975][2220] SemiTS::LPRWASWebSocketServerSession: set connection_status to STATUS_DISCONNECTING: sessionHandleID[0], previous_status:[2], reason[10053]
[2024-07-29_17:56:09.185200][18552] SemiTS::LPRWASWebSocketServerSession: set connection_status to STATUS_DISCONNECTED: sessionHandleID[0], previous_status:[3], reason[10053]
[2024-07-29_17:56:09.185200][18552] SemiTS::LPRWASWebSocketServerSession: server session disconnected: sessionHandleID[0], peerAddress[127.0.0.1], localPort[22001], reason[10053]
[2024-07-29_17:57:09.410121][2220] SemiTS::WASWebServerSession: set connection_status to STATUS_CONNECTED: sessionHandleID[0], previous_status:[-1]
[2024-07-29_17:57:09.410121][2220] BnD::B1HttpServerSessionManager: session modified: sessionHandleID[0]
[2024-07-29_17:57:09.411122][2220] SemiTS::LPRWASWebSocketServerSession: web socket accepted: peerAddress[127.0.0.1], localPort[22001]
[2024-07-29_17:57:09.411122][2220] SemiTS::LPRWASWebSocketServerSession: set connection_status to STATUS_CONNECTED: sessionHandleID[0], previous_status:[-1]
[2024-07-29_17:57:25.039618][2220] BnD::B1WebSocketReadWriteImpl: read failed: reason[1], message[The WebSocket stream was gracefully closed at both endpoints]
[2024-07-29_17:57:25.039618][2220] SemiTS::LPRWASWebSocketServerSession: set connection_status to STATUS_DISCONNECTING: sessionHandleID[0], previous_status:[2], reason[1]
[2024-07-29_17:57:25.304423][2220] SemiTS::WASWebServerSession: set connection_status to STATUS_CONNECTED: sessionHandleID[1], previous_status:[-1]
[2024-07-29_17:57:25.304423][2220] BnD::B1HttpServerSessionManager: session modified: sessionHandleID[1]
[2024-07-29_17:57:25.304423][2220] SemiTS::LPRWASWebSocketServerSession: web socket accepted: peerAddress[127.0.0.1], localPort[22001]
[2024-07-29_17:57:25.304423][2220] SemiTS::LPRWASWebSocketServerSession: set connection_status to STATUS_CONNECTED: sessionHandleID[1], previous_status:[-1]
[2024-07-29_17:57:25.785022][18552] SemiTS::LPRWASWebSocketServerSession: set connection_status to STATUS_DISCONNECTED: sessionHandleID[0], previous_status:[3], reason[1]
[2024-07-29_17:57:25.785022][18552] SemiTS::LPRWASWebSocketServerSession: server session disconnected: sessionHandleID[0], peerAddress[], localPort[0], reason[1]
[2024-07-29_17:59:02.895810][2220] BnD::B1WebSocketReadWriteImpl: read failed: reason[1], message[The WebSocket stream was gracefully closed at both endpoints]
[2024-07-29_17:59:02.895810][2220] SemiTS::LPRWASWebSocketServerSession: set connection_status to STATUS_DISCONNECTING: sessionHandleID[1], previous_status:[2], reason[1]
[2024-07-29_17:59:03.510939][18552] SemiTS::LPRWASWebSocketServerSession: set connection_status to STATUS_DISCONNECTED: sessionHandleID[1], previous_status:[3], reason[1]
[2024-07-29_17:59:03.510939][18552] SemiTS::LPRWASWebSocketServerSession: server session disconnected: sessionHandleID[1], peerAddress[], localPort[0], reason[1]
[2024-07-29_17:59:05.709345][2220] SemiTS::WASWebServerSession: set connection_status to STATUS_CONNECTED: sessionHandleID[0], previous_status:[-1]
[2024-07-29_17:59:05.709345][2220] BnD::B1HttpServerSessionManager: session modified: sessionHandleID[0]
[2024-07-29_17:59:05.709345][2220] SemiTS::LPRWASWebSocketServerSession: web socket accepted: peerAddress[127.0.0.1], localPort[22001]
[2024-07-29_17:59:05.709345][2220] SemiTS::LPRWASWebSocketServerSession: set connection_status to STATUS_CONNECTED: sessionHandleID[0], previous_status:[-1]
[2024-07-29_17:59:10.966775][2220] BnD::B1WebSocketReadWriteImpl: read failed: reason[1], message[The WebSocket stream was gracefully closed at both endpoints]
[2024-07-29_17:59:10.966775][2220] SemiTS::LPRWASWebSocketServerSession: set connection_status to STATUS_DISCONNECTING: sessionHandleID[0], previous_status:[2], reason[1]
[2024-07-29_17:59:11.232454][2220] SemiTS::WASWebServerSession: set connection_status to STATUS_CONNECTED: sessionHandleID[1], previous_status:[-1]
[2024-07-29_17:59:11.233488][2220] BnD::B1HttpServerSessionManager: session modified: sessionHandleID[1]
[2024-07-29_17:59:11.233488][2220] SemiTS::LPRWASWebSocketServerSession: web socket accepted: peerAddress[127.0.0.1], localPort[22001]
[2024-07-29_17:59:11.233488][2220] SemiTS::LPRWASWebSocketServerSession: set connection_status to STATUS_CONNECTED: sessionHandleID[1], previous_status:[-1]
[2024-07-29_17:59:11.584839][18552] SemiTS::LPRWASWebSocketServerSession: set connection_status to STATUS_DISCONNECTED: sessionHandleID[0], previous_status:[3], reason[1]
[2024-07-29_17:59:11.584839][18552] SemiTS::LPRWASWebSocketServerSession: server session disconnected: sessionHandleID[0], peerAddress[], localPort[0], reason[1]
