[2024-08-01_16:08:59.391640][20524] BnD::B1WebSocketReadWriteImpl: read failed: reason[10053], message[현재 연결은 사용자의 호스트 시스템의 소프트웨어의 의해 중단되었습니다]
[2024-08-01_16:08:59.391640][20524] SemiTS::LPRWASWebSocketServerSession: set connection_status to STATUS_DISCONNECTING: sessionHandleID[1], previous_status:[2], reason[10053]
[2024-08-01_16:08:59.677539][20524] SemiTS::WASWebServerSession: set connection_status to STATUS_CONNECTED: sessionHandleID[2], previous_status:[-1]
[2024-08-01_16:08:59.677539][20524] BnD::B1HttpServerSessionManager: session modified: sessionHandleID[2]
[2024-08-01_16:08:59.678539][20524] SemiTS::LPRWASWebSocketServerSession: web socket accepted: peerAddress[127.0.0.1], localPort[22001]
[2024-08-01_16:08:59.678539][20524] SemiTS::LPRWASWebSocketServerSession: set connection_status to STATUS_CONNECTED: sessionHandleID[2], previous_status:[-1]
[2024-08-01_16:09:00.264662][22832] SemiTS::LPRWASWebSocketServerSession: set connection_status to STATUS_DISCONNECTED: sessionHandleID[1], previous_status:[3], reason[10053]
[2024-08-01_16:09:00.264662][22832] SemiTS::LPRWASWebSocketServerSession: server session disconnected: sessionHandleID[1], peerAddress[127.0.0.1], localPort[22001], reason[10053]
[2024-08-01_16:46:07.524682][20524] BnD::B1WebSocketReadWriteImpl: read failed: reason[1], message[The WebSocket stream was gracefully closed at both endpoints]
[2024-08-01_16:46:07.524682][20524] SemiTS::LPRWASWebSocketServerSession: set connection_status to STATUS_DISCONNECTING: sessionHandleID[2], previous_status:[2], reason[1]
[2024-08-01_16:46:07.849960][20524] SemiTS::WASWebServerSession: set connection_status to STATUS_CONNECTED: sessionHandleID[3], previous_status:[-1]
[2024-08-01_16:46:07.849960][20524] BnD::B1HttpServerSessionManager: session modified: sessionHandleID[3]
[2024-08-01_16:46:07.849960][20524] SemiTS::LPRWASWebSocketServerSession: web socket accepted: peerAddress[127.0.0.1], localPort[22001]
[2024-08-01_16:46:07.849960][20524] SemiTS::LPRWASWebSocketServerSession: set connection_status to STATUS_CONNECTED: sessionHandleID[3], previous_status:[-1]
[2024-08-01_16:46:08.477712][22832] SemiTS::LPRWASWebSocketServerSession: set connection_status to STATUS_DISCONNECTED: sessionHandleID[2], previous_status:[3], reason[1]
[2024-08-01_16:46:08.477712][22832] SemiTS::LPRWASWebSocketServerSession: server session disconnected: sessionHandleID[2], peerAddress[], localPort[0], reason[1]
[2024-08-01_16:47:02.140455][20524] BnD::B1WebSocketReadWriteImpl: read failed: reason[1], message[The WebSocket stream was gracefully closed at both endpoints]
[2024-08-01_16:47:02.140455][20524] SemiTS::LPRWASWebSocketServerSession: set connection_status to STATUS_DISCONNECTING: sessionHandleID[3], previous_status:[2], reason[1]
[2024-08-01_16:47:02.440007][20524] SemiTS::WASWebServerSession: set connection_status to STATUS_CONNECTED: sessionHandleID[4], previous_status:[-1]
[2024-08-01_16:47:02.440007][20524] BnD::B1HttpServerSessionManager: session modified: sessionHandleID[4]
[2024-08-01_16:47:02.440007][20524] SemiTS::LPRWASWebSocketServerSession: web socket accepted: peerAddress[127.0.0.1], localPort[22001]
[2024-08-01_16:47:02.440007][20524] SemiTS::LPRWASWebSocketServerSession: set connection_status to STATUS_CONNECTED: sessionHandleID[4], previous_status:[-1]
[2024-08-01_16:47:02.891903][22832] SemiTS::LPRWASWebSocketServerSession: set connection_status to STATUS_DISCONNECTED: sessionHandleID[3], previous_status:[3], reason[1]
[2024-08-01_16:47:02.891903][22832] SemiTS::LPRWASWebSocketServerSession: server session disconnected: sessionHandleID[3], peerAddress[], localPort[0], reason[1]
[2024-08-01_16:47:59.389321][20524] BnD::B1WebSocketReadWriteImpl: read failed: reason[10053], message[현재 연결은 사용자의 호스트 시스템의 소프트웨어의 의해 중단되었습니다]
[2024-08-01_16:47:59.389321][20524] SemiTS::LPRWASWebSocketServerSession: set connection_status to STATUS_DISCONNECTING: sessionHandleID[4], previous_status:[2], reason[10053]
[2024-08-01_16:47:59.707798][20524] SemiTS::WASWebServerSession: set connection_status to STATUS_CONNECTED: sessionHandleID[5], previous_status:[-1]
[2024-08-01_16:47:59.709026][20524] BnD::B1HttpServerSessionManager: session modified: sessionHandleID[5]
[2024-08-01_16:47:59.709026][20524] SemiTS::LPRWASWebSocketServerSession: web socket accepted: peerAddress[127.0.0.1], localPort[22001]
[2024-08-01_16:47:59.709026][20524] SemiTS::LPRWASWebSocketServerSession: set connection_status to STATUS_CONNECTED: sessionHandleID[5], previous_status:[-1]
[2024-08-01_16:48:00.325028][22832] SemiTS::LPRWASWebSocketServerSession: set connection_status to STATUS_DISCONNECTED: sessionHandleID[4], previous_status:[3], reason[10053]
[2024-08-01_16:48:00.325028][22832] SemiTS::LPRWASWebSocketServerSession: server session disconnected: sessionHandleID[4], peerAddress[127.0.0.1], localPort[22001], reason[10053]
[2024-08-01_16:48:02.849344][20524] BnD::B1WebSocketReadWriteImpl: read failed: reason[10053], message[현재 연결은 사용자의 호스트 시스템의 소프트웨어의 의해 중단되었습니다]
[2024-08-01_16:48:02.849344][20524] SemiTS::LPRWASWebSocketServerSession: set connection_status to STATUS_DISCONNECTING: sessionHandleID[5], previous_status:[2], reason[10053]
[2024-08-01_16:48:03.121908][20524] SemiTS::WASWebServerSession: set connection_status to STATUS_CONNECTED: sessionHandleID[6], previous_status:[-1]
[2024-08-01_16:48:03.121908][20524] BnD::B1HttpServerSessionManager: session modified: sessionHandleID[6]
[2024-08-01_16:48:03.121908][20524] SemiTS::LPRWASWebSocketServerSession: web socket accepted: peerAddress[127.0.0.1], localPort[22001]
[2024-08-01_16:48:03.121908][20524] SemiTS::LPRWASWebSocketServerSession: set connection_status to STATUS_CONNECTED: sessionHandleID[6], previous_status:[-1]
[2024-08-01_16:48:03.390129][22832] SemiTS::LPRWASWebSocketServerSession: set connection_status to STATUS_DISCONNECTED: sessionHandleID[5], previous_status:[3], reason[10053]
[2024-08-01_16:48:03.390129][22832] SemiTS::LPRWASWebSocketServerSession: server session disconnected: sessionHandleID[5], peerAddress[127.0.0.1], localPort[22001], reason[10053]
[2024-08-01_16:48:51.107479][20524] BnD::B1WebSocketReadWriteImpl: read failed: reason[1], message[The WebSocket stream was gracefully closed at both endpoints]
[2024-08-01_16:48:51.107479][20524] SemiTS::LPRWASWebSocketServerSession: set connection_status to STATUS_DISCONNECTING: sessionHandleID[6], previous_status:[2], reason[1]
[2024-08-01_16:48:51.430839][20524] SemiTS::WASWebServerSession: set connection_status to STATUS_CONNECTED: sessionHandleID[7], previous_status:[-1]
[2024-08-01_16:48:51.430839][20524] BnD::B1HttpServerSessionManager: session modified: sessionHandleID[7]
[2024-08-01_16:48:51.430839][20524] SemiTS::LPRWASWebSocketServerSession: web socket accepted: peerAddress[127.0.0.1], localPort[22001]
[2024-08-01_16:48:51.430839][20524] SemiTS::LPRWASWebSocketServerSession: set connection_status to STATUS_CONNECTED: sessionHandleID[7], previous_status:[-1]
[2024-08-01_16:48:51.803727][22832] SemiTS::LPRWASWebSocketServerSession: set connection_status to STATUS_DISCONNECTED: sessionHandleID[6], previous_status:[3], reason[1]
[2024-08-01_16:48:51.803727][22832] SemiTS::LPRWASWebSocketServerSession: server session disconnected: sessionHandleID[6], peerAddress[], localPort[0], reason[1]
[2024-08-01_16:49:09.030462][20524] BnD::B1WebSocketReadWriteImpl: read failed: reason[1], message[The WebSocket stream was gracefully closed at both endpoints]
[2024-08-01_16:49:09.030462][20524] SemiTS::LPRWASWebSocketServerSession: set connection_status to STATUS_DISCONNECTING: sessionHandleID[7], previous_status:[2], reason[1]
[2024-08-01_16:49:09.300366][20524] SemiTS::WASWebServerSession: set connection_status to STATUS_CONNECTED: sessionHandleID[8], previous_status:[-1]
[2024-08-01_16:49:09.300366][20524] BnD::B1HttpServerSessionManager: session modified: sessionHandleID[8]
[2024-08-01_16:49:09.300366][20524] SemiTS::LPRWASWebSocketServerSession: web socket accepted: peerAddress[127.0.0.1], localPort[22001]
[2024-08-01_16:49:09.300366][20524] SemiTS::LPRWASWebSocketServerSession: set connection_status to STATUS_CONNECTED: sessionHandleID[8], previous_status:[-1]
[2024-08-01_16:49:09.919449][22832] SemiTS::LPRWASWebSocketServerSession: set connection_status to STATUS_DISCONNECTED: sessionHandleID[7], previous_status:[3], reason[1]
[2024-08-01_16:49:09.919449][22832] SemiTS::LPRWASWebSocketServerSession: server session disconnected: sessionHandleID[7], peerAddress[], localPort[0], reason[1]
[2024-08-01_16:51:10.334603][20524] BnD::B1WebSocketReadWriteImpl: read failed: reason[1], message[The WebSocket stream was gracefully closed at both endpoints]
[2024-08-01_16:51:10.334603][20524] SemiTS::LPRWASWebSocketServerSession: set connection_status to STATUS_DISCONNECTING: sessionHandleID[8], previous_status:[2], reason[1]
[2024-08-01_16:51:10.702348][20524] SemiTS::WASWebServerSession: set connection_status to STATUS_CONNECTED: sessionHandleID[9], previous_status:[-1]
[2024-08-01_16:51:10.702348][20524] BnD::B1HttpServerSessionManager: session modified: sessionHandleID[9]
[2024-08-01_16:51:10.702348][20524] SemiTS::LPRWASWebSocketServerSession: web socket accepted: peerAddress[127.0.0.1], localPort[22001]
[2024-08-01_16:51:10.702348][20524] SemiTS::LPRWASWebSocketServerSession: set connection_status to STATUS_CONNECTED: sessionHandleID[9], previous_status:[-1]
[2024-08-01_16:51:10.739878][22832] SemiTS::LPRWASWebSocketServerSession: set connection_status to STATUS_DISCONNECTED: sessionHandleID[8], previous_status:[3], reason[1]
[2024-08-01_16:51:10.739878][22832] SemiTS::LPRWASWebSocketServerSession: server session disconnected: sessionHandleID[8], peerAddress[], localPort[0], reason[1]
[2024-08-01_16:53:18.351457][20524] BnD::B1WebSocketReadWriteImpl: read failed: reason[1], message[The WebSocket stream was gracefully closed at both endpoints]
[2024-08-01_16:53:18.351457][20524] SemiTS::LPRWASWebSocketServerSession: set connection_status to STATUS_DISCONNECTING: sessionHandleID[9], previous_status:[2], reason[1]
[2024-08-01_16:53:18.656911][20524] SemiTS::WASWebServerSession: set connection_status to STATUS_CONNECTED: sessionHandleID[10], previous_status:[-1]
[2024-08-01_16:53:18.656911][20524] BnD::B1HttpServerSessionManager: session modified: sessionHandleID[10]
[2024-08-01_16:53:18.656911][20524] SemiTS::LPRWASWebSocketServerSession: web socket accepted: peerAddress[127.0.0.1], localPort[22001]
[2024-08-01_16:53:18.656911][20524] SemiTS::LPRWASWebSocketServerSession: set connection_status to STATUS_CONNECTED: sessionHandleID[10], previous_status:[-1]
[2024-08-01_16:53:18.731478][22832] SemiTS::LPRWASWebSocketServerSession: set connection_status to STATUS_DISCONNECTED: sessionHandleID[9], previous_status:[3], reason[1]
[2024-08-01_16:53:18.731478][22832] SemiTS::LPRWASWebSocketServerSession: server session disconnected: sessionHandleID[9], peerAddress[], localPort[0], reason[1]
[2024-08-01_16:54:51.109515][20524] BnD::B1WebSocketReadWriteImpl: read failed: reason[10053], message[현재 연결은 사용자의 호스트 시스템의 소프트웨어의 의해 중단되었습니다]
[2024-08-01_16:54:51.109515][20524] SemiTS::LPRWASWebSocketServerSession: set connection_status to STATUS_DISCONNECTING: sessionHandleID[10], previous_status:[2], reason[10053]
[2024-08-01_16:54:51.426944][20524] SemiTS::WASWebServerSession: set connection_status to STATUS_CONNECTED: sessionHandleID[11], previous_status:[-1]
[2024-08-01_16:54:51.426944][20524] BnD::B1HttpServerSessionManager: session modified: sessionHandleID[11]
[2024-08-01_16:54:51.426944][20524] SemiTS::LPRWASWebSocketServerSession: web socket accepted: peerAddress[127.0.0.1], localPort[22001]
[2024-08-01_16:54:51.426944][20524] SemiTS::LPRWASWebSocketServerSession: set connection_status to STATUS_CONNECTED: sessionHandleID[11], previous_status:[-1]
[2024-08-01_16:54:51.515898][22832] SemiTS::LPRWASWebSocketServerSession: set connection_status to STATUS_DISCONNECTED: sessionHandleID[10], previous_status:[3], reason[10053]
[2024-08-01_16:54:51.515898][22832] SemiTS::LPRWASWebSocketServerSession: server session disconnected: sessionHandleID[10], peerAddress[127.0.0.1], localPort[22001], reason[10053]
[2024-08-01_16:55:49.848807][20524] BnD::B1WebSocketReadWriteImpl: read failed: reason[10053], message[현재 연결은 사용자의 호스트 시스템의 소프트웨어의 의해 중단되었습니다]
[2024-08-01_16:55:49.848807][20524] SemiTS::LPRWASWebSocketServerSession: set connection_status to STATUS_DISCONNECTING: sessionHandleID[11], previous_status:[2], reason[10053]
[2024-08-01_16:55:49.997898][22832] SemiTS::LPRWASWebSocketServerSession: set connection_status to STATUS_DISCONNECTED: sessionHandleID[11], previous_status:[3], reason[10053]
[2024-08-01_16:55:50.000941][22832] SemiTS::LPRWASWebSocketServerSession: server session disconnected: sessionHandleID[11], peerAddress[127.0.0.1], localPort[22001], reason[10053]
[2024-08-01_16:55:50.186240][20524] SemiTS::WASWebServerSession: set connection_status to STATUS_CONNECTED: sessionHandleID[0], previous_status:[-1]
[2024-08-01_16:55:50.187240][20524] BnD::B1HttpServerSessionManager: session modified: sessionHandleID[0]
[2024-08-01_16:55:50.187240][20524] SemiTS::LPRWASWebSocketServerSession: web socket accepted: peerAddress[127.0.0.1], localPort[22001]
[2024-08-01_16:55:50.187240][20524] SemiTS::LPRWASWebSocketServerSession: set connection_status to STATUS_CONNECTED: sessionHandleID[0], previous_status:[-1]
[2024-08-01_16:56:23.436970][20524] BnD::B1WebSocketReadWriteImpl: read failed: reason[10054], message[현재 연결은 원격 호스트에 의해 강제로 끊겼습니다]
[2024-08-01_16:56:23.436970][20524] SemiTS::LPRWASWebSocketServerSession: set connection_status to STATUS_DISCONNECTING: sessionHandleID[0], previous_status:[2], reason[10054]
[2024-08-01_16:56:23.761170][20524] SemiTS::WASWebServerSession: set connection_status to STATUS_CONNECTED: sessionHandleID[1], previous_status:[-1]
[2024-08-01_16:56:23.761170][20524] BnD::B1HttpServerSessionManager: session modified: sessionHandleID[1]
[2024-08-01_16:56:23.761170][20524] SemiTS::LPRWASWebSocketServerSession: web socket accepted: peerAddress[127.0.0.1], localPort[22001]
[2024-08-01_16:56:23.761170][20524] SemiTS::LPRWASWebSocketServerSession: set connection_status to STATUS_CONNECTED: sessionHandleID[1], previous_status:[-1]
[2024-08-01_16:56:24.279873][22832] SemiTS::LPRWASWebSocketServerSession: set connection_status to STATUS_DISCONNECTED: sessionHandleID[0], previous_status:[3], reason[10054]
[2024-08-01_16:56:24.279873][22832] SemiTS::LPRWASWebSocketServerSession: server session disconnected: sessionHandleID[0], peerAddress[127.0.0.1], localPort[22001], reason[10054]
[2024-08-01_16:59:50.060963][20524] BnD::B1WebSocketReadWriteImpl: read failed: reason[1], message[The WebSocket stream was gracefully closed at both endpoints]
[2024-08-01_16:59:50.060963][20524] SemiTS::LPRWASWebSocketServerSession: set connection_status to STATUS_DISCONNECTING: sessionHandleID[1], previous_status:[2], reason[1]
[2024-08-01_16:59:50.358239][20524] SemiTS::WASWebServerSession: set connection_status to STATUS_CONNECTED: sessionHandleID[2], previous_status:[-1]
[2024-08-01_16:59:50.358239][20524] BnD::B1HttpServerSessionManager: session modified: sessionHandleID[2]
[2024-08-01_16:59:50.358239][20524] SemiTS::LPRWASWebSocketServerSession: web socket accepted: peerAddress[127.0.0.1], localPort[22001]
[2024-08-01_16:59:50.358239][20524] SemiTS::LPRWASWebSocketServerSession: set connection_status to STATUS_CONNECTED: sessionHandleID[2], previous_status:[-1]
[2024-08-01_16:59:50.729993][22832] SemiTS::LPRWASWebSocketServerSession: set connection_status to STATUS_DISCONNECTED: sessionHandleID[1], previous_status:[3], reason[1]
[2024-08-01_16:59:50.730992][22832] SemiTS::LPRWASWebSocketServerSession: server session disconnected: sessionHandleID[1], peerAddress[], localPort[0], reason[1]
