[2024-07-29_18:00:29.738237][2220] BnD::B1WebSocketReadWriteImpl: read failed: reason[1], message[The WebSocket stream was gracefully closed at both endpoints]
[2024-07-29_18:00:29.738237][2220] SemiTS::LPRWASWebSocketServerSession: set connection_status to STATUS_DISCONNECTING: sessionHandleID[1], previous_status:[2], reason[1]
[2024-07-29_18:00:30.207584][18552] SemiTS::LPRWASWebSocketServerSession: set connection_status to STATUS_DISCONNECTED: sessionHandleID[1], previous_status:[3], reason[1]
[2024-07-29_18:00:30.207584][18552] SemiTS::LPRWASWebSocketServerSession: server session disconnected: sessionHandleID[1], peerAddress[], localPort[0], reason[1]
[2024-07-29_18:00:32.130345][2220] SemiTS::WASWebServerSession: set connection_status to STATUS_CONNECTED: sessionHandleID[0], previous_status:[-1]
[2024-07-29_18:00:32.130868][2220] BnD::B1HttpServerSessionManager: session modified: sessionHandleID[0]
[2024-07-29_18:00:32.130868][2220] SemiTS::LPRWASWebSocketServerSession: web socket accepted: peerAddress[127.0.0.1], localPort[22001]
[2024-07-29_18:00:32.130868][2220] SemiTS::LPRWASWebSocketServerSession: set connection_status to STATUS_CONNECTED: sessionHandleID[0], previous_status:[-1]
[2024-07-29_18:00:43.420930][20148] SemiTS::LPRWebAssistantServicePublic: {"MessageID":"LPRZonePurgeAttributesMsg","MessageData":{"ArchiveObject":{"ZoneID":"11110010","Flow1":"9","Flow2":"41","Flow3":"94","Pressure":"31","Humidity":"77","Temperature":"31"},"BaseTime":""}}
[2024-07-29_18:00:43.420930][20148] SemiTS::LPRWebAssistantServicePublic: {"MessageID":"LPRZonePurgeAttributesMsg","MessageData":{"ArchiveObject":{"ZoneID":"11110020","Flow1":"21","Flow2":"32","Flow3":"53","Pressure":"85","Humidity":"19","Temperature":"42"},"BaseTime":""}}
[2024-07-29_18:00:44.513521][20148] SemiTS::LPRWebAssistantServicePublic: {"MessageID":"LPRZonePurgeAttributesMsg","MessageData":{"ArchiveObject":{"ZoneID":"11110010","Flow1":"81","Flow2":"98","Flow3":"88","Pressure":"4","Humidity":"13","Temperature":"46"},"BaseTime":""}}
[2024-07-29_18:00:44.513521][20148] SemiTS::LPRWebAssistantServicePublic: {"MessageID":"LPRZonePurgeAttributesMsg","MessageData":{"ArchiveObject":{"ZoneID":"11110020","Flow1":"17","Flow2":"41","Flow3":"45","Pressure":"34","Humidity":"94","Temperature":"48"},"BaseTime":""}}
[2024-07-29_18:00:45.588476][20148] SemiTS::LPRWebAssistantServicePublic: {"MessageID":"LPRZonePurgeAttributesMsg","MessageData":{"ArchiveObject":{"ZoneID":"11110010","Flow1":"0","Flow2":"86","Flow3":"54","Pressure":"91","Humidity":"76","Temperature":"73"},"BaseTime":""}}
[2024-07-29_18:00:45.588476][20148] SemiTS::LPRWebAssistantServicePublic: {"MessageID":"LPRZonePurgeAttributesMsg","MessageData":{"ArchiveObject":{"ZoneID":"11110020","Flow1":"23","Flow2":"6","Flow3":"41","Pressure":"63","Humidity":"10","Temperature":"17"},"BaseTime":""}}
[2024-07-29_18:00:46.676445][20148] SemiTS::LPRWebAssistantServicePublic: {"MessageID":"LPRZonePurgeAttributesMsg","MessageData":{"ArchiveObject":{"ZoneID":"11110010","Flow1":"27","Flow2":"15","Flow3":"44","Pressure":"32","Humidity":"96","Temperature":"77"},"BaseTime":""}}
[2024-07-29_18:00:46.676445][20148] SemiTS::LPRWebAssistantServicePublic: {"MessageID":"LPRZonePurgeAttributesMsg","MessageData":{"ArchiveObject":{"ZoneID":"11110020","Flow1":"30","Flow2":"31","Flow3":"91","Pressure":"5","Humidity":"38","Temperature":"13"},"BaseTime":""}}
[2024-07-29_18:02:25.410457][2220] BnD::B1WebSocketReadWriteImpl: read failed: reason[10053], message[현재 연결은 사용자의 호스트 시스템의 소프트웨어의 의해 중단되었습니다]
[2024-07-29_18:02:25.410457][2220] SemiTS::LPRWASWebSocketServerSession: set connection_status to STATUS_DISCONNECTING: sessionHandleID[0], previous_status:[2], reason[10053]
[2024-07-29_18:02:25.692310][2220] SemiTS::WASWebServerSession: set connection_status to STATUS_CONNECTED: sessionHandleID[1], previous_status:[-1]
[2024-07-29_18:02:25.692310][2220] BnD::B1HttpServerSessionManager: session modified: sessionHandleID[1]
[2024-07-29_18:02:25.692310][2220] SemiTS::LPRWASWebSocketServerSession: web socket accepted: peerAddress[127.0.0.1], localPort[22001]
[2024-07-29_18:02:25.692310][2220] SemiTS::LPRWASWebSocketServerSession: set connection_status to STATUS_CONNECTED: sessionHandleID[1], previous_status:[-1]
[2024-07-29_18:02:26.110049][18552] SemiTS::LPRWASWebSocketServerSession: set connection_status to STATUS_DISCONNECTED: sessionHandleID[0], previous_status:[3], reason[10053]
[2024-07-29_18:02:26.110049][18552] SemiTS::LPRWASWebSocketServerSession: server session disconnected: sessionHandleID[0], peerAddress[127.0.0.1], localPort[22001], reason[10053]
[2024-07-29_18:02:30.158136][20148] SemiTS::LPRWebAssistantServicePublic: {"MessageID":"LPRZonePurgeAttributesMsg","MessageData":{"ArchiveObject":{"ZoneID":"11110010","Flow1":"66","Flow2":"26","Flow3":"18","Pressure":"48","Humidity":"22","Temperature":"14"},"BaseTime":""}}
[2024-07-29_18:02:30.158136][20148] SemiTS::LPRWebAssistantServicePublic: {"MessageID":"LPRZonePurgeAttributesMsg","MessageData":{"ArchiveObject":{"ZoneID":"11110020","Flow1":"36","Flow2":"10","Flow3":"48","Pressure":"50","Humidity":"11","Temperature":"43"},"BaseTime":""}}
[2024-07-29_18:02:31.244060][20148] SemiTS::LPRWebAssistantServicePublic: {"MessageID":"LPRZonePurgeAttributesMsg","MessageData":{"ArchiveObject":{"ZoneID":"11110010","Flow1":"58","Flow2":"96","Flow3":"41","Pressure":"42","Humidity":"4","Temperature":"87"},"BaseTime":""}}
[2024-07-29_18:02:31.244060][20148] SemiTS::LPRWebAssistantServicePublic: {"MessageID":"LPRZonePurgeAttributesMsg","MessageData":{"ArchiveObject":{"ZoneID":"11110020","Flow1":"38","Flow2":"76","Flow3":"97","Pressure":"79","Humidity":"80","Temperature":"3"},"BaseTime":""}}
[2024-07-29_18:02:32.334877][20148] SemiTS::LPRWebAssistantServicePublic: {"MessageID":"LPRZonePurgeAttributesMsg","MessageData":{"ArchiveObject":{"ZoneID":"11110010","Flow1":"93","Flow2":"62","Flow3":"27","Pressure":"27","Humidity":"31","Temperature":"99"},"BaseTime":""}}
[2024-07-29_18:02:32.334877][20148] SemiTS::LPRWebAssistantServicePublic: {"MessageID":"LPRZonePurgeAttributesMsg","MessageData":{"ArchiveObject":{"ZoneID":"11110020","Flow1":"6","Flow2":"75","Flow3":"58","Pressure":"52","Humidity":"43","Temperature":"62"},"BaseTime":""}}
[2024-07-29_18:02:33.427754][20148] SemiTS::LPRWebAssistantServicePublic: {"MessageID":"LPRZonePurgeAttributesMsg","MessageData":{"ArchiveObject":{"ZoneID":"11110010","Flow1":"35","Flow2":"37","Flow3":"67","Pressure":"39","Humidity":"74","Temperature":"35"},"BaseTime":""}}
[2024-07-29_18:02:33.427754][20148] SemiTS::LPRWebAssistantServicePublic: {"MessageID":"LPRZonePurgeAttributesMsg","MessageData":{"ArchiveObject":{"ZoneID":"11110020","Flow1":"26","Flow2":"5","Flow3":"59","Pressure":"85","Humidity":"26","Temperature":"55"},"BaseTime":""}}
[2024-07-29_18:02:34.526620][20148] SemiTS::LPRWebAssistantServicePublic: {"MessageID":"LPRZonePurgeAttributesMsg","MessageData":{"ArchiveObject":{"ZoneID":"11110010","Flow1":"3","Flow2":"2","Flow3":"45","Pressure":"73","Humidity":"75","Temperature":"51"},"BaseTime":""}}
[2024-07-29_18:02:34.526620][20148] SemiTS::LPRWebAssistantServicePublic: {"MessageID":"LPRZonePurgeAttributesMsg","MessageData":{"ArchiveObject":{"ZoneID":"11110020","Flow1":"68","Flow2":"24","Flow3":"2","Pressure":"40","Humidity":"21","Temperature":"95"},"BaseTime":""}}
[2024-07-29_18:02:35.605270][20148] SemiTS::LPRWebAssistantServicePublic: {"MessageID":"LPRZonePurgeAttributesMsg","MessageData":{"ArchiveObject":{"ZoneID":"11110010","Flow1":"22","Flow2":"94","Flow3":"33","Pressure":"81","Humidity":"37","Temperature":"26"},"BaseTime":""}}
[2024-07-29_18:02:35.605270][20148] SemiTS::LPRWebAssistantServicePublic: {"MessageID":"LPRZonePurgeAttributesMsg","MessageData":{"ArchiveObject":{"ZoneID":"11110020","Flow1":"47","Flow2":"44","Flow3":"17","Pressure":"20","Humidity":"15","Temperature":"14"},"BaseTime":""}}
[2024-07-29_18:02:36.696342][20148] SemiTS::LPRWebAssistantServicePublic: {"MessageID":"LPRZonePurgeAttributesMsg","MessageData":{"ArchiveObject":{"ZoneID":"11110010","Flow1":"37","Flow2":"72","Flow3":"78","Pressure":"43","Humidity":"97","Temperature":"12"},"BaseTime":""}}
[2024-07-29_18:02:36.696342][20148] SemiTS::LPRWebAssistantServicePublic: {"MessageID":"LPRZonePurgeAttributesMsg","MessageData":{"ArchiveObject":{"ZoneID":"11110020","Flow1":"5","Flow2":"24","Flow3":"52","Pressure":"64","Humidity":"88","Temperature":"15"},"BaseTime":""}}
[2024-07-29_18:02:37.786665][20148] SemiTS::LPRWebAssistantServicePublic: {"MessageID":"LPRZonePurgeAttributesMsg","MessageData":{"ArchiveObject":{"ZoneID":"11110010","Flow1":"81","Flow2":"47","Flow3":"5","Pressure":"31","Humidity":"17","Temperature":"43"},"BaseTime":""}}
[2024-07-29_18:02:37.786665][20148] SemiTS::LPRWebAssistantServicePublic: {"MessageID":"LPRZonePurgeAttributesMsg","MessageData":{"ArchiveObject":{"ZoneID":"11110020","Flow1":"25","Flow2":"41","Flow3":"38","Pressure":"7","Humidity":"59","Temperature":"11"},"BaseTime":""}}
[2024-07-29_18:04:37.984256][2220] BnD::B1WebSocketReadWriteImpl: read failed: reason[1], message[The WebSocket stream was gracefully closed at both endpoints]
[2024-07-29_18:04:37.984256][2220] SemiTS::LPRWASWebSocketServerSession: set connection_status to STATUS_DISCONNECTING: sessionHandleID[1], previous_status:[2], reason[1]
[2024-07-29_18:04:38.069306][18552] SemiTS::LPRWASWebSocketServerSession: set connection_status to STATUS_DISCONNECTED: sessionHandleID[1], previous_status:[3], reason[1]
[2024-07-29_18:04:38.069306][18552] SemiTS::LPRWASWebSocketServerSession: server session disconnected: sessionHandleID[1], peerAddress[], localPort[0], reason[1]
[2024-07-29_18:04:40.120601][2220] SemiTS::WASWebServerSession: set connection_status to STATUS_CONNECTED: sessionHandleID[0], previous_status:[-1]
[2024-07-29_18:04:40.120601][2220] BnD::B1HttpServerSessionManager: session modified: sessionHandleID[0]
[2024-07-29_18:04:40.120601][2220] SemiTS::LPRWASWebSocketServerSession: web socket accepted: peerAddress[127.0.0.1], localPort[22001]
[2024-07-29_18:04:40.120601][2220] SemiTS::LPRWASWebSocketServerSession: set connection_status to STATUS_CONNECTED: sessionHandleID[0], previous_status:[-1]
[2024-07-29_18:04:46.463295][20148] SemiTS::LPRWebAssistantServicePublic: {"MessageID":"LPRZonePurgeAttributesMsg","MessageData":{"ArchiveObject":{"ZoneID":"11110010","Flow1":"7","Flow2":"34","Flow3":"42","Pressure":"48","Humidity":"42","Temperature":"90"},"BaseTime":""}}
[2024-07-29_18:04:46.463295][20148] SemiTS::LPRWebAssistantServicePublic: {"MessageID":"LPRZonePurgeAttributesMsg","MessageData":{"ArchiveObject":{"ZoneID":"11110020","Flow1":"32","Flow2":"60","Flow3":"86","Pressure":"18","Humidity":"68","Temperature":"9"},"BaseTime":""}}
[2024-07-29_18:04:47.507911][20148] SemiTS::LPRWebAssistantServicePublic: {"MessageID":"LPRZonePurgeAttributesMsg","MessageData":{"ArchiveObject":{"ZoneID":"11110010","Flow1":"6","Flow2":"49","Flow3":"31","Pressure":"85","Humidity":"33","Temperature":"61"},"BaseTime":""}}
[2024-07-29_18:04:47.507911][20148] SemiTS::LPRWebAssistantServicePublic: {"MessageID":"LPRZonePurgeAttributesMsg","MessageData":{"ArchiveObject":{"ZoneID":"11110020","Flow1":"34","Flow2":"55","Flow3":"92","Pressure":"83","Humidity":"19","Temperature":"49"},"BaseTime":""}}
[2024-07-29_18:04:48.147043][2220] BnD::B1WebSocketReadWriteImpl: read failed: reason[10054], message[현재 연결은 원격 호스트에 의해 강제로 끊겼습니다]
[2024-07-29_18:04:48.147043][2220] SemiTS::LPRWASWebSocketServerSession: set connection_status to STATUS_DISCONNECTING: sessionHandleID[0], previous_status:[2], reason[10054]
[2024-07-29_18:04:48.163936][18552] SemiTS::LPRWASWebSocketServerSession: set connection_status to STATUS_DISCONNECTED: sessionHandleID[0], previous_status:[3], reason[10054]
[2024-07-29_18:04:48.163936][18552] SemiTS::LPRWASWebSocketServerSession: server session disconnected: sessionHandleID[0], peerAddress[127.0.0.1], localPort[22001], reason[10054]
[2024-07-29_18:04:48.411073][2220] SemiTS::WASWebServerSession: set connection_status to STATUS_CONNECTED: sessionHandleID[0], previous_status:[-1]
[2024-07-29_18:04:48.412077][2220] BnD::B1HttpServerSessionManager: session modified: sessionHandleID[0]
[2024-07-29_18:04:48.412077][2220] SemiTS::LPRWASWebSocketServerSession: web socket accepted: peerAddress[127.0.0.1], localPort[22001]
[2024-07-29_18:04:48.412077][2220] SemiTS::LPRWASWebSocketServerSession: set connection_status to STATUS_CONNECTED: sessionHandleID[0], previous_status:[-1]
[2024-07-29_18:04:48.610097][20148] SemiTS::LPRWebAssistantServicePublic: {"MessageID":"LPRZonePurgeAttributesMsg","MessageData":{"ArchiveObject":{"ZoneID":"11110010","Flow1":"96","Flow2":"83","Flow3":"7","Pressure":"19","Humidity":"69","Temperature":"66"},"BaseTime":""}}
[2024-07-29_18:04:48.610097][20148] SemiTS::LPRWebAssistantServicePublic: {"MessageID":"LPRZonePurgeAttributesMsg","MessageData":{"ArchiveObject":{"ZoneID":"11110020","Flow1":"67","Flow2":"45","Flow3":"72","Pressure":"33","Humidity":"53","Temperature":"81"},"BaseTime":""}}
[2024-07-29_18:04:49.694353][20148] SemiTS::LPRWebAssistantServicePublic: {"MessageID":"LPRZonePurgeAttributesMsg","MessageData":{"ArchiveObject":{"ZoneID":"11110010","Flow1":"87","Flow2":"9","Flow3":"45","Pressure":"11","Humidity":"67","Temperature":"17"},"BaseTime":""}}
[2024-07-29_18:04:49.694353][20148] SemiTS::LPRWebAssistantServicePublic: {"MessageID":"LPRZonePurgeAttributesMsg","MessageData":{"ArchiveObject":{"ZoneID":"11110020","Flow1":"19","Flow2":"65","Flow3":"60","Pressure":"56","Humidity":"31","Temperature":"19"},"BaseTime":""}}
[2024-07-29_18:04:50.741626][20148] SemiTS::LPRWebAssistantServicePublic: {"MessageID":"LPRZonePurgeAttributesMsg","MessageData":{"ArchiveObject":{"ZoneID":"11110010","Flow1":"17","Flow2":"92","Flow3":"52","Pressure":"11","Humidity":"38","Temperature":"30"},"BaseTime":""}}
[2024-07-29_18:04:50.741626][20148] SemiTS::LPRWebAssistantServicePublic: {"MessageID":"LPRZonePurgeAttributesMsg","MessageData":{"ArchiveObject":{"ZoneID":"11110020","Flow1":"5","Flow2":"25","Flow3":"33","Pressure":"91","Humidity":"34","Temperature":"49"},"BaseTime":""}}
[2024-07-29_18:04:51.815504][20148] SemiTS::LPRWebAssistantServicePublic: {"MessageID":"LPRZonePurgeAttributesMsg","MessageData":{"ArchiveObject":{"ZoneID":"11110010","Flow1":"77","Flow2":"86","Flow3":"97","Pressure":"20","Humidity":"80","Temperature":"55"},"BaseTime":""}}
[2024-07-29_18:04:51.815504][20148] SemiTS::LPRWebAssistantServicePublic: {"MessageID":"LPRZonePurgeAttributesMsg","MessageData":{"ArchiveObject":{"ZoneID":"11110020","Flow1":"92","Flow2":"51","Flow3":"29","Pressure":"59","Humidity":"50","Temperature":"61"},"BaseTime":""}}
[2024-07-29_18:04:52.919200][20148] SemiTS::LPRWebAssistantServicePublic: {"MessageID":"LPRZonePurgeAttributesMsg","MessageData":{"ArchiveObject":{"ZoneID":"11110010","Flow1":"41","Flow2":"13","Flow3":"44","Pressure":"21","Humidity":"37","Temperature":"17"},"BaseTime":""}}
[2024-07-29_18:04:52.919200][20148] SemiTS::LPRWebAssistantServicePublic: {"MessageID":"LPRZonePurgeAttributesMsg","MessageData":{"ArchiveObject":{"ZoneID":"11110020","Flow1":"2","Flow2":"5","Flow3":"39","Pressure":"47","Humidity":"98","Temperature":"81"},"BaseTime":""}}
[2024-07-29_18:04:53.974226][20148] SemiTS::LPRWebAssistantServicePublic: {"MessageID":"LPRZonePurgeAttributesMsg","MessageData":{"ArchiveObject":{"ZoneID":"11110010","Flow1":"40","Flow2":"17","Flow3":"4","Pressure":"27","Humidity":"43","Temperature":"24"},"BaseTime":""}}
[2024-07-29_18:04:53.974226][20148] SemiTS::LPRWebAssistantServicePublic: {"MessageID":"LPRZonePurgeAttributesMsg","MessageData":{"ArchiveObject":{"ZoneID":"11110020","Flow1":"6","Flow2":"69","Flow3":"52","Pressure":"41","Humidity":"46","Temperature":"71"},"BaseTime":""}}
[2024-07-29_18:04:55.027677][20148] SemiTS::LPRWebAssistantServicePublic: {"MessageID":"LPRZonePurgeAttributesMsg","MessageData":{"ArchiveObject":{"ZoneID":"11110010","Flow1":"35","Flow2":"0","Flow3":"14","Pressure":"23","Humidity":"42","Temperature":"1"},"BaseTime":""}}
[2024-07-29_18:04:55.027677][20148] SemiTS::LPRWebAssistantServicePublic: {"MessageID":"LPRZonePurgeAttributesMsg","MessageData":{"ArchiveObject":{"ZoneID":"11110020","Flow1":"88","Flow2":"34","Flow3":"0","Pressure":"6","Humidity":"98","Temperature":"29"},"BaseTime":""}}
[2024-07-29_18:04:56.090886][20148] SemiTS::LPRWebAssistantServicePublic: {"MessageID":"LPRZonePurgeAttributesMsg","MessageData":{"ArchiveObject":{"ZoneID":"11110010","Flow1":"56","Flow2":"47","Flow3":"83","Pressure":"35","Humidity":"61","Temperature":"24"},"BaseTime":""}}
[2024-07-29_18:04:56.090886][20148] SemiTS::LPRWebAssistantServicePublic: {"MessageID":"LPRZonePurgeAttributesMsg","MessageData":{"ArchiveObject":{"ZoneID":"11110020","Flow1":"39","Flow2":"29","Flow3":"31","Pressure":"4","Humidity":"99","Temperature":"47"},"BaseTime":""}}
[2024-07-29_18:04:57.193412][20148] SemiTS::LPRWebAssistantServicePublic: {"MessageID":"LPRZonePurgeAttributesMsg","MessageData":{"ArchiveObject":{"ZoneID":"11110010","Flow1":"62","Flow2":"15","Flow3":"48","Pressure":"1","Humidity":"57","Temperature":"45"},"BaseTime":""}}
[2024-07-29_18:04:57.193412][20148] SemiTS::LPRWebAssistantServicePublic: {"MessageID":"LPRZonePurgeAttributesMsg","MessageData":{"ArchiveObject":{"ZoneID":"11110020","Flow1":"42","Flow2":"22","Flow3":"86","Pressure":"23","Humidity":"44","Temperature":"48"},"BaseTime":""}}
[2024-07-29_18:04:58.275497][20148] SemiTS::LPRWebAssistantServicePublic: {"MessageID":"LPRZonePurgeAttributesMsg","MessageData":{"ArchiveObject":{"ZoneID":"11110010","Flow1":"4","Flow2":"7","Flow3":"43","Pressure":"9","Humidity":"4","Temperature":"27"},"BaseTime":""}}
[2024-07-29_18:04:58.276883][20148] SemiTS::LPRWebAssistantServicePublic: {"MessageID":"LPRZonePurgeAttributesMsg","MessageData":{"ArchiveObject":{"ZoneID":"11110020","Flow1":"6","Flow2":"51","Flow3":"5","Pressure":"7","Humidity":"59","Temperature":"34"},"BaseTime":""}}
[2024-07-29_18:04:59.333633][20148] SemiTS::LPRWebAssistantServicePublic: {"MessageID":"LPRZonePurgeAttributesMsg","MessageData":{"ArchiveObject":{"ZoneID":"11110010","Flow1":"30","Flow2":"68","Flow3":"43","Pressure":"5","Humidity":"85","Temperature":"19"},"BaseTime":""}}
[2024-07-29_18:04:59.333633][20148] SemiTS::LPRWebAssistantServicePublic: {"MessageID":"LPRZonePurgeAttributesMsg","MessageData":{"ArchiveObject":{"ZoneID":"11110020","Flow1":"31","Flow2":"66","Flow3":"50","Pressure":"74","Humidity":"28","Temperature":"52"},"BaseTime":""}}
[2024-07-29_18:05:03.811822][2220] BnD::B1WebSocketReadWriteImpl: read failed: reason[1], message[The WebSocket stream was gracefully closed at both endpoints]
[2024-07-29_18:05:03.811822][2220] SemiTS::LPRWASWebSocketServerSession: set connection_status to STATUS_DISCONNECTING: sessionHandleID[0], previous_status:[2], reason[1]
[2024-07-29_18:05:04.066927][2220] SemiTS::WASWebServerSession: set connection_status to STATUS_CONNECTED: sessionHandleID[1], previous_status:[-1]
[2024-07-29_18:05:04.066927][2220] BnD::B1HttpServerSessionManager: session modified: sessionHandleID[1]
[2024-07-29_18:05:04.066927][2220] SemiTS::LPRWASWebSocketServerSession: web socket accepted: peerAddress[127.0.0.1], localPort[22001]
[2024-07-29_18:05:04.066927][2220] SemiTS::LPRWASWebSocketServerSession: set connection_status to STATUS_CONNECTED: sessionHandleID[1], previous_status:[-1]
[2024-07-29_18:05:04.285907][18552] SemiTS::LPRWASWebSocketServerSession: set connection_status to STATUS_DISCONNECTED: sessionHandleID[0], previous_status:[3], reason[1]
[2024-07-29_18:05:04.285907][18552] SemiTS::LPRWASWebSocketServerSession: server session disconnected: sessionHandleID[0], peerAddress[], localPort[0], reason[1]
[2024-07-29_18:05:10.469860][20148] SemiTS::LPRWebAssistantServicePublic: {"MessageID":"LPRZonePurgeAttributesMsg","MessageData":{"ArchiveObject":{"ZoneID":"11110010","Flow1":"24","Flow2":"27","Flow3":"80","Pressure":"10","Humidity":"35","Temperature":"2"},"BaseTime":""}}
[2024-07-29_18:05:10.469860][20148] SemiTS::LPRWebAssistantServicePublic: {"MessageID":"LPRZonePurgeAttributesMsg","MessageData":{"ArchiveObject":{"ZoneID":"11110020","Flow1":"37","Flow2":"34","Flow3":"89","Pressure":"49","Humidity":"54","Temperature":"78"},"BaseTime":""}}
[2024-07-29_18:05:11.556609][20148] SemiTS::LPRWebAssistantServicePublic: {"MessageID":"LPRZonePurgeAttributesMsg","MessageData":{"ArchiveObject":{"ZoneID":"11110010","Flow1":"2","Flow2":"90","Flow3":"80","Pressure":"97","Humidity":"3","Temperature":"37"},"BaseTime":""}}
[2024-07-29_18:05:11.556609][20148] SemiTS::LPRWebAssistantServicePublic: {"MessageID":"LPRZonePurgeAttributesMsg","MessageData":{"ArchiveObject":{"ZoneID":"11110020","Flow1":"70","Flow2":"37","Flow3":"50","Pressure":"79","Humidity":"68","Temperature":"75"},"BaseTime":""}}
[2024-07-29_18:05:12.635341][20148] SemiTS::LPRWebAssistantServicePublic: {"MessageID":"LPRZonePurgeAttributesMsg","MessageData":{"ArchiveObject":{"ZoneID":"11110010","Flow1":"80","Flow2":"34","Flow3":"40","Pressure":"63","Humidity":"54","Temperature":"33"},"BaseTime":""}}
[2024-07-29_18:05:12.635341][20148] SemiTS::LPRWebAssistantServicePublic: {"MessageID":"LPRZonePurgeAttributesMsg","MessageData":{"ArchiveObject":{"ZoneID":"11110020","Flow1":"46","Flow2":"31","Flow3":"85","Pressure":"47","Humidity":"1","Temperature":"26"},"BaseTime":""}}
[2024-07-29_18:05:13.735238][20148] SemiTS::LPRWebAssistantServicePublic: {"MessageID":"LPRZonePurgeAttributesMsg","MessageData":{"ArchiveObject":{"ZoneID":"11110010","Flow1":"87","Flow2":"47","Flow3":"6","Pressure":"90","Humidity":"31","Temperature":"43"},"BaseTime":""}}
[2024-07-29_18:05:13.735238][20148] SemiTS::LPRWebAssistantServicePublic: {"MessageID":"LPRZonePurgeAttributesMsg","MessageData":{"ArchiveObject":{"ZoneID":"11110020","Flow1":"5","Flow2":"65","Flow3":"96","Pressure":"25","Humidity":"31","Temperature":"18"},"BaseTime":""}}
[2024-07-29_18:06:50.418385][2220] BnD::B1WebSocketReadWriteImpl: read failed: reason[1], message[The WebSocket stream was gracefully closed at both endpoints]
[2024-07-29_18:06:50.418385][2220] SemiTS::LPRWASWebSocketServerSession: set connection_status to STATUS_DISCONNECTING: sessionHandleID[1], previous_status:[2], reason[1]
[2024-07-29_18:06:51.069780][18552] SemiTS::LPRWASWebSocketServerSession: set connection_status to STATUS_DISCONNECTED: sessionHandleID[1], previous_status:[3], reason[1]
[2024-07-29_18:06:51.069780][18552] SemiTS::LPRWASWebSocketServerSession: server session disconnected: sessionHandleID[1], peerAddress[], localPort[0], reason[1]
[2024-07-29_18:06:53.224146][2220] SemiTS::WASWebServerSession: set connection_status to STATUS_CONNECTED: sessionHandleID[0], previous_status:[-1]
[2024-07-29_18:06:53.225147][2220] BnD::B1HttpServerSessionManager: session modified: sessionHandleID[0]
[2024-07-29_18:06:53.225147][2220] SemiTS::LPRWASWebSocketServerSession: web socket accepted: peerAddress[127.0.0.1], localPort[22001]
[2024-07-29_18:06:53.225147][2220] SemiTS::LPRWASWebSocketServerSession: set connection_status to STATUS_CONNECTED: sessionHandleID[0], previous_status:[-1]
[2024-07-29_18:06:58.068593][20148] SemiTS::LPRWebAssistantServicePublic: {"MessageID":"LPRZonePurgeAttributesMsg","MessageData":{"ArchiveObject":{"ZoneID":"11110010","Flow1":"28","Flow2":"41","Flow3":"11","Pressure":"24","Humidity":"69","Temperature":"44"},"BaseTime":""}}
[2024-07-29_18:06:58.068593][20148] SemiTS::LPRWebAssistantServicePublic: {"MessageID":"LPRZonePurgeAttributesMsg","MessageData":{"ArchiveObject":{"ZoneID":"11110020","Flow1":"35","Flow2":"47","Flow3":"35","Pressure":"9","Humidity":"21","Temperature":"31"},"BaseTime":""}}
[2024-07-29_18:06:59.153830][20148] SemiTS::LPRWebAssistantServicePublic: {"MessageID":"LPRZonePurgeAttributesMsg","MessageData":{"ArchiveObject":{"ZoneID":"11110010","Flow1":"36","Flow2":"94","Flow3":"80","Pressure":"33","Humidity":"59","Temperature":"89"},"BaseTime":""}}
[2024-07-29_18:06:59.153830][20148] SemiTS::LPRWebAssistantServicePublic: {"MessageID":"LPRZonePurgeAttributesMsg","MessageData":{"ArchiveObject":{"ZoneID":"11110020","Flow1":"45","Flow2":"39","Flow3":"91","Pressure":"47","Humidity":"31","Temperature":"23"},"BaseTime":""}}
[2024-07-29_18:07:00.218368][20148] SemiTS::LPRWebAssistantServicePublic: {"MessageID":"LPRZonePurgeAttributesMsg","MessageData":{"ArchiveObject":{"ZoneID":"11110010","Flow1":"48","Flow2":"16","Flow3":"50","Pressure":"63","Humidity":"36","Temperature":"33"},"BaseTime":""}}
[2024-07-29_18:07:00.218368][20148] SemiTS::LPRWebAssistantServicePublic: {"MessageID":"LPRZonePurgeAttributesMsg","MessageData":{"ArchiveObject":{"ZoneID":"11110020","Flow1":"71","Flow2":"23","Flow3":"11","Pressure":"91","Humidity":"11","Temperature":"31"},"BaseTime":""}}
[2024-07-29_18:07:01.317733][20148] SemiTS::LPRWebAssistantServicePublic: {"MessageID":"LPRZonePurgeAttributesMsg","MessageData":{"ArchiveObject":{"ZoneID":"11110010","Flow1":"47","Flow2":"65","Flow3":"47","Pressure":"71","Humidity":"37","Temperature":"15"},"BaseTime":""}}
[2024-07-29_18:07:01.317733][20148] SemiTS::LPRWebAssistantServicePublic: {"MessageID":"LPRZonePurgeAttributesMsg","MessageData":{"ArchiveObject":{"ZoneID":"11110020","Flow1":"2","Flow2":"37","Flow3":"32","Pressure":"55","Humidity":"33","Temperature":"34"},"BaseTime":""}}
[2024-07-29_18:07:02.413054][20148] SemiTS::LPRWebAssistantServicePublic: {"MessageID":"LPRZonePurgeAttributesMsg","MessageData":{"ArchiveObject":{"ZoneID":"11110010","Flow1":"80","Flow2":"12","Flow3":"39","Pressure":"39","Humidity":"50","Temperature":"2"},"BaseTime":""}}
[2024-07-29_18:07:02.413054][20148] SemiTS::LPRWebAssistantServicePublic: {"MessageID":"LPRZonePurgeAttributesMsg","MessageData":{"ArchiveObject":{"ZoneID":"11110020","Flow1":"55","Flow2":"97","Flow3":"74","Pressure":"29","Humidity":"71","Temperature":"95"},"BaseTime":""}}
[2024-07-29_18:07:03.506303][20148] SemiTS::LPRWebAssistantServicePublic: {"MessageID":"LPRZonePurgeAttributesMsg","MessageData":{"ArchiveObject":{"ZoneID":"11110010","Flow1":"24","Flow2":"14","Flow3":"70","Pressure":"75","Humidity":"72","Temperature":"14"},"BaseTime":""}}
[2024-07-29_18:07:03.506303][20148] SemiTS::LPRWebAssistantServicePublic: {"MessageID":"LPRZonePurgeAttributesMsg","MessageData":{"ArchiveObject":{"ZoneID":"11110020","Flow1":"65","Flow2":"95","Flow3":"20","Pressure":"84","Humidity":"81","Temperature":"13"},"BaseTime":""}}
[2024-07-29_18:07:04.586396][20148] SemiTS::LPRWebAssistantServicePublic: {"MessageID":"LPRZonePurgeAttributesMsg","MessageData":{"ArchiveObject":{"ZoneID":"11110010","Flow1":"8","Flow2":"37","Flow3":"24","Pressure":"29","Humidity":"56","Temperature":"49"},"BaseTime":""}}
[2024-07-29_18:07:04.586396][20148] SemiTS::LPRWebAssistantServicePublic: {"MessageID":"LPRZonePurgeAttributesMsg","MessageData":{"ArchiveObject":{"ZoneID":"11110020","Flow1":"27","Flow2":"74","Flow3":"68","Pressure":"89","Humidity":"35","Temperature":"8"},"BaseTime":""}}
[2024-07-29_18:07:22.471535][30404] SemiTS::WebAssistantServiceMFC: stopping [WebAssistantService_LPR][1001014] version:[1000][20240423]
[2024-07-29_18:07:22.471535][24612] BnD::B1Acceptor: closing acceptor
[2024-07-29_18:07:22.471535][2220] SemiTS::LPRWASWebServer: accept error: peerAddress[], localPort[0], reason[995]
[2024-07-29_18:07:22.581420][24612] BnD::B1Acceptor: acceptor closed
[2024-07-29_18:07:23.351225][24612] SemiTS::LPRWASWebSocketServerSession: disconnect called: sessionHandleID[0]
[2024-07-29_18:07:23.351225][24612] BnD::B1HttpServerSessionManager: waiting disconnection: sessionHandleID[0]
[2024-07-29_18:07:23.351225][2220] BnD::B1WebSocketReadWriteImpl: read failed: reason[1236], message[네트워크 연결이 로컬 시스템에 의해 취소되었습니다]
[2024-07-29_18:07:23.351225][2220] SemiTS::LPRWASWebSocketServerSession: set connection_status to STATUS_DISCONNECTING: sessionHandleID[0], previous_status:[2], reason[1236]
[2024-07-29_18:07:24.009005][30404] SemiTS::WebAssistantServiceMFC: stopping [WebAssistantService_LPR][1001014] version:[1000][20240423]
[2024-07-29_18:07:24.354235][24612] SemiTS::LPRWASWebSocketServerSession: set connection_status to STATUS_DISCONNECTED: sessionHandleID[0], previous_status:[3], reason[1236]
[2024-07-29_18:07:24.354235][24612] SemiTS::LPRWASWebSocketServerSession: server session disconnected: sessionHandleID[0], peerAddress[], localPort[0], reason[1236]
[2024-07-29_18:07:24.354235][24612] BnD::B1HttpServerSessionManager: reserveRemoveSession requested. but manager is not alived
[2024-07-29_18:07:24.495739][24612] BnD::B1RedisDirectClientReadSession: disconnect called: sessionHandleID[1]
[2024-07-29_18:07:24.495739][24612] BnD::B1RedisDirectClientSubscribeSession: disconnect called: sessionHandleID[2]
[2024-07-29_18:07:24.495739][24612] BnD::B1RedisDirectClientWriteSession: disconnect called: sessionHandleID[0]
[2024-07-29_18:07:24.495739][41856] BnD::B1ArrayBufferReadWriteImpl: read failed: reason[995], message[스레드 종료 또는 응용 프로그램 요청 때문에 I/O 작업이 취소되었습니다]
[2024-07-29_18:07:24.495739][41856] BnD::B1RedisDirectClientReadSession: set connection_status to STATUS_DISCONNECTING: sessionHandleID[1], previous_status:[2], reason[995]
[2024-07-29_18:07:24.495739][24612] BnD::B1RedisDirectClientReadSession: set connection_status to STATUS_DISCONNECTED: sessionHandleID[1], previous_status:[3], reason[995]
[2024-07-29_18:07:24.495739][20148] BnD::B1ArrayBufferReadWriteImpl: read failed: reason[995], message[스레드 종료 또는 응용 프로그램 요청 때문에 I/O 작업이 취소되었습니다]
[2024-07-29_18:07:24.495739][24612] BnD::B1RedisDirectClientReadSession: session disconnected
[2024-07-29_18:07:24.495739][20148] BnD::B1RedisDirectClientSubscribeSession: set connection_status to STATUS_DISCONNECTING: sessionHandleID[2], previous_status:[2], reason[995]
[2024-07-29_18:07:24.495739][24856] BnD::B1ArrayBufferReadWriteImpl: read failed: reason[995], message[스레드 종료 또는 응용 프로그램 요청 때문에 I/O 작업이 취소되었습니다]
[2024-07-29_18:07:24.495739][24856] BnD::B1RedisDirectClientWriteSession: set connection_status to STATUS_DISCONNECTING: sessionHandleID[0], previous_status:[2], reason[995]
[2024-07-29_18:07:24.511379][24612] BnD::B1RedisDirectClientSubscribeSession: set connection_status to STATUS_DISCONNECTED: sessionHandleID[2], previous_status:[3], reason[995]
[2024-07-29_18:07:24.511379][24612] BnD::B1RedisDirectClientSubscribeSession: session disconnected
[2024-07-29_18:07:24.542210][24612] BnD::B1RedisDirectClientWriteSession: set connection_status to STATUS_DISCONNECTED: sessionHandleID[0], previous_status:[3], reason[995]
[2024-07-29_18:07:24.542305][24612] BnD::B1RedisDirectClientWriteSession: session disconnected
[2024-07-29_18:07:24.557520][24612] SemiTS::WebAssistantServiceMFC: [WebAssistantService_LPR][1001014] version:[1000][20240423] stopped
[2024-07-29_18:11:27.328236][1980] SemiTS::WebAssistantServiceMFC: connecting Administration Service for find equipment type...
[2024-07-29_18:11:27.329259][1980] BnD::B1RedisDirectClientWriteSession: set connection_status to STATUS_CONNECTING: sessionHandleID[0], previous_status:[-1]
[2024-07-29_18:11:27.329259][1980] BnD::B1ClientSocket: connecting: address[127.0.0.1], port[9379]
[2024-07-29_18:11:27.355158][1980] BnD::B1RedisDirectClientReadSession: set connection_status to STATUS_CONNECTING: sessionHandleID[1], previous_status:[-1]
[2024-07-29_18:11:27.355158][1980] BnD::B1ClientSocket: connecting: address[127.0.0.1], port[9379]
[2024-07-29_18:11:27.355158][15212] BnD::B1RedisDirectClientWriteSession: session connected -> clear buffer
[2024-07-29_18:11:27.355158][15212] BnD::B1RedisDirectClientWriteSession: set connection_status to STATUS_CONNECTED: sessionHandleID[0], previous_status:[1]
[2024-07-29_18:11:27.370692][26492] BnD::B1RedisDirectClientReadSession: session connected -> clear buffer
[2024-07-29_18:11:27.370692][26492] BnD::B1RedisDirectClientReadSession: set connection_status to STATUS_CONNECTED: sessionHandleID[1], previous_status:[1]
[2024-07-29_18:11:27.543339][34936] BnD::B1RedisDirectClientWriteSession: selecting redis db: db[0]
[2024-07-29_18:11:27.543339][34936] BnD::B1RedisDirectClientReadSession: selecting redis db: db[0]
[2024-07-29_18:11:27.543339][26492] BnD::B1RedisDirectClientReadSession: redis db selected
[2024-07-29_18:11:27.558965][1980] SemiTS::WebAssistantServiceMFC: Sync server time:[2024-07-29 18:11:27.559]
[2024-07-29_18:11:27.559140][1980] SemiTS::WebAssistantServiceMFC: Sync server time finished
[2024-07-29_18:11:27.559140][1980] SemiTS::WebAssistantServiceMFC: find product type done! disconnecting Administration Service: site[1001], type[1001]
[2024-07-29_18:11:27.763622][1980] BnD::B1RedisDirectClientWriteSession: disconnect called: sessionHandleID[0]
[2024-07-29_18:11:27.763622][1980] BnD::B1RedisDirectClientReadSession: disconnect called: sessionHandleID[1]
[2024-07-29_18:11:27.763622][1980] BnD::B1BaseSessionManager: waiting disconnection: sessionHandleID[0]
[2024-07-29_18:11:27.763622][1980] BnD::B1BaseSessionManager: waiting disconnection: sessionHandleID[1]
[2024-07-29_18:11:27.763622][26492] BnD::B1ArrayBufferReadWriteImpl: read failed: reason[995], message[스레드 종료 또는 응용 프로그램 요청 때문에 I/O 작업이 취소되었습니다]
[2024-07-29_18:11:27.763622][26492] BnD::B1RedisDirectClientReadSession: set connection_status to STATUS_DISCONNECTING: sessionHandleID[1], previous_status:[2], reason[995]
[2024-07-29_18:11:27.763622][15212] BnD::B1ArrayBufferReadWriteImpl: read failed: reason[995], message[스레드 종료 또는 응용 프로그램 요청 때문에 I/O 작업이 취소되었습니다]
[2024-07-29_18:11:27.763622][15212] BnD::B1RedisDirectClientWriteSession: set connection_status to STATUS_DISCONNECTING: sessionHandleID[0], previous_status:[2], reason[995]
[2024-07-29_18:11:28.768193][1980] BnD::B1RedisDirectClientWriteSession: set connection_status to STATUS_DISCONNECTED: sessionHandleID[0], previous_status:[3], reason[995]
[2024-07-29_18:11:28.768193][1980] BnD::B1RedisDirectClientWriteSession: session disconnected
[2024-07-29_18:11:28.799816][1980] BnD::B1RedisDirectClientReadSession: set connection_status to STATUS_DISCONNECTED: sessionHandleID[1], previous_status:[3], reason[995]
[2024-07-29_18:11:28.799816][1980] BnD::B1RedisDirectClientReadSession: session disconnected
[2024-07-29_18:11:28.831154][1980] SemiTS::WebAssistantServiceMFC: starting [WebAssistantService_LPR][1001014] version:[1000][20240423]
[2024-07-29_18:11:28.831154][1980] SemiTS::LPRWebAssistantServicePublic: Connecting [127.0.0.1:9379(0)]
[2024-07-29_18:11:28.831154][1980] BnD::B1RedisDirectClientWriteSession: set connection_status to STATUS_CONNECTING: sessionHandleID[0], previous_status:[-1]
[2024-07-29_18:11:28.831154][1980] BnD::B1ClientSocket: connecting: address[127.0.0.1], port[9379]
[2024-07-29_18:11:28.846698][1980] BnD::B1RedisDirectClientReadSession: set connection_status to STATUS_CONNECTING: sessionHandleID[1], previous_status:[-1]
[2024-07-29_18:11:28.846698][1980] BnD::B1ClientSocket: connecting: address[127.0.0.1], port[9379]
[2024-07-29_18:11:28.846698][32656] BnD::B1RedisDirectClientWriteSession: session connected -> clear buffer
[2024-07-29_18:11:28.846698][32656] BnD::B1RedisDirectClientWriteSession: set connection_status to STATUS_CONNECTED: sessionHandleID[0], previous_status:[1]
[2024-07-29_18:11:28.862322][1980] BnD::B1RedisDirectClientSubscribeSession: set connection_status to STATUS_CONNECTING: sessionHandleID[2], previous_status:[-1]
[2024-07-29_18:11:28.862322][1980] BnD::B1ClientSocket: connecting: address[127.0.0.1], port[9379]
[2024-07-29_18:11:28.862322][26656] BnD::B1RedisDirectClientReadSession: session connected -> clear buffer
[2024-07-29_18:11:28.862322][26656] BnD::B1RedisDirectClientReadSession: set connection_status to STATUS_CONNECTED: sessionHandleID[1], previous_status:[1]
[2024-07-29_18:11:28.877947][30920] BnD::B1RedisDirectClientSubscribeSession: session connected -> clear buffer
[2024-07-29_18:11:28.877947][30920] BnD::B1RedisDirectClientSubscribeSession: set connection_status to STATUS_CONNECTED: sessionHandleID[2], previous_status:[1]
[2024-07-29_18:11:29.035206][23632] BnD::B1RedisDirectClientReadSession: selecting redis db: db[0]
[2024-07-29_18:11:29.035206][26656] BnD::B1RedisDirectClientReadSession: redis db selected
[2024-07-29_18:11:29.035206][23632] BnD::B1RedisDirectClientSubscribeSession: selecting redis db: db[0]
[2024-07-29_18:11:29.035206][23632] BnD::B1RedisDirectClientWriteSession: selecting redis db: db[0]
[2024-07-29_18:11:29.050724][1980] SemiTS::LPRWASWebServer: begin accept: port[22001]
[2024-07-29_18:11:29.066365][1980] SemiTS::LPRWebAssistantServicePublic: initializing performance check: tick[234]
[2024-07-29_18:11:29.066365][1980] SemiTS::WebAssistantServiceMFC: [WebAssistantService_LPR][1001014] version:[1000][20240423] started
[2024-07-29_18:11:31.582271][34336] SemiTS::WASWebServerSession: set connection_status to STATUS_CONNECTED: sessionHandleID[0], previous_status:[-1]
[2024-07-29_18:11:31.582271][34336] BnD::B1HttpServerSessionManager: session modified: sessionHandleID[0]
[2024-07-29_18:11:31.582271][34336] SemiTS::LPRWASWebSocketServerSession: web socket accepted: peerAddress[127.0.0.1], localPort[22001]
[2024-07-29_18:11:31.583272][34336] SemiTS::LPRWASWebSocketServerSession: set connection_status to STATUS_CONNECTED: sessionHandleID[0], previous_status:[-1]
[2024-07-29_18:11:37.281771][30920] SemiTS::LPRWebAssistantServicePublic: {"MessageID":"LPRZonePurgeAttributesMsg","MessageData":{"ArchiveObject":{"ZoneID":"11110010","Flow1":"91","Flow2":"87","Flow3":"50","Pressure":"62","Humidity":"57","Temperature":"32"},"BaseTime":""}}
[2024-07-29_18:11:37.281771][30920] SemiTS::LPRWebAssistantServicePublic: {"MessageID":"LPRZonePurgeAttributesMsg","MessageData":{"ArchiveObject":{"ZoneID":"11110020","Flow1":"52","Flow2":"83","Flow3":"74","Pressure":"98","Humidity":"83","Temperature":"67"},"BaseTime":""}}
[2024-07-29_18:13:34.899456][34336] BnD::B1WebSocketReadWriteImpl: read failed: reason[1], message[The WebSocket stream was gracefully closed at both endpoints]
[2024-07-29_18:13:34.899456][34336] SemiTS::LPRWASWebSocketServerSession: set connection_status to STATUS_DISCONNECTING: sessionHandleID[0], previous_status:[2], reason[1]
[2024-07-29_18:13:34.968647][26720] SemiTS::LPRWASWebSocketServerSession: set connection_status to STATUS_DISCONNECTED: sessionHandleID[0], previous_status:[3], reason[1]
[2024-07-29_18:13:34.968647][26720] SemiTS::LPRWASWebSocketServerSession: server session disconnected: sessionHandleID[0], peerAddress[], localPort[0], reason[1]
[2024-07-29_18:13:37.689946][34336] SemiTS::WASWebServerSession: set connection_status to STATUS_CONNECTED: sessionHandleID[0], previous_status:[-1]
[2024-07-29_18:13:37.690918][34336] BnD::B1HttpServerSessionManager: session modified: sessionHandleID[0]
[2024-07-29_18:13:37.690918][34336] SemiTS::LPRWASWebSocketServerSession: web socket accepted: peerAddress[127.0.0.1], localPort[22001]
[2024-07-29_18:13:37.690918][34336] SemiTS::LPRWASWebSocketServerSession: set connection_status to STATUS_CONNECTED: sessionHandleID[0], previous_status:[-1]
[2024-07-29_18:13:40.922936][30920] SemiTS::LPRWebAssistantServicePublic: {"MessageID":"LPRZonePurgeAttributesMsg","MessageData":{"ArchiveObject":{"ZoneID":"11110010","Flow1":"18","Flow2":"9","Flow3":"30","Pressure":"42","Humidity":"38","Temperature":"10"},"BaseTime":""}}
[2024-07-29_18:13:40.922936][30920] SemiTS::LPRWebAssistantServicePublic: {"MessageID":"LPRZonePurgeAttributesMsg","MessageData":{"ArchiveObject":{"ZoneID":"11110020","Flow1":"42","Flow2":"27","Flow3":"77","Pressure":"75","Humidity":"65","Temperature":"1"},"BaseTime":""}}
[2024-07-29_18:13:42.013988][30920] SemiTS::LPRWebAssistantServicePublic: {"MessageID":"LPRZonePurgeAttributesMsg","MessageData":{"ArchiveObject":{"ZoneID":"11110010","Flow1":"43","Flow2":"3","Flow3":"32","Pressure":"20","Humidity":"84","Temperature":"65"},"BaseTime":""}}
[2024-07-29_18:13:42.013988][30920] SemiTS::LPRWebAssistantServicePublic: {"MessageID":"LPRZonePurgeAttributesMsg","MessageData":{"ArchiveObject":{"ZoneID":"11110020","Flow1":"24","Flow2":"87","Flow3":"20","Pressure":"0","Humidity":"72","Temperature":"13"},"BaseTime":""}}
[2024-07-29_18:16:01.673956][34336] BnD::B1WebSocketReadWriteImpl: read failed: reason[10053], message[현재 연결은 사용자의 호스트 시스템의 소프트웨어의 의해 중단되었습니다]
[2024-07-29_18:16:01.673956][34336] SemiTS::LPRWASWebSocketServerSession: set connection_status to STATUS_DISCONNECTING: sessionHandleID[0], previous_status:[2], reason[10053]
[2024-07-29_18:16:01.909114][26720] SemiTS::LPRWASWebSocketServerSession: set connection_status to STATUS_DISCONNECTED: sessionHandleID[0], previous_status:[3], reason[10053]
[2024-07-29_18:16:01.909114][26720] SemiTS::LPRWASWebSocketServerSession: server session disconnected: sessionHandleID[0], peerAddress[127.0.0.1], localPort[22001], reason[10053]
[2024-07-29_18:16:07.423009][36152] SemiTS::WebAssistantServiceMFC: stopping [WebAssistantService_LPR][1001014] version:[1000][20240423]
[2024-07-29_18:16:07.423009][1980] BnD::B1Acceptor: closing acceptor
[2024-07-29_18:16:07.423009][34336] SemiTS::LPRWASWebServer: accept error: peerAddress[], localPort[0], reason[995]
[2024-07-29_18:16:07.532549][1980] BnD::B1Acceptor: acceptor closed
[2024-07-29_18:16:08.145599][1980] BnD::B1RedisDirectClientReadSession: disconnect called: sessionHandleID[1]
[2024-07-29_18:16:08.145599][1980] BnD::B1RedisDirectClientSubscribeSession: disconnect called: sessionHandleID[2]
[2024-07-29_18:16:08.145599][26656] BnD::B1ArrayBufferReadWriteImpl: read failed: reason[995], message[스레드 종료 또는 응용 프로그램 요청 때문에 I/O 작업이 취소되었습니다]
[2024-07-29_18:16:08.145599][1980] BnD::B1RedisDirectClientWriteSession: disconnect called: sessionHandleID[0]
[2024-07-29_18:16:08.145599][30920] BnD::B1ArrayBufferReadWriteImpl: read failed: reason[995], message[스레드 종료 또는 응용 프로그램 요청 때문에 I/O 작업이 취소되었습니다]
[2024-07-29_18:16:08.145599][26656] BnD::B1RedisDirectClientReadSession: set connection_status to STATUS_DISCONNECTING: sessionHandleID[1], previous_status:[2], reason[995]
[2024-07-29_18:16:08.145599][1980] BnD::B1BaseSessionManager: waiting disconnection: sessionHandleID[1]
[2024-07-29_18:16:08.145599][30920] BnD::B1RedisDirectClientSubscribeSession: set connection_status to STATUS_DISCONNECTING: sessionHandleID[2], previous_status:[2], reason[995]
[2024-07-29_18:16:08.145599][32656] BnD::B1ArrayBufferReadWriteImpl: read failed: reason[995], message[스레드 종료 또는 응용 프로그램 요청 때문에 I/O 작업이 취소되었습니다]
[2024-07-29_18:16:08.145599][1980] BnD::B1BaseSessionManager: waiting disconnection: sessionHandleID[2]
[2024-07-29_18:16:08.145599][32656] BnD::B1RedisDirectClientWriteSession: set connection_status to STATUS_DISCONNECTING: sessionHandleID[0], previous_status:[2], reason[995]
[2024-07-29_18:16:08.145599][1980] BnD::B1BaseSessionManager: waiting disconnection: sessionHandleID[0]
[2024-07-29_18:16:09.151251][1980] BnD::B1RedisDirectClientReadSession: set connection_status to STATUS_DISCONNECTED: sessionHandleID[1], previous_status:[3], reason[995]
[2024-07-29_18:16:09.151251][1980] BnD::B1RedisDirectClientReadSession: session disconnected
[2024-07-29_18:16:09.182557][1980] BnD::B1RedisDirectClientSubscribeSession: set connection_status to STATUS_DISCONNECTED: sessionHandleID[2], previous_status:[3], reason[995]
[2024-07-29_18:16:09.182557][1980] BnD::B1RedisDirectClientSubscribeSession: session disconnected
[2024-07-29_18:16:09.214289][1980] BnD::B1RedisDirectClientWriteSession: set connection_status to STATUS_DISCONNECTED: sessionHandleID[0], previous_status:[3], reason[995]
[2024-07-29_18:16:09.214289][1980] BnD::B1RedisDirectClientWriteSession: session disconnected
[2024-07-29_18:16:09.245512][1980] SemiTS::WebAssistantServiceMFC: [WebAssistantService_LPR][1001014] version:[1000][20240423] stopped
