[2024-07-30_15:01:09.077724][18872] BnD::B1WebSocketReadWriteImpl: read failed: reason[1], message[The WebSocket stream was gracefully closed at both endpoints]
[2024-07-30_15:01:09.077724][18872] SemiTS::LPRWASWebSocketServerSession: set connection_status to STATUS_DISCONNECTING: sessionHandleID[4], previous_status:[2], reason[1]
[2024-07-30_15:01:09.399982][18872] SemiTS::WASWebServerSession: set connection_status to STATUS_CONNECTED: sessionHandleID[5], previous_status:[-1]
[2024-07-30_15:01:09.399982][18872] BnD::B1HttpServerSessionManager: session modified: sessionHandleID[5]
[2024-07-30_15:01:09.399982][18872] SemiTS::LPRWASWebSocketServerSession: web socket accepted: peerAddress[127.0.0.1], localPort[22001]
[2024-07-30_15:01:09.399982][18872] SemiTS::LPRWASWebSocketServerSession: set connection_status to STATUS_CONNECTED: sessionHandleID[5], previous_status:[-1]
[2024-07-30_15:01:09.911615][1352] SemiTS::LPRWASWebSocketServerSession: set connection_status to STATUS_DISCONNECTED: sessionHandleID[4], previous_status:[3], reason[1]
[2024-07-30_15:01:09.911615][1352] SemiTS::LPRWASWebSocketServerSession: server session disconnected: sessionHandleID[4], peerAddress[], localPort[0], reason[1]
[2024-07-30_15:03:34.563514][18872] BnD::B1WebSocketReadWriteImpl: read failed: reason[1], message[The WebSocket stream was gracefully closed at both endpoints]
[2024-07-30_15:03:34.563514][18872] SemiTS::LPRWASWebSocketServerSession: set connection_status to STATUS_DISCONNECTING: sessionHandleID[5], previous_status:[2], reason[1]
[2024-07-30_15:03:34.893547][18872] SemiTS::WASWebServerSession: set connection_status to STATUS_CONNECTED: sessionHandleID[6], previous_status:[-1]
[2024-07-30_15:03:34.893547][18872] BnD::B1HttpServerSessionManager: session modified: sessionHandleID[6]
[2024-07-30_15:03:34.893547][18872] SemiTS::LPRWASWebSocketServerSession: web socket accepted: peerAddress[127.0.0.1], localPort[22001]
[2024-07-30_15:03:34.893547][18872] SemiTS::LPRWASWebSocketServerSession: set connection_status to STATUS_CONNECTED: sessionHandleID[6], previous_status:[-1]
[2024-07-30_15:03:35.049354][1352] SemiTS::LPRWASWebSocketServerSession: set connection_status to STATUS_DISCONNECTED: sessionHandleID[5], previous_status:[3], reason[1]
[2024-07-30_15:03:35.049354][1352] SemiTS::LPRWASWebSocketServerSession: server session disconnected: sessionHandleID[5], peerAddress[], localPort[0], reason[1]
[2024-07-30_15:12:49.838648][18872] BnD::B1WebSocketReadWriteImpl: read failed: reason[10053], message[현재 연결은 사용자의 호스트 시스템의 소프트웨어의 의해 중단되었습니다]
[2024-07-30_15:12:49.839647][18872] SemiTS::LPRWASWebSocketServerSession: set connection_status to STATUS_DISCONNECTING: sessionHandleID[6], previous_status:[2], reason[10053]
[2024-07-30_15:12:50.157268][18872] SemiTS::WASWebServerSession: set connection_status to STATUS_CONNECTED: sessionHandleID[7], previous_status:[-1]
[2024-07-30_15:12:50.157268][18872] BnD::B1HttpServerSessionManager: session modified: sessionHandleID[7]
[2024-07-30_15:12:50.157268][18872] SemiTS::LPRWASWebSocketServerSession: web socket accepted: peerAddress[127.0.0.1], localPort[22001]
[2024-07-30_15:12:50.157268][18872] SemiTS::LPRWASWebSocketServerSession: set connection_status to STATUS_CONNECTED: sessionHandleID[7], previous_status:[-1]
[2024-07-30_15:12:50.501567][1352] SemiTS::LPRWASWebSocketServerSession: set connection_status to STATUS_DISCONNECTED: sessionHandleID[6], previous_status:[3], reason[10053]
[2024-07-30_15:12:50.501567][1352] SemiTS::LPRWASWebSocketServerSession: server session disconnected: sessionHandleID[6], peerAddress[127.0.0.1], localPort[22001], reason[10053]
[2024-07-30_15:14:38.563405][18872] BnD::B1WebSocketReadWriteImpl: read failed: reason[1], message[The WebSocket stream was gracefully closed at both endpoints]
[2024-07-30_15:14:38.563405][18872] SemiTS::LPRWASWebSocketServerSession: set connection_status to STATUS_DISCONNECTING: sessionHandleID[7], previous_status:[2], reason[1]
[2024-07-30_15:14:38.902434][18872] SemiTS::WASWebServerSession: set connection_status to STATUS_CONNECTED: sessionHandleID[8], previous_status:[-1]
[2024-07-30_15:14:38.902434][18872] BnD::B1HttpServerSessionManager: session modified: sessionHandleID[8]
[2024-07-30_15:14:38.902434][18872] SemiTS::LPRWASWebSocketServerSession: web socket accepted: peerAddress[127.0.0.1], localPort[22001]
[2024-07-30_15:14:38.902434][18872] SemiTS::LPRWASWebSocketServerSession: set connection_status to STATUS_CONNECTED: sessionHandleID[8], previous_status:[-1]
[2024-07-30_15:14:39.349423][1352] SemiTS::LPRWASWebSocketServerSession: set connection_status to STATUS_DISCONNECTED: sessionHandleID[7], previous_status:[3], reason[1]
[2024-07-30_15:14:39.349423][1352] SemiTS::LPRWASWebSocketServerSession: server session disconnected: sessionHandleID[7], peerAddress[], localPort[0], reason[1]
[2024-07-30_15:22:55.370304][18872] BnD::B1WebSocketReadWriteImpl: read failed: reason[1], message[The WebSocket stream was gracefully closed at both endpoints]
[2024-07-30_15:22:55.370304][18872] SemiTS::LPRWASWebSocketServerSession: set connection_status to STATUS_DISCONNECTING: sessionHandleID[8], previous_status:[2], reason[1]
[2024-07-30_15:22:55.700139][18872] SemiTS::WASWebServerSession: set connection_status to STATUS_CONNECTED: sessionHandleID[9], previous_status:[-1]
[2024-07-30_15:22:55.703648][18872] BnD::B1HttpServerSessionManager: session modified: sessionHandleID[9]
[2024-07-30_15:22:55.703648][18872] SemiTS::LPRWASWebSocketServerSession: web socket accepted: peerAddress[127.0.0.1], localPort[22001]
[2024-07-30_15:22:55.703648][18872] SemiTS::LPRWASWebSocketServerSession: set connection_status to STATUS_CONNECTED: sessionHandleID[9], previous_status:[-1]
[2024-07-30_15:22:56.089832][1352] SemiTS::LPRWASWebSocketServerSession: set connection_status to STATUS_DISCONNECTED: sessionHandleID[8], previous_status:[3], reason[1]
[2024-07-30_15:22:56.089832][1352] SemiTS::LPRWASWebSocketServerSession: server session disconnected: sessionHandleID[8], peerAddress[], localPort[0], reason[1]
[2024-07-30_15:42:06.527184][18872] BnD::B1WebSocketReadWriteImpl: read failed: reason[10054], message[현재 연결은 원격 호스트에 의해 강제로 끊겼습니다]
[2024-07-30_15:42:06.527184][18872] SemiTS::LPRWASWebSocketServerSession: set connection_status to STATUS_DISCONNECTING: sessionHandleID[9], previous_status:[2], reason[10054]
[2024-07-30_15:42:06.832119][18872] SemiTS::WASWebServerSession: set connection_status to STATUS_CONNECTED: sessionHandleID[10], previous_status:[-1]
[2024-07-30_15:42:06.832119][18872] BnD::B1HttpServerSessionManager: session modified: sessionHandleID[10]
[2024-07-30_15:42:06.832119][18872] SemiTS::LPRWASWebSocketServerSession: web socket accepted: peerAddress[127.0.0.1], localPort[22001]
[2024-07-30_15:42:06.832119][18872] SemiTS::LPRWASWebSocketServerSession: set connection_status to STATUS_CONNECTED: sessionHandleID[10], previous_status:[-1]
[2024-07-30_15:42:07.466225][1352] SemiTS::LPRWASWebSocketServerSession: set connection_status to STATUS_DISCONNECTED: sessionHandleID[9], previous_status:[3], reason[10054]
[2024-07-30_15:42:07.466225][1352] SemiTS::LPRWASWebSocketServerSession: server session disconnected: sessionHandleID[9], peerAddress[127.0.0.1], localPort[22001], reason[10054]
[2024-07-30_15:42:45.635529][18872] BnD::B1WebSocketReadWriteImpl: read failed: reason[1], message[The WebSocket stream was gracefully closed at both endpoints]
[2024-07-30_15:42:45.635529][18872] SemiTS::LPRWASWebSocketServerSession: set connection_status to STATUS_DISCONNECTING: sessionHandleID[10], previous_status:[2], reason[1]
[2024-07-30_15:42:45.753318][1352] SemiTS::LPRWASWebSocketServerSession: set connection_status to STATUS_DISCONNECTED: sessionHandleID[10], previous_status:[3], reason[1]
[2024-07-30_15:42:45.753318][1352] SemiTS::LPRWASWebSocketServerSession: server session disconnected: sessionHandleID[10], peerAddress[], localPort[0], reason[1]
[2024-07-30_15:42:45.941611][18872] SemiTS::WASWebServerSession: set connection_status to STATUS_CONNECTED: sessionHandleID[0], previous_status:[-1]
[2024-07-30_15:42:45.941611][18872] BnD::B1HttpServerSessionManager: session modified: sessionHandleID[0]
[2024-07-30_15:42:45.941611][18872] SemiTS::LPRWASWebSocketServerSession: web socket accepted: peerAddress[127.0.0.1], localPort[22001]
[2024-07-30_15:42:45.941611][18872] SemiTS::LPRWASWebSocketServerSession: set connection_status to STATUS_CONNECTED: sessionHandleID[0], previous_status:[-1]
[2024-07-30_15:47:47.369577][18872] BnD::B1WebSocketReadWriteImpl: read failed: reason[10053], message[현재 연결은 사용자의 호스트 시스템의 소프트웨어의 의해 중단되었습니다]
[2024-07-30_15:47:47.369577][18872] SemiTS::LPRWASWebSocketServerSession: set connection_status to STATUS_DISCONNECTING: sessionHandleID[0], previous_status:[2], reason[10053]
[2024-07-30_15:47:47.730525][18872] SemiTS::WASWebServerSession: set connection_status to STATUS_CONNECTED: sessionHandleID[1], previous_status:[-1]
[2024-07-30_15:47:47.730525][18872] BnD::B1HttpServerSessionManager: session modified: sessionHandleID[1]
[2024-07-30_15:47:47.730525][18872] SemiTS::LPRWASWebSocketServerSession: web socket accepted: peerAddress[127.0.0.1], localPort[22001]
[2024-07-30_15:47:47.730525][18872] SemiTS::LPRWASWebSocketServerSession: set connection_status to STATUS_CONNECTED: sessionHandleID[1], previous_status:[-1]
[2024-07-30_15:47:47.948221][1352] SemiTS::LPRWASWebSocketServerSession: set connection_status to STATUS_DISCONNECTED: sessionHandleID[0], previous_status:[3], reason[10053]
[2024-07-30_15:47:47.948221][1352] SemiTS::LPRWASWebSocketServerSession: server session disconnected: sessionHandleID[0], peerAddress[127.0.0.1], localPort[22001], reason[10053]
[2024-07-30_15:50:07.433155][18872] BnD::B1WebSocketReadWriteImpl: read failed: reason[10054], message[현재 연결은 원격 호스트에 의해 강제로 끊겼습니다]
[2024-07-30_15:50:07.433155][18872] SemiTS::LPRWASWebSocketServerSession: set connection_status to STATUS_DISCONNECTING: sessionHandleID[1], previous_status:[2], reason[10054]
[2024-07-30_15:50:07.745744][18872] SemiTS::WASWebServerSession: set connection_status to STATUS_CONNECTED: sessionHandleID[2], previous_status:[-1]
[2024-07-30_15:50:07.746743][18872] BnD::B1HttpServerSessionManager: session modified: sessionHandleID[2]
[2024-07-30_15:50:07.746743][18872] SemiTS::LPRWASWebSocketServerSession: web socket accepted: peerAddress[127.0.0.1], localPort[22001]
[2024-07-30_15:50:07.746743][18872] SemiTS::LPRWASWebSocketServerSession: set connection_status to STATUS_CONNECTED: sessionHandleID[2], previous_status:[-1]
[2024-07-30_15:50:07.878470][1352] SemiTS::LPRWASWebSocketServerSession: set connection_status to STATUS_DISCONNECTED: sessionHandleID[1], previous_status:[3], reason[10054]
[2024-07-30_15:50:07.878470][1352] SemiTS::LPRWASWebSocketServerSession: server session disconnected: sessionHandleID[1], peerAddress[127.0.0.1], localPort[22001], reason[10054]
