[2024-08-09_13:15:45.700863][7652] SemiTS::WebAssistantServiceMFC: connecting Administration Service for find equipment type...
[2024-08-09_13:15:45.700863][7652] BnD::B1RedisDirectClientWriteSession: set connection_status to STATUS_CONNECTING: sessionHandleID[0], previous_status:[-1]
[2024-08-09_13:15:45.700863][7652] BnD::B1ClientSocket: connecting: address[127.0.0.1], port[9379]
[2024-08-09_13:15:45.716930][7652] BnD::B1RedisDirectClientReadSession: set connection_status to STATUS_CONNECTING: sessionHandleID[1], previous_status:[-1]
[2024-08-09_13:15:45.716930][26456] BnD::B1RedisDirectClientWriteSession: session connected -> clear buffer
[2024-08-09_13:15:45.716930][7652] BnD::B1ClientSocket: connecting: address[127.0.0.1], port[9379]
[2024-08-09_13:15:45.717934][26456] BnD::B1RedisDirectClientWriteSession: set connection_status to STATUS_CONNECTED: sessionHandleID[0], previous_status:[1]
[2024-08-09_13:15:45.748179][34072] BnD::B1RedisDirectClientReadSession: session connected -> clear buffer
[2024-08-09_13:15:45.748179][34072] BnD::B1RedisDirectClientReadSession: set connection_status to STATUS_CONNECTED: sessionHandleID[1], previous_status:[1]
[2024-08-09_13:15:45.904718][11660] BnD::B1RedisDirectClientWriteSession: selecting redis db: db[0]
[2024-08-09_13:15:45.905944][11660] BnD::B1RedisDirectClientReadSession: selecting redis db: db[0]
[2024-08-09_13:15:45.907168][34072] BnD::B1RedisDirectClientReadSession: redis db selected
[2024-08-09_13:15:45.919855][7652] SemiTS::WebAssistantServiceMFC: Sync server time:[2024-08-09 13:15:45.919]
[2024-08-09_13:15:45.919976][7652] SemiTS::WebAssistantServiceMFC: Sync server time finished
[2024-08-09_13:15:45.919976][7652] SemiTS::WebAssistantServiceMFC: find product type done! disconnecting Administration Service: site[1001], type[1001]
[2024-08-09_13:15:46.137081][7652] BnD::B1RedisDirectClientWriteSession: disconnect called: sessionHandleID[0]
[2024-08-09_13:15:46.137081][7652] BnD::B1RedisDirectClientReadSession: disconnect called: sessionHandleID[1]
[2024-08-09_13:15:46.137081][7652] BnD::B1BaseSessionManager: waiting disconnection: sessionHandleID[0]
[2024-08-09_13:15:46.137081][7652] BnD::B1BaseSessionManager: waiting disconnection: sessionHandleID[1]
[2024-08-09_13:15:46.137081][34072] BnD::B1ArrayBufferReadWriteImpl: read failed: reason[995], message[스레드 종료 또는 응용 프로그램 요청 때문에 I/O 작업이 취소되었습니다]
[2024-08-09_13:15:46.137081][26456] BnD::B1ArrayBufferReadWriteImpl: read failed: reason[995], message[스레드 종료 또는 응용 프로그램 요청 때문에 I/O 작업이 취소되었습니다]
[2024-08-09_13:15:46.137081][34072] BnD::B1RedisDirectClientReadSession: set connection_status to STATUS_DISCONNECTING: sessionHandleID[1], previous_status:[2], reason[995]
[2024-08-09_13:15:46.137081][26456] BnD::B1RedisDirectClientWriteSession: set connection_status to STATUS_DISCONNECTING: sessionHandleID[0], previous_status:[2], reason[995]
[2024-08-09_13:15:47.149841][7652] BnD::B1RedisDirectClientWriteSession: set connection_status to STATUS_DISCONNECTED: sessionHandleID[0], previous_status:[3], reason[995]
[2024-08-09_13:15:47.149841][7652] BnD::B1RedisDirectClientWriteSession: session disconnected
[2024-08-09_13:15:47.181388][7652] BnD::B1RedisDirectClientReadSession: set connection_status to STATUS_DISCONNECTED: sessionHandleID[1], previous_status:[3], reason[995]
[2024-08-09_13:15:47.181388][7652] BnD::B1RedisDirectClientReadSession: session disconnected
[2024-08-09_13:15:47.197463][7652] SemiTS::WebAssistantServiceMFC: starting [WebAssistantService_LPR][1001014] version:[1000][20240423]
[2024-08-09_13:15:47.198434][7652] SemiTS::LPRWebAssistantServicePublic: Connecting [127.0.0.1:9379(0)]
[2024-08-09_13:15:47.198434][7652] BnD::B1RedisDirectClientWriteSession: set connection_status to STATUS_CONNECTING: sessionHandleID[0], previous_status:[-1]
[2024-08-09_13:15:47.198434][7652] BnD::B1ClientSocket: connecting: address[127.0.0.1], port[9379]
[2024-08-09_13:15:47.212848][7652] BnD::B1RedisDirectClientReadSession: set connection_status to STATUS_CONNECTING: sessionHandleID[1], previous_status:[-1]
[2024-08-09_13:15:47.212848][7652] BnD::B1ClientSocket: connecting: address[127.0.0.1], port[9379]
[2024-08-09_13:15:47.212848][19064] BnD::B1RedisDirectClientWriteSession: session connected -> clear buffer
[2024-08-09_13:15:47.212848][19064] BnD::B1RedisDirectClientWriteSession: set connection_status to STATUS_CONNECTED: sessionHandleID[0], previous_status:[1]
[2024-08-09_13:15:47.228288][7652] BnD::B1RedisDirectClientSubscribeSession: set connection_status to STATUS_CONNECTING: sessionHandleID[2], previous_status:[-1]
[2024-08-09_13:15:47.228288][7652] BnD::B1ClientSocket: connecting: address[127.0.0.1], port[9379]
[2024-08-09_13:15:47.228288][24632] BnD::B1RedisDirectClientReadSession: session connected -> clear buffer
[2024-08-09_13:15:47.228288][24632] BnD::B1RedisDirectClientReadSession: set connection_status to STATUS_CONNECTED: sessionHandleID[1], previous_status:[1]
[2024-08-09_13:15:47.243547][21892] BnD::B1RedisDirectClientSubscribeSession: session connected -> clear buffer
[2024-08-09_13:15:47.243547][21892] BnD::B1RedisDirectClientSubscribeSession: set connection_status to STATUS_CONNECTED: sessionHandleID[2], previous_status:[1]
[2024-08-09_13:15:47.413686][9824] BnD::B1RedisDirectClientSubscribeSession: selecting redis db: db[0]
[2024-08-09_13:15:47.413686][9824] BnD::B1RedisDirectClientWriteSession: selecting redis db: db[0]
[2024-08-09_13:15:47.413686][9824] BnD::B1RedisDirectClientReadSession: selecting redis db: db[0]
[2024-08-09_13:15:47.413686][24632] BnD::B1RedisDirectClientReadSession: redis db selected
[2024-08-09_13:15:47.430325][7652] SemiTS::LPRWASWebServer: begin accept: port[22001]
[2024-08-09_13:15:47.462129][7652] SemiTS::LPRWebAssistantServicePublic: initializing performance check: tick[266]
[2024-08-09_13:15:47.462129][7652] SemiTS::WebAssistantServiceMFC: [WebAssistantService_LPR][1001014] version:[1000][20240423] started
[2024-08-09_13:16:30.445378][30884] SemiTS::WASWebServerSession: set connection_status to STATUS_CONNECTED: sessionHandleID[0], previous_status:[-1]
[2024-08-09_13:16:30.445378][30884] BnD::B1HttpServerSessionManager: session modified: sessionHandleID[0]
[2024-08-09_13:16:30.445378][30884] SemiTS::LPRWASWebSocketServerSession: web socket accepted: peerAddress[127.0.0.1], localPort[22001]
[2024-08-09_13:16:30.445378][30884] SemiTS::LPRWASWebSocketServerSession: set connection_status to STATUS_CONNECTED: sessionHandleID[0], previous_status:[-1]
[2024-08-09_13:28:45.828377][30884] BnD::B1WebSocketReadWriteImpl: read failed: reason[1], message[The WebSocket stream was gracefully closed at both endpoints]
[2024-08-09_13:28:45.828377][30884] SemiTS::LPRWASWebSocketServerSession: set connection_status to STATUS_DISCONNECTING: sessionHandleID[0], previous_status:[2], reason[1]
[2024-08-09_13:28:46.199827][30884] SemiTS::WASWebServerSession: set connection_status to STATUS_CONNECTED: sessionHandleID[1], previous_status:[-1]
[2024-08-09_13:28:46.199827][30884] BnD::B1HttpServerSessionManager: session modified: sessionHandleID[1]
[2024-08-09_13:28:46.199827][30884] SemiTS::LPRWASWebSocketServerSession: web socket accepted: peerAddress[127.0.0.1], localPort[22001]
[2024-08-09_13:28:46.199827][30884] SemiTS::LPRWASWebSocketServerSession: set connection_status to STATUS_CONNECTED: sessionHandleID[1], previous_status:[-1]
[2024-08-09_13:28:46.773337][23592] SemiTS::LPRWASWebSocketServerSession: set connection_status to STATUS_DISCONNECTED: sessionHandleID[0], previous_status:[3], reason[1]
[2024-08-09_13:28:46.773337][23592] SemiTS::LPRWASWebSocketServerSession: server session disconnected: sessionHandleID[0], peerAddress[], localPort[0], reason[1]
[2024-08-09_13:28:48.494757][30884] BnD::B1WebSocketReadWriteImpl: read failed: reason[1], message[The WebSocket stream was gracefully closed at both endpoints]
[2024-08-09_13:28:48.494757][30884] SemiTS::LPRWASWebSocketServerSession: set connection_status to STATUS_DISCONNECTING: sessionHandleID[1], previous_status:[2], reason[1]
[2024-08-09_13:28:48.781199][30884] SemiTS::WASWebServerSession: set connection_status to STATUS_CONNECTED: sessionHandleID[2], previous_status:[-1]
[2024-08-09_13:28:48.781199][30884] BnD::B1HttpServerSessionManager: session modified: sessionHandleID[2]
[2024-08-09_13:28:48.781199][30884] SemiTS::LPRWASWebSocketServerSession: web socket accepted: peerAddress[127.0.0.1], localPort[22001]
[2024-08-09_13:28:48.781199][30884] SemiTS::LPRWASWebSocketServerSession: set connection_status to STATUS_CONNECTED: sessionHandleID[2], previous_status:[-1]
[2024-08-09_13:28:48.831699][23592] SemiTS::LPRWASWebSocketServerSession: set connection_status to STATUS_DISCONNECTED: sessionHandleID[1], previous_status:[3], reason[1]
[2024-08-09_13:28:48.831699][23592] SemiTS::LPRWASWebSocketServerSession: server session disconnected: sessionHandleID[1], peerAddress[], localPort[0], reason[1]
