[2024-08-06_09:52:11.256127][8272] SemiTS::WebAssistantServiceMFC: connecting Administration Service for find equipment type...
[2024-08-06_09:52:11.256127][8272] BnD::B1RedisDirectClientWriteSession: set connection_status to STATUS_CONNECTING: sessionHandleID[0], previous_status:[-1]
[2024-08-06_09:52:11.256127][8272] BnD::B1ClientSocket: connecting: address[20.20.0.152], port[9379]
[2024-08-06_09:52:11.278169][8272] BnD::B1RedisDirectClientReadSession: set connection_status to STATUS_CONNECTING: sessionHandleID[1], previous_status:[-1]
[2024-08-06_09:52:11.278169][8272] BnD::B1ClientSocket: connecting: address[20.20.0.152], port[9379]
[2024-08-06_09:52:11.280056][2968] BnD::B1RedisDirectClientWriteSession: session connected -> clear buffer
[2024-08-06_09:52:11.280056][2968] BnD::B1RedisDirectClientWriteSession: set connection_status to STATUS_CONNECTED: sessionHandleID[0], previous_status:[1]
[2024-08-06_09:52:11.297728][21736] BnD::B1RedisDirectClientReadSession: session connected -> clear buffer
[2024-08-06_09:52:11.297728][21736] BnD::B1RedisDirectClientReadSession: set connection_status to STATUS_CONNECTED: sessionHandleID[1], previous_status:[1]
[2024-08-06_09:52:11.462040][23560] BnD::B1RedisDirectClientWriteSession: selecting redis db: db[0]
[2024-08-06_09:52:11.462169][23560] BnD::B1RedisDirectClientReadSession: selecting redis db: db[0]
[2024-08-06_09:52:11.462707][21736] BnD::B1RedisDirectClientReadSession: redis db selected
[2024-08-06_09:52:11.464426][8272] SemiTS::WebAssistantServiceMFC: Sync server time:[2024-08-06 09:52:11.106]
[2024-08-06_09:52:11.106734][8272] SemiTS::WebAssistantServiceMFC: Sync server time finished
[2024-08-06_09:52:11.109776][8272] SemiTS::WebAssistantServiceMFC: find product type done! disconnecting Administration Service: site[1001], type[1001]
[2024-08-06_09:52:11.318529][8272] BnD::B1RedisDirectClientWriteSession: disconnect called: sessionHandleID[0]
[2024-08-06_09:52:11.318665][8272] BnD::B1RedisDirectClientReadSession: disconnect called: sessionHandleID[1]
[2024-08-06_09:52:11.318665][8272] BnD::B1BaseSessionManager: waiting disconnection: sessionHandleID[0]
[2024-08-06_09:52:11.318665][8272] BnD::B1BaseSessionManager: waiting disconnection: sessionHandleID[1]
[2024-08-06_09:52:11.319169][2968] BnD::B1ArrayBufferReadWriteImpl: read failed: reason[995], message[스레드 종료 또는 응용 프로그램 요청 때문에 I/O 작업이 취소되었습니다]
[2024-08-06_09:52:11.319169][2968] BnD::B1RedisDirectClientWriteSession: set connection_status to STATUS_DISCONNECTING: sessionHandleID[0], previous_status:[2], reason[995]
[2024-08-06_09:52:11.319169][21736] BnD::B1ArrayBufferReadWriteImpl: read failed: reason[995], message[스레드 종료 또는 응용 프로그램 요청 때문에 I/O 작업이 취소되었습니다]
[2024-08-06_09:52:11.319169][21736] BnD::B1RedisDirectClientReadSession: set connection_status to STATUS_DISCONNECTING: sessionHandleID[1], previous_status:[2], reason[995]
[2024-08-06_09:52:12.328515][8272] BnD::B1RedisDirectClientWriteSession: set connection_status to STATUS_DISCONNECTED: sessionHandleID[0], previous_status:[3], reason[995]
[2024-08-06_09:52:12.328515][8272] BnD::B1RedisDirectClientWriteSession: session disconnected
[2024-08-06_09:52:12.344183][8272] BnD::B1RedisDirectClientReadSession: set connection_status to STATUS_DISCONNECTED: sessionHandleID[1], previous_status:[3], reason[995]
[2024-08-06_09:52:12.344183][8272] BnD::B1RedisDirectClientReadSession: session disconnected
[2024-08-06_09:52:12.375818][8272] SemiTS::WebAssistantServiceMFC: starting [WebAssistantService_LPR][1001014] version:[1000][20240423]
[2024-08-06_09:52:12.375818][8272] SemiTS::LPRWebAssistantServicePublic: Connecting [20.20.0.152:9379(0)]
[2024-08-06_09:52:12.375818][8272] BnD::B1RedisDirectClientWriteSession: set connection_status to STATUS_CONNECTING: sessionHandleID[0], previous_status:[-1]
[2024-08-06_09:52:12.375818][8272] BnD::B1ClientSocket: connecting: address[20.20.0.152], port[9379]
[2024-08-06_09:52:12.391480][8272] BnD::B1RedisDirectClientReadSession: set connection_status to STATUS_CONNECTING: sessionHandleID[1], previous_status:[-1]
[2024-08-06_09:52:12.391480][8272] BnD::B1ClientSocket: connecting: address[20.20.0.152], port[9379]
[2024-08-06_09:52:12.391480][27772] BnD::B1RedisDirectClientWriteSession: session connected -> clear buffer
[2024-08-06_09:52:12.391480][27772] BnD::B1RedisDirectClientWriteSession: set connection_status to STATUS_CONNECTED: sessionHandleID[0], previous_status:[1]
[2024-08-06_09:52:12.407075][8272] BnD::B1RedisDirectClientSubscribeSession: set connection_status to STATUS_CONNECTING: sessionHandleID[2], previous_status:[-1]
[2024-08-06_09:52:12.407075][8272] BnD::B1ClientSocket: connecting: address[20.20.0.152], port[9379]
[2024-08-06_09:52:12.411083][4964] BnD::B1RedisDirectClientReadSession: session connected -> clear buffer
[2024-08-06_09:52:12.411083][4964] BnD::B1RedisDirectClientReadSession: set connection_status to STATUS_CONNECTED: sessionHandleID[1], previous_status:[1]
[2024-08-06_09:52:12.423091][5068] BnD::B1RedisDirectClientSubscribeSession: session connected -> clear buffer
[2024-08-06_09:52:12.423091][5068] BnD::B1RedisDirectClientSubscribeSession: set connection_status to STATUS_CONNECTED: sessionHandleID[2], previous_status:[1]
[2024-08-06_09:52:12.579774][16964] BnD::B1RedisDirectClientSubscribeSession: selecting redis db: db[0]
[2024-08-06_09:52:12.579774][16964] BnD::B1RedisDirectClientWriteSession: selecting redis db: db[0]
[2024-08-06_09:52:12.579774][16964] BnD::B1RedisDirectClientReadSession: selecting redis db: db[0]
[2024-08-06_09:52:12.590089][4964] BnD::B1RedisDirectClientReadSession: redis db selected
[2024-08-06_09:52:12.610017][8272] SemiTS::LPRWASWebServer: begin accept: port[22001]
[2024-08-06_09:52:12.638283][8272] SemiTS::LPRWebAssistantServicePublic: initializing performance check: tick[266]
[2024-08-06_09:52:12.638283][8272] SemiTS::WebAssistantServiceMFC: [WebAssistantService_LPR][1001014] version:[1000][20240423] started
[2024-08-06_09:52:12.939377][29312] SemiTS::WASWebServerSession: set connection_status to STATUS_CONNECTED: sessionHandleID[0], previous_status:[-1]
[2024-08-06_09:52:12.940076][29312] BnD::B1HttpServerSessionManager: session modified: sessionHandleID[0]
[2024-08-06_09:52:12.940076][29312] SemiTS::LPRWASWebSocketServerSession: web socket accepted: peerAddress[127.0.0.1], localPort[22001]
[2024-08-06_09:52:12.940076][29312] SemiTS::LPRWASWebSocketServerSession: set connection_status to STATUS_CONNECTED: sessionHandleID[0], previous_status:[-1]
[2024-08-06_09:52:23.625667][29312] BnD::B1WebSocketReadWriteImpl: read failed: reason[1], message[The WebSocket stream was gracefully closed at both endpoints]
[2024-08-06_09:52:23.625667][29312] SemiTS::LPRWASWebSocketServerSession: set connection_status to STATUS_DISCONNECTING: sessionHandleID[0], previous_status:[2], reason[1]
[2024-08-06_09:52:23.720921][19116] SemiTS::LPRWASWebSocketServerSession: set connection_status to STATUS_DISCONNECTED: sessionHandleID[0], previous_status:[3], reason[1]
[2024-08-06_09:52:23.720921][19116] SemiTS::LPRWASWebSocketServerSession: server session disconnected: sessionHandleID[0], peerAddress[], localPort[0], reason[1]
[2024-08-06_09:52:23.950655][29312] SemiTS::WASWebServerSession: set connection_status to STATUS_CONNECTED: sessionHandleID[0], previous_status:[-1]
[2024-08-06_09:52:23.951659][29312] BnD::B1HttpServerSessionManager: session modified: sessionHandleID[0]
[2024-08-06_09:52:23.951659][29312] SemiTS::LPRWASWebSocketServerSession: web socket accepted: peerAddress[127.0.0.1], localPort[22001]
[2024-08-06_09:52:23.951659][29312] SemiTS::LPRWASWebSocketServerSession: set connection_status to STATUS_CONNECTED: sessionHandleID[0], previous_status:[-1]
[2024-08-06_09:52:26.276196][29312] BnD::B1WebSocketReadWriteImpl: read failed: reason[1], message[The WebSocket stream was gracefully closed at both endpoints]
[2024-08-06_09:52:26.276196][29312] SemiTS::LPRWASWebSocketServerSession: set connection_status to STATUS_DISCONNECTING: sessionHandleID[0], previous_status:[2], reason[1]
[2024-08-06_09:52:26.529510][29312] SemiTS::WASWebServerSession: set connection_status to STATUS_CONNECTED: sessionHandleID[1], previous_status:[-1]
[2024-08-06_09:52:26.529510][29312] BnD::B1HttpServerSessionManager: session modified: sessionHandleID[1]
[2024-08-06_09:52:26.529510][29312] SemiTS::LPRWASWebSocketServerSession: web socket accepted: peerAddress[127.0.0.1], localPort[22001]
[2024-08-06_09:52:26.529510][29312] SemiTS::LPRWASWebSocketServerSession: set connection_status to STATUS_CONNECTED: sessionHandleID[1], previous_status:[-1]
[2024-08-06_09:52:26.742483][19116] SemiTS::LPRWASWebSocketServerSession: set connection_status to STATUS_DISCONNECTED: sessionHandleID[0], previous_status:[3], reason[1]
[2024-08-06_09:52:26.742483][19116] SemiTS::LPRWASWebSocketServerSession: server session disconnected: sessionHandleID[0], peerAddress[], localPort[0], reason[1]
[2024-08-06_09:52:28.731048][29312] BnD::B1WebSocketReadWriteImpl: read failed: reason[1], message[The WebSocket stream was gracefully closed at both endpoints]
[2024-08-06_09:52:28.731048][29312] SemiTS::LPRWASWebSocketServerSession: set connection_status to STATUS_DISCONNECTING: sessionHandleID[1], previous_status:[2], reason[1]
[2024-08-06_09:52:28.801940][19116] SemiTS::LPRWASWebSocketServerSession: set connection_status to STATUS_DISCONNECTED: sessionHandleID[1], previous_status:[3], reason[1]
[2024-08-06_09:52:28.801940][19116] SemiTS::LPRWASWebSocketServerSession: server session disconnected: sessionHandleID[1], peerAddress[], localPort[0], reason[1]
[2024-08-06_09:52:28.977396][29312] SemiTS::WASWebServerSession: set connection_status to STATUS_CONNECTED: sessionHandleID[0], previous_status:[-1]
[2024-08-06_09:52:28.977396][29312] BnD::B1HttpServerSessionManager: session modified: sessionHandleID[0]
[2024-08-06_09:52:28.977396][29312] SemiTS::LPRWASWebSocketServerSession: web socket accepted: peerAddress[127.0.0.1], localPort[22001]
[2024-08-06_09:52:28.977396][29312] SemiTS::LPRWASWebSocketServerSession: set connection_status to STATUS_CONNECTED: sessionHandleID[0], previous_status:[-1]
[2024-08-06_09:53:00.476427][29312] BnD::B1WebSocketReadWriteImpl: read failed: reason[10054], message[현재 연결은 원격 호스트에 의해 강제로 끊겼습니다]
[2024-08-06_09:53:00.476427][29312] SemiTS::LPRWASWebSocketServerSession: set connection_status to STATUS_DISCONNECTING: sessionHandleID[0], previous_status:[2], reason[10054]
[2024-08-06_09:53:00.788205][29312] SemiTS::WASWebServerSession: set connection_status to STATUS_CONNECTED: sessionHandleID[1], previous_status:[-1]
[2024-08-06_09:53:00.789205][29312] BnD::B1HttpServerSessionManager: session modified: sessionHandleID[1]
[2024-08-06_09:53:00.789205][29312] SemiTS::LPRWASWebSocketServerSession: web socket accepted: peerAddress[127.0.0.1], localPort[22001]
[2024-08-06_09:53:00.789205][29312] SemiTS::LPRWASWebSocketServerSession: set connection_status to STATUS_CONNECTED: sessionHandleID[1], previous_status:[-1]
[2024-08-06_09:53:01.022209][19116] SemiTS::LPRWASWebSocketServerSession: set connection_status to STATUS_DISCONNECTED: sessionHandleID[0], previous_status:[3], reason[10054]
[2024-08-06_09:53:01.022438][19116] SemiTS::LPRWASWebSocketServerSession: server session disconnected: sessionHandleID[0], peerAddress[127.0.0.1], localPort[22001], reason[10054]
