[2024-08-09_09:40:39.120551][31800] SemiTS::WebAssistantServiceMFC: connecting Administration Service for find equipment type...
[2024-08-09_09:40:39.120551][31800] BnD::B1RedisDirectClientWriteSession: set connection_status to STATUS_CONNECTING: sessionHandleID[0], previous_status:[-1]
[2024-08-09_09:40:39.120551][31800] BnD::B1ClientSocket: connecting: address[20.20.0.152], port[9379]
[2024-08-09_09:40:39.134527][31800] BnD::B1RedisDirectClientReadSession: set connection_status to STATUS_CONNECTING: sessionHandleID[1], previous_status:[-1]
[2024-08-09_09:40:39.134527][31800] BnD::B1ClientSocket: connecting: address[20.20.0.152], port[9379]
[2024-08-09_09:40:49.174263][31800] BnD::B1RedisDirectClientReadSession: disconnect called: sessionHandleID[1]
[2024-08-09_09:40:49.175263][31800] BnD::B1RedisDirectClientWriteSession: disconnect called: sessionHandleID[0]
[2024-08-09_09:40:49.175263][41556] BnD::B1RedisDirectClientReadSession: set connection_status to STATUS_DISCONNECTING: sessionHandleID[1], previous_status:[1], reason[995]
[2024-08-09_09:40:49.175263][40372] BnD::B1RedisDirectClientWriteSession: set connection_status to STATUS_DISCONNECTING: sessionHandleID[0], previous_status:[1], reason[995]
[2024-08-09_09:40:49.297652][31800] BnD::B1RedisDirectClientWriteSession: disconnect called: sessionHandleID[0]
[2024-08-09_09:40:49.297652][31800] BnD::B1RedisDirectClientReadSession: disconnect called: sessionHandleID[1]
[2024-08-09_09:40:49.297652][31800] BnD::B1RedisDirectClientWriteSession: set connection_status to STATUS_DISCONNECTED: sessionHandleID[0], previous_status:[3], reason[995]
[2024-08-09_09:40:49.328221][31800] BnD::B1RedisDirectClientReadSession: set connection_status to STATUS_DISCONNECTED: sessionHandleID[1], previous_status:[3], reason[995]
[2024-08-09_09:40:49.359522][31800] SemiTS::WebAssistantServiceMFC: unable to connect Administration Service: address[20.20.0.152], port[9379], db[0]
[2024-08-09_09:40:53.944141][39924] SemiTS::WebAssistantServiceMFC: connecting Administration Service for find equipment type...
[2024-08-09_09:40:53.944141][39924] BnD::B1RedisDirectClientWriteSession: set connection_status to STATUS_CONNECTING: sessionHandleID[0], previous_status:[-1]
[2024-08-09_09:40:53.944141][39924] BnD::B1ClientSocket: connecting: address[20.20.0.152], port[9379]
[2024-08-09_09:40:53.966392][39924] BnD::B1RedisDirectClientReadSession: set connection_status to STATUS_CONNECTING: sessionHandleID[1], previous_status:[-1]
[2024-08-09_09:40:53.966392][39924] BnD::B1ClientSocket: connecting: address[20.20.0.152], port[9379]
[2024-08-09_09:41:04.002595][39924] BnD::B1RedisDirectClientReadSession: disconnect called: sessionHandleID[1]
[2024-08-09_09:41:04.002595][39924] BnD::B1RedisDirectClientWriteSession: disconnect called: sessionHandleID[0]
[2024-08-09_09:41:04.002595][9084] BnD::B1RedisDirectClientReadSession: set connection_status to STATUS_DISCONNECTING: sessionHandleID[1], previous_status:[1], reason[995]
[2024-08-09_09:41:04.002595][38044] BnD::B1RedisDirectClientWriteSession: set connection_status to STATUS_DISCONNECTING: sessionHandleID[0], previous_status:[1], reason[995]
[2024-08-09_09:41:04.186870][39924] BnD::B1RedisDirectClientReadSession: disconnect called: sessionHandleID[1]
[2024-08-09_09:41:04.187148][39924] BnD::B1RedisDirectClientWriteSession: disconnect called: sessionHandleID[0]
[2024-08-09_09:41:04.187148][39924] BnD::B1RedisDirectClientReadSession: set connection_status to STATUS_DISCONNECTED: sessionHandleID[1], previous_status:[3], reason[995]
[2024-08-09_09:41:04.202404][39924] BnD::B1RedisDirectClientWriteSession: set connection_status to STATUS_DISCONNECTED: sessionHandleID[0], previous_status:[3], reason[995]
[2024-08-09_09:41:04.234292][39924] SemiTS::WebAssistantServiceMFC: unable to connect Administration Service: address[20.20.0.152], port[9379], db[0]
[2024-08-09_09:41:28.593109][40260] SemiTS::WebAssistantServiceMFC: connecting Administration Service for find equipment type...
[2024-08-09_09:41:28.593109][40260] BnD::B1RedisDirectClientWriteSession: set connection_status to STATUS_CONNECTING: sessionHandleID[0], previous_status:[-1]
[2024-08-09_09:41:28.593109][40260] BnD::B1ClientSocket: connecting: address[127.0.0.1], port[6379]
[2024-08-09_09:41:28.612761][40260] BnD::B1RedisDirectClientReadSession: set connection_status to STATUS_CONNECTING: sessionHandleID[1], previous_status:[-1]
[2024-08-09_09:41:28.612761][40260] BnD::B1ClientSocket: connecting: address[127.0.0.1], port[6379]
[2024-08-09_09:41:28.613301][30700] BnD::B1RedisDirectClientWriteSession: session connected -> clear buffer
[2024-08-09_09:41:28.613301][30700] BnD::B1RedisDirectClientWriteSession: set connection_status to STATUS_CONNECTED: sessionHandleID[0], previous_status:[1]
[2024-08-09_09:41:28.628334][25660] BnD::B1RedisDirectClientReadSession: session connected -> clear buffer
[2024-08-09_09:41:28.628334][25660] BnD::B1RedisDirectClientReadSession: set connection_status to STATUS_CONNECTED: sessionHandleID[1], previous_status:[1]
[2024-08-09_09:41:28.799535][32920] BnD::B1RedisDirectClientReadSession: selecting redis db: db[0]
[2024-08-09_09:41:28.799535][25660] BnD::B1RedisDirectClientReadSession: redis db selected
[2024-08-09_09:41:28.799535][32920] BnD::B1RedisDirectClientWriteSession: selecting redis db: db[0]
[2024-08-09_09:41:28.815134][40260] SemiTS::WebAssistantServiceMFC: Sync server time:[2024-08-09 09:41:28.815]
[2024-08-09_09:41:28.815283][40260] SemiTS::WebAssistantServiceMFC: Sync server time finished
[2024-08-09_09:41:28.815283][40260] SemiTS::WebAssistantServiceMFC: find product type done! disconnecting Administration Service: site[-1], type[-1]
[2024-08-09_09:41:29.017561][40260] BnD::B1RedisDirectClientReadSession: disconnect called: sessionHandleID[1]
[2024-08-09_09:41:29.017561][40260] BnD::B1RedisDirectClientWriteSession: disconnect called: sessionHandleID[0]
[2024-08-09_09:41:29.017561][40260] BnD::B1BaseSessionManager: waiting disconnection: sessionHandleID[1]
[2024-08-09_09:41:29.017561][40260] BnD::B1BaseSessionManager: waiting disconnection: sessionHandleID[0]
[2024-08-09_09:41:29.017561][25660] BnD::B1ArrayBufferReadWriteImpl: read failed: reason[995], message[스레드 종료 또는 응용 프로그램 요청 때문에 I/O 작업이 취소되었습니다]
[2024-08-09_09:41:29.017561][30700] BnD::B1ArrayBufferReadWriteImpl: read failed: reason[995], message[스레드 종료 또는 응용 프로그램 요청 때문에 I/O 작업이 취소되었습니다]
[2024-08-09_09:41:29.017561][25660] BnD::B1RedisDirectClientReadSession: set connection_status to STATUS_DISCONNECTING: sessionHandleID[1], previous_status:[2], reason[995]
[2024-08-09_09:41:29.017561][30700] BnD::B1RedisDirectClientWriteSession: set connection_status to STATUS_DISCONNECTING: sessionHandleID[0], previous_status:[2], reason[995]
[2024-08-09_09:41:30.019502][40260] BnD::B1RedisDirectClientReadSession: set connection_status to STATUS_DISCONNECTED: sessionHandleID[1], previous_status:[3], reason[995]
[2024-08-09_09:41:30.019502][40260] BnD::B1RedisDirectClientReadSession: session disconnected
[2024-08-09_09:41:30.034753][40260] BnD::B1RedisDirectClientWriteSession: set connection_status to STATUS_DISCONNECTED: sessionHandleID[0], previous_status:[3], reason[995]
[2024-08-09_09:41:30.034753][40260] BnD::B1RedisDirectClientWriteSession: session disconnected
[2024-08-09_09:41:37.972661][18920] SemiTS::WebAssistantServiceMFC: connecting Administration Service for find equipment type...
[2024-08-09_09:41:37.972661][18920] BnD::B1RedisDirectClientWriteSession: set connection_status to STATUS_CONNECTING: sessionHandleID[0], previous_status:[-1]
[2024-08-09_09:41:37.973488][18920] BnD::B1ClientSocket: connecting: address[127.0.0.1], port[6379]
[2024-08-09_09:41:37.994839][18920] BnD::B1RedisDirectClientReadSession: set connection_status to STATUS_CONNECTING: sessionHandleID[1], previous_status:[-1]
[2024-08-09_09:41:37.994839][18920] BnD::B1ClientSocket: connecting: address[127.0.0.1], port[6379]
[2024-08-09_09:41:37.994839][40380] BnD::B1RedisDirectClientWriteSession: session connected -> clear buffer
[2024-08-09_09:41:37.994839][40380] BnD::B1RedisDirectClientWriteSession: set connection_status to STATUS_CONNECTED: sessionHandleID[0], previous_status:[1]
[2024-08-09_09:41:38.010041][2328] BnD::B1RedisDirectClientReadSession: session connected -> clear buffer
[2024-08-09_09:41:38.010041][2328] BnD::B1RedisDirectClientReadSession: set connection_status to STATUS_CONNECTED: sessionHandleID[1], previous_status:[1]
[2024-08-09_09:41:38.181211][7464] BnD::B1RedisDirectClientWriteSession: selecting redis db: db[0]
[2024-08-09_09:41:38.181211][7464] BnD::B1RedisDirectClientReadSession: selecting redis db: db[0]
[2024-08-09_09:41:38.181211][2328] BnD::B1RedisDirectClientReadSession: redis db selected
[2024-08-09_09:41:38.196265][18920] SemiTS::WebAssistantServiceMFC: Sync server time:[2024-08-09 09:41:38.196]
[2024-08-09_09:41:38.196226][18920] SemiTS::WebAssistantServiceMFC: Sync server time finished
[2024-08-09_09:41:38.196226][18920] SemiTS::WebAssistantServiceMFC: find product type done! disconnecting Administration Service: site[-1], type[-1]
[2024-08-09_09:41:38.398347][18920] BnD::B1RedisDirectClientWriteSession: disconnect called: sessionHandleID[0]
[2024-08-09_09:41:38.398347][18920] BnD::B1RedisDirectClientReadSession: disconnect called: sessionHandleID[1]
[2024-08-09_09:41:38.398347][18920] BnD::B1BaseSessionManager: waiting disconnection: sessionHandleID[0]
[2024-08-09_09:41:38.398347][18920] BnD::B1BaseSessionManager: waiting disconnection: sessionHandleID[1]
[2024-08-09_09:41:38.398347][40380] BnD::B1ArrayBufferReadWriteImpl: read failed: reason[995], message[스레드 종료 또는 응용 프로그램 요청 때문에 I/O 작업이 취소되었습니다]
[2024-08-09_09:41:38.398347][40380] BnD::B1RedisDirectClientWriteSession: set connection_status to STATUS_DISCONNECTING: sessionHandleID[0], previous_status:[2], reason[995]
[2024-08-09_09:41:38.398347][2328] BnD::B1ArrayBufferReadWriteImpl: read failed: reason[995], message[스레드 종료 또는 응용 프로그램 요청 때문에 I/O 작업이 취소되었습니다]
[2024-08-09_09:41:38.398347][2328] BnD::B1RedisDirectClientReadSession: set connection_status to STATUS_DISCONNECTING: sessionHandleID[1], previous_status:[2], reason[995]
[2024-08-09_09:41:39.409501][18920] BnD::B1RedisDirectClientWriteSession: set connection_status to STATUS_DISCONNECTED: sessionHandleID[0], previous_status:[3], reason[995]
[2024-08-09_09:41:39.409501][18920] BnD::B1RedisDirectClientWriteSession: session disconnected
[2024-08-09_09:41:39.426090][18920] BnD::B1RedisDirectClientReadSession: set connection_status to STATUS_DISCONNECTED: sessionHandleID[1], previous_status:[3], reason[995]
[2024-08-09_09:41:39.426090][18920] BnD::B1RedisDirectClientReadSession: session disconnected
[2024-08-09_09:41:45.360619][7500] SemiTS::WebAssistantServiceMFC: connecting Administration Service for find equipment type...
[2024-08-09_09:41:45.360619][7500] BnD::B1RedisDirectClientWriteSession: set connection_status to STATUS_CONNECTING: sessionHandleID[0], previous_status:[-1]
[2024-08-09_09:41:45.360619][7500] BnD::B1ClientSocket: connecting: address[127.0.0.1], port[6379]
[2024-08-09_09:41:45.371821][7500] BnD::B1RedisDirectClientReadSession: set connection_status to STATUS_CONNECTING: sessionHandleID[1], previous_status:[-1]
[2024-08-09_09:41:45.371821][14196] BnD::B1RedisDirectClientWriteSession: session connected -> clear buffer
[2024-08-09_09:41:45.371821][7500] BnD::B1ClientSocket: connecting: address[127.0.0.1], port[6379]
[2024-08-09_09:41:45.372369][14196] BnD::B1RedisDirectClientWriteSession: set connection_status to STATUS_CONNECTED: sessionHandleID[0], previous_status:[1]
[2024-08-09_09:41:45.402874][41280] BnD::B1RedisDirectClientReadSession: session connected -> clear buffer
[2024-08-09_09:41:45.402874][41280] BnD::B1RedisDirectClientReadSession: set connection_status to STATUS_CONNECTED: sessionHandleID[1], previous_status:[1]
[2024-08-09_09:41:45.563267][36528] BnD::B1RedisDirectClientWriteSession: selecting redis db: db[0]
[2024-08-09_09:41:45.563267][36528] BnD::B1RedisDirectClientReadSession: selecting redis db: db[0]
[2024-08-09_09:41:45.563267][41280] BnD::B1RedisDirectClientReadSession: redis db selected
[2024-08-09_09:41:45.578547][7500] SemiTS::WebAssistantServiceMFC: Sync server time:[2024-08-09 09:41:45.578]
[2024-08-09_09:41:45.578577][7500] SemiTS::WebAssistantServiceMFC: Sync server time finished
[2024-08-09_09:41:45.579547][7500] SemiTS::WebAssistantServiceMFC: find product type done! disconnecting Administration Service: site[-1], type[-1]
[2024-08-09_09:41:45.786007][7500] BnD::B1RedisDirectClientWriteSession: disconnect called: sessionHandleID[0]
[2024-08-09_09:41:45.786007][7500] BnD::B1RedisDirectClientReadSession: disconnect called: sessionHandleID[1]
[2024-08-09_09:41:45.786007][7500] BnD::B1BaseSessionManager: waiting disconnection: sessionHandleID[0]
[2024-08-09_09:41:45.786007][7500] BnD::B1BaseSessionManager: waiting disconnection: sessionHandleID[1]
[2024-08-09_09:41:45.786007][14196] BnD::B1ArrayBufferReadWriteImpl: read failed: reason[995], message[스레드 종료 또는 응용 프로그램 요청 때문에 I/O 작업이 취소되었습니다]
[2024-08-09_09:41:45.786007][14196] BnD::B1RedisDirectClientWriteSession: set connection_status to STATUS_DISCONNECTING: sessionHandleID[0], previous_status:[2], reason[995]
[2024-08-09_09:41:45.786007][41280] BnD::B1ArrayBufferReadWriteImpl: read failed: reason[995], message[스레드 종료 또는 응용 프로그램 요청 때문에 I/O 작업이 취소되었습니다]
[2024-08-09_09:41:45.786007][41280] BnD::B1RedisDirectClientReadSession: set connection_status to STATUS_DISCONNECTING: sessionHandleID[1], previous_status:[2], reason[995]
[2024-08-09_09:41:46.790476][7500] BnD::B1RedisDirectClientWriteSession: set connection_status to STATUS_DISCONNECTED: sessionHandleID[0], previous_status:[3], reason[995]
[2024-08-09_09:41:46.790476][7500] BnD::B1RedisDirectClientWriteSession: session disconnected
[2024-08-09_09:41:46.805698][7500] BnD::B1RedisDirectClientReadSession: set connection_status to STATUS_DISCONNECTED: sessionHandleID[1], previous_status:[3], reason[995]
[2024-08-09_09:41:46.805698][7500] BnD::B1RedisDirectClientReadSession: session disconnected
[2024-08-09_09:42:28.434635][20688] SemiTS::WebAssistantServiceMFC: connecting Administration Service for find equipment type...
[2024-08-09_09:42:28.435635][20688] BnD::B1RedisDirectClientWriteSession: set connection_status to STATUS_CONNECTING: sessionHandleID[0], previous_status:[-1]
[2024-08-09_09:42:28.435635][20688] BnD::B1ClientSocket: connecting: address[20.20.0.152], port[9379]
[2024-08-09_09:42:28.453614][20688] BnD::B1RedisDirectClientReadSession: set connection_status to STATUS_CONNECTING: sessionHandleID[1], previous_status:[-1]
[2024-08-09_09:42:28.453614][20688] BnD::B1ClientSocket: connecting: address[20.20.0.152], port[9379]
[2024-08-09_09:42:38.487086][20688] BnD::B1RedisDirectClientReadSession: disconnect called: sessionHandleID[1]
[2024-08-09_09:42:38.487086][20688] BnD::B1RedisDirectClientWriteSession: disconnect called: sessionHandleID[0]
[2024-08-09_09:42:38.487086][18544] BnD::B1RedisDirectClientReadSession: set connection_status to STATUS_DISCONNECTING: sessionHandleID[1], previous_status:[1], reason[995]
[2024-08-09_09:42:38.487086][38904] BnD::B1RedisDirectClientWriteSession: set connection_status to STATUS_DISCONNECTING: sessionHandleID[0], previous_status:[1], reason[995]
[2024-08-09_09:42:38.674366][20688] BnD::B1RedisDirectClientWriteSession: disconnect called: sessionHandleID[0]
[2024-08-09_09:42:38.674366][20688] BnD::B1RedisDirectClientReadSession: disconnect called: sessionHandleID[1]
[2024-08-09_09:42:38.674366][20688] BnD::B1RedisDirectClientWriteSession: set connection_status to STATUS_DISCONNECTED: sessionHandleID[0], previous_status:[3], reason[995]
[2024-08-09_09:42:38.706029][20688] BnD::B1RedisDirectClientReadSession: set connection_status to STATUS_DISCONNECTED: sessionHandleID[1], previous_status:[3], reason[995]
[2024-08-09_09:42:38.736337][20688] SemiTS::WebAssistantServiceMFC: unable to connect Administration Service: address[20.20.0.152], port[9379], db[0]
[2024-08-09_09:43:57.382478][12564] SemiTS::WebAssistantServiceMFC: connecting Administration Service for find equipment type...
[2024-08-09_09:43:57.382478][12564] BnD::B1RedisDirectClientWriteSession: set connection_status to STATUS_CONNECTING: sessionHandleID[0], previous_status:[-1]
[2024-08-09_09:43:57.382478][12564] BnD::B1ClientSocket: connecting: address[127.0.0.1], port[9379]
[2024-08-09_09:43:57.403767][12564] BnD::B1RedisDirectClientReadSession: set connection_status to STATUS_CONNECTING: sessionHandleID[1], previous_status:[-1]
[2024-08-09_09:43:57.403767][12564] BnD::B1ClientSocket: connecting: address[127.0.0.1], port[9379]
[2024-08-09_09:43:59.440284][19828] BnD::B1RedisDirectClientWriteSession: set connection_status to STATUS_DISCONNECTING: sessionHandleID[0], previous_status:[1], reason[10061]
[2024-08-09_09:43:59.471351][16680] BnD::B1RedisDirectClientReadSession: set connection_status to STATUS_DISCONNECTING: sessionHandleID[1], previous_status:[1], reason[10061]
[2024-08-09_09:43:59.626308][37124] BnD::B1RedisDirectClientReadSession: set connection_status to STATUS_DISCONNECTED: sessionHandleID[1], previous_status:[3], reason[10061]
[2024-08-09_09:43:59.626308][37124] BnD::B1RedisDirectClientWriteSession: set connection_status to STATUS_DISCONNECTED: sessionHandleID[0], previous_status:[3], reason[10061]
[2024-08-09_09:43:59.827814][37124] BnD::B1RedisDirectClientReadSession: set connection_status to STATUS_CONNECTING: sessionHandleID[1], previous_status:[0]
[2024-08-09_09:43:59.827814][37124] BnD::B1ClientSocket: connecting: address[127.0.0.1], port[9379]
[2024-08-09_09:43:59.858756][37124] BnD::B1RedisDirectClientWriteSession: set connection_status to STATUS_CONNECTING: sessionHandleID[0], previous_status:[0]
[2024-08-09_09:43:59.858756][37124] BnD::B1ClientSocket: connecting: address[127.0.0.1], port[9379]
[2024-08-09_09:44:01.905894][41488] BnD::B1RedisDirectClientReadSession: set connection_status to STATUS_DISCONNECTING: sessionHandleID[1], previous_status:[1], reason[10061]
[2024-08-09_09:44:01.921866][37124] BnD::B1RedisDirectClientReadSession: set connection_status to STATUS_DISCONNECTED: sessionHandleID[1], previous_status:[3], reason[10061]
[2024-08-09_09:44:01.937698][39824] BnD::B1RedisDirectClientWriteSession: set connection_status to STATUS_DISCONNECTING: sessionHandleID[0], previous_status:[1], reason[10061]
[2024-08-09_09:44:02.136916][37124] BnD::B1RedisDirectClientReadSession: set connection_status to STATUS_CONNECTING: sessionHandleID[1], previous_status:[0]
[2024-08-09_09:44:02.136916][37124] BnD::B1ClientSocket: connecting: address[127.0.0.1], port[9379]
[2024-08-09_09:44:02.152778][37124] BnD::B1RedisDirectClientWriteSession: set connection_status to STATUS_DISCONNECTED: sessionHandleID[0], previous_status:[3], reason[10061]
[2024-08-09_09:44:02.354233][37124] BnD::B1RedisDirectClientWriteSession: set connection_status to STATUS_CONNECTING: sessionHandleID[0], previous_status:[0]
[2024-08-09_09:44:02.354359][37124] BnD::B1ClientSocket: connecting: address[127.0.0.1], port[9379]
[2024-08-09_09:44:04.188809][27120] BnD::B1RedisDirectClientReadSession: set connection_status to STATUS_DISCONNECTING: sessionHandleID[1], previous_status:[1], reason[10061]
[2024-08-09_09:44:04.236145][37124] BnD::B1RedisDirectClientReadSession: set connection_status to STATUS_DISCONNECTED: sessionHandleID[1], previous_status:[3], reason[10061]
[2024-08-09_09:44:04.421002][39332] BnD::B1RedisDirectClientWriteSession: set connection_status to STATUS_DISCONNECTING: sessionHandleID[0], previous_status:[1], reason[10061]
[2024-08-09_09:44:04.451138][37124] BnD::B1RedisDirectClientReadSession: set connection_status to STATUS_CONNECTING: sessionHandleID[1], previous_status:[0]
[2024-08-09_09:44:04.451138][37124] BnD::B1ClientSocket: connecting: address[127.0.0.1], port[9379]
[2024-08-09_09:44:04.467249][37124] BnD::B1RedisDirectClientWriteSession: set connection_status to STATUS_DISCONNECTED: sessionHandleID[0], previous_status:[3], reason[10061]
[2024-08-09_09:44:04.670350][37124] BnD::B1RedisDirectClientWriteSession: set connection_status to STATUS_CONNECTING: sessionHandleID[0], previous_status:[0]
[2024-08-09_09:44:04.670350][37124] BnD::B1ClientSocket: connecting: address[127.0.0.1], port[9379]
[2024-08-09_09:44:06.517448][30124] BnD::B1RedisDirectClientReadSession: set connection_status to STATUS_DISCONNECTING: sessionHandleID[1], previous_status:[1], reason[10061]
[2024-08-09_09:44:06.532837][37124] BnD::B1RedisDirectClientReadSession: set connection_status to STATUS_DISCONNECTED: sessionHandleID[1], previous_status:[3], reason[10061]
[2024-08-09_09:44:06.719751][33708] BnD::B1RedisDirectClientWriteSession: set connection_status to STATUS_DISCONNECTING: sessionHandleID[0], previous_status:[1], reason[10061]
[2024-08-09_09:44:06.735485][37124] BnD::B1RedisDirectClientReadSession: set connection_status to STATUS_CONNECTING: sessionHandleID[1], previous_status:[0]
[2024-08-09_09:44:06.735485][37124] BnD::B1ClientSocket: connecting: address[127.0.0.1], port[9379]
[2024-08-09_09:44:06.767156][37124] BnD::B1RedisDirectClientWriteSession: set connection_status to STATUS_DISCONNECTED: sessionHandleID[0], previous_status:[3], reason[10061]
[2024-08-09_09:44:06.968691][37124] BnD::B1RedisDirectClientWriteSession: set connection_status to STATUS_CONNECTING: sessionHandleID[0], previous_status:[0]
[2024-08-09_09:44:06.968691][37124] BnD::B1ClientSocket: connecting: address[127.0.0.1], port[9379]
[2024-08-09_09:44:07.438865][12564] BnD::B1RedisDirectClientReadSession: disconnect called: sessionHandleID[1]
[2024-08-09_09:44:07.438865][12564] BnD::B1RedisDirectClientWriteSession: disconnect called: sessionHandleID[0]
[2024-08-09_09:44:07.438865][4624] BnD::B1RedisDirectClientReadSession: set connection_status to STATUS_DISCONNECTING: sessionHandleID[1], previous_status:[1], reason[995]
[2024-08-09_09:44:07.438865][5804] BnD::B1RedisDirectClientWriteSession: set connection_status to STATUS_DISCONNECTING: sessionHandleID[0], previous_status:[1], reason[995]
[2024-08-09_09:44:07.634530][12564] BnD::B1RedisDirectClientReadSession: disconnect called: sessionHandleID[1]
[2024-08-09_09:44:07.639536][12564] BnD::B1RedisDirectClientWriteSession: disconnect called: sessionHandleID[0]
[2024-08-09_09:44:07.643544][12564] BnD::B1RedisDirectClientReadSession: set connection_status to STATUS_DISCONNECTED: sessionHandleID[1], previous_status:[3], reason[995]
[2024-08-09_09:44:07.672722][12564] BnD::B1RedisDirectClientWriteSession: set connection_status to STATUS_DISCONNECTED: sessionHandleID[0], previous_status:[3], reason[995]
[2024-08-09_09:44:07.703263][12564] SemiTS::WebAssistantServiceMFC: unable to connect Administration Service: address[127.0.0.1], port[9379], db[0]
[2024-08-09_09:45:19.640079][29688] SemiTS::WebAssistantServiceMFC: connecting Administration Service for find equipment type...
[2024-08-09_09:45:19.640079][29688] BnD::B1RedisDirectClientWriteSession: set connection_status to STATUS_CONNECTING: sessionHandleID[0], previous_status:[-1]
[2024-08-09_09:45:19.640079][29688] BnD::B1ClientSocket: connecting: address[20.20.0.152], port[9379]
[2024-08-09_09:45:19.668494][29688] BnD::B1RedisDirectClientReadSession: set connection_status to STATUS_CONNECTING: sessionHandleID[1], previous_status:[-1]
[2024-08-09_09:45:19.668494][29688] BnD::B1ClientSocket: connecting: address[20.20.0.152], port[9379]
[2024-08-09_09:45:29.704359][29688] BnD::B1RedisDirectClientReadSession: disconnect called: sessionHandleID[1]
[2024-08-09_09:45:29.704359][29688] BnD::B1RedisDirectClientWriteSession: disconnect called: sessionHandleID[0]
[2024-08-09_09:45:29.704359][16956] BnD::B1RedisDirectClientWriteSession: set connection_status to STATUS_DISCONNECTING: sessionHandleID[0], previous_status:[1], reason[995]
[2024-08-09_09:45:29.704359][14296] BnD::B1RedisDirectClientReadSession: set connection_status to STATUS_DISCONNECTING: sessionHandleID[1], previous_status:[1], reason[995]
[2024-08-09_09:45:29.751183][29688] BnD::B1RedisDirectClientReadSession: disconnect called: sessionHandleID[1]
[2024-08-09_09:45:29.751183][29688] BnD::B1RedisDirectClientWriteSession: disconnect called: sessionHandleID[0]
[2024-08-09_09:45:29.751183][29688] BnD::B1RedisDirectClientReadSession: set connection_status to STATUS_DISCONNECTED: sessionHandleID[1], previous_status:[3], reason[995]
[2024-08-09_09:45:29.766378][29688] BnD::B1RedisDirectClientWriteSession: set connection_status to STATUS_DISCONNECTED: sessionHandleID[0], previous_status:[3], reason[995]
[2024-08-09_09:45:29.798277][29688] SemiTS::WebAssistantServiceMFC: unable to connect Administration Service: address[20.20.0.152], port[9379], db[0]
[2024-08-09_09:46:18.927649][40260] SemiTS::WebAssistantServiceMFC: connecting Administration Service for find equipment type...
[2024-08-09_09:46:18.927649][40260] BnD::B1RedisDirectClientWriteSession: set connection_status to STATUS_CONNECTING: sessionHandleID[0], previous_status:[-1]
[2024-08-09_09:46:18.927649][40260] BnD::B1ClientSocket: connecting: address[127.0.0.1], port[9379]
[2024-08-09_09:46:18.939368][40260] BnD::B1RedisDirectClientReadSession: set connection_status to STATUS_CONNECTING: sessionHandleID[1], previous_status:[-1]
[2024-08-09_09:46:18.939368][40260] BnD::B1ClientSocket: connecting: address[127.0.0.1], port[9379]
[2024-08-09_09:46:20.983956][3076] BnD::B1RedisDirectClientWriteSession: set connection_status to STATUS_DISCONNECTING: sessionHandleID[0], previous_status:[1], reason[10061]
[2024-08-09_09:46:21.030405][19244] BnD::B1RedisDirectClientReadSession: set connection_status to STATUS_DISCONNECTING: sessionHandleID[1], previous_status:[1], reason[10061]
[2024-08-09_09:46:21.172704][11172] BnD::B1RedisDirectClientReadSession: set connection_status to STATUS_DISCONNECTED: sessionHandleID[1], previous_status:[3], reason[10061]
[2024-08-09_09:46:21.172704][11172] BnD::B1RedisDirectClientWriteSession: set connection_status to STATUS_DISCONNECTED: sessionHandleID[0], previous_status:[3], reason[10061]
[2024-08-09_09:46:21.375362][11172] BnD::B1RedisDirectClientReadSession: set connection_status to STATUS_CONNECTING: sessionHandleID[1], previous_status:[0]
[2024-08-09_09:46:21.375362][11172] BnD::B1ClientSocket: connecting: address[127.0.0.1], port[9379]
[2024-08-09_09:46:21.390549][11172] BnD::B1RedisDirectClientWriteSession: set connection_status to STATUS_CONNECTING: sessionHandleID[0], previous_status:[0]
[2024-08-09_09:46:21.390549][11172] BnD::B1ClientSocket: connecting: address[127.0.0.1], port[9379]
[2024-08-09_09:46:23.436739][22448] BnD::B1RedisDirectClientReadSession: set connection_status to STATUS_DISCONNECTING: sessionHandleID[1], previous_status:[1], reason[10061]
[2024-08-09_09:46:23.452651][13492] BnD::B1RedisDirectClientWriteSession: set connection_status to STATUS_DISCONNECTING: sessionHandleID[0], previous_status:[1], reason[10061]
[2024-08-09_09:46:23.637835][11172] BnD::B1RedisDirectClientReadSession: set connection_status to STATUS_DISCONNECTED: sessionHandleID[1], previous_status:[3], reason[10061]
[2024-08-09_09:46:23.637835][11172] BnD::B1RedisDirectClientWriteSession: set connection_status to STATUS_DISCONNECTED: sessionHandleID[0], previous_status:[3], reason[10061]
[2024-08-09_09:46:23.838304][11172] BnD::B1RedisDirectClientReadSession: set connection_status to STATUS_CONNECTING: sessionHandleID[1], previous_status:[0]
[2024-08-09_09:46:23.838304][11172] BnD::B1ClientSocket: connecting: address[127.0.0.1], port[9379]
[2024-08-09_09:46:23.854479][11172] BnD::B1RedisDirectClientWriteSession: set connection_status to STATUS_CONNECTING: sessionHandleID[0], previous_status:[0]
[2024-08-09_09:46:23.854479][11172] BnD::B1ClientSocket: connecting: address[127.0.0.1], port[9379]
[2024-08-09_09:46:25.894594][34880] BnD::B1RedisDirectClientReadSession: set connection_status to STATUS_DISCONNECTING: sessionHandleID[1], previous_status:[1], reason[10061]
[2024-08-09_09:46:25.910704][11172] BnD::B1RedisDirectClientReadSession: set connection_status to STATUS_DISCONNECTED: sessionHandleID[1], previous_status:[3], reason[10061]
[2024-08-09_09:46:25.925585][25412] BnD::B1RedisDirectClientWriteSession: set connection_status to STATUS_DISCONNECTING: sessionHandleID[0], previous_status:[1], reason[10061]
[2024-08-09_09:46:26.112066][11172] BnD::B1RedisDirectClientReadSession: set connection_status to STATUS_CONNECTING: sessionHandleID[1], previous_status:[0]
[2024-08-09_09:46:26.112066][11172] BnD::B1ClientSocket: connecting: address[127.0.0.1], port[9379]
[2024-08-09_09:46:26.143610][11172] BnD::B1RedisDirectClientWriteSession: set connection_status to STATUS_DISCONNECTED: sessionHandleID[0], previous_status:[3], reason[10061]
[2024-08-09_09:46:26.345899][11172] BnD::B1RedisDirectClientWriteSession: set connection_status to STATUS_CONNECTING: sessionHandleID[0], previous_status:[0]
[2024-08-09_09:46:26.345899][11172] BnD::B1ClientSocket: connecting: address[127.0.0.1], port[9379]
[2024-08-09_09:46:28.175651][39504] BnD::B1RedisDirectClientReadSession: set connection_status to STATUS_DISCONNECTING: sessionHandleID[1], previous_status:[1], reason[10061]
[2024-08-09_09:46:28.190559][11172] BnD::B1RedisDirectClientReadSession: set connection_status to STATUS_DISCONNECTED: sessionHandleID[1], previous_status:[3], reason[10061]
[2024-08-09_09:46:28.392747][11172] BnD::B1RedisDirectClientReadSession: set connection_status to STATUS_CONNECTING: sessionHandleID[1], previous_status:[0]
[2024-08-09_09:46:28.392747][11172] BnD::B1ClientSocket: connecting: address[127.0.0.1], port[9379]
[2024-08-09_09:46:28.392747][35380] BnD::B1RedisDirectClientWriteSession: set connection_status to STATUS_DISCONNECTING: sessionHandleID[0], previous_status:[1], reason[10061]
[2024-08-09_09:46:28.424340][11172] BnD::B1RedisDirectClientWriteSession: set connection_status to STATUS_DISCONNECTED: sessionHandleID[0], previous_status:[3], reason[10061]
[2024-08-09_09:46:28.639355][11172] BnD::B1RedisDirectClientWriteSession: set connection_status to STATUS_CONNECTING: sessionHandleID[0], previous_status:[0]
[2024-08-09_09:46:28.639355][11172] BnD::B1ClientSocket: connecting: address[127.0.0.1], port[9379]
[2024-08-09_09:46:28.977677][40260] BnD::B1RedisDirectClientReadSession: disconnect called: sessionHandleID[1]
[2024-08-09_09:46:28.977677][40260] BnD::B1RedisDirectClientWriteSession: disconnect called: sessionHandleID[0]
[2024-08-09_09:46:28.977677][4020] BnD::B1RedisDirectClientReadSession: set connection_status to STATUS_DISCONNECTING: sessionHandleID[1], previous_status:[1], reason[995]
[2024-08-09_09:46:28.977677][36088] BnD::B1RedisDirectClientWriteSession: set connection_status to STATUS_DISCONNECTING: sessionHandleID[0], previous_status:[1], reason[995]
[2024-08-09_09:46:29.116656][40260] BnD::B1RedisDirectClientReadSession: disconnect called: sessionHandleID[1]
[2024-08-09_09:46:29.116656][40260] BnD::B1RedisDirectClientWriteSession: disconnect called: sessionHandleID[0]
[2024-08-09_09:46:29.116656][40260] BnD::B1RedisDirectClientReadSession: set connection_status to STATUS_DISCONNECTED: sessionHandleID[1], previous_status:[3], reason[995]
[2024-08-09_09:46:29.148538][40260] BnD::B1RedisDirectClientWriteSession: set connection_status to STATUS_DISCONNECTED: sessionHandleID[0], previous_status:[3], reason[995]
[2024-08-09_09:46:29.163986][40260] SemiTS::WebAssistantServiceMFC: unable to connect Administration Service: address[127.0.0.1], port[9379], db[0]
[2024-08-09_09:57:55.740413][29960] SemiTS::WebAssistantServiceMFC: connecting Administration Service for find equipment type...
[2024-08-09_09:57:55.741387][29960] BnD::B1RedisDirectClientWriteSession: set connection_status to STATUS_CONNECTING: sessionHandleID[0], previous_status:[-1]
[2024-08-09_09:57:55.741387][29960] BnD::B1ClientSocket: connecting: address[20.20.0.152], port[9379]
[2024-08-09_09:57:55.761354][29960] BnD::B1RedisDirectClientReadSession: set connection_status to STATUS_CONNECTING: sessionHandleID[1], previous_status:[-1]
[2024-08-09_09:57:55.761354][29960] BnD::B1ClientSocket: connecting: address[20.20.0.152], port[9379]
[2024-08-09_09:58:05.797094][29960] BnD::B1RedisDirectClientReadSession: disconnect called: sessionHandleID[1]
[2024-08-09_09:58:05.797094][29960] BnD::B1RedisDirectClientWriteSession: disconnect called: sessionHandleID[0]
[2024-08-09_09:58:05.797094][12692] BnD::B1RedisDirectClientReadSession: set connection_status to STATUS_DISCONNECTING: sessionHandleID[1], previous_status:[1], reason[995]
[2024-08-09_09:58:05.797094][26304] BnD::B1RedisDirectClientWriteSession: set connection_status to STATUS_DISCONNECTING: sessionHandleID[0], previous_status:[1], reason[995]
[2024-08-09_09:58:05.968600][29960] BnD::B1RedisDirectClientReadSession: disconnect called: sessionHandleID[1]
[2024-08-09_09:58:05.968600][29960] BnD::B1RedisDirectClientWriteSession: disconnect called: sessionHandleID[0]
[2024-08-09_09:58:05.968600][29960] BnD::B1RedisDirectClientReadSession: set connection_status to STATUS_DISCONNECTED: sessionHandleID[1], previous_status:[3], reason[995]
[2024-08-09_09:58:05.984593][29960] BnD::B1RedisDirectClientWriteSession: set connection_status to STATUS_DISCONNECTED: sessionHandleID[0], previous_status:[3], reason[995]
[2024-08-09_09:58:06.015602][29960] SemiTS::WebAssistantServiceMFC: unable to connect Administration Service: address[20.20.0.152], port[9379], db[0]
