[2024-08-06_10:06:36.944560][29312] BnD::B1WebSocketReadWriteImpl: read failed: reason[10053], message[현재 연결은 사용자의 호스트 시스템의 소프트웨어의 의해 중단되었습니다]
[2024-08-06_10:06:36.944560][29312] SemiTS::LPRWASWebSocketServerSession: set connection_status to STATUS_DISCONNECTING: sessionHandleID[1], previous_status:[2], reason[10053]
[2024-08-06_10:06:37.258998][29312] SemiTS::WASWebServerSession: set connection_status to STATUS_CONNECTED: sessionHandleID[2], previous_status:[-1]
[2024-08-06_10:06:37.258998][29312] BnD::B1HttpServerSessionManager: session modified: sessionHandleID[2]
[2024-08-06_10:06:37.258998][29312] SemiTS::LPRWASWebSocketServerSession: web socket accepted: peerAddress[127.0.0.1], localPort[22001]
[2024-08-06_10:06:37.258998][29312] SemiTS::LPRWASWebSocketServerSession: set connection_status to STATUS_CONNECTED: sessionHandleID[2], previous_status:[-1]
[2024-08-06_10:06:37.486003][19116] SemiTS::LPRWASWebSocketServerSession: set connection_status to STATUS_DISCONNECTED: sessionHandleID[1], previous_status:[3], reason[10053]
[2024-08-06_10:06:37.486003][19116] SemiTS::LPRWASWebSocketServerSession: server session disconnected: sessionHandleID[1], peerAddress[127.0.0.1], localPort[22001], reason[10053]
[2024-08-06_10:07:06.017108][29312] BnD::B1WebSocketReadWriteImpl: read failed: reason[1], message[The WebSocket stream was gracefully closed at both endpoints]
[2024-08-06_10:07:06.017108][29312] SemiTS::LPRWASWebSocketServerSession: set connection_status to STATUS_DISCONNECTING: sessionHandleID[2], previous_status:[2], reason[1]
[2024-08-06_10:07:06.279889][29312] SemiTS::WASWebServerSession: set connection_status to STATUS_CONNECTED: sessionHandleID[3], previous_status:[-1]
[2024-08-06_10:07:06.279889][29312] BnD::B1HttpServerSessionManager: session modified: sessionHandleID[3]
[2024-08-06_10:07:06.279889][29312] SemiTS::LPRWASWebSocketServerSession: web socket accepted: peerAddress[127.0.0.1], localPort[22001]
[2024-08-06_10:07:06.279889][29312] SemiTS::LPRWASWebSocketServerSession: set connection_status to STATUS_CONNECTED: sessionHandleID[3], previous_status:[-1]
[2024-08-06_10:07:06.720778][19116] SemiTS::LPRWASWebSocketServerSession: set connection_status to STATUS_DISCONNECTED: sessionHandleID[2], previous_status:[3], reason[1]
[2024-08-06_10:07:06.720778][19116] SemiTS::LPRWASWebSocketServerSession: server session disconnected: sessionHandleID[2], peerAddress[], localPort[0], reason[1]
[2024-08-06_10:07:07.831075][29312] BnD::B1WebSocketReadWriteImpl: read failed: reason[10053], message[현재 연결은 사용자의 호스트 시스템의 소프트웨어의 의해 중단되었습니다]
[2024-08-06_10:07:07.831075][29312] SemiTS::LPRWASWebSocketServerSession: set connection_status to STATUS_DISCONNECTING: sessionHandleID[3], previous_status:[2], reason[10053]
[2024-08-06_10:07:08.086583][29312] SemiTS::WASWebServerSession: set connection_status to STATUS_CONNECTED: sessionHandleID[4], previous_status:[-1]
[2024-08-06_10:07:08.086583][29312] BnD::B1HttpServerSessionManager: session modified: sessionHandleID[4]
[2024-08-06_10:07:08.086583][29312] SemiTS::LPRWASWebSocketServerSession: web socket accepted: peerAddress[127.0.0.1], localPort[22001]
[2024-08-06_10:07:08.086583][29312] SemiTS::LPRWASWebSocketServerSession: set connection_status to STATUS_CONNECTED: sessionHandleID[4], previous_status:[-1]
[2024-08-06_10:07:08.751603][19116] SemiTS::LPRWASWebSocketServerSession: set connection_status to STATUS_DISCONNECTED: sessionHandleID[3], previous_status:[3], reason[10053]
[2024-08-06_10:07:08.751603][19116] SemiTS::LPRWASWebSocketServerSession: server session disconnected: sessionHandleID[3], peerAddress[127.0.0.1], localPort[22001], reason[10053]
[2024-08-06_10:07:09.943974][29312] BnD::B1WebSocketReadWriteImpl: read failed: reason[10054], message[현재 연결은 원격 호스트에 의해 강제로 끊겼습니다]
[2024-08-06_10:07:09.943974][29312] SemiTS::LPRWASWebSocketServerSession: set connection_status to STATUS_DISCONNECTING: sessionHandleID[4], previous_status:[2], reason[10054]
[2024-08-06_10:07:10.191460][29312] SemiTS::WASWebServerSession: set connection_status to STATUS_CONNECTED: sessionHandleID[5], previous_status:[-1]
[2024-08-06_10:07:10.192455][29312] BnD::B1HttpServerSessionManager: session modified: sessionHandleID[5]
[2024-08-06_10:07:10.192455][29312] SemiTS::LPRWASWebSocketServerSession: web socket accepted: peerAddress[127.0.0.1], localPort[22001]
[2024-08-06_10:07:10.192455][29312] SemiTS::LPRWASWebSocketServerSession: set connection_status to STATUS_CONNECTED: sessionHandleID[5], previous_status:[-1]
[2024-08-06_10:07:10.796050][19116] SemiTS::LPRWASWebSocketServerSession: set connection_status to STATUS_DISCONNECTED: sessionHandleID[4], previous_status:[3], reason[10054]
[2024-08-06_10:07:10.796050][19116] SemiTS::LPRWASWebSocketServerSession: server session disconnected: sessionHandleID[4], peerAddress[127.0.0.1], localPort[22001], reason[10054]
[2024-08-06_10:07:34.166678][29312] BnD::B1WebSocketReadWriteImpl: read failed: reason[10054], message[현재 연결은 원격 호스트에 의해 강제로 끊겼습니다]
[2024-08-06_10:07:34.166678][29312] SemiTS::LPRWASWebSocketServerSession: set connection_status to STATUS_DISCONNECTING: sessionHandleID[5], previous_status:[2], reason[10054]
[2024-08-06_10:07:34.456670][29312] SemiTS::WASWebServerSession: set connection_status to STATUS_CONNECTED: sessionHandleID[6], previous_status:[-1]
[2024-08-06_10:07:34.457670][29312] BnD::B1HttpServerSessionManager: session modified: sessionHandleID[6]
[2024-08-06_10:07:34.457670][29312] SemiTS::LPRWASWebSocketServerSession: web socket accepted: peerAddress[127.0.0.1], localPort[22001]
[2024-08-06_10:07:34.457670][29312] SemiTS::LPRWASWebSocketServerSession: set connection_status to STATUS_CONNECTED: sessionHandleID[6], previous_status:[-1]
[2024-08-06_10:07:34.972362][19116] SemiTS::LPRWASWebSocketServerSession: set connection_status to STATUS_DISCONNECTED: sessionHandleID[5], previous_status:[3], reason[10054]
[2024-08-06_10:07:34.972362][19116] SemiTS::LPRWASWebSocketServerSession: server session disconnected: sessionHandleID[5], peerAddress[127.0.0.1], localPort[22001], reason[10054]
[2024-08-06_10:07:56.056179][29312] BnD::B1WebSocketReadWriteImpl: read failed: reason[1], message[The WebSocket stream was gracefully closed at both endpoints]
[2024-08-06_10:07:56.056179][29312] SemiTS::LPRWASWebSocketServerSession: set connection_status to STATUS_DISCONNECTING: sessionHandleID[6], previous_status:[2], reason[1]
[2024-08-06_10:07:56.129139][19116] SemiTS::LPRWASWebSocketServerSession: set connection_status to STATUS_DISCONNECTED: sessionHandleID[6], previous_status:[3], reason[1]
[2024-08-06_10:07:56.129139][19116] SemiTS::LPRWASWebSocketServerSession: server session disconnected: sessionHandleID[6], peerAddress[], localPort[0], reason[1]
[2024-08-06_10:07:56.325521][29312] SemiTS::WASWebServerSession: set connection_status to STATUS_CONNECTED: sessionHandleID[0], previous_status:[-1]
[2024-08-06_10:07:56.325521][29312] BnD::B1HttpServerSessionManager: session modified: sessionHandleID[0]
[2024-08-06_10:07:56.325521][29312] SemiTS::LPRWASWebSocketServerSession: web socket accepted: peerAddress[127.0.0.1], localPort[22001]
[2024-08-06_10:07:56.325521][29312] SemiTS::LPRWASWebSocketServerSession: set connection_status to STATUS_CONNECTED: sessionHandleID[0], previous_status:[-1]
[2024-08-06_10:08:39.038240][29312] SemiTS::WASWebServerSession: set connection_status to STATUS_CONNECTED: sessionHandleID[1], previous_status:[-1]
[2024-08-06_10:08:39.038240][29312] BnD::B1HttpServerSessionManager: session modified: sessionHandleID[1]
[2024-08-06_10:08:39.038240][29312] SemiTS::LPRWASWebSocketServerSession: web socket accepted: peerAddress[127.0.0.1], localPort[22001]
[2024-08-06_10:08:39.038240][29312] SemiTS::LPRWASWebSocketServerSession: set connection_status to STATUS_CONNECTED: sessionHandleID[1], previous_status:[-1]
[2024-08-06_10:08:39.089474][29312] BnD::B1WebSocketReadWriteImpl: read failed: reason[1], message[The WebSocket stream was gracefully closed at both endpoints]
[2024-08-06_10:08:39.089474][29312] SemiTS::LPRWASWebSocketServerSession: set connection_status to STATUS_DISCONNECTING: sessionHandleID[0], previous_status:[2], reason[1]
[2024-08-06_10:08:39.090476][29312] BnD::B1WebSocketReadWriteImpl: read failed: reason[10053], message[현재 연결은 사용자의 호스트 시스템의 소프트웨어의 의해 중단되었습니다]
[2024-08-06_10:08:39.090476][29312] SemiTS::LPRWASWebSocketServerSession: set connection_status to STATUS_DISCONNECTING: sessionHandleID[1], previous_status:[2], reason[10053]
[2024-08-06_10:08:39.331780][19116] SemiTS::LPRWASWebSocketServerSession: set connection_status to STATUS_DISCONNECTED: sessionHandleID[1], previous_status:[3], reason[10053]
[2024-08-06_10:08:39.331780][19116] SemiTS::LPRWASWebSocketServerSession: server session disconnected: sessionHandleID[1], peerAddress[127.0.0.1], localPort[22001], reason[10053]
[2024-08-06_10:08:39.331780][19116] SemiTS::LPRWASWebSocketServerSession: set connection_status to STATUS_DISCONNECTED: sessionHandleID[0], previous_status:[3], reason[1]
[2024-08-06_10:08:39.331780][19116] SemiTS::LPRWASWebSocketServerSession: server session disconnected: sessionHandleID[0], peerAddress[], localPort[0], reason[1]
[2024-08-06_10:08:39.415068][29312] SemiTS::WASWebServerSession: set connection_status to STATUS_CONNECTED: sessionHandleID[0], previous_status:[-1]
[2024-08-06_10:08:39.415068][29312] BnD::B1HttpServerSessionManager: session modified: sessionHandleID[0]
[2024-08-06_10:08:39.415068][29312] SemiTS::LPRWASWebSocketServerSession: web socket accepted: peerAddress[127.0.0.1], localPort[22001]
[2024-08-06_10:08:39.415068][29312] SemiTS::LPRWASWebSocketServerSession: set connection_status to STATUS_CONNECTED: sessionHandleID[0], previous_status:[-1]
[2024-08-06_10:08:59.717295][29312] BnD::B1WebSocketReadWriteImpl: read failed: reason[1], message[The WebSocket stream was gracefully closed at both endpoints]
[2024-08-06_10:08:59.717295][29312] SemiTS::LPRWASWebSocketServerSession: set connection_status to STATUS_DISCONNECTING: sessionHandleID[0], previous_status:[2], reason[1]
[2024-08-06_10:09:00.000888][29312] SemiTS::WASWebServerSession: set connection_status to STATUS_CONNECTED: sessionHandleID[1], previous_status:[-1]
[2024-08-06_10:09:00.001891][29312] BnD::B1HttpServerSessionManager: session modified: sessionHandleID[1]
[2024-08-06_10:09:00.001891][29312] SemiTS::LPRWASWebSocketServerSession: web socket accepted: peerAddress[127.0.0.1], localPort[22001]
[2024-08-06_10:09:00.001891][29312] SemiTS::LPRWASWebSocketServerSession: set connection_status to STATUS_CONNECTED: sessionHandleID[1], previous_status:[-1]
[2024-08-06_10:09:00.530630][19116] SemiTS::LPRWASWebSocketServerSession: set connection_status to STATUS_DISCONNECTED: sessionHandleID[0], previous_status:[3], reason[1]
[2024-08-06_10:09:00.530630][19116] SemiTS::LPRWASWebSocketServerSession: server session disconnected: sessionHandleID[0], peerAddress[], localPort[0], reason[1]
[2024-08-06_10:09:21.753085][29312] SemiTS::WASWebServerSession: set connection_status to STATUS_CONNECTED: sessionHandleID[2], previous_status:[-1]
[2024-08-06_10:09:21.754084][29312] BnD::B1HttpServerSessionManager: session modified: sessionHandleID[2]
[2024-08-06_10:09:21.754084][29312] SemiTS::LPRWASWebSocketServerSession: web socket accepted: peerAddress[127.0.0.1], localPort[22001]
[2024-08-06_10:09:21.754084][29312] SemiTS::LPRWASWebSocketServerSession: set connection_status to STATUS_CONNECTED: sessionHandleID[2], previous_status:[-1]
[2024-08-06_10:09:21.800085][29312] BnD::B1WebSocketReadWriteImpl: read failed: reason[1], message[The WebSocket stream was gracefully closed at both endpoints]
[2024-08-06_10:09:21.800085][29312] SemiTS::LPRWASWebSocketServerSession: set connection_status to STATUS_DISCONNECTING: sessionHandleID[1], previous_status:[2], reason[1]
[2024-08-06_10:09:21.800085][29312] BnD::B1WebSocketReadWriteImpl: read failed: reason[10053], message[현재 연결은 사용자의 호스트 시스템의 소프트웨어의 의해 중단되었습니다]
[2024-08-06_10:09:21.800085][29312] SemiTS::LPRWASWebSocketServerSession: set connection_status to STATUS_DISCONNECTING: sessionHandleID[2], previous_status:[2], reason[10053]
[2024-08-06_10:09:22.081757][29312] SemiTS::WASWebServerSession: set connection_status to STATUS_CONNECTED: sessionHandleID[3], previous_status:[-1]
[2024-08-06_10:09:22.081757][29312] BnD::B1HttpServerSessionManager: session modified: sessionHandleID[3]
[2024-08-06_10:09:22.081757][29312] SemiTS::LPRWASWebSocketServerSession: web socket accepted: peerAddress[127.0.0.1], localPort[22001]
[2024-08-06_10:09:22.081757][29312] SemiTS::LPRWASWebSocketServerSession: set connection_status to STATUS_CONNECTED: sessionHandleID[3], previous_status:[-1]
[2024-08-06_10:09:22.732147][19116] SemiTS::LPRWASWebSocketServerSession: set connection_status to STATUS_DISCONNECTED: sessionHandleID[1], previous_status:[3], reason[1]
[2024-08-06_10:09:22.732338][19116] SemiTS::LPRWASWebSocketServerSession: server session disconnected: sessionHandleID[1], peerAddress[], localPort[0], reason[1]
[2024-08-06_10:09:22.732338][19116] SemiTS::LPRWASWebSocketServerSession: set connection_status to STATUS_DISCONNECTED: sessionHandleID[2], previous_status:[3], reason[10053]
[2024-08-06_10:09:22.732338][19116] SemiTS::LPRWASWebSocketServerSession: server session disconnected: sessionHandleID[2], peerAddress[127.0.0.1], localPort[22001], reason[10053]
[2024-08-06_10:09:42.382633][29312] BnD::B1WebSocketReadWriteImpl: read failed: reason[10053], message[현재 연결은 사용자의 호스트 시스템의 소프트웨어의 의해 중단되었습니다]
[2024-08-06_10:09:42.382633][29312] SemiTS::LPRWASWebSocketServerSession: set connection_status to STATUS_DISCONNECTING: sessionHandleID[3], previous_status:[2], reason[10053]
[2024-08-06_10:09:42.669600][29312] SemiTS::WASWebServerSession: set connection_status to STATUS_CONNECTED: sessionHandleID[4], previous_status:[-1]
[2024-08-06_10:09:42.669600][29312] BnD::B1HttpServerSessionManager: session modified: sessionHandleID[4]
[2024-08-06_10:09:42.669600][29312] SemiTS::LPRWASWebSocketServerSession: web socket accepted: peerAddress[127.0.0.1], localPort[22001]
[2024-08-06_10:09:42.669600][29312] SemiTS::LPRWASWebSocketServerSession: set connection_status to STATUS_CONNECTED: sessionHandleID[4], previous_status:[-1]
[2024-08-06_10:09:42.917854][19116] SemiTS::LPRWASWebSocketServerSession: set connection_status to STATUS_DISCONNECTED: sessionHandleID[3], previous_status:[3], reason[10053]
[2024-08-06_10:09:42.917854][19116] SemiTS::LPRWASWebSocketServerSession: server session disconnected: sessionHandleID[3], peerAddress[127.0.0.1], localPort[22001], reason[10053]
[2024-08-06_10:09:44.863073][29312] BnD::B1WebSocketReadWriteImpl: read failed: reason[10053], message[현재 연결은 사용자의 호스트 시스템의 소프트웨어의 의해 중단되었습니다]
[2024-08-06_10:09:44.863073][29312] SemiTS::LPRWASWebSocketServerSession: set connection_status to STATUS_DISCONNECTING: sessionHandleID[4], previous_status:[2], reason[10053]
[2024-08-06_10:09:44.963401][19116] SemiTS::LPRWASWebSocketServerSession: set connection_status to STATUS_DISCONNECTED: sessionHandleID[4], previous_status:[3], reason[10053]
[2024-08-06_10:09:44.963401][19116] SemiTS::LPRWASWebSocketServerSession: server session disconnected: sessionHandleID[4], peerAddress[127.0.0.1], localPort[22001], reason[10053]
[2024-08-06_10:09:45.136849][29312] SemiTS::WASWebServerSession: set connection_status to STATUS_CONNECTED: sessionHandleID[0], previous_status:[-1]
[2024-08-06_10:09:45.137851][29312] BnD::B1HttpServerSessionManager: session modified: sessionHandleID[0]
[2024-08-06_10:09:45.137851][29312] SemiTS::LPRWASWebSocketServerSession: web socket accepted: peerAddress[127.0.0.1], localPort[22001]
[2024-08-06_10:09:45.137851][29312] SemiTS::LPRWASWebSocketServerSession: set connection_status to STATUS_CONNECTED: sessionHandleID[0], previous_status:[-1]
[2024-08-06_10:09:46.473170][29312] BnD::B1WebSocketReadWriteImpl: read failed: reason[10053], message[현재 연결은 사용자의 호스트 시스템의 소프트웨어의 의해 중단되었습니다]
[2024-08-06_10:09:46.473170][29312] SemiTS::LPRWASWebSocketServerSession: set connection_status to STATUS_DISCONNECTING: sessionHandleID[0], previous_status:[2], reason[10053]
[2024-08-06_10:09:46.717950][29312] SemiTS::WASWebServerSession: set connection_status to STATUS_CONNECTED: sessionHandleID[1], previous_status:[-1]
[2024-08-06_10:09:46.717950][29312] BnD::B1HttpServerSessionManager: session modified: sessionHandleID[1]
[2024-08-06_10:09:46.717950][29312] SemiTS::LPRWASWebSocketServerSession: web socket accepted: peerAddress[127.0.0.1], localPort[22001]
[2024-08-06_10:09:46.717950][29312] SemiTS::LPRWASWebSocketServerSession: set connection_status to STATUS_CONNECTED: sessionHandleID[1], previous_status:[-1]
[2024-08-06_10:09:46.982255][19116] SemiTS::LPRWASWebSocketServerSession: set connection_status to STATUS_DISCONNECTED: sessionHandleID[0], previous_status:[3], reason[10053]
[2024-08-06_10:09:46.982255][19116] SemiTS::LPRWASWebSocketServerSession: server session disconnected: sessionHandleID[0], peerAddress[127.0.0.1], localPort[22001], reason[10053]
[2024-08-06_10:10:27.515579][29312] BnD::B1WebSocketReadWriteImpl: read failed: reason[10053], message[현재 연결은 사용자의 호스트 시스템의 소프트웨어의 의해 중단되었습니다]
[2024-08-06_10:10:27.515579][29312] SemiTS::LPRWASWebSocketServerSession: set connection_status to STATUS_DISCONNECTING: sessionHandleID[1], previous_status:[2], reason[10053]
[2024-08-06_10:10:27.841833][29312] SemiTS::WASWebServerSession: set connection_status to STATUS_CONNECTED: sessionHandleID[2], previous_status:[-1]
[2024-08-06_10:10:27.841833][29312] BnD::B1HttpServerSessionManager: session modified: sessionHandleID[2]
[2024-08-06_10:10:27.842997][29312] SemiTS::LPRWASWebSocketServerSession: web socket accepted: peerAddress[127.0.0.1], localPort[22001]
[2024-08-06_10:10:27.842997][29312] SemiTS::LPRWASWebSocketServerSession: set connection_status to STATUS_CONNECTED: sessionHandleID[2], previous_status:[-1]
[2024-08-06_10:10:28.330814][19116] SemiTS::LPRWASWebSocketServerSession: set connection_status to STATUS_DISCONNECTED: sessionHandleID[1], previous_status:[3], reason[10053]
[2024-08-06_10:10:28.330814][19116] SemiTS::LPRWASWebSocketServerSession: server session disconnected: sessionHandleID[1], peerAddress[127.0.0.1], localPort[22001], reason[10053]
[2024-08-06_10:11:12.847809][29312] BnD::B1WebSocketReadWriteImpl: read failed: reason[10053], message[현재 연결은 사용자의 호스트 시스템의 소프트웨어의 의해 중단되었습니다]
[2024-08-06_10:11:12.847809][29312] SemiTS::LPRWASWebSocketServerSession: set connection_status to STATUS_DISCONNECTING: sessionHandleID[2], previous_status:[2], reason[10053]
[2024-08-06_10:11:13.139045][29312] SemiTS::WASWebServerSession: set connection_status to STATUS_CONNECTED: sessionHandleID[3], previous_status:[-1]
[2024-08-06_10:11:13.140044][29312] BnD::B1HttpServerSessionManager: session modified: sessionHandleID[3]
[2024-08-06_10:11:13.140044][29312] SemiTS::LPRWASWebSocketServerSession: web socket accepted: peerAddress[127.0.0.1], localPort[22001]
[2024-08-06_10:11:13.140044][29312] SemiTS::LPRWASWebSocketServerSession: set connection_status to STATUS_CONNECTED: sessionHandleID[3], previous_status:[-1]
[2024-08-06_10:11:13.663761][19116] SemiTS::LPRWASWebSocketServerSession: set connection_status to STATUS_DISCONNECTED: sessionHandleID[2], previous_status:[3], reason[10053]
[2024-08-06_10:11:13.663761][19116] SemiTS::LPRWASWebSocketServerSession: server session disconnected: sessionHandleID[2], peerAddress[127.0.0.1], localPort[22001], reason[10053]
[2024-08-06_10:19:35.438583][29312] BnD::B1WebSocketReadWriteImpl: read failed: reason[10054], message[현재 연결은 원격 호스트에 의해 강제로 끊겼습니다]
[2024-08-06_10:19:35.438583][29312] SemiTS::LPRWASWebSocketServerSession: set connection_status to STATUS_DISCONNECTING: sessionHandleID[3], previous_status:[2], reason[10054]
[2024-08-06_10:19:35.551769][19116] SemiTS::LPRWASWebSocketServerSession: set connection_status to STATUS_DISCONNECTED: sessionHandleID[3], previous_status:[3], reason[10054]
[2024-08-06_10:19:35.551769][19116] SemiTS::LPRWASWebSocketServerSession: server session disconnected: sessionHandleID[3], peerAddress[127.0.0.1], localPort[22001], reason[10054]
[2024-08-06_10:19:35.772947][29312] SemiTS::WASWebServerSession: set connection_status to STATUS_CONNECTED: sessionHandleID[0], previous_status:[-1]
[2024-08-06_10:19:35.772947][29312] BnD::B1HttpServerSessionManager: session modified: sessionHandleID[0]
[2024-08-06_10:19:35.772947][29312] SemiTS::LPRWASWebSocketServerSession: web socket accepted: peerAddress[127.0.0.1], localPort[22001]
[2024-08-06_10:19:35.772947][29312] SemiTS::LPRWASWebSocketServerSession: set connection_status to STATUS_CONNECTED: sessionHandleID[0], previous_status:[-1]
[2024-08-06_10:20:24.734783][29312] BnD::B1WebSocketReadWriteImpl: read failed: reason[10053], message[현재 연결은 사용자의 호스트 시스템의 소프트웨어의 의해 중단되었습니다]
[2024-08-06_10:20:24.734783][29312] SemiTS::LPRWASWebSocketServerSession: set connection_status to STATUS_DISCONNECTING: sessionHandleID[0], previous_status:[2], reason[10053]
[2024-08-06_10:20:24.890462][19116] SemiTS::LPRWASWebSocketServerSession: set connection_status to STATUS_DISCONNECTED: sessionHandleID[0], previous_status:[3], reason[10053]
[2024-08-06_10:20:24.898968][19116] SemiTS::LPRWASWebSocketServerSession: server session disconnected: sessionHandleID[0], peerAddress[127.0.0.1], localPort[22001], reason[10053]
[2024-08-06_10:20:25.091840][29312] SemiTS::WASWebServerSession: set connection_status to STATUS_CONNECTED: sessionHandleID[0], previous_status:[-1]
[2024-08-06_10:20:25.091840][29312] BnD::B1HttpServerSessionManager: session modified: sessionHandleID[0]
[2024-08-06_10:20:25.091840][29312] SemiTS::LPRWASWebSocketServerSession: web socket accepted: peerAddress[127.0.0.1], localPort[22001]
[2024-08-06_10:20:25.091840][29312] SemiTS::LPRWASWebSocketServerSession: set connection_status to STATUS_CONNECTED: sessionHandleID[0], previous_status:[-1]
[2024-08-06_10:21:04.611416][29312] BnD::B1WebSocketReadWriteImpl: read failed: reason[10053], message[현재 연결은 사용자의 호스트 시스템의 소프트웨어의 의해 중단되었습니다]
[2024-08-06_10:21:04.611416][29312] SemiTS::LPRWASWebSocketServerSession: set connection_status to STATUS_DISCONNECTING: sessionHandleID[0], previous_status:[2], reason[10053]
[2024-08-06_10:21:04.932015][29312] SemiTS::WASWebServerSession: set connection_status to STATUS_CONNECTED: sessionHandleID[1], previous_status:[-1]
[2024-08-06_10:21:04.932015][29312] BnD::B1HttpServerSessionManager: session modified: sessionHandleID[1]
[2024-08-06_10:21:04.932015][29312] SemiTS::LPRWASWebSocketServerSession: web socket accepted: peerAddress[127.0.0.1], localPort[22001]
[2024-08-06_10:21:04.932015][29312] SemiTS::LPRWASWebSocketServerSession: set connection_status to STATUS_CONNECTED: sessionHandleID[1], previous_status:[-1]
[2024-08-06_10:21:05.162758][19116] SemiTS::LPRWASWebSocketServerSession: set connection_status to STATUS_DISCONNECTED: sessionHandleID[0], previous_status:[3], reason[10053]
[2024-08-06_10:21:05.162758][19116] SemiTS::LPRWASWebSocketServerSession: server session disconnected: sessionHandleID[0], peerAddress[127.0.0.1], localPort[22001], reason[10053]
[2024-08-06_10:21:59.280389][29312] SemiTS::WASWebServerSession: set connection_status to STATUS_CONNECTED: sessionHandleID[2], previous_status:[-1]
[2024-08-06_10:21:59.280389][29312] BnD::B1HttpServerSessionManager: session modified: sessionHandleID[2]
[2024-08-06_10:21:59.280389][29312] SemiTS::LPRWASWebSocketServerSession: web socket accepted: peerAddress[127.0.0.1], localPort[22001]
[2024-08-06_10:21:59.280389][29312] SemiTS::LPRWASWebSocketServerSession: set connection_status to STATUS_CONNECTED: sessionHandleID[2], previous_status:[-1]
[2024-08-06_10:21:59.336438][29312] BnD::B1WebSocketReadWriteImpl: read failed: reason[1], message[The WebSocket stream was gracefully closed at both endpoints]
[2024-08-06_10:21:59.336438][29312] SemiTS::LPRWASWebSocketServerSession: set connection_status to STATUS_DISCONNECTING: sessionHandleID[1], previous_status:[2], reason[1]
[2024-08-06_10:21:59.336438][29312] BnD::B1WebSocketReadWriteImpl: read failed: reason[1], message[The WebSocket stream was gracefully closed at both endpoints]
[2024-08-06_10:21:59.336438][29312] SemiTS::LPRWASWebSocketServerSession: set connection_status to STATUS_DISCONNECTING: sessionHandleID[2], previous_status:[2], reason[1]
[2024-08-06_10:21:59.568343][19116] SemiTS::LPRWASWebSocketServerSession: set connection_status to STATUS_DISCONNECTED: sessionHandleID[1], previous_status:[3], reason[1]
[2024-08-06_10:21:59.568955][19116] SemiTS::LPRWASWebSocketServerSession: server session disconnected: sessionHandleID[1], peerAddress[], localPort[0], reason[1]
[2024-08-06_10:21:59.568955][19116] SemiTS::LPRWASWebSocketServerSession: set connection_status to STATUS_DISCONNECTED: sessionHandleID[2], previous_status:[3], reason[1]
[2024-08-06_10:21:59.568955][19116] SemiTS::LPRWASWebSocketServerSession: server session disconnected: sessionHandleID[2], peerAddress[], localPort[0], reason[1]
[2024-08-06_10:21:59.663035][29312] SemiTS::WASWebServerSession: set connection_status to STATUS_CONNECTED: sessionHandleID[0], previous_status:[-1]
[2024-08-06_10:21:59.663035][29312] BnD::B1HttpServerSessionManager: session modified: sessionHandleID[0]
[2024-08-06_10:21:59.663035][29312] SemiTS::LPRWASWebSocketServerSession: web socket accepted: peerAddress[127.0.0.1], localPort[22001]
[2024-08-06_10:21:59.663035][29312] SemiTS::LPRWASWebSocketServerSession: set connection_status to STATUS_CONNECTED: sessionHandleID[0], previous_status:[-1]
[2024-08-06_10:22:50.032388][29312] BnD::B1WebSocketReadWriteImpl: read failed: reason[10053], message[현재 연결은 사용자의 호스트 시스템의 소프트웨어의 의해 중단되었습니다]
[2024-08-06_10:22:50.032388][29312] SemiTS::LPRWASWebSocketServerSession: set connection_status to STATUS_DISCONNECTING: sessionHandleID[0], previous_status:[2], reason[10053]
[2024-08-06_10:22:50.034390][19116] SemiTS::LPRWASWebSocketServerSession: set connection_status to STATUS_DISCONNECTED: sessionHandleID[0], previous_status:[3], reason[10053]
[2024-08-06_10:22:50.035388][19116] SemiTS::LPRWASWebSocketServerSession: server session disconnected: sessionHandleID[0], peerAddress[127.0.0.1], localPort[22001], reason[10053]
[2024-08-06_10:22:50.372236][29312] SemiTS::WASWebServerSession: set connection_status to STATUS_CONNECTED: sessionHandleID[0], previous_status:[-1]
[2024-08-06_10:22:50.372236][29312] BnD::B1HttpServerSessionManager: session modified: sessionHandleID[0]
[2024-08-06_10:22:50.372236][29312] SemiTS::LPRWASWebSocketServerSession: web socket accepted: peerAddress[127.0.0.1], localPort[22001]
[2024-08-06_10:22:50.372236][29312] SemiTS::LPRWASWebSocketServerSession: set connection_status to STATUS_CONNECTED: sessionHandleID[0], previous_status:[-1]
[2024-08-06_10:24:03.406083][29312] SemiTS::WASWebServerSession: set connection_status to STATUS_CONNECTED: sessionHandleID[1], previous_status:[-1]
[2024-08-06_10:24:03.407203][29312] BnD::B1HttpServerSessionManager: session modified: sessionHandleID[1]
[2024-08-06_10:24:03.407203][29312] SemiTS::LPRWASWebSocketServerSession: web socket accepted: peerAddress[127.0.0.1], localPort[22001]
[2024-08-06_10:24:03.407203][29312] SemiTS::LPRWASWebSocketServerSession: set connection_status to STATUS_CONNECTED: sessionHandleID[1], previous_status:[-1]
[2024-08-06_10:24:03.552619][29312] BnD::B1WebSocketReadWriteImpl: read failed: reason[10053], message[현재 연결은 사용자의 호스트 시스템의 소프트웨어의 의해 중단되었습니다]
[2024-08-06_10:24:03.552619][29312] SemiTS::LPRWASWebSocketServerSession: set connection_status to STATUS_DISCONNECTING: sessionHandleID[1], previous_status:[2], reason[10053]
[2024-08-06_10:24:03.553619][29312] BnD::B1WebSocketReadWriteImpl: read failed: reason[1], message[The WebSocket stream was gracefully closed at both endpoints]
[2024-08-06_10:24:03.553619][29312] SemiTS::LPRWASWebSocketServerSession: set connection_status to STATUS_DISCONNECTING: sessionHandleID[0], previous_status:[2], reason[1]
[2024-08-06_10:24:04.056713][29312] SemiTS::WASWebServerSession: set connection_status to STATUS_CONNECTED: sessionHandleID[2], previous_status:[-1]
[2024-08-06_10:24:04.056713][29312] BnD::B1HttpServerSessionManager: session modified: sessionHandleID[2]
[2024-08-06_10:24:04.056713][29312] SemiTS::LPRWASWebSocketServerSession: web socket accepted: peerAddress[127.0.0.1], localPort[22001]
[2024-08-06_10:24:04.056713][29312] SemiTS::LPRWASWebSocketServerSession: set connection_status to STATUS_CONNECTED: sessionHandleID[2], previous_status:[-1]
[2024-08-06_10:24:04.561133][19116] SemiTS::LPRWASWebSocketServerSession: set connection_status to STATUS_DISCONNECTED: sessionHandleID[1], previous_status:[3], reason[10053]
[2024-08-06_10:24:04.562133][19116] SemiTS::LPRWASWebSocketServerSession: server session disconnected: sessionHandleID[1], peerAddress[127.0.0.1], localPort[22001], reason[10053]
[2024-08-06_10:24:04.562133][19116] SemiTS::LPRWASWebSocketServerSession: set connection_status to STATUS_DISCONNECTED: sessionHandleID[0], previous_status:[3], reason[1]
[2024-08-06_10:24:04.562133][19116] SemiTS::LPRWASWebSocketServerSession: server session disconnected: sessionHandleID[0], peerAddress[], localPort[0], reason[1]
[2024-08-06_10:26:03.145927][29312] BnD::B1WebSocketReadWriteImpl: read failed: reason[10054], message[현재 연결은 원격 호스트에 의해 강제로 끊겼습니다]
[2024-08-06_10:26:03.145927][29312] SemiTS::LPRWASWebSocketServerSession: set connection_status to STATUS_DISCONNECTING: sessionHandleID[2], previous_status:[2], reason[10054]
[2024-08-06_10:26:03.475959][29312] SemiTS::WASWebServerSession: set connection_status to STATUS_CONNECTED: sessionHandleID[3], previous_status:[-1]
[2024-08-06_10:26:03.477472][29312] BnD::B1HttpServerSessionManager: session modified: sessionHandleID[3]
[2024-08-06_10:26:03.477472][29312] SemiTS::LPRWASWebSocketServerSession: web socket accepted: peerAddress[127.0.0.1], localPort[22001]
[2024-08-06_10:26:03.477472][29312] SemiTS::LPRWASWebSocketServerSession: set connection_status to STATUS_CONNECTED: sessionHandleID[3], previous_status:[-1]
[2024-08-06_10:26:03.552394][19116] SemiTS::LPRWASWebSocketServerSession: set connection_status to STATUS_DISCONNECTED: sessionHandleID[2], previous_status:[3], reason[10054]
[2024-08-06_10:26:03.553112][19116] SemiTS::LPRWASWebSocketServerSession: server session disconnected: sessionHandleID[2], peerAddress[127.0.0.1], localPort[22001], reason[10054]
[2024-08-06_10:28:47.460904][29312] BnD::B1WebSocketReadWriteImpl: read failed: reason[1], message[The WebSocket stream was gracefully closed at both endpoints]
[2024-08-06_10:28:47.460904][29312] SemiTS::LPRWASWebSocketServerSession: set connection_status to STATUS_DISCONNECTING: sessionHandleID[3], previous_status:[2], reason[1]
[2024-08-06_10:28:47.747055][19116] SemiTS::LPRWASWebSocketServerSession: set connection_status to STATUS_DISCONNECTED: sessionHandleID[3], previous_status:[3], reason[1]
[2024-08-06_10:28:47.747055][19116] SemiTS::LPRWASWebSocketServerSession: server session disconnected: sessionHandleID[3], peerAddress[], localPort[0], reason[1]
[2024-08-06_10:28:47.772953][29312] SemiTS::WASWebServerSession: set connection_status to STATUS_CONNECTED: sessionHandleID[0], previous_status:[-1]
[2024-08-06_10:28:47.772953][29312] BnD::B1HttpServerSessionManager: session modified: sessionHandleID[0]
[2024-08-06_10:28:47.772953][29312] SemiTS::LPRWASWebSocketServerSession: web socket accepted: peerAddress[127.0.0.1], localPort[22001]
[2024-08-06_10:28:47.772953][29312] SemiTS::LPRWASWebSocketServerSession: set connection_status to STATUS_CONNECTED: sessionHandleID[0], previous_status:[-1]
[2024-08-06_10:46:54.019039][5068] SemiTS::LPRWebAssistantServicePublic: {"MessageID":"LPRZonePurgeAttributesMsg","MessageData":{"ArchiveObject":{"ZoneID":"11110010","Flow1":"44","Flow2":"31","Flow3":"58","Pressure":"44","Humidity":"71","Temperature":"16"},"BaseTime":""}}
[2024-08-06_10:46:54.019039][5068] SemiTS::LPRWebAssistantServicePublic: {"MessageID":"LPRZonePurgeAttributesMsg","MessageData":{"ArchiveObject":{"ZoneID":"11110020","Flow1":"47","Flow2":"26","Flow3":"30","Pressure":"24","Humidity":"1","Temperature":"33"},"BaseTime":""}}
[2024-08-06_10:46:55.137511][5068] SemiTS::LPRWebAssistantServicePublic: {"MessageID":"LPRZonePurgeAttributesMsg","MessageData":{"ArchiveObject":{"ZoneID":"11110010","Flow1":"16","Flow2":"36","Flow3":"43","Pressure":"55","Humidity":"43","Temperature":"23"},"BaseTime":""}}
[2024-08-06_10:46:55.137511][5068] SemiTS::LPRWebAssistantServicePublic: {"MessageID":"LPRZonePurgeAttributesMsg","MessageData":{"ArchiveObject":{"ZoneID":"11110020","Flow1":"13","Flow2":"37","Flow3":"26","Pressure":"5","Humidity":"33","Temperature":"67"},"BaseTime":""}}
[2024-08-06_10:46:56.233834][5068] SemiTS::LPRWebAssistantServicePublic: {"MessageID":"LPRZonePurgeAttributesMsg","MessageData":{"ArchiveObject":{"ZoneID":"11110010","Flow1":"9","Flow2":"70","Flow3":"88","Pressure":"75","Humidity":"23","Temperature":"65"},"BaseTime":""}}
[2024-08-06_10:46:56.233834][5068] SemiTS::LPRWebAssistantServicePublic: {"MessageID":"LPRZonePurgeAttributesMsg","MessageData":{"ArchiveObject":{"ZoneID":"11110020","Flow1":"30","Flow2":"9","Flow3":"24","Pressure":"73","Humidity":"37","Temperature":"57"},"BaseTime":""}}
[2024-08-06_10:46:57.336270][5068] SemiTS::LPRWebAssistantServicePublic: {"MessageID":"LPRZonePurgeAttributesMsg","MessageData":{"ArchiveObject":{"ZoneID":"11110010","Flow1":"81","Flow2":"11","Flow3":"19","Pressure":"97","Humidity":"56","Temperature":"13"},"BaseTime":""}}
[2024-08-06_10:46:57.336270][5068] SemiTS::LPRWebAssistantServicePublic: {"MessageID":"LPRZonePurgeAttributesMsg","MessageData":{"ArchiveObject":{"ZoneID":"11110020","Flow1":"46","Flow2":"93","Flow3":"52","Pressure":"99","Humidity":"19","Temperature":"56"},"BaseTime":""}}
[2024-08-06_10:48:32.529611][29312] BnD::B1WebSocketReadWriteImpl: read failed: reason[1], message[The WebSocket stream was gracefully closed at both endpoints]
[2024-08-06_10:48:32.529611][29312] SemiTS::LPRWASWebSocketServerSession: set connection_status to STATUS_DISCONNECTING: sessionHandleID[0], previous_status:[2], reason[1]
[2024-08-06_10:48:33.290350][19116] SemiTS::LPRWASWebSocketServerSession: set connection_status to STATUS_DISCONNECTED: sessionHandleID[0], previous_status:[3], reason[1]
[2024-08-06_10:48:33.290350][19116] SemiTS::LPRWASWebSocketServerSession: server session disconnected: sessionHandleID[0], peerAddress[], localPort[0], reason[1]
[2024-08-06_10:48:36.774508][29312] SemiTS::WASWebServerSession: set connection_status to STATUS_CONNECTED: sessionHandleID[0], previous_status:[-1]
[2024-08-06_10:48:36.774508][29312] BnD::B1HttpServerSessionManager: session modified: sessionHandleID[0]
[2024-08-06_10:48:36.774508][29312] SemiTS::LPRWASWebSocketServerSession: web socket accepted: peerAddress[127.0.0.1], localPort[22001]
[2024-08-06_10:48:36.774508][29312] SemiTS::LPRWASWebSocketServerSession: set connection_status to STATUS_CONNECTED: sessionHandleID[0], previous_status:[-1]
[2024-08-06_10:51:42.902784][29312] BnD::B1WebSocketReadWriteImpl: read failed: reason[10053], message[현재 연결은 사용자의 호스트 시스템의 소프트웨어의 의해 중단되었습니다]
[2024-08-06_10:51:42.902784][29312] SemiTS::LPRWASWebSocketServerSession: set connection_status to STATUS_DISCONNECTING: sessionHandleID[0], previous_status:[2], reason[10053]
[2024-08-06_10:51:43.186749][29312] SemiTS::WASWebServerSession: set connection_status to STATUS_CONNECTED: sessionHandleID[1], previous_status:[-1]
[2024-08-06_10:51:43.187749][29312] BnD::B1HttpServerSessionManager: session modified: sessionHandleID[1]
[2024-08-06_10:51:43.187749][29312] SemiTS::LPRWASWebSocketServerSession: web socket accepted: peerAddress[127.0.0.1], localPort[22001]
[2024-08-06_10:51:43.187749][29312] SemiTS::LPRWASWebSocketServerSession: set connection_status to STATUS_CONNECTED: sessionHandleID[1], previous_status:[-1]
[2024-08-06_10:51:43.621196][19116] SemiTS::LPRWASWebSocketServerSession: set connection_status to STATUS_DISCONNECTED: sessionHandleID[0], previous_status:[3], reason[10053]
[2024-08-06_10:51:43.621196][19116] SemiTS::LPRWASWebSocketServerSession: server session disconnected: sessionHandleID[0], peerAddress[127.0.0.1], localPort[22001], reason[10053]
[2024-08-06_10:52:07.601880][16964] BnD::B1RedisDirectClientReadSession: waiting data timed_out
[2024-08-06_10:52:07.601880][16964] BnD::B1RedisDirectClientReadSession: disconnect called: sessionHandleID[1]
[2024-08-06_10:52:07.602899][4964] BnD::B1ArrayBufferReadWriteImpl: read failed: reason[995], message[스레드 종료 또는 응용 프로그램 요청 때문에 I/O 작업이 취소되었습니다]
[2024-08-06_10:52:07.602899][4964] BnD::B1RedisDirectClientReadSession: set connection_status to STATUS_DISCONNECTING: sessionHandleID[1], previous_status:[2], reason[995]
[2024-08-06_10:52:07.806257][16964] BnD::B1RedisDirectClientReadSession: set connection_status to STATUS_DISCONNECTED: sessionHandleID[1], previous_status:[3], reason[995]
[2024-08-06_10:52:07.806257][16964] BnD::B1RedisDirectClientReadSession: session disconnected
[2024-08-06_10:52:08.022170][16964] BnD::B1RedisDirectClientReadSession: set connection_status to STATUS_CONNECTING: sessionHandleID[1], previous_status:[0]
[2024-08-06_10:52:08.022170][16964] BnD::B1ClientSocket: connecting: address[20.20.0.152], port[9379]
[2024-08-06_10:52:08.886732][16964] BnD::B1RedisDirectClientSubscribeSession: alive check failed -> client force to disconnect: aliveCheckCount[3], maxAliveCount[2]
[2024-08-06_10:52:08.886732][16964] BnD::B1RedisDirectClientSubscribeSession: disconnect called: sessionHandleID[2]
[2024-08-06_10:52:08.886732][16964] BnD::B1RedisDirectClientWriteSession: alive check failed -> client force to disconnect: aliveCheckCount[3], maxAliveCount[2]
[2024-08-06_10:52:08.886732][16964] BnD::B1RedisDirectClientWriteSession: disconnect called: sessionHandleID[0]
[2024-08-06_10:52:08.886732][27772] BnD::B1ArrayBufferReadWriteImpl: read failed: reason[995], message[스레드 종료 또는 응용 프로그램 요청 때문에 I/O 작업이 취소되었습니다]
[2024-08-06_10:52:08.886732][5068] BnD::B1ArrayBufferReadWriteImpl: read failed: reason[995], message[스레드 종료 또는 응용 프로그램 요청 때문에 I/O 작업이 취소되었습니다]
[2024-08-06_10:52:08.886732][27772] BnD::B1RedisDirectClientWriteSession: set connection_status to STATUS_DISCONNECTING: sessionHandleID[0], previous_status:[2], reason[995]
[2024-08-06_10:52:08.886732][5068] BnD::B1RedisDirectClientSubscribeSession: set connection_status to STATUS_DISCONNECTING: sessionHandleID[2], previous_status:[2], reason[995]
[2024-08-06_10:52:09.102997][16964] BnD::B1RedisDirectClientSubscribeSession: set connection_status to STATUS_DISCONNECTED: sessionHandleID[2], previous_status:[3], reason[995]
[2024-08-06_10:52:09.103078][16964] BnD::B1RedisDirectClientSubscribeSession: session disconnected
[2024-08-06_10:52:09.103078][16964] BnD::B1RedisDirectClientWriteSession: set connection_status to STATUS_DISCONNECTED: sessionHandleID[0], previous_status:[3], reason[995]
[2024-08-06_10:52:09.103078][16964] BnD::B1RedisDirectClientWriteSession: session disconnected
[2024-08-06_10:52:09.312638][16964] BnD::B1RedisDirectClientSubscribeSession: set connection_status to STATUS_CONNECTING: sessionHandleID[2], previous_status:[0]
[2024-08-06_10:52:09.312638][16964] BnD::B1ClientSocket: connecting: address[20.20.0.152], port[9379]
[2024-08-06_10:52:09.326834][16964] BnD::B1RedisDirectClientWriteSession: set connection_status to STATUS_CONNECTING: sessionHandleID[0], previous_status:[0]
[2024-08-06_10:52:09.326834][16964] BnD::B1ClientSocket: connecting: address[20.20.0.152], port[9379]
[2024-08-06_10:52:29.071059][27196] BnD::B1RedisDirectClientReadSession: set connection_status to STATUS_DISCONNECTING: sessionHandleID[1], previous_status:[1], reason[10060]
[2024-08-06_10:52:29.222059][16964] BnD::B1RedisDirectClientReadSession: set connection_status to STATUS_DISCONNECTED: sessionHandleID[1], previous_status:[3], reason[10060]
[2024-08-06_10:52:29.437976][16964] BnD::B1RedisDirectClientReadSession: set connection_status to STATUS_CONNECTING: sessionHandleID[1], previous_status:[0]
[2024-08-06_10:52:29.437976][16964] BnD::B1ClientSocket: connecting: address[20.20.0.152], port[9379]
[2024-08-06_10:52:30.370690][1236] BnD::B1RedisDirectClientSubscribeSession: set connection_status to STATUS_DISCONNECTING: sessionHandleID[2], previous_status:[1], reason[10060]
[2024-08-06_10:52:30.389230][15288] BnD::B1RedisDirectClientWriteSession: set connection_status to STATUS_DISCONNECTING: sessionHandleID[0], previous_status:[1], reason[10060]
[2024-08-06_10:52:30.478055][16964] BnD::B1RedisDirectClientSubscribeSession: set connection_status to STATUS_DISCONNECTED: sessionHandleID[2], previous_status:[3], reason[10060]
[2024-08-06_10:52:30.478055][16964] BnD::B1RedisDirectClientWriteSession: set connection_status to STATUS_DISCONNECTED: sessionHandleID[0], previous_status:[3], reason[10060]
[2024-08-06_10:52:30.680630][16964] BnD::B1RedisDirectClientSubscribeSession: set connection_status to STATUS_CONNECTING: sessionHandleID[2], previous_status:[0]
[2024-08-06_10:52:30.680630][16964] BnD::B1ClientSocket: connecting: address[20.20.0.152], port[9379]
[2024-08-06_10:52:30.712167][16964] BnD::B1RedisDirectClientWriteSession: set connection_status to STATUS_CONNECTING: sessionHandleID[0], previous_status:[0]
[2024-08-06_10:52:30.712167][16964] BnD::B1ClientSocket: connecting: address[20.20.0.152], port[9379]
[2024-08-06_10:52:50.474970][5344] BnD::B1RedisDirectClientReadSession: set connection_status to STATUS_DISCONNECTING: sessionHandleID[1], previous_status:[1], reason[10060]
[2024-08-06_10:52:50.542392][16964] BnD::B1RedisDirectClientReadSession: set connection_status to STATUS_DISCONNECTED: sessionHandleID[1], previous_status:[3], reason[10060]
[2024-08-06_10:52:50.748112][16964] BnD::B1RedisDirectClientReadSession: set connection_status to STATUS_CONNECTING: sessionHandleID[1], previous_status:[0]
[2024-08-06_10:52:50.748171][16964] BnD::B1ClientSocket: connecting: address[20.20.0.152], port[9379]
[2024-08-06_10:52:51.738569][26568] BnD::B1RedisDirectClientSubscribeSession: set connection_status to STATUS_DISCONNECTING: sessionHandleID[2], previous_status:[1], reason[10060]
[2024-08-06_10:52:51.762812][25784] BnD::B1RedisDirectClientWriteSession: set connection_status to STATUS_DISCONNECTING: sessionHandleID[0], previous_status:[1], reason[10060]
[2024-08-06_10:52:51.803892][16964] BnD::B1RedisDirectClientSubscribeSession: set connection_status to STATUS_DISCONNECTED: sessionHandleID[2], previous_status:[3], reason[10060]
[2024-08-06_10:52:51.803892][16964] BnD::B1RedisDirectClientWriteSession: set connection_status to STATUS_DISCONNECTED: sessionHandleID[0], previous_status:[3], reason[10060]
[2024-08-06_10:52:52.005266][16964] BnD::B1RedisDirectClientSubscribeSession: set connection_status to STATUS_CONNECTING: sessionHandleID[2], previous_status:[0]
[2024-08-06_10:52:52.005266][16964] BnD::B1ClientSocket: connecting: address[20.20.0.152], port[9379]
[2024-08-06_10:52:52.020954][16964] BnD::B1RedisDirectClientWriteSession: set connection_status to STATUS_CONNECTING: sessionHandleID[0], previous_status:[0]
[2024-08-06_10:52:52.020954][16964] BnD::B1ClientSocket: connecting: address[20.20.0.152], port[9379]
[2024-08-06_10:53:11.797618][17960] BnD::B1RedisDirectClientReadSession: set connection_status to STATUS_DISCONNECTING: sessionHandleID[1], previous_status:[1], reason[10060]
[2024-08-06_10:53:11.870033][16964] BnD::B1RedisDirectClientReadSession: set connection_status to STATUS_DISCONNECTED: sessionHandleID[1], previous_status:[3], reason[10060]
[2024-08-06_10:53:12.071062][16964] BnD::B1RedisDirectClientReadSession: set connection_status to STATUS_CONNECTING: sessionHandleID[1], previous_status:[0]
[2024-08-06_10:53:12.071062][16964] BnD::B1ClientSocket: connecting: address[20.20.0.152], port[9379]
[2024-08-06_10:53:13.053451][13524] BnD::B1RedisDirectClientSubscribeSession: set connection_status to STATUS_DISCONNECTING: sessionHandleID[2], previous_status:[1], reason[10060]
[2024-08-06_10:53:13.055900][29060] BnD::B1RedisDirectClientWriteSession: set connection_status to STATUS_DISCONNECTING: sessionHandleID[0], previous_status:[1], reason[10060]
[2024-08-06_10:53:13.121130][16964] BnD::B1RedisDirectClientSubscribeSession: set connection_status to STATUS_DISCONNECTED: sessionHandleID[2], previous_status:[3], reason[10060]
[2024-08-06_10:53:13.121207][16964] BnD::B1RedisDirectClientWriteSession: set connection_status to STATUS_DISCONNECTED: sessionHandleID[0], previous_status:[3], reason[10060]
[2024-08-06_10:53:13.321791][16964] BnD::B1RedisDirectClientSubscribeSession: set connection_status to STATUS_CONNECTING: sessionHandleID[2], previous_status:[0]
[2024-08-06_10:53:13.321791][16964] BnD::B1ClientSocket: connecting: address[20.20.0.152], port[9379]
[2024-08-06_10:53:13.337905][16964] BnD::B1RedisDirectClientWriteSession: set connection_status to STATUS_CONNECTING: sessionHandleID[0], previous_status:[0]
[2024-08-06_10:53:13.338061][16964] BnD::B1ClientSocket: connecting: address[20.20.0.152], port[9379]
[2024-08-06_10:53:33.118855][10092] BnD::B1RedisDirectClientReadSession: set connection_status to STATUS_DISCONNECTING: sessionHandleID[1], previous_status:[1], reason[10060]
[2024-08-06_10:53:33.310592][16964] BnD::B1RedisDirectClientReadSession: set connection_status to STATUS_DISCONNECTED: sessionHandleID[1], previous_status:[3], reason[10060]
[2024-08-06_10:53:33.512295][16964] BnD::B1RedisDirectClientReadSession: set connection_status to STATUS_CONNECTING: sessionHandleID[1], previous_status:[0]
[2024-08-06_10:53:33.512295][16964] BnD::B1ClientSocket: connecting: address[20.20.0.152], port[9379]
[2024-08-06_10:53:34.376142][14148] BnD::B1RedisDirectClientSubscribeSession: set connection_status to STATUS_DISCONNECTING: sessionHandleID[2], previous_status:[1], reason[10060]
[2024-08-06_10:53:34.387331][4768] BnD::B1RedisDirectClientWriteSession: set connection_status to STATUS_DISCONNECTING: sessionHandleID[0], previous_status:[1], reason[10060]
[2024-08-06_10:53:34.576615][16964] BnD::B1RedisDirectClientSubscribeSession: set connection_status to STATUS_DISCONNECTED: sessionHandleID[2], previous_status:[3], reason[10060]
[2024-08-06_10:53:34.576615][16964] BnD::B1RedisDirectClientWriteSession: set connection_status to STATUS_DISCONNECTED: sessionHandleID[0], previous_status:[3], reason[10060]
[2024-08-06_10:53:34.777739][16964] BnD::B1RedisDirectClientSubscribeSession: set connection_status to STATUS_CONNECTING: sessionHandleID[2], previous_status:[0]
[2024-08-06_10:53:34.777739][16964] BnD::B1ClientSocket: connecting: address[20.20.0.152], port[9379]
[2024-08-06_10:53:34.808245][16964] BnD::B1RedisDirectClientWriteSession: set connection_status to STATUS_CONNECTING: sessionHandleID[0], previous_status:[0]
[2024-08-06_10:53:34.808245][16964] BnD::B1ClientSocket: connecting: address[20.20.0.152], port[9379]
[2024-08-06_10:53:54.608133][16924] BnD::B1RedisDirectClientReadSession: set connection_status to STATUS_DISCONNECTING: sessionHandleID[1], previous_status:[1], reason[10060]
[2024-08-06_10:53:54.769432][16964] BnD::B1RedisDirectClientReadSession: set connection_status to STATUS_DISCONNECTED: sessionHandleID[1], previous_status:[3], reason[10060]
[2024-08-06_10:53:54.982822][16964] BnD::B1RedisDirectClientReadSession: set connection_status to STATUS_CONNECTING: sessionHandleID[1], previous_status:[0]
[2024-08-06_10:53:54.982822][16964] BnD::B1ClientSocket: connecting: address[20.20.0.152], port[9379]
[2024-08-06_10:53:55.842914][21844] BnD::B1RedisDirectClientSubscribeSession: set connection_status to STATUS_DISCONNECTING: sessionHandleID[2], previous_status:[1], reason[10060]
[2024-08-06_10:53:55.858610][29700] BnD::B1RedisDirectClientWriteSession: set connection_status to STATUS_DISCONNECTING: sessionHandleID[0], previous_status:[1], reason[10060]
[2024-08-06_10:53:56.034425][16964] BnD::B1RedisDirectClientSubscribeSession: set connection_status to STATUS_DISCONNECTED: sessionHandleID[2], previous_status:[3], reason[10060]
[2024-08-06_10:53:56.034425][16964] BnD::B1RedisDirectClientWriteSession: set connection_status to STATUS_DISCONNECTED: sessionHandleID[0], previous_status:[3], reason[10060]
[2024-08-06_10:53:56.240773][16964] BnD::B1RedisDirectClientSubscribeSession: set connection_status to STATUS_CONNECTING: sessionHandleID[2], previous_status:[0]
[2024-08-06_10:53:56.240773][16964] BnD::B1ClientSocket: connecting: address[20.20.0.152], port[9379]
[2024-08-06_10:53:56.256557][16964] BnD::B1RedisDirectClientWriteSession: set connection_status to STATUS_CONNECTING: sessionHandleID[0], previous_status:[0]
[2024-08-06_10:53:56.256557][16964] BnD::B1ClientSocket: connecting: address[20.20.0.152], port[9379]
[2024-08-06_10:54:16.018109][15556] BnD::B1RedisDirectClientReadSession: set connection_status to STATUS_DISCONNECTING: sessionHandleID[1], previous_status:[1], reason[10060]
[2024-08-06_10:54:16.119005][16964] BnD::B1RedisDirectClientReadSession: set connection_status to STATUS_DISCONNECTED: sessionHandleID[1], previous_status:[3], reason[10060]
[2024-08-06_10:54:16.327225][16964] BnD::B1RedisDirectClientReadSession: set connection_status to STATUS_CONNECTING: sessionHandleID[1], previous_status:[0]
[2024-08-06_10:54:16.327225][16964] BnD::B1ClientSocket: connecting: address[20.20.0.152], port[9379]
[2024-08-06_10:54:17.309067][16332] BnD::B1RedisDirectClientWriteSession: set connection_status to STATUS_DISCONNECTING: sessionHandleID[0], previous_status:[1], reason[10060]
[2024-08-06_10:54:17.309067][19672] BnD::B1RedisDirectClientSubscribeSession: set connection_status to STATUS_DISCONNECTING: sessionHandleID[2], previous_status:[1], reason[10060]
[2024-08-06_10:54:17.384826][16964] BnD::B1RedisDirectClientSubscribeSession: set connection_status to STATUS_DISCONNECTED: sessionHandleID[2], previous_status:[3], reason[10060]
[2024-08-06_10:54:17.384826][16964] BnD::B1RedisDirectClientWriteSession: set connection_status to STATUS_DISCONNECTED: sessionHandleID[0], previous_status:[3], reason[10060]
[2024-08-06_10:54:17.598973][16964] BnD::B1RedisDirectClientSubscribeSession: set connection_status to STATUS_CONNECTING: sessionHandleID[2], previous_status:[0]
[2024-08-06_10:54:17.598973][16964] BnD::B1ClientSocket: connecting: address[20.20.0.152], port[9379]
[2024-08-06_10:54:17.615017][16964] BnD::B1RedisDirectClientWriteSession: set connection_status to STATUS_CONNECTING: sessionHandleID[0], previous_status:[0]
[2024-08-06_10:54:17.615017][16964] BnD::B1ClientSocket: connecting: address[20.20.0.152], port[9379]
[2024-08-06_10:54:37.384656][18012] BnD::B1RedisDirectClientReadSession: set connection_status to STATUS_DISCONNECTING: sessionHandleID[1], previous_status:[1], reason[10060]
[2024-08-06_10:54:37.512645][16964] BnD::B1RedisDirectClientReadSession: set connection_status to STATUS_DISCONNECTED: sessionHandleID[1], previous_status:[3], reason[10060]
[2024-08-06_10:54:37.719597][16964] BnD::B1RedisDirectClientReadSession: set connection_status to STATUS_CONNECTING: sessionHandleID[1], previous_status:[0]
[2024-08-06_10:54:37.719597][16964] BnD::B1ClientSocket: connecting: address[20.20.0.152], port[9379]
[2024-08-06_10:54:38.642199][22672] BnD::B1RedisDirectClientSubscribeSession: set connection_status to STATUS_DISCONNECTING: sessionHandleID[2], previous_status:[1], reason[10060]
[2024-08-06_10:54:38.673594][2776] BnD::B1RedisDirectClientWriteSession: set connection_status to STATUS_DISCONNECTING: sessionHandleID[0], previous_status:[1], reason[10060]
[2024-08-06_10:54:38.768715][16964] BnD::B1RedisDirectClientSubscribeSession: set connection_status to STATUS_DISCONNECTED: sessionHandleID[2], previous_status:[3], reason[10060]
[2024-08-06_10:54:38.768715][16964] BnD::B1RedisDirectClientWriteSession: set connection_status to STATUS_DISCONNECTED: sessionHandleID[0], previous_status:[3], reason[10060]
[2024-08-06_10:54:38.975712][16964] BnD::B1RedisDirectClientSubscribeSession: set connection_status to STATUS_CONNECTING: sessionHandleID[2], previous_status:[0]
[2024-08-06_10:54:38.975712][16964] BnD::B1ClientSocket: connecting: address[20.20.0.152], port[9379]
[2024-08-06_10:54:38.991392][16964] BnD::B1RedisDirectClientWriteSession: set connection_status to STATUS_CONNECTING: sessionHandleID[0], previous_status:[0]
[2024-08-06_10:54:38.991392][16964] BnD::B1ClientSocket: connecting: address[20.20.0.152], port[9379]
[2024-08-06_10:54:58.762743][20652] BnD::B1RedisDirectClientReadSession: set connection_status to STATUS_DISCONNECTING: sessionHandleID[1], previous_status:[1], reason[10060]
[2024-08-06_10:54:58.778669][16964] BnD::B1RedisDirectClientReadSession: set connection_status to STATUS_DISCONNECTED: sessionHandleID[1], previous_status:[3], reason[10060]
[2024-08-06_10:54:58.986465][16964] BnD::B1RedisDirectClientReadSession: set connection_status to STATUS_CONNECTING: sessionHandleID[1], previous_status:[0]
[2024-08-06_10:54:58.986465][16964] BnD::B1ClientSocket: connecting: address[20.20.0.152], port[9379]
[2024-08-06_10:55:00.022561][30936] BnD::B1RedisDirectClientWriteSession: set connection_status to STATUS_DISCONNECTING: sessionHandleID[0], previous_status:[1], reason[10060]
[2024-08-06_10:55:00.022561][12872] BnD::B1RedisDirectClientSubscribeSession: set connection_status to STATUS_DISCONNECTING: sessionHandleID[2], previous_status:[1], reason[10060]
[2024-08-06_10:55:00.233864][16964] BnD::B1RedisDirectClientSubscribeSession: set connection_status to STATUS_DISCONNECTED: sessionHandleID[2], previous_status:[3], reason[10060]
[2024-08-06_10:55:00.233864][16964] BnD::B1RedisDirectClientWriteSession: set connection_status to STATUS_DISCONNECTED: sessionHandleID[0], previous_status:[3], reason[10060]
[2024-08-06_10:55:00.442093][16964] BnD::B1RedisDirectClientSubscribeSession: set connection_status to STATUS_CONNECTING: sessionHandleID[2], previous_status:[0]
[2024-08-06_10:55:00.442093][16964] BnD::B1ClientSocket: connecting: address[20.20.0.152], port[9379]
[2024-08-06_10:55:00.457815][16964] BnD::B1RedisDirectClientWriteSession: set connection_status to STATUS_CONNECTING: sessionHandleID[0], previous_status:[0]
[2024-08-06_10:55:00.457815][16964] BnD::B1ClientSocket: connecting: address[20.20.0.152], port[9379]
[2024-08-06_10:55:20.032134][30968] BnD::B1RedisDirectClientReadSession: set connection_status to STATUS_DISCONNECTING: sessionHandleID[1], previous_status:[1], reason[10060]
[2024-08-06_10:55:20.125388][16964] BnD::B1RedisDirectClientReadSession: set connection_status to STATUS_DISCONNECTED: sessionHandleID[1], previous_status:[3], reason[10060]
[2024-08-06_10:55:20.333269][16964] BnD::B1RedisDirectClientReadSession: set connection_status to STATUS_CONNECTING: sessionHandleID[1], previous_status:[0]
[2024-08-06_10:55:20.333269][16964] BnD::B1ClientSocket: connecting: address[20.20.0.152], port[9379]
[2024-08-06_10:55:21.483635][19484] BnD::B1RedisDirectClientSubscribeSession: set connection_status to STATUS_DISCONNECTING: sessionHandleID[2], previous_status:[1], reason[10060]
[2024-08-06_10:55:21.500919][12812] BnD::B1RedisDirectClientWriteSession: set connection_status to STATUS_DISCONNECTING: sessionHandleID[0], previous_status:[1], reason[10060]
[2024-08-06_10:55:21.584198][16964] BnD::B1RedisDirectClientSubscribeSession: set connection_status to STATUS_DISCONNECTED: sessionHandleID[2], previous_status:[3], reason[10060]
[2024-08-06_10:55:21.584198][16964] BnD::B1RedisDirectClientWriteSession: set connection_status to STATUS_DISCONNECTED: sessionHandleID[0], previous_status:[3], reason[10060]
[2024-08-06_10:55:21.785139][16964] BnD::B1RedisDirectClientSubscribeSession: set connection_status to STATUS_CONNECTING: sessionHandleID[2], previous_status:[0]
[2024-08-06_10:55:21.785139][16964] BnD::B1ClientSocket: connecting: address[20.20.0.152], port[9379]
[2024-08-06_10:55:21.800691][16964] BnD::B1RedisDirectClientWriteSession: set connection_status to STATUS_CONNECTING: sessionHandleID[0], previous_status:[0]
[2024-08-06_10:55:21.800691][16964] BnD::B1ClientSocket: connecting: address[20.20.0.152], port[9379]
[2024-08-06_10:55:41.404464][6460] BnD::B1RedisDirectClientReadSession: set connection_status to STATUS_DISCONNECTING: sessionHandleID[1], previous_status:[1], reason[10060]
[2024-08-06_10:55:41.436435][16964] BnD::B1RedisDirectClientReadSession: set connection_status to STATUS_DISCONNECTED: sessionHandleID[1], previous_status:[3], reason[10060]
[2024-08-06_10:55:41.648544][16964] BnD::B1RedisDirectClientReadSession: set connection_status to STATUS_CONNECTING: sessionHandleID[1], previous_status:[0]
[2024-08-06_10:55:41.648544][16964] BnD::B1ClientSocket: connecting: address[20.20.0.152], port[9379]
[2024-08-06_10:55:42.837298][648] BnD::B1RedisDirectClientSubscribeSession: set connection_status to STATUS_DISCONNECTING: sessionHandleID[2], previous_status:[1], reason[10060]
[2024-08-06_10:55:42.852479][25308] BnD::B1RedisDirectClientWriteSession: set connection_status to STATUS_DISCONNECTING: sessionHandleID[0], previous_status:[1], reason[10060]
[2024-08-06_10:55:42.900227][16964] BnD::B1RedisDirectClientSubscribeSession: set connection_status to STATUS_DISCONNECTED: sessionHandleID[2], previous_status:[3], reason[10060]
[2024-08-06_10:55:42.900227][16964] BnD::B1RedisDirectClientWriteSession: set connection_status to STATUS_DISCONNECTED: sessionHandleID[0], previous_status:[3], reason[10060]
[2024-08-06_10:55:43.107058][16964] BnD::B1RedisDirectClientSubscribeSession: set connection_status to STATUS_CONNECTING: sessionHandleID[2], previous_status:[0]
[2024-08-06_10:55:43.107058][16964] BnD::B1ClientSocket: connecting: address[20.20.0.152], port[9379]
[2024-08-06_10:55:43.138976][16964] BnD::B1RedisDirectClientWriteSession: set connection_status to STATUS_CONNECTING: sessionHandleID[0], previous_status:[0]
[2024-08-06_10:55:43.138976][16964] BnD::B1ClientSocket: connecting: address[20.20.0.152], port[9379]
[2024-08-06_10:56:02.699973][28468] BnD::B1RedisDirectClientReadSession: set connection_status to STATUS_DISCONNECTING: sessionHandleID[1], previous_status:[1], reason[10060]
[2024-08-06_10:56:02.811476][16964] BnD::B1RedisDirectClientReadSession: set connection_status to STATUS_DISCONNECTED: sessionHandleID[1], previous_status:[3], reason[10060]
[2024-08-06_10:56:03.018307][16964] BnD::B1RedisDirectClientReadSession: set connection_status to STATUS_CONNECTING: sessionHandleID[1], previous_status:[0]
[2024-08-06_10:56:03.018307][16964] BnD::B1ClientSocket: connecting: address[20.20.0.152], port[9379]
[2024-08-06_10:56:04.167114][28724] BnD::B1RedisDirectClientSubscribeSession: set connection_status to STATUS_DISCONNECTING: sessionHandleID[2], previous_status:[1], reason[10060]
[2024-08-06_10:56:04.199272][28616] BnD::B1RedisDirectClientWriteSession: set connection_status to STATUS_DISCONNECTING: sessionHandleID[0], previous_status:[1], reason[10060]
[2024-08-06_10:56:04.278794][16964] BnD::B1RedisDirectClientSubscribeSession: set connection_status to STATUS_DISCONNECTED: sessionHandleID[2], previous_status:[3], reason[10060]
[2024-08-06_10:56:04.278794][16964] BnD::B1RedisDirectClientWriteSession: set connection_status to STATUS_DISCONNECTED: sessionHandleID[0], previous_status:[3], reason[10060]
[2024-08-06_10:56:04.484279][16964] BnD::B1RedisDirectClientSubscribeSession: set connection_status to STATUS_CONNECTING: sessionHandleID[2], previous_status:[0]
[2024-08-06_10:56:04.484279][16964] BnD::B1ClientSocket: connecting: address[20.20.0.152], port[9379]
[2024-08-06_10:56:04.516011][16964] BnD::B1RedisDirectClientWriteSession: set connection_status to STATUS_CONNECTING: sessionHandleID[0], previous_status:[0]
[2024-08-06_10:56:04.516011][16964] BnD::B1ClientSocket: connecting: address[20.20.0.152], port[9379]
[2024-08-06_10:56:24.065294][15876] BnD::B1RedisDirectClientReadSession: set connection_status to STATUS_DISCONNECTING: sessionHandleID[1], previous_status:[1], reason[10060]
[2024-08-06_10:56:24.174292][16964] BnD::B1RedisDirectClientReadSession: set connection_status to STATUS_DISCONNECTED: sessionHandleID[1], previous_status:[3], reason[10060]
[2024-08-06_10:56:24.382231][16964] BnD::B1RedisDirectClientReadSession: set connection_status to STATUS_CONNECTING: sessionHandleID[1], previous_status:[0]
[2024-08-06_10:56:24.382231][16964] BnD::B1ClientSocket: connecting: address[20.20.0.152], port[9379]
[2024-08-06_10:56:25.545361][6436] BnD::B1RedisDirectClientSubscribeSession: set connection_status to STATUS_DISCONNECTING: sessionHandleID[2], previous_status:[1], reason[10060]
[2024-08-06_10:56:25.577196][15120] BnD::B1RedisDirectClientWriteSession: set connection_status to STATUS_DISCONNECTING: sessionHandleID[0], previous_status:[1], reason[10060]
[2024-08-06_10:56:25.655801][16964] BnD::B1RedisDirectClientSubscribeSession: set connection_status to STATUS_DISCONNECTED: sessionHandleID[2], previous_status:[3], reason[10060]
[2024-08-06_10:56:25.655801][16964] BnD::B1RedisDirectClientWriteSession: set connection_status to STATUS_DISCONNECTED: sessionHandleID[0], previous_status:[3], reason[10060]
[2024-08-06_10:56:25.862434][16964] BnD::B1RedisDirectClientSubscribeSession: set connection_status to STATUS_CONNECTING: sessionHandleID[2], previous_status:[0]
[2024-08-06_10:56:25.862434][16964] BnD::B1ClientSocket: connecting: address[20.20.0.152], port[9379]
[2024-08-06_10:56:25.894281][16964] BnD::B1RedisDirectClientWriteSession: set connection_status to STATUS_CONNECTING: sessionHandleID[0], previous_status:[0]
[2024-08-06_10:56:25.894281][16964] BnD::B1ClientSocket: connecting: address[20.20.0.152], port[9379]
[2024-08-06_10:56:45.441070][18088] BnD::B1RedisDirectClientReadSession: set connection_status to STATUS_DISCONNECTING: sessionHandleID[1], previous_status:[1], reason[10060]
[2024-08-06_10:56:45.535943][16964] BnD::B1RedisDirectClientReadSession: set connection_status to STATUS_DISCONNECTED: sessionHandleID[1], previous_status:[3], reason[10060]
[2024-08-06_10:56:45.747419][16964] BnD::B1RedisDirectClientReadSession: set connection_status to STATUS_CONNECTING: sessionHandleID[1], previous_status:[0]
[2024-08-06_10:56:45.747419][16964] BnD::B1ClientSocket: connecting: address[20.20.0.152], port[9379]
[2024-08-06_10:56:46.947390][4768] BnD::B1RedisDirectClientSubscribeSession: set connection_status to STATUS_DISCONNECTING: sessionHandleID[2], previous_status:[1], reason[10060]
[2024-08-06_10:56:46.963378][9288] BnD::B1RedisDirectClientWriteSession: set connection_status to STATUS_DISCONNECTING: sessionHandleID[0], previous_status:[1], reason[10060]
[2024-08-06_10:56:47.011574][16964] BnD::B1RedisDirectClientSubscribeSession: set connection_status to STATUS_DISCONNECTED: sessionHandleID[2], previous_status:[3], reason[10060]
[2024-08-06_10:56:47.011574][16964] BnD::B1RedisDirectClientWriteSession: set connection_status to STATUS_DISCONNECTED: sessionHandleID[0], previous_status:[3], reason[10060]
[2024-08-06_10:56:47.217278][16964] BnD::B1RedisDirectClientSubscribeSession: set connection_status to STATUS_CONNECTING: sessionHandleID[2], previous_status:[0]
[2024-08-06_10:56:47.217278][16964] BnD::B1ClientSocket: connecting: address[20.20.0.152], port[9379]
[2024-08-06_10:56:47.233369][16964] BnD::B1RedisDirectClientWriteSession: set connection_status to STATUS_CONNECTING: sessionHandleID[0], previous_status:[0]
[2024-08-06_10:56:47.233369][16964] BnD::B1ClientSocket: connecting: address[20.20.0.152], port[9379]
[2024-08-06_10:57:06.804709][3492] BnD::B1RedisDirectClientReadSession: set connection_status to STATUS_DISCONNECTING: sessionHandleID[1], previous_status:[1], reason[10060]
[2024-08-06_10:57:06.934376][16964] BnD::B1RedisDirectClientReadSession: set connection_status to STATUS_DISCONNECTED: sessionHandleID[1], previous_status:[3], reason[10060]
[2024-08-06_10:57:07.141486][16964] BnD::B1RedisDirectClientReadSession: set connection_status to STATUS_CONNECTING: sessionHandleID[1], previous_status:[0]
[2024-08-06_10:57:07.141566][16964] BnD::B1ClientSocket: connecting: address[20.20.0.152], port[9379]
[2024-08-06_10:57:08.268941][28700] BnD::B1RedisDirectClientSubscribeSession: set connection_status to STATUS_DISCONNECTING: sessionHandleID[2], previous_status:[1], reason[10060]
[2024-08-06_10:57:08.316257][4140] BnD::B1RedisDirectClientWriteSession: set connection_status to STATUS_DISCONNECTING: sessionHandleID[0], previous_status:[1], reason[10060]
[2024-08-06_10:57:08.396418][16964] BnD::B1RedisDirectClientSubscribeSession: set connection_status to STATUS_DISCONNECTED: sessionHandleID[2], previous_status:[3], reason[10060]
[2024-08-06_10:57:08.396418][16964] BnD::B1RedisDirectClientWriteSession: set connection_status to STATUS_DISCONNECTED: sessionHandleID[0], previous_status:[3], reason[10060]
[2024-08-06_10:57:08.612278][16964] BnD::B1RedisDirectClientSubscribeSession: set connection_status to STATUS_CONNECTING: sessionHandleID[2], previous_status:[0]
[2024-08-06_10:57:08.612278][16964] BnD::B1ClientSocket: connecting: address[20.20.0.152], port[9379]
[2024-08-06_10:57:08.628019][16964] BnD::B1RedisDirectClientWriteSession: set connection_status to STATUS_CONNECTING: sessionHandleID[0], previous_status:[0]
[2024-08-06_10:57:08.628019][16964] BnD::B1ClientSocket: connecting: address[20.20.0.152], port[9379]
[2024-08-06_10:57:28.194671][23684] BnD::B1RedisDirectClientReadSession: set connection_status to STATUS_DISCONNECTING: sessionHandleID[1], previous_status:[1], reason[10060]
[2024-08-06_10:57:28.248998][16964] BnD::B1RedisDirectClientReadSession: set connection_status to STATUS_DISCONNECTED: sessionHandleID[1], previous_status:[3], reason[10060]
[2024-08-06_10:57:28.455381][16964] BnD::B1RedisDirectClientReadSession: set connection_status to STATUS_CONNECTING: sessionHandleID[1], previous_status:[0]
[2024-08-06_10:57:28.455381][16964] BnD::B1ClientSocket: connecting: address[20.20.0.152], port[9379]
[2024-08-06_10:57:29.648289][8304] BnD::B1RedisDirectClientSubscribeSession: set connection_status to STATUS_DISCONNECTING: sessionHandleID[2], previous_status:[1], reason[10060]
[2024-08-06_10:57:29.665535][10448] BnD::B1RedisDirectClientWriteSession: set connection_status to STATUS_DISCONNECTING: sessionHandleID[0], previous_status:[1], reason[10060]
[2024-08-06_10:57:29.706628][16964] BnD::B1RedisDirectClientSubscribeSession: set connection_status to STATUS_DISCONNECTED: sessionHandleID[2], previous_status:[3], reason[10060]
[2024-08-06_10:57:29.706628][16964] BnD::B1RedisDirectClientWriteSession: set connection_status to STATUS_DISCONNECTED: sessionHandleID[0], previous_status:[3], reason[10060]
[2024-08-06_10:57:29.907410][16964] BnD::B1RedisDirectClientSubscribeSession: set connection_status to STATUS_CONNECTING: sessionHandleID[2], previous_status:[0]
[2024-08-06_10:57:29.907410][16964] BnD::B1ClientSocket: connecting: address[20.20.0.152], port[9379]
[2024-08-06_10:57:29.918699][16964] BnD::B1RedisDirectClientWriteSession: set connection_status to STATUS_CONNECTING: sessionHandleID[0], previous_status:[0]
[2024-08-06_10:57:29.918699][16964] BnD::B1ClientSocket: connecting: address[20.20.0.152], port[9379]
[2024-08-06_10:57:49.523188][22140] BnD::B1RedisDirectClientReadSession: set connection_status to STATUS_DISCONNECTING: sessionHandleID[1], previous_status:[1], reason[10060]
[2024-08-06_10:57:49.724770][16964] BnD::B1RedisDirectClientReadSession: set connection_status to STATUS_DISCONNECTED: sessionHandleID[1], previous_status:[3], reason[10060]
[2024-08-06_10:57:49.936993][16964] BnD::B1RedisDirectClientReadSession: set connection_status to STATUS_CONNECTING: sessionHandleID[1], previous_status:[0]
[2024-08-06_10:57:49.936993][16964] BnD::B1ClientSocket: connecting: address[20.20.0.152], port[9379]
[2024-08-06_10:57:50.955136][7360] BnD::B1RedisDirectClientWriteSession: set connection_status to STATUS_DISCONNECTING: sessionHandleID[0], previous_status:[1], reason[10060]
[2024-08-06_10:57:50.977475][16964] BnD::B1RedisDirectClientWriteSession: set connection_status to STATUS_DISCONNECTED: sessionHandleID[0], previous_status:[3], reason[10060]
[2024-08-06_10:57:50.977475][12704] BnD::B1RedisDirectClientSubscribeSession: set connection_status to STATUS_DISCONNECTING: sessionHandleID[2], previous_status:[1], reason[10060]
[2024-08-06_10:57:51.195876][16964] BnD::B1RedisDirectClientSubscribeSession: set connection_status to STATUS_DISCONNECTED: sessionHandleID[2], previous_status:[3], reason[10060]
[2024-08-06_10:57:51.195876][16964] BnD::B1RedisDirectClientWriteSession: set connection_status to STATUS_CONNECTING: sessionHandleID[0], previous_status:[0]
[2024-08-06_10:57:51.195876][16964] BnD::B1ClientSocket: connecting: address[20.20.0.152], port[9379]
[2024-08-06_10:57:51.413880][16964] BnD::B1RedisDirectClientSubscribeSession: set connection_status to STATUS_CONNECTING: sessionHandleID[2], previous_status:[0]
[2024-08-06_10:57:51.413880][16964] BnD::B1ClientSocket: connecting: address[20.20.0.152], port[9379]
[2024-08-06_10:58:10.994507][27756] BnD::B1RedisDirectClientReadSession: set connection_status to STATUS_DISCONNECTING: sessionHandleID[1], previous_status:[1], reason[10060]
[2024-08-06_10:58:11.180963][16964] BnD::B1RedisDirectClientReadSession: set connection_status to STATUS_DISCONNECTED: sessionHandleID[1], previous_status:[3], reason[10060]
[2024-08-06_10:58:11.391886][16964] BnD::B1RedisDirectClientReadSession: set connection_status to STATUS_CONNECTING: sessionHandleID[1], previous_status:[0]
[2024-08-06_10:58:11.391886][16964] BnD::B1ClientSocket: connecting: address[20.20.0.152], port[9379]
[2024-08-06_10:58:12.244714][31452] BnD::B1RedisDirectClientWriteSession: set connection_status to STATUS_DISCONNECTING: sessionHandleID[0], previous_status:[1], reason[10060]
[2024-08-06_10:58:12.441608][16964] BnD::B1RedisDirectClientWriteSession: set connection_status to STATUS_DISCONNECTED: sessionHandleID[0], previous_status:[3], reason[10060]
[2024-08-06_10:58:12.462379][20256] BnD::B1RedisDirectClientSubscribeSession: set connection_status to STATUS_DISCONNECTING: sessionHandleID[2], previous_status:[1], reason[10060]
[2024-08-06_10:58:12.644772][16964] BnD::B1RedisDirectClientSubscribeSession: set connection_status to STATUS_DISCONNECTED: sessionHandleID[2], previous_status:[3], reason[10060]
[2024-08-06_10:58:12.644772][16964] BnD::B1RedisDirectClientWriteSession: set connection_status to STATUS_CONNECTING: sessionHandleID[0], previous_status:[0]
[2024-08-06_10:58:12.644851][16964] BnD::B1ClientSocket: connecting: address[20.20.0.152], port[9379]
[2024-08-06_10:58:12.864861][16964] BnD::B1RedisDirectClientSubscribeSession: set connection_status to STATUS_CONNECTING: sessionHandleID[2], previous_status:[0]
[2024-08-06_10:58:12.864861][16964] BnD::B1ClientSocket: connecting: address[20.20.0.152], port[9379]
[2024-08-06_10:58:32.431503][26500] BnD::B1RedisDirectClientReadSession: set connection_status to STATUS_DISCONNECTING: sessionHandleID[1], previous_status:[1], reason[10060]
[2024-08-06_10:58:32.501724][16964] BnD::B1RedisDirectClientReadSession: set connection_status to STATUS_DISCONNECTED: sessionHandleID[1], previous_status:[3], reason[10060]
[2024-08-06_10:58:32.706685][16964] BnD::B1RedisDirectClientReadSession: set connection_status to STATUS_CONNECTING: sessionHandleID[1], previous_status:[0]
[2024-08-06_10:58:32.706685][16964] BnD::B1ClientSocket: connecting: address[20.20.0.152], port[9379]
[2024-08-06_10:58:33.696302][9964] BnD::B1RedisDirectClientWriteSession: set connection_status to STATUS_DISCONNECTING: sessionHandleID[0], previous_status:[1], reason[10060]
[2024-08-06_10:58:33.780480][16964] BnD::B1RedisDirectClientWriteSession: set connection_status to STATUS_DISCONNECTED: sessionHandleID[0], previous_status:[3], reason[10060]
[2024-08-06_10:58:33.930558][12296] BnD::B1RedisDirectClientSubscribeSession: set connection_status to STATUS_DISCONNECTING: sessionHandleID[2], previous_status:[1], reason[10060]
[2024-08-06_10:58:33.993519][16964] BnD::B1RedisDirectClientSubscribeSession: set connection_status to STATUS_DISCONNECTED: sessionHandleID[2], previous_status:[3], reason[10060]
[2024-08-06_10:58:33.993519][16964] BnD::B1RedisDirectClientWriteSession: set connection_status to STATUS_CONNECTING: sessionHandleID[0], previous_status:[0]
[2024-08-06_10:58:33.993519][16964] BnD::B1ClientSocket: connecting: address[20.20.0.152], port[9379]
[2024-08-06_10:58:34.220688][16964] BnD::B1RedisDirectClientSubscribeSession: set connection_status to STATUS_CONNECTING: sessionHandleID[2], previous_status:[0]
[2024-08-06_10:58:34.220688][16964] BnD::B1ClientSocket: connecting: address[20.20.0.152], port[9379]
[2024-08-06_10:58:53.762990][20240] BnD::B1RedisDirectClientReadSession: set connection_status to STATUS_DISCONNECTING: sessionHandleID[1], previous_status:[1], reason[10060]
[2024-08-06_10:58:53.957458][16964] BnD::B1RedisDirectClientReadSession: set connection_status to STATUS_DISCONNECTED: sessionHandleID[1], previous_status:[3], reason[10060]
[2024-08-06_10:58:54.158171][16964] BnD::B1RedisDirectClientReadSession: set connection_status to STATUS_CONNECTING: sessionHandleID[1], previous_status:[0]
[2024-08-06_10:58:54.158397][16964] BnD::B1ClientSocket: connecting: address[20.20.0.152], port[9379]
[2024-08-06_10:58:55.030497][12676] BnD::B1RedisDirectClientWriteSession: set connection_status to STATUS_DISCONNECTING: sessionHandleID[0], previous_status:[1], reason[10060]
[2024-08-06_10:58:55.203001][16964] BnD::B1RedisDirectClientWriteSession: set connection_status to STATUS_DISCONNECTED: sessionHandleID[0], previous_status:[3], reason[10060]
[2024-08-06_10:58:55.263768][25420] BnD::B1RedisDirectClientSubscribeSession: set connection_status to STATUS_DISCONNECTING: sessionHandleID[2], previous_status:[1], reason[10060]
[2024-08-06_10:58:55.403846][16964] BnD::B1RedisDirectClientSubscribeSession: set connection_status to STATUS_DISCONNECTED: sessionHandleID[2], previous_status:[3], reason[10060]
[2024-08-06_10:58:55.403846][16964] BnD::B1RedisDirectClientWriteSession: set connection_status to STATUS_CONNECTING: sessionHandleID[0], previous_status:[0]
[2024-08-06_10:58:55.403846][16964] BnD::B1ClientSocket: connecting: address[20.20.0.152], port[9379]
[2024-08-06_10:58:55.628579][16964] BnD::B1RedisDirectClientSubscribeSession: set connection_status to STATUS_CONNECTING: sessionHandleID[2], previous_status:[0]
[2024-08-06_10:58:55.628579][16964] BnD::B1ClientSocket: connecting: address[20.20.0.152], port[9379]
[2024-08-06_10:59:15.214795][24880] BnD::B1RedisDirectClientReadSession: set connection_status to STATUS_DISCONNECTING: sessionHandleID[1], previous_status:[1], reason[10060]
[2024-08-06_10:59:15.230940][16964] BnD::B1RedisDirectClientReadSession: set connection_status to STATUS_DISCONNECTED: sessionHandleID[1], previous_status:[3], reason[10060]
[2024-08-06_10:59:15.436518][16964] BnD::B1RedisDirectClientReadSession: set connection_status to STATUS_CONNECTING: sessionHandleID[1], previous_status:[0]
[2024-08-06_10:59:15.436518][16964] BnD::B1ClientSocket: connecting: address[20.20.0.152], port[9379]
[2024-08-06_10:59:16.451861][22140] BnD::B1RedisDirectClientWriteSession: set connection_status to STATUS_DISCONNECTING: sessionHandleID[0], previous_status:[1], reason[10060]
[2024-08-06_10:59:16.492824][16964] BnD::B1RedisDirectClientWriteSession: set connection_status to STATUS_DISCONNECTED: sessionHandleID[0], previous_status:[3], reason[10060]
[2024-08-06_10:59:16.688807][12696] BnD::B1RedisDirectClientSubscribeSession: set connection_status to STATUS_DISCONNECTING: sessionHandleID[2], previous_status:[1], reason[10060]
[2024-08-06_10:59:16.704985][16964] BnD::B1RedisDirectClientSubscribeSession: set connection_status to STATUS_DISCONNECTED: sessionHandleID[2], previous_status:[3], reason[10060]
[2024-08-06_10:59:16.704985][16964] BnD::B1RedisDirectClientWriteSession: set connection_status to STATUS_CONNECTING: sessionHandleID[0], previous_status:[0]
[2024-08-06_10:59:16.704985][16964] BnD::B1ClientSocket: connecting: address[20.20.0.152], port[9379]
[2024-08-06_10:59:16.943835][16964] BnD::B1RedisDirectClientSubscribeSession: set connection_status to STATUS_CONNECTING: sessionHandleID[2], previous_status:[0]
[2024-08-06_10:59:16.943835][16964] BnD::B1ClientSocket: connecting: address[20.20.0.152], port[9379]
[2024-08-06_10:59:36.501666][15924] BnD::B1RedisDirectClientReadSession: set connection_status to STATUS_DISCONNECTING: sessionHandleID[1], previous_status:[1], reason[10060]
[2024-08-06_10:59:36.578851][16964] BnD::B1RedisDirectClientReadSession: set connection_status to STATUS_DISCONNECTED: sessionHandleID[1], previous_status:[3], reason[10060]
[2024-08-06_10:59:36.779433][16964] BnD::B1RedisDirectClientReadSession: set connection_status to STATUS_CONNECTING: sessionHandleID[1], previous_status:[0]
[2024-08-06_10:59:36.779433][16964] BnD::B1ClientSocket: connecting: address[20.20.0.152], port[9379]
[2024-08-06_10:59:37.755255][9076] BnD::B1RedisDirectClientWriteSession: set connection_status to STATUS_DISCONNECTING: sessionHandleID[0], previous_status:[1], reason[10060]
[2024-08-06_10:59:37.818319][16964] BnD::B1RedisDirectClientWriteSession: set connection_status to STATUS_DISCONNECTED: sessionHandleID[0], previous_status:[3], reason[10060]
[2024-08-06_10:59:38.007709][12168] BnD::B1RedisDirectClientSubscribeSession: set connection_status to STATUS_DISCONNECTING: sessionHandleID[2], previous_status:[1], reason[10060]
[2024-08-06_10:59:38.023556][16964] BnD::B1RedisDirectClientSubscribeSession: set connection_status to STATUS_DISCONNECTED: sessionHandleID[2], previous_status:[3], reason[10060]
[2024-08-06_10:59:38.023556][16964] BnD::B1RedisDirectClientWriteSession: set connection_status to STATUS_CONNECTING: sessionHandleID[0], previous_status:[0]
[2024-08-06_10:59:38.023556][16964] BnD::B1ClientSocket: connecting: address[20.20.0.152], port[9379]
[2024-08-06_10:59:38.245773][16964] BnD::B1RedisDirectClientSubscribeSession: set connection_status to STATUS_CONNECTING: sessionHandleID[2], previous_status:[0]
[2024-08-06_10:59:38.245773][16964] BnD::B1ClientSocket: connecting: address[20.20.0.152], port[9379]
[2024-08-06_10:59:57.837694][4884] BnD::B1RedisDirectClientReadSession: set connection_status to STATUS_DISCONNECTING: sessionHandleID[1], previous_status:[1], reason[10060]
[2024-08-06_10:59:57.885521][16964] BnD::B1RedisDirectClientReadSession: set connection_status to STATUS_DISCONNECTED: sessionHandleID[1], previous_status:[3], reason[10060]
[2024-08-06_10:59:58.093248][16964] BnD::B1RedisDirectClientReadSession: set connection_status to STATUS_CONNECTING: sessionHandleID[1], previous_status:[0]
[2024-08-06_10:59:58.093248][16964] BnD::B1ClientSocket: connecting: address[20.20.0.152], port[9379]
[2024-08-06_10:59:59.063082][30228] BnD::B1RedisDirectClientWriteSession: set connection_status to STATUS_DISCONNECTING: sessionHandleID[0], previous_status:[1], reason[10060]
[2024-08-06_10:59:59.142816][16964] BnD::B1RedisDirectClientWriteSession: set connection_status to STATUS_DISCONNECTED: sessionHandleID[0], previous_status:[3], reason[10060]
[2024-08-06_10:59:59.301539][26120] BnD::B1RedisDirectClientSubscribeSession: set connection_status to STATUS_DISCONNECTING: sessionHandleID[2], previous_status:[1], reason[10060]
[2024-08-06_10:59:59.349425][16964] BnD::B1RedisDirectClientSubscribeSession: set connection_status to STATUS_DISCONNECTED: sessionHandleID[2], previous_status:[3], reason[10060]
[2024-08-06_10:59:59.349425][16964] BnD::B1RedisDirectClientWriteSession: set connection_status to STATUS_CONNECTING: sessionHandleID[0], previous_status:[0]
[2024-08-06_10:59:59.349425][16964] BnD::B1ClientSocket: connecting: address[20.20.0.152], port[9379]
[2024-08-06_10:59:59.588909][16964] BnD::B1RedisDirectClientSubscribeSession: set connection_status to STATUS_CONNECTING: sessionHandleID[2], previous_status:[0]
[2024-08-06_10:59:59.588909][16964] BnD::B1ClientSocket: connecting: address[20.20.0.152], port[9379]
