[2024-08-06_15:46:29.341551][36852] SemiTS::WebAssistantServiceMFC: connecting Administration Service for find equipment type...
[2024-08-06_15:46:29.341551][36852] BnD::B1RedisDirectClientWriteSession: set connection_status to STATUS_CONNECTING: sessionHandleID[0], previous_status:[-1]
[2024-08-06_15:46:29.341551][36852] BnD::B1ClientSocket: connecting: address[20.20.0.152], port[9379]
[2024-08-06_15:46:29.352557][36852] BnD::B1RedisDirectClientReadSession: set connection_status to STATUS_CONNECTING: sessionHandleID[1], previous_status:[-1]
[2024-08-06_15:46:29.352557][36852] BnD::B1ClientSocket: connecting: address[20.20.0.152], port[9379]
[2024-08-06_15:46:29.367896][30652] BnD::B1RedisDirectClientWriteSession: session connected -> clear buffer
[2024-08-06_15:46:29.368439][36072] BnD::B1RedisDirectClientReadSession: session connected -> clear buffer
[2024-08-06_15:46:29.368513][30652] BnD::B1RedisDirectClientWriteSession: set connection_status to STATUS_CONNECTED: sessionHandleID[0], previous_status:[1]
[2024-08-06_15:46:29.368513][36072] BnD::B1RedisDirectClientReadSession: set connection_status to STATUS_CONNECTED: sessionHandleID[1], previous_status:[1]
[2024-08-06_15:46:29.553308][25328] BnD::B1RedisDirectClientWriteSession: selecting redis db: db[0]
[2024-08-06_15:46:29.553308][25328] BnD::B1RedisDirectClientReadSession: selecting redis db: db[0]
[2024-08-06_15:46:29.553308][36072] BnD::B1RedisDirectClientReadSession: redis db selected
[2024-08-06_15:46:29.569964][36852] SemiTS::WebAssistantServiceMFC: Sync server time:[2024-08-06 15:46:29.759]
[2024-08-06_15:46:29.759595][36852] SemiTS::WebAssistantServiceMFC: Sync server time finished
[2024-08-06_15:46:29.760593][36852] SemiTS::WebAssistantServiceMFC: find product type done! disconnecting Administration Service: site[1001], type[1001]
[2024-08-06_15:46:29.973131][36852] BnD::B1RedisDirectClientWriteSession: disconnect called: sessionHandleID[0]
[2024-08-06_15:46:29.973131][36852] BnD::B1RedisDirectClientReadSession: disconnect called: sessionHandleID[1]
[2024-08-06_15:46:29.973131][36852] BnD::B1BaseSessionManager: waiting disconnection: sessionHandleID[0]
[2024-08-06_15:46:29.973131][36852] BnD::B1BaseSessionManager: waiting disconnection: sessionHandleID[1]
[2024-08-06_15:46:29.974102][30652] BnD::B1ArrayBufferReadWriteImpl: read failed: reason[995], message[스레드 종료 또는 응용 프로그램 요청 때문에 I/O 작업이 취소되었습니다]
[2024-08-06_15:46:29.974102][30652] BnD::B1RedisDirectClientWriteSession: set connection_status to STATUS_DISCONNECTING: sessionHandleID[0], previous_status:[2], reason[995]
[2024-08-06_15:46:29.974102][36072] BnD::B1ArrayBufferReadWriteImpl: read failed: reason[995], message[스레드 종료 또는 응용 프로그램 요청 때문에 I/O 작업이 취소되었습니다]
[2024-08-06_15:46:29.974102][36072] BnD::B1RedisDirectClientReadSession: set connection_status to STATUS_DISCONNECTING: sessionHandleID[1], previous_status:[2], reason[995]
[2024-08-06_15:46:30.983972][36852] BnD::B1RedisDirectClientWriteSession: set connection_status to STATUS_DISCONNECTED: sessionHandleID[0], previous_status:[3], reason[995]
[2024-08-06_15:46:30.983972][36852] BnD::B1RedisDirectClientWriteSession: session disconnected
[2024-08-06_15:46:31.015101][36852] BnD::B1RedisDirectClientReadSession: set connection_status to STATUS_DISCONNECTED: sessionHandleID[1], previous_status:[3], reason[995]
[2024-08-06_15:46:31.015101][36852] BnD::B1RedisDirectClientReadSession: session disconnected
[2024-08-06_15:46:31.045254][36852] SemiTS::WebAssistantServiceMFC: starting [WebAssistantService_LPR][1001014] version:[1000][20240423]
[2024-08-06_15:46:31.045254][36852] SemiTS::LPRWebAssistantServicePublic: Connecting [20.20.0.152:9379(0)]
[2024-08-06_15:46:31.046223][36852] BnD::B1RedisDirectClientWriteSession: set connection_status to STATUS_CONNECTING: sessionHandleID[0], previous_status:[-1]
[2024-08-06_15:46:31.046223][36852] BnD::B1ClientSocket: connecting: address[20.20.0.152], port[9379]
[2024-08-06_15:46:31.060918][36852] BnD::B1RedisDirectClientReadSession: set connection_status to STATUS_CONNECTING: sessionHandleID[1], previous_status:[-1]
[2024-08-06_15:46:31.060918][36852] BnD::B1ClientSocket: connecting: address[20.20.0.152], port[9379]
[2024-08-06_15:46:31.060918][20164] BnD::B1RedisDirectClientWriteSession: session connected -> clear buffer
[2024-08-06_15:46:31.061921][20164] BnD::B1RedisDirectClientWriteSession: set connection_status to STATUS_CONNECTED: sessionHandleID[0], previous_status:[1]
[2024-08-06_15:46:31.075922][36852] BnD::B1RedisDirectClientSubscribeSession: set connection_status to STATUS_CONNECTING: sessionHandleID[2], previous_status:[-1]
[2024-08-06_15:46:31.075922][36852] BnD::B1ClientSocket: connecting: address[20.20.0.152], port[9379]
[2024-08-06_15:46:31.076994][18988] BnD::B1RedisDirectClientReadSession: session connected -> clear buffer
[2024-08-06_15:46:31.076994][18988] BnD::B1RedisDirectClientReadSession: set connection_status to STATUS_CONNECTED: sessionHandleID[1], previous_status:[1]
[2024-08-06_15:46:31.090996][32040] BnD::B1RedisDirectClientSubscribeSession: session connected -> clear buffer
[2024-08-06_15:46:31.090996][32040] BnD::B1RedisDirectClientSubscribeSession: set connection_status to STATUS_CONNECTED: sessionHandleID[2], previous_status:[1]
[2024-08-06_15:46:31.246464][13388] BnD::B1RedisDirectClientWriteSession: selecting redis db: db[0]
[2024-08-06_15:46:31.246464][13388] BnD::B1RedisDirectClientSubscribeSession: selecting redis db: db[0]
[2024-08-06_15:46:31.246464][13388] BnD::B1RedisDirectClientReadSession: selecting redis db: db[0]
[2024-08-06_15:46:31.247467][18988] BnD::B1RedisDirectClientReadSession: redis db selected
[2024-08-06_15:46:31.306371][36852] SemiTS::LPRWASWebServer: begin accept: port[22001]
[2024-08-06_15:46:31.323228][36852] SemiTS::LPRWebAssistantServicePublic: initializing performance check: tick[281]
[2024-08-06_15:46:31.323228][36852] SemiTS::WebAssistantServiceMFC: [WebAssistantService_LPR][1001014] version:[1000][20240423] started
[2024-08-06_15:46:32.171218][34232] SemiTS::WASWebServerSession: set connection_status to STATUS_CONNECTED: sessionHandleID[0], previous_status:[-1]
[2024-08-06_15:46:32.172223][34232] BnD::B1HttpServerSessionManager: session modified: sessionHandleID[0]
[2024-08-06_15:46:32.172223][34232] SemiTS::LPRWASWebSocketServerSession: web socket accepted: peerAddress[127.0.0.1], localPort[22001]
[2024-08-06_15:46:32.172223][34232] SemiTS::LPRWASWebSocketServerSession: set connection_status to STATUS_CONNECTED: sessionHandleID[0], previous_status:[-1]
[2024-08-06_15:46:40.241134][32040] SemiTS::LPRWebAssistantServicePublic: {"MessageID":"LPRZonePurgeAttributesMsg","MessageData":{"ArchiveObject":{"ZoneID":"11110010","Flow1":"96","Flow2":"82","Flow3":"83","Pressure":"19","Humidity":"91","Temperature":"29"},"BaseTime":""}}
[2024-08-06_15:46:40.257230][32040] SemiTS::LPRWebAssistantServicePublic: {"MessageID":"LPRZonePurgeAttributesMsg","MessageData":{"ArchiveObject":{"ZoneID":"11110020","Flow1":"38","Flow2":"86","Flow3":"66","Pressure":"18","Humidity":"29","Temperature":"50"},"BaseTime":""}}
[2024-08-06_15:46:41.309810][32040] SemiTS::LPRWebAssistantServicePublic: {"MessageID":"LPRZonePurgeAttributesMsg","MessageData":{"ArchiveObject":{"ZoneID":"11110010","Flow1":"22","Flow2":"45","Flow3":"34","Pressure":"31","Humidity":"82","Temperature":"0"},"BaseTime":""}}
[2024-08-06_15:46:41.310883][32040] SemiTS::LPRWebAssistantServicePublic: {"MessageID":"LPRZonePurgeAttributesMsg","MessageData":{"ArchiveObject":{"ZoneID":"11110020","Flow1":"51","Flow2":"72","Flow3":"65","Pressure":"17","Humidity":"54","Temperature":"72"},"BaseTime":""}}
[2024-08-06_15:46:42.389429][32040] SemiTS::LPRWebAssistantServicePublic: {"MessageID":"LPRZonePurgeAttributesMsg","MessageData":{"ArchiveObject":{"ZoneID":"11110010","Flow1":"90","Flow2":"75","Flow3":"3","Pressure":"49","Humidity":"88","Temperature":"92"},"BaseTime":""}}
[2024-08-06_15:46:42.389429][32040] SemiTS::LPRWebAssistantServicePublic: {"MessageID":"LPRZonePurgeAttributesMsg","MessageData":{"ArchiveObject":{"ZoneID":"11110020","Flow1":"35","Flow2":"51","Flow3":"16","Pressure":"26","Humidity":"7","Temperature":"64"},"BaseTime":""}}
[2024-08-06_15:46:43.466276][32040] SemiTS::LPRWebAssistantServicePublic: {"MessageID":"LPRZonePurgeAttributesMsg","MessageData":{"ArchiveObject":{"ZoneID":"11110010","Flow1":"47","Flow2":"20","Flow3":"89","Pressure":"3","Humidity":"60","Temperature":"12"},"BaseTime":""}}
[2024-08-06_15:46:43.467276][32040] SemiTS::LPRWebAssistantServicePublic: {"MessageID":"LPRZonePurgeAttributesMsg","MessageData":{"ArchiveObject":{"ZoneID":"11110020","Flow1":"58","Flow2":"59","Flow3":"13","Pressure":"46","Humidity":"21","Temperature":"73"},"BaseTime":""}}
[2024-08-06_15:46:44.561982][32040] SemiTS::LPRWebAssistantServicePublic: {"MessageID":"LPRZonePurgeAttributesMsg","MessageData":{"ArchiveObject":{"ZoneID":"11110010","Flow1":"37","Flow2":"27","Flow3":"43","Pressure":"36","Humidity":"14","Temperature":"3"},"BaseTime":""}}
[2024-08-06_15:46:44.576594][32040] SemiTS::LPRWebAssistantServicePublic: {"MessageID":"LPRZonePurgeAttributesMsg","MessageData":{"ArchiveObject":{"ZoneID":"11110020","Flow1":"79","Flow2":"43","Flow3":"36","Pressure":"44","Humidity":"76","Temperature":"13"},"BaseTime":""}}
[2024-08-06_15:46:48.308407][34620] SemiTS::WebAssistantServiceMFC: stopping [WebAssistantService_LPR][1001014] version:[1000][20240423]
[2024-08-06_15:46:48.308407][36852] BnD::B1Acceptor: closing acceptor
[2024-08-06_15:46:48.308407][34232] SemiTS::LPRWASWebServer: accept error: peerAddress[], localPort[0], reason[995]
[2024-08-06_15:46:48.410815][36852] BnD::B1Acceptor: acceptor closed
[2024-08-06_15:46:48.441855][36852] SemiTS::LPRWASWebSocketServerSession: disconnect called: sessionHandleID[0]
[2024-08-06_15:46:48.441855][36852] BnD::B1HttpServerSessionManager: waiting disconnection: sessionHandleID[0]
[2024-08-06_15:46:48.441855][34232] BnD::B1WebSocketReadWriteImpl: read failed: reason[1236], message[네트워크 연결이 로컬 시스템에 의해 취소되었습니다]
[2024-08-06_15:46:48.441855][34232] SemiTS::LPRWASWebSocketServerSession: set connection_status to STATUS_DISCONNECTING: sessionHandleID[0], previous_status:[2], reason[1236]
[2024-08-06_15:46:49.447136][36852] SemiTS::LPRWASWebSocketServerSession: set connection_status to STATUS_DISCONNECTED: sessionHandleID[0], previous_status:[3], reason[1236]
[2024-08-06_15:46:49.447136][36852] SemiTS::LPRWASWebSocketServerSession: server session disconnected: sessionHandleID[0], peerAddress[], localPort[0], reason[1236]
[2024-08-06_15:46:49.447136][36852] BnD::B1HttpServerSessionManager: reserveRemoveSession requested. but manager is not alived
[2024-08-06_15:46:49.612195][36852] BnD::B1RedisDirectClientWriteSession: disconnect called: sessionHandleID[0]
[2024-08-06_15:46:49.612195][36852] BnD::B1RedisDirectClientSubscribeSession: disconnect called: sessionHandleID[2]
[2024-08-06_15:46:49.612195][20164] BnD::B1ArrayBufferReadWriteImpl: read failed: reason[995], message[스레드 종료 또는 응용 프로그램 요청 때문에 I/O 작업이 취소되었습니다]
[2024-08-06_15:46:49.612195][36852] BnD::B1RedisDirectClientReadSession: disconnect called: sessionHandleID[1]
[2024-08-06_15:46:49.612195][20164] BnD::B1RedisDirectClientWriteSession: set connection_status to STATUS_DISCONNECTING: sessionHandleID[0], previous_status:[2], reason[995]
[2024-08-06_15:46:49.612195][36852] BnD::B1RedisDirectClientWriteSession: set connection_status to STATUS_DISCONNECTED: sessionHandleID[0], previous_status:[3], reason[995]
[2024-08-06_15:46:49.612195][32040] BnD::B1ArrayBufferReadWriteImpl: read failed: reason[995], message[스레드 종료 또는 응용 프로그램 요청 때문에 I/O 작업이 취소되었습니다]
[2024-08-06_15:46:49.612195][36852] BnD::B1RedisDirectClientWriteSession: session disconnected
[2024-08-06_15:46:49.612195][32040] BnD::B1RedisDirectClientSubscribeSession: set connection_status to STATUS_DISCONNECTING: sessionHandleID[2], previous_status:[2], reason[995]
[2024-08-06_15:46:49.612195][18988] BnD::B1ArrayBufferReadWriteImpl: read failed: reason[995], message[스레드 종료 또는 응용 프로그램 요청 때문에 I/O 작업이 취소되었습니다]
[2024-08-06_15:46:49.612195][18988] BnD::B1RedisDirectClientReadSession: set connection_status to STATUS_DISCONNECTING: sessionHandleID[1], previous_status:[2], reason[995]
[2024-08-06_15:46:49.627290][36852] BnD::B1RedisDirectClientSubscribeSession: set connection_status to STATUS_DISCONNECTED: sessionHandleID[2], previous_status:[3], reason[995]
[2024-08-06_15:46:49.627290][36852] BnD::B1RedisDirectClientSubscribeSession: session disconnected
[2024-08-06_15:46:49.642409][36852] BnD::B1RedisDirectClientReadSession: set connection_status to STATUS_DISCONNECTED: sessionHandleID[1], previous_status:[3], reason[995]
[2024-08-06_15:46:49.642409][36852] BnD::B1RedisDirectClientReadSession: session disconnected
[2024-08-06_15:46:49.673231][36852] SemiTS::WebAssistantServiceMFC: [WebAssistantService_LPR][1001014] version:[1000][20240423] stopped
