[2024-08-07_10:41:57.912270][21108] SemiTS::WebAssistantServiceMFC: connecting Administration Service for find equipment type...
[2024-08-07_10:41:57.912270][21108] BnD::B1RedisDirectClientWriteSession: set connection_status to STATUS_CONNECTING: sessionHandleID[0], previous_status:[-1]
[2024-08-07_10:41:57.912813][21108] BnD::B1ClientSocket: connecting: address[20.20.0.152], port[9379]
[2024-08-07_10:41:57.934640][21108] BnD::B1RedisDirectClientReadSession: set connection_status to STATUS_CONNECTING: sessionHandleID[1], previous_status:[-1]
[2024-08-07_10:41:57.934640][21108] BnD::B1ClientSocket: connecting: address[20.20.0.152], port[9379]
[2024-08-07_10:41:57.936676][10652] BnD::B1RedisDirectClientWriteSession: session connected -> clear buffer
[2024-08-07_10:41:57.936676][10652] BnD::B1RedisDirectClientWriteSession: set connection_status to STATUS_CONNECTED: sessionHandleID[0], previous_status:[1]
[2024-08-07_10:41:57.950035][9772] BnD::B1RedisDirectClientReadSession: session connected -> clear buffer
[2024-08-07_10:41:57.950035][9772] BnD::B1RedisDirectClientReadSession: set connection_status to STATUS_CONNECTED: sessionHandleID[1], previous_status:[1]
[2024-08-07_10:41:58.122039][26876] BnD::B1RedisDirectClientWriteSession: selecting redis db: db[0]
[2024-08-07_10:41:58.122039][26876] BnD::B1RedisDirectClientReadSession: selecting redis db: db[0]
[2024-08-07_10:41:58.122988][9772] BnD::B1RedisDirectClientReadSession: redis db selected
[2024-08-07_10:41:58.138099][21108] SemiTS::WebAssistantServiceMFC: Sync server time:[2024-08-07 10:41:58.291]
[2024-08-07_10:41:58.291554][21108] SemiTS::WebAssistantServiceMFC: Sync server time finished
[2024-08-07_10:41:58.293555][21108] SemiTS::WebAssistantServiceMFC: find product type done! disconnecting Administration Service: site[1001], type[1001]
[2024-08-07_10:41:58.496534][21108] BnD::B1RedisDirectClientWriteSession: disconnect called: sessionHandleID[0]
[2024-08-07_10:41:58.496534][21108] BnD::B1RedisDirectClientReadSession: disconnect called: sessionHandleID[1]
[2024-08-07_10:41:58.496534][21108] BnD::B1BaseSessionManager: waiting disconnection: sessionHandleID[0]
[2024-08-07_10:41:58.496534][21108] BnD::B1BaseSessionManager: waiting disconnection: sessionHandleID[1]
[2024-08-07_10:41:58.497753][9772] BnD::B1ArrayBufferReadWriteImpl: read failed: reason[995], message[스레드 종료 또는 응용 프로그램 요청 때문에 I/O 작업이 취소되었습니다]
[2024-08-07_10:41:58.497753][9772] BnD::B1RedisDirectClientReadSession: set connection_status to STATUS_DISCONNECTING: sessionHandleID[1], previous_status:[2], reason[995]
[2024-08-07_10:41:58.497753][10652] BnD::B1ArrayBufferReadWriteImpl: read failed: reason[995], message[스레드 종료 또는 응용 프로그램 요청 때문에 I/O 작업이 취소되었습니다]
[2024-08-07_10:41:58.497753][10652] BnD::B1RedisDirectClientWriteSession: set connection_status to STATUS_DISCONNECTING: sessionHandleID[0], previous_status:[2], reason[995]
[2024-08-07_10:41:59.498362][21108] BnD::B1RedisDirectClientWriteSession: set connection_status to STATUS_DISCONNECTED: sessionHandleID[0], previous_status:[3], reason[995]
[2024-08-07_10:41:59.498362][21108] BnD::B1RedisDirectClientWriteSession: session disconnected
[2024-08-07_10:41:59.514122][21108] BnD::B1RedisDirectClientReadSession: set connection_status to STATUS_DISCONNECTED: sessionHandleID[1], previous_status:[3], reason[995]
[2024-08-07_10:41:59.514206][21108] BnD::B1RedisDirectClientReadSession: session disconnected
[2024-08-07_10:41:59.529409][21108] SemiTS::WebAssistantServiceMFC: starting [WebAssistantService_LPR][1001014] version:[1000][20240423]
[2024-08-07_10:41:59.530425][21108] SemiTS::LPRWebAssistantServicePublic: Connecting [20.20.0.152:9379(0)]
[2024-08-07_10:41:59.530493][21108] BnD::B1RedisDirectClientWriteSession: set connection_status to STATUS_CONNECTING: sessionHandleID[0], previous_status:[-1]
[2024-08-07_10:41:59.530545][21108] BnD::B1ClientSocket: connecting: address[20.20.0.152], port[9379]
[2024-08-07_10:41:59.545539][21108] BnD::B1RedisDirectClientReadSession: set connection_status to STATUS_CONNECTING: sessionHandleID[1], previous_status:[-1]
[2024-08-07_10:41:59.545539][21108] BnD::B1ClientSocket: connecting: address[20.20.0.152], port[9379]
[2024-08-07_10:41:59.546042][37876] BnD::B1RedisDirectClientWriteSession: session connected -> clear buffer
[2024-08-07_10:41:59.546042][37876] BnD::B1RedisDirectClientWriteSession: set connection_status to STATUS_CONNECTED: sessionHandleID[0], previous_status:[1]
[2024-08-07_10:41:59.560676][21108] BnD::B1RedisDirectClientSubscribeSession: set connection_status to STATUS_CONNECTING: sessionHandleID[2], previous_status:[-1]
[2024-08-07_10:41:59.560676][21108] BnD::B1ClientSocket: connecting: address[20.20.0.152], port[9379]
[2024-08-07_10:41:59.560676][36416] BnD::B1RedisDirectClientReadSession: session connected -> clear buffer
[2024-08-07_10:41:59.560676][36416] BnD::B1RedisDirectClientReadSession: set connection_status to STATUS_CONNECTED: sessionHandleID[1], previous_status:[1]
[2024-08-07_10:41:59.580676][26216] BnD::B1RedisDirectClientSubscribeSession: session connected -> clear buffer
[2024-08-07_10:41:59.580676][26216] BnD::B1RedisDirectClientSubscribeSession: set connection_status to STATUS_CONNECTED: sessionHandleID[2], previous_status:[1]
[2024-08-07_10:41:59.745648][8452] BnD::B1RedisDirectClientWriteSession: selecting redis db: db[0]
[2024-08-07_10:41:59.745648][8452] BnD::B1RedisDirectClientReadSession: selecting redis db: db[0]
[2024-08-07_10:41:59.746425][36416] BnD::B1RedisDirectClientReadSession: redis db selected
[2024-08-07_10:41:59.746425][8452] BnD::B1RedisDirectClientSubscribeSession: selecting redis db: db[0]
[2024-08-07_10:41:59.769249][21108] SemiTS::LPRWASWebServer: begin accept: port[22001]
[2024-08-07_10:41:59.794725][21108] SemiTS::LPRWebAssistantServicePublic: initializing performance check: tick[266]
[2024-08-07_10:41:59.794725][21108] SemiTS::WebAssistantServiceMFC: [WebAssistantService_LPR][1001014] version:[1000][20240423] started
[2024-08-07_10:42:03.372218][32720] SemiTS::WASWebServerSession: set connection_status to STATUS_CONNECTED: sessionHandleID[0], previous_status:[-1]
[2024-08-07_10:42:03.372218][32720] BnD::B1HttpServerSessionManager: session modified: sessionHandleID[0]
[2024-08-07_10:42:03.372218][32720] SemiTS::LPRWASWebSocketServerSession: web socket accepted: peerAddress[127.0.0.1], localPort[22001]
[2024-08-07_10:42:03.372218][32720] SemiTS::LPRWASWebSocketServerSession: set connection_status to STATUS_CONNECTED: sessionHandleID[0], previous_status:[-1]
[2024-08-07_10:45:04.977583][32720] BnD::B1WebSocketReadWriteImpl: read failed: reason[10053], message[현재 연결은 사용자의 호스트 시스템의 소프트웨어의 의해 중단되었습니다]
[2024-08-07_10:45:04.977583][32720] SemiTS::LPRWASWebSocketServerSession: set connection_status to STATUS_DISCONNECTING: sessionHandleID[0], previous_status:[2], reason[10053]
[2024-08-07_10:45:05.106232][34360] SemiTS::LPRWASWebSocketServerSession: set connection_status to STATUS_DISCONNECTED: sessionHandleID[0], previous_status:[3], reason[10053]
[2024-08-07_10:45:05.106232][34360] SemiTS::LPRWASWebSocketServerSession: server session disconnected: sessionHandleID[0], peerAddress[127.0.0.1], localPort[22001], reason[10053]
[2024-08-07_10:45:05.276299][32720] SemiTS::WASWebServerSession: set connection_status to STATUS_CONNECTED: sessionHandleID[0], previous_status:[-1]
[2024-08-07_10:45:05.276299][32720] BnD::B1HttpServerSessionManager: session modified: sessionHandleID[0]
[2024-08-07_10:45:05.276299][32720] SemiTS::LPRWASWebSocketServerSession: web socket accepted: peerAddress[127.0.0.1], localPort[22001]
[2024-08-07_10:45:05.276299][32720] SemiTS::LPRWASWebSocketServerSession: set connection_status to STATUS_CONNECTED: sessionHandleID[0], previous_status:[-1]
