[2024-07-31_10:00:52.695150][41572] BnD::B1WebSocketReadWriteImpl: read failed: reason[10053], message[현재 연결은 사용자의 호스트 시스템의 소프트웨어의 의해 중단되었습니다]
[2024-07-31_10:00:52.695150][41572] SemiTS::LPRWASWebSocketServerSession: set connection_status to STATUS_DISCONNECTING: sessionHandleID[1], previous_status:[2], reason[10053]
[2024-07-31_10:00:52.996735][41572] SemiTS::WASWebServerSession: set connection_status to STATUS_CONNECTED: sessionHandleID[2], previous_status:[-1]
[2024-07-31_10:00:52.996735][41572] BnD::B1HttpServerSessionManager: session modified: sessionHandleID[2]
[2024-07-31_10:00:52.996735][41572] SemiTS::LPRWASWebSocketServerSession: web socket accepted: peerAddress[127.0.0.1], localPort[22001]
[2024-07-31_10:00:52.996735][41572] SemiTS::LPRWASWebSocketServerSession: set connection_status to STATUS_CONNECTED: sessionHandleID[2], previous_status:[-1]
[2024-07-31_10:00:53.398772][42680] SemiTS::LPRWASWebSocketServerSession: set connection_status to STATUS_DISCONNECTED: sessionHandleID[1], previous_status:[3], reason[10053]
[2024-07-31_10:00:53.398887][42680] SemiTS::LPRWASWebSocketServerSession: server session disconnected: sessionHandleID[1], peerAddress[127.0.0.1], localPort[22001], reason[10053]
[2024-07-31_10:01:09.393664][41572] BnD::B1WebSocketReadWriteImpl: read failed: reason[1], message[The WebSocket stream was gracefully closed at both endpoints]
[2024-07-31_10:01:09.393664][41572] SemiTS::LPRWASWebSocketServerSession: set connection_status to STATUS_DISCONNECTING: sessionHandleID[2], previous_status:[2], reason[1]
[2024-07-31_10:01:09.518060][42680] SemiTS::LPRWASWebSocketServerSession: set connection_status to STATUS_DISCONNECTED: sessionHandleID[2], previous_status:[3], reason[1]
[2024-07-31_10:01:09.518060][42680] SemiTS::LPRWASWebSocketServerSession: server session disconnected: sessionHandleID[2], peerAddress[], localPort[0], reason[1]
[2024-07-31_10:01:24.874935][41572] SemiTS::WASWebServerSession: set connection_status to STATUS_CONNECTED: sessionHandleID[0], previous_status:[-1]
[2024-07-31_10:01:24.875935][41572] BnD::B1HttpServerSessionManager: session modified: sessionHandleID[0]
[2024-07-31_10:01:24.875935][41572] SemiTS::LPRWASWebSocketServerSession: web socket accepted: peerAddress[127.0.0.1], localPort[22001]
[2024-07-31_10:01:24.875935][41572] SemiTS::LPRWASWebSocketServerSession: set connection_status to STATUS_CONNECTED: sessionHandleID[0], previous_status:[-1]
[2024-07-31_10:02:55.088203][41572] BnD::B1WebSocketReadWriteImpl: read failed: reason[10053], message[현재 연결은 사용자의 호스트 시스템의 소프트웨어의 의해 중단되었습니다]
[2024-07-31_10:02:55.088203][41572] SemiTS::LPRWASWebSocketServerSession: set connection_status to STATUS_DISCONNECTING: sessionHandleID[0], previous_status:[2], reason[10053]
[2024-07-31_10:02:55.282870][42680] SemiTS::LPRWASWebSocketServerSession: set connection_status to STATUS_DISCONNECTED: sessionHandleID[0], previous_status:[3], reason[10053]
[2024-07-31_10:02:55.283377][42680] SemiTS::LPRWASWebSocketServerSession: server session disconnected: sessionHandleID[0], peerAddress[127.0.0.1], localPort[22001], reason[10053]
[2024-07-31_10:02:55.397868][41572] SemiTS::WASWebServerSession: set connection_status to STATUS_CONNECTED: sessionHandleID[0], previous_status:[-1]
[2024-07-31_10:02:55.397868][41572] BnD::B1HttpServerSessionManager: session modified: sessionHandleID[0]
[2024-07-31_10:02:55.397868][41572] SemiTS::LPRWASWebSocketServerSession: web socket accepted: peerAddress[127.0.0.1], localPort[22001]
[2024-07-31_10:02:55.397868][41572] SemiTS::LPRWASWebSocketServerSession: set connection_status to STATUS_CONNECTED: sessionHandleID[0], previous_status:[-1]
[2024-07-31_10:02:59.150872][41572] BnD::B1WebSocketReadWriteImpl: read failed: reason[10053], message[현재 연결은 사용자의 호스트 시스템의 소프트웨어의 의해 중단되었습니다]
[2024-07-31_10:02:59.150872][41572] SemiTS::LPRWASWebSocketServerSession: set connection_status to STATUS_DISCONNECTING: sessionHandleID[0], previous_status:[2], reason[10053]
[2024-07-31_10:02:59.340417][42680] SemiTS::LPRWASWebSocketServerSession: set connection_status to STATUS_DISCONNECTED: sessionHandleID[0], previous_status:[3], reason[10053]
[2024-07-31_10:02:59.340417][42680] SemiTS::LPRWASWebSocketServerSession: server session disconnected: sessionHandleID[0], peerAddress[127.0.0.1], localPort[22001], reason[10053]
[2024-07-31_10:03:01.590346][41572] SemiTS::WASWebServerSession: set connection_status to STATUS_CONNECTED: sessionHandleID[0], previous_status:[-1]
[2024-07-31_10:03:01.591347][41572] BnD::B1HttpServerSessionManager: session modified: sessionHandleID[0]
[2024-07-31_10:03:01.591347][41572] SemiTS::LPRWASWebSocketServerSession: web socket accepted: peerAddress[127.0.0.1], localPort[22001]
[2024-07-31_10:03:01.591347][41572] SemiTS::LPRWASWebSocketServerSession: set connection_status to STATUS_CONNECTED: sessionHandleID[0], previous_status:[-1]
[2024-07-31_10:03:49.832308][41572] BnD::B1WebSocketReadWriteImpl: read failed: reason[1], message[The WebSocket stream was gracefully closed at both endpoints]
[2024-07-31_10:03:49.832308][41572] SemiTS::LPRWASWebSocketServerSession: set connection_status to STATUS_DISCONNECTING: sessionHandleID[0], previous_status:[2], reason[1]
[2024-07-31_10:03:50.792601][42680] SemiTS::LPRWASWebSocketServerSession: set connection_status to STATUS_DISCONNECTED: sessionHandleID[0], previous_status:[3], reason[1]
[2024-07-31_10:03:50.792601][42680] SemiTS::LPRWASWebSocketServerSession: server session disconnected: sessionHandleID[0], peerAddress[], localPort[0], reason[1]
[2024-07-31_10:05:12.260696][41572] SemiTS::WASWebServerSession: set connection_status to STATUS_CONNECTED: sessionHandleID[0], previous_status:[-1]
[2024-07-31_10:05:12.260696][41572] BnD::B1HttpServerSessionManager: session modified: sessionHandleID[0]
[2024-07-31_10:05:12.260696][41572] SemiTS::LPRWASWebSocketServerSession: web socket accepted: peerAddress[127.0.0.1], localPort[22001]
[2024-07-31_10:05:12.260696][41572] SemiTS::LPRWASWebSocketServerSession: set connection_status to STATUS_CONNECTED: sessionHandleID[0], previous_status:[-1]
[2024-07-31_10:05:16.575825][41572] BnD::B1WebSocketReadWriteImpl: read failed: reason[1], message[The WebSocket stream was gracefully closed at both endpoints]
[2024-07-31_10:05:16.575825][41572] SemiTS::LPRWASWebSocketServerSession: set connection_status to STATUS_DISCONNECTING: sessionHandleID[0], previous_status:[2], reason[1]
[2024-07-31_10:05:16.764869][41572] SemiTS::WASWebServerSession: set connection_status to STATUS_CONNECTED: sessionHandleID[1], previous_status:[-1]
[2024-07-31_10:05:16.764869][41572] BnD::B1HttpServerSessionManager: session modified: sessionHandleID[1]
[2024-07-31_10:05:16.764869][41572] SemiTS::LPRWASWebSocketServerSession: web socket accepted: peerAddress[127.0.0.1], localPort[22001]
[2024-07-31_10:05:16.765872][41572] SemiTS::LPRWASWebSocketServerSession: set connection_status to STATUS_CONNECTED: sessionHandleID[1], previous_status:[-1]
[2024-07-31_10:05:17.426985][42680] SemiTS::LPRWASWebSocketServerSession: set connection_status to STATUS_DISCONNECTED: sessionHandleID[0], previous_status:[3], reason[1]
[2024-07-31_10:05:17.426985][42680] SemiTS::LPRWASWebSocketServerSession: server session disconnected: sessionHandleID[0], peerAddress[], localPort[0], reason[1]
[2024-07-31_10:05:56.137674][41572] BnD::B1WebSocketReadWriteImpl: read failed: reason[1], message[The WebSocket stream was gracefully closed at both endpoints]
[2024-07-31_10:05:56.137674][41572] SemiTS::LPRWASWebSocketServerSession: set connection_status to STATUS_DISCONNECTING: sessionHandleID[1], previous_status:[2], reason[1]
[2024-07-31_10:05:56.440617][41572] SemiTS::WASWebServerSession: set connection_status to STATUS_CONNECTED: sessionHandleID[2], previous_status:[-1]
[2024-07-31_10:05:56.440617][41572] BnD::B1HttpServerSessionManager: session modified: sessionHandleID[2]
[2024-07-31_10:05:56.440617][41572] SemiTS::LPRWASWebSocketServerSession: web socket accepted: peerAddress[127.0.0.1], localPort[22001]
[2024-07-31_10:05:56.440617][41572] SemiTS::LPRWASWebSocketServerSession: set connection_status to STATUS_CONNECTED: sessionHandleID[2], previous_status:[-1]
[2024-07-31_10:05:56.690812][42680] SemiTS::LPRWASWebSocketServerSession: set connection_status to STATUS_DISCONNECTED: sessionHandleID[1], previous_status:[3], reason[1]
[2024-07-31_10:05:56.690812][42680] SemiTS::LPRWASWebSocketServerSession: server session disconnected: sessionHandleID[1], peerAddress[], localPort[0], reason[1]
[2024-07-31_10:06:20.190740][41572] BnD::B1WebSocketReadWriteImpl: read failed: reason[1], message[The WebSocket stream was gracefully closed at both endpoints]
[2024-07-31_10:06:20.190740][41572] SemiTS::LPRWASWebSocketServerSession: set connection_status to STATUS_DISCONNECTING: sessionHandleID[2], previous_status:[2], reason[1]
[2024-07-31_10:06:20.454640][41572] SemiTS::WASWebServerSession: set connection_status to STATUS_CONNECTED: sessionHandleID[3], previous_status:[-1]
[2024-07-31_10:06:20.454640][41572] BnD::B1HttpServerSessionManager: session modified: sessionHandleID[3]
[2024-07-31_10:06:20.455641][41572] SemiTS::LPRWASWebSocketServerSession: web socket accepted: peerAddress[127.0.0.1], localPort[22001]
[2024-07-31_10:06:20.455641][41572] SemiTS::LPRWASWebSocketServerSession: set connection_status to STATUS_CONNECTED: sessionHandleID[3], previous_status:[-1]
[2024-07-31_10:06:20.907014][42680] SemiTS::LPRWASWebSocketServerSession: set connection_status to STATUS_DISCONNECTED: sessionHandleID[2], previous_status:[3], reason[1]
[2024-07-31_10:06:20.907014][42680] SemiTS::LPRWASWebSocketServerSession: server session disconnected: sessionHandleID[2], peerAddress[], localPort[0], reason[1]
[2024-07-31_10:06:33.496138][41572] BnD::B1WebSocketReadWriteImpl: read failed: reason[1], message[The WebSocket stream was gracefully closed at both endpoints]
[2024-07-31_10:06:33.496138][41572] SemiTS::LPRWASWebSocketServerSession: set connection_status to STATUS_DISCONNECTING: sessionHandleID[3], previous_status:[2], reason[1]
[2024-07-31_10:06:34.050562][42680] SemiTS::LPRWASWebSocketServerSession: set connection_status to STATUS_DISCONNECTED: sessionHandleID[3], previous_status:[3], reason[1]
[2024-07-31_10:06:34.050562][42680] SemiTS::LPRWASWebSocketServerSession: server session disconnected: sessionHandleID[3], peerAddress[], localPort[0], reason[1]
[2024-07-31_10:06:36.341667][41572] SemiTS::WASWebServerSession: set connection_status to STATUS_CONNECTED: sessionHandleID[0], previous_status:[-1]
[2024-07-31_10:06:36.341667][41572] BnD::B1HttpServerSessionManager: session modified: sessionHandleID[0]
[2024-07-31_10:06:36.341667][41572] SemiTS::LPRWASWebSocketServerSession: web socket accepted: peerAddress[127.0.0.1], localPort[22001]
[2024-07-31_10:06:36.341667][41572] SemiTS::LPRWASWebSocketServerSession: set connection_status to STATUS_CONNECTED: sessionHandleID[0], previous_status:[-1]
[2024-07-31_10:06:38.592638][41572] BnD::B1WebSocketReadWriteImpl: read failed: reason[10054], message[현재 연결은 원격 호스트에 의해 강제로 끊겼습니다]
[2024-07-31_10:06:38.593637][41572] SemiTS::LPRWASWebSocketServerSession: set connection_status to STATUS_DISCONNECTING: sessionHandleID[0], previous_status:[2], reason[10054]
[2024-07-31_10:06:38.856540][41572] SemiTS::WASWebServerSession: set connection_status to STATUS_CONNECTED: sessionHandleID[1], previous_status:[-1]
[2024-07-31_10:06:38.856540][41572] BnD::B1HttpServerSessionManager: session modified: sessionHandleID[1]
[2024-07-31_10:06:38.856540][41572] SemiTS::LPRWASWebSocketServerSession: web socket accepted: peerAddress[127.0.0.1], localPort[22001]
[2024-07-31_10:06:38.856540][41572] SemiTS::LPRWASWebSocketServerSession: set connection_status to STATUS_CONNECTED: sessionHandleID[1], previous_status:[-1]
[2024-07-31_10:06:39.078555][42680] SemiTS::LPRWASWebSocketServerSession: set connection_status to STATUS_DISCONNECTED: sessionHandleID[0], previous_status:[3], reason[10054]
[2024-07-31_10:06:39.078555][42680] SemiTS::LPRWASWebSocketServerSession: server session disconnected: sessionHandleID[0], peerAddress[127.0.0.1], localPort[22001], reason[10054]
[2024-07-31_10:16:51.811513][41572] BnD::B1WebSocketReadWriteImpl: read failed: reason[1], message[The WebSocket stream was gracefully closed at both endpoints]
[2024-07-31_10:16:51.811513][41572] SemiTS::LPRWASWebSocketServerSession: set connection_status to STATUS_DISCONNECTING: sessionHandleID[1], previous_status:[2], reason[1]
[2024-07-31_10:16:52.090686][41572] SemiTS::WASWebServerSession: set connection_status to STATUS_CONNECTED: sessionHandleID[2], previous_status:[-1]
[2024-07-31_10:16:52.090686][41572] BnD::B1HttpServerSessionManager: session modified: sessionHandleID[2]
[2024-07-31_10:16:52.090686][41572] SemiTS::LPRWASWebSocketServerSession: web socket accepted: peerAddress[127.0.0.1], localPort[22001]
[2024-07-31_10:16:52.090686][41572] SemiTS::LPRWASWebSocketServerSession: set connection_status to STATUS_CONNECTED: sessionHandleID[2], previous_status:[-1]
[2024-07-31_10:16:52.409516][42680] SemiTS::LPRWASWebSocketServerSession: set connection_status to STATUS_DISCONNECTED: sessionHandleID[1], previous_status:[3], reason[1]
[2024-07-31_10:16:52.409516][42680] SemiTS::LPRWASWebSocketServerSession: server session disconnected: sessionHandleID[1], peerAddress[], localPort[0], reason[1]
[2024-07-31_10:19:48.351682][41572] BnD::B1WebSocketReadWriteImpl: read failed: reason[1], message[The WebSocket stream was gracefully closed at both endpoints]
[2024-07-31_10:19:48.351682][41572] SemiTS::LPRWASWebSocketServerSession: set connection_status to STATUS_DISCONNECTING: sessionHandleID[2], previous_status:[2], reason[1]
[2024-07-31_10:19:48.523173][41572] SemiTS::WASWebServerSession: set connection_status to STATUS_CONNECTED: sessionHandleID[3], previous_status:[-1]
[2024-07-31_10:19:48.524177][41572] BnD::B1HttpServerSessionManager: session modified: sessionHandleID[3]
[2024-07-31_10:19:48.524177][41572] SemiTS::LPRWASWebSocketServerSession: web socket accepted: peerAddress[127.0.0.1], localPort[22001]
[2024-07-31_10:19:48.524177][41572] SemiTS::LPRWASWebSocketServerSession: set connection_status to STATUS_CONNECTED: sessionHandleID[3], previous_status:[-1]
[2024-07-31_10:19:48.687343][42680] SemiTS::LPRWASWebSocketServerSession: set connection_status to STATUS_DISCONNECTED: sessionHandleID[2], previous_status:[3], reason[1]
[2024-07-31_10:19:48.687343][42680] SemiTS::LPRWASWebSocketServerSession: server session disconnected: sessionHandleID[2], peerAddress[], localPort[0], reason[1]
[2024-07-31_10:25:43.984354][41572] BnD::B1WebSocketReadWriteImpl: read failed: reason[1], message[The WebSocket stream was gracefully closed at both endpoints]
[2024-07-31_10:25:43.984354][41572] SemiTS::LPRWASWebSocketServerSession: set connection_status to STATUS_DISCONNECTING: sessionHandleID[3], previous_status:[2], reason[1]
[2024-07-31_10:25:44.153150][41572] SemiTS::WASWebServerSession: set connection_status to STATUS_CONNECTED: sessionHandleID[4], previous_status:[-1]
[2024-07-31_10:25:44.153150][41572] BnD::B1HttpServerSessionManager: session modified: sessionHandleID[4]
[2024-07-31_10:25:44.153150][41572] SemiTS::LPRWASWebSocketServerSession: web socket accepted: peerAddress[127.0.0.1], localPort[22001]
[2024-07-31_10:25:44.153150][41572] SemiTS::LPRWASWebSocketServerSession: set connection_status to STATUS_CONNECTED: sessionHandleID[4], previous_status:[-1]
[2024-07-31_10:25:44.267656][42680] SemiTS::LPRWASWebSocketServerSession: set connection_status to STATUS_DISCONNECTED: sessionHandleID[3], previous_status:[3], reason[1]
[2024-07-31_10:25:44.267656][42680] SemiTS::LPRWASWebSocketServerSession: server session disconnected: sessionHandleID[3], peerAddress[], localPort[0], reason[1]
[2024-07-31_10:57:28.239914][41572] BnD::B1WebSocketReadWriteImpl: read failed: reason[1], message[The WebSocket stream was gracefully closed at both endpoints]
[2024-07-31_10:57:28.239914][41572] SemiTS::LPRWASWebSocketServerSession: set connection_status to STATUS_DISCONNECTING: sessionHandleID[4], previous_status:[2], reason[1]
[2024-07-31_10:57:28.528979][41572] SemiTS::WASWebServerSession: set connection_status to STATUS_CONNECTED: sessionHandleID[5], previous_status:[-1]
[2024-07-31_10:57:28.528979][41572] BnD::B1HttpServerSessionManager: session modified: sessionHandleID[5]
[2024-07-31_10:57:28.528979][41572] SemiTS::LPRWASWebSocketServerSession: web socket accepted: peerAddress[127.0.0.1], localPort[22001]
[2024-07-31_10:57:28.528979][41572] SemiTS::LPRWASWebSocketServerSession: set connection_status to STATUS_CONNECTED: sessionHandleID[5], previous_status:[-1]
[2024-07-31_10:57:29.218037][42680] SemiTS::LPRWASWebSocketServerSession: set connection_status to STATUS_DISCONNECTED: sessionHandleID[4], previous_status:[3], reason[1]
[2024-07-31_10:57:29.218232][42680] SemiTS::LPRWASWebSocketServerSession: server session disconnected: sessionHandleID[4], peerAddress[], localPort[0], reason[1]
[2024-07-31_10:58:12.420586][41572] BnD::B1WebSocketReadWriteImpl: read failed: reason[1], message[The WebSocket stream was gracefully closed at both endpoints]
[2024-07-31_10:58:12.420586][41572] SemiTS::LPRWASWebSocketServerSession: set connection_status to STATUS_DISCONNECTING: sessionHandleID[5], previous_status:[2], reason[1]
[2024-07-31_10:58:12.514853][42680] SemiTS::LPRWASWebSocketServerSession: set connection_status to STATUS_DISCONNECTED: sessionHandleID[5], previous_status:[3], reason[1]
[2024-07-31_10:58:12.515358][42680] SemiTS::LPRWASWebSocketServerSession: server session disconnected: sessionHandleID[5], peerAddress[], localPort[0], reason[1]
[2024-07-31_10:58:12.718725][41572] SemiTS::WASWebServerSession: set connection_status to STATUS_CONNECTED: sessionHandleID[0], previous_status:[-1]
[2024-07-31_10:58:12.718725][41572] BnD::B1HttpServerSessionManager: session modified: sessionHandleID[0]
[2024-07-31_10:58:12.718725][41572] SemiTS::LPRWASWebSocketServerSession: web socket accepted: peerAddress[127.0.0.1], localPort[22001]
[2024-07-31_10:58:12.718725][41572] SemiTS::LPRWASWebSocketServerSession: set connection_status to STATUS_CONNECTED: sessionHandleID[0], previous_status:[-1]
