[2024-08-05_11:33:02.294845][8944] SemiTS::WebAssistantServiceMFC: stopping [WebAssistantService_LPR][1001014] version:[1000][20240423]
[2024-08-05_11:33:02.294845][20640] BnD::B1Acceptor: closing acceptor
[2024-08-05_11:33:02.294845][23416] SemiTS::LPRWASWebServer: accept error: peerAddress[], localPort[0], reason[995]
[2024-08-05_11:33:02.403108][20640] BnD::B1Acceptor: acceptor closed
[2024-08-05_11:33:03.185998][8944] SemiTS::WebAssistantServiceMFC: stopping [WebAssistantService_LPR][1001014] version:[1000][20240423]
[2024-08-05_11:33:03.311872][20640] SemiTS::LPRWASWebSocketServerSession: disconnect called: sessionHandleID[0]
[2024-08-05_11:33:03.311872][20640] BnD::B1HttpServerSessionManager: waiting disconnection: sessionHandleID[0]
[2024-08-05_11:33:03.311872][23416] BnD::B1WebSocketReadWriteImpl: read failed: reason[1236], message[네트워크 연결이 로컬 시스템에 의해 취소되었습니다]
[2024-08-05_11:33:03.311872][23416] SemiTS::LPRWASWebSocketServerSession: set connection_status to STATUS_DISCONNECTING: sessionHandleID[0], previous_status:[2], reason[1236]
[2024-08-05_11:33:04.322983][20640] SemiTS::LPRWASWebSocketServerSession: set connection_status to STATUS_DISCONNECTED: sessionHandleID[0], previous_status:[3], reason[1236]
[2024-08-05_11:33:04.322983][20640] SemiTS::LPRWASWebSocketServerSession: server session disconnected: sessionHandleID[0], peerAddress[], localPort[0], reason[1236]
[2024-08-05_11:33:04.322983][20640] BnD::B1HttpServerSessionManager: reserveRemoveSession requested. but manager is not alived
[2024-08-05_11:33:04.540013][20640] BnD::B1RedisDirectClientWriteSession: disconnect called: sessionHandleID[0]
[2024-08-05_11:33:04.540013][20640] BnD::B1RedisDirectClientReadSession: disconnect called: sessionHandleID[1]
[2024-08-05_11:33:04.540013][20640] BnD::B1RedisDirectClientSubscribeSession: disconnect called: sessionHandleID[2]
[2024-08-05_11:33:04.540013][20640] BnD::B1BaseSessionManager: waiting disconnection: sessionHandleID[0]
[2024-08-05_11:33:04.540013][20640] BnD::B1BaseSessionManager: waiting disconnection: sessionHandleID[1]
[2024-08-05_11:33:04.540013][20640] BnD::B1BaseSessionManager: waiting disconnection: sessionHandleID[2]
[2024-08-05_11:33:04.541037][756] BnD::B1ArrayBufferReadWriteImpl: read failed: reason[995], message[스레드 종료 또는 응용 프로그램 요청 때문에 I/O 작업이 취소되었습니다]
[2024-08-05_11:33:04.541037][756] BnD::B1RedisDirectClientWriteSession: set connection_status to STATUS_DISCONNECTING: sessionHandleID[0], previous_status:[2], reason[995]
[2024-08-05_11:33:04.541037][12996] BnD::B1ArrayBufferReadWriteImpl: read failed: reason[995], message[스레드 종료 또는 응용 프로그램 요청 때문에 I/O 작업이 취소되었습니다]
[2024-08-05_11:33:04.541037][12996] BnD::B1RedisDirectClientReadSession: set connection_status to STATUS_DISCONNECTING: sessionHandleID[1], previous_status:[2], reason[995]
[2024-08-05_11:33:04.541037][15328] BnD::B1ArrayBufferReadWriteImpl: read failed: reason[995], message[스레드 종료 또는 응용 프로그램 요청 때문에 I/O 작업이 취소되었습니다]
[2024-08-05_11:33:04.541037][15328] BnD::B1RedisDirectClientSubscribeSession: set connection_status to STATUS_DISCONNECTING: sessionHandleID[2], previous_status:[2], reason[995]
[2024-08-05_11:33:05.546668][20640] BnD::B1RedisDirectClientWriteSession: set connection_status to STATUS_DISCONNECTED: sessionHandleID[0], previous_status:[3], reason[995]
[2024-08-05_11:33:05.546668][20640] BnD::B1RedisDirectClientWriteSession: session disconnected
[2024-08-05_11:33:05.561616][20640] BnD::B1RedisDirectClientReadSession: set connection_status to STATUS_DISCONNECTED: sessionHandleID[1], previous_status:[3], reason[995]
[2024-08-05_11:33:05.561616][20640] BnD::B1RedisDirectClientReadSession: session disconnected
[2024-08-05_11:33:05.576353][20640] BnD::B1RedisDirectClientSubscribeSession: set connection_status to STATUS_DISCONNECTED: sessionHandleID[2], previous_status:[3], reason[995]
[2024-08-05_11:33:05.576353][20640] BnD::B1RedisDirectClientSubscribeSession: session disconnected
[2024-08-05_11:33:05.591253][20640] SemiTS::WebAssistantServiceMFC: [WebAssistantService_LPR][1001014] version:[1000][20240423] stopped
