[2024-07-31_17:37:02.694542][16372] SemiTS::WebAssistantServiceMFC: connecting Administration Service for find equipment type...
[2024-07-31_17:37:02.694542][16372] BnD::B1RedisDirectClientWriteSession: set connection_status to STATUS_CONNECTING: sessionHandleID[0], previous_status:[-1]
[2024-07-31_17:37:02.694542][16372] BnD::B1ClientSocket: connecting: address[127.0.0.1], port[9379]
[2024-07-31_17:37:02.724553][16372] BnD::B1RedisDirectClientReadSession: set connection_status to STATUS_CONNECTING: sessionHandleID[1], previous_status:[-1]
[2024-07-31_17:37:02.724553][16372] BnD::B1ClientSocket: connecting: address[127.0.0.1], port[9379]
[2024-07-31_17:37:02.724553][13436] BnD::B1RedisDirectClientWriteSession: session connected -> clear buffer
[2024-07-31_17:37:02.724553][13436] BnD::B1RedisDirectClientWriteSession: set connection_status to STATUS_CONNECTED: sessionHandleID[0], previous_status:[1]
[2024-07-31_17:37:02.739847][5156] BnD::B1RedisDirectClientReadSession: session connected -> clear buffer
[2024-07-31_17:37:02.739847][5156] BnD::B1RedisDirectClientReadSession: set connection_status to STATUS_CONNECTED: sessionHandleID[1], previous_status:[1]
[2024-07-31_17:37:02.909622][4592] BnD::B1RedisDirectClientReadSession: selecting redis db: db[0]
[2024-07-31_17:37:02.910032][5156] BnD::B1RedisDirectClientReadSession: redis db selected
[2024-07-31_17:37:02.910032][4592] BnD::B1RedisDirectClientWriteSession: selecting redis db: db[0]
[2024-07-31_17:37:02.925426][16372] SemiTS::WebAssistantServiceMFC: Sync server time:[2024-07-31 17:37:02.925]
[2024-07-31_17:37:02.925554][16372] SemiTS::WebAssistantServiceMFC: Sync server time finished
[2024-07-31_17:37:02.925554][16372] SemiTS::WebAssistantServiceMFC: find product type done! disconnecting Administration Service: site[1001], type[1001]
[2024-07-31_17:37:03.131068][16372] BnD::B1RedisDirectClientReadSession: disconnect called: sessionHandleID[1]
[2024-07-31_17:37:03.131068][16372] BnD::B1RedisDirectClientWriteSession: disconnect called: sessionHandleID[0]
[2024-07-31_17:37:03.131068][16372] BnD::B1BaseSessionManager: waiting disconnection: sessionHandleID[1]
[2024-07-31_17:37:03.131068][16372] BnD::B1BaseSessionManager: waiting disconnection: sessionHandleID[0]
[2024-07-31_17:37:03.132073][13436] BnD::B1ArrayBufferReadWriteImpl: read failed: reason[995], message[스레드 종료 또는 응용 프로그램 요청 때문에 I/O 작업이 취소되었습니다]
[2024-07-31_17:37:03.132073][13436] BnD::B1RedisDirectClientWriteSession: set connection_status to STATUS_DISCONNECTING: sessionHandleID[0], previous_status:[2], reason[995]
[2024-07-31_17:37:03.132073][5156] BnD::B1ArrayBufferReadWriteImpl: read failed: reason[995], message[스레드 종료 또는 응용 프로그램 요청 때문에 I/O 작업이 취소되었습니다]
[2024-07-31_17:37:03.132073][5156] BnD::B1RedisDirectClientReadSession: set connection_status to STATUS_DISCONNECTING: sessionHandleID[1], previous_status:[2], reason[995]
[2024-07-31_17:37:04.140864][16372] BnD::B1RedisDirectClientReadSession: set connection_status to STATUS_DISCONNECTED: sessionHandleID[1], previous_status:[3], reason[995]
[2024-07-31_17:37:04.140864][16372] BnD::B1RedisDirectClientReadSession: session disconnected
[2024-07-31_17:37:04.156866][16372] BnD::B1RedisDirectClientWriteSession: set connection_status to STATUS_DISCONNECTED: sessionHandleID[0], previous_status:[3], reason[995]
[2024-07-31_17:37:04.156866][16372] BnD::B1RedisDirectClientWriteSession: session disconnected
[2024-07-31_17:37:04.171601][16372] SemiTS::WebAssistantServiceMFC: starting [WebAssistantService_LPR][1001014] version:[1000][20240423]
[2024-07-31_17:37:04.171659][16372] SemiTS::LPRWebAssistantServicePublic: Connecting [127.0.0.1:9379(0)]
[2024-07-31_17:37:04.171659][16372] BnD::B1RedisDirectClientWriteSession: set connection_status to STATUS_CONNECTING: sessionHandleID[0], previous_status:[-1]
[2024-07-31_17:37:04.171659][16372] BnD::B1ClientSocket: connecting: address[127.0.0.1], port[9379]
[2024-07-31_17:37:04.187280][16372] BnD::B1RedisDirectClientReadSession: set connection_status to STATUS_CONNECTING: sessionHandleID[1], previous_status:[-1]
[2024-07-31_17:37:04.187280][16372] BnD::B1ClientSocket: connecting: address[127.0.0.1], port[9379]
[2024-07-31_17:37:04.187280][17856] BnD::B1RedisDirectClientWriteSession: session connected -> clear buffer
[2024-07-31_17:37:04.187280][17856] BnD::B1RedisDirectClientWriteSession: set connection_status to STATUS_CONNECTED: sessionHandleID[0], previous_status:[1]
[2024-07-31_17:37:04.202482][16372] BnD::B1RedisDirectClientSubscribeSession: set connection_status to STATUS_CONNECTING: sessionHandleID[2], previous_status:[-1]
[2024-07-31_17:37:04.202482][16372] BnD::B1ClientSocket: connecting: address[127.0.0.1], port[9379]
[2024-07-31_17:37:04.202482][14288] BnD::B1RedisDirectClientReadSession: session connected -> clear buffer
[2024-07-31_17:37:04.202482][14288] BnD::B1RedisDirectClientReadSession: set connection_status to STATUS_CONNECTED: sessionHandleID[1], previous_status:[1]
[2024-07-31_17:37:04.221589][712] BnD::B1RedisDirectClientSubscribeSession: session connected -> clear buffer
[2024-07-31_17:37:04.221589][712] BnD::B1RedisDirectClientSubscribeSession: set connection_status to STATUS_CONNECTED: sessionHandleID[2], previous_status:[1]
[2024-07-31_17:37:04.376522][13684] BnD::B1RedisDirectClientWriteSession: selecting redis db: db[0]
[2024-07-31_17:37:04.376522][13684] BnD::B1RedisDirectClientReadSession: selecting redis db: db[0]
[2024-07-31_17:37:04.376522][14288] BnD::B1RedisDirectClientReadSession: redis db selected
[2024-07-31_17:37:04.376522][13684] BnD::B1RedisDirectClientSubscribeSession: selecting redis db: db[0]
[2024-07-31_17:37:04.393091][16372] SemiTS::LPRWASWebServer: begin accept: port[22001]
[2024-07-31_17:37:04.424284][16372] SemiTS::LPRWebAssistantServicePublic: initializing performance check: tick[250]
[2024-07-31_17:37:04.424284][16372] SemiTS::WebAssistantServiceMFC: [WebAssistantService_LPR][1001014] version:[1000][20240423] started
[2024-07-31_17:37:07.103810][20948] SemiTS::WASWebServerSession: set connection_status to STATUS_CONNECTED: sessionHandleID[0], previous_status:[-1]
[2024-07-31_17:37:07.103810][20948] BnD::B1HttpServerSessionManager: session modified: sessionHandleID[0]
[2024-07-31_17:37:07.103810][20948] SemiTS::LPRWASWebSocketServerSession: web socket accepted: peerAddress[127.0.0.1], localPort[22001]
[2024-07-31_17:37:07.103810][20948] SemiTS::LPRWASWebSocketServerSession: set connection_status to STATUS_CONNECTED: sessionHandleID[0], previous_status:[-1]
[2024-07-31_17:38:40.404788][20948] BnD::B1WebSocketReadWriteImpl: read failed: reason[10053], message[현재 연결은 사용자의 호스트 시스템의 소프트웨어의 의해 중단되었습니다]
[2024-07-31_17:38:40.404788][20948] SemiTS::LPRWASWebSocketServerSession: set connection_status to STATUS_DISCONNECTING: sessionHandleID[0], previous_status:[2], reason[10053]
[2024-07-31_17:38:41.303770][20060] SemiTS::LPRWASWebSocketServerSession: set connection_status to STATUS_DISCONNECTED: sessionHandleID[0], previous_status:[3], reason[10053]
[2024-07-31_17:38:41.303770][20060] SemiTS::LPRWASWebSocketServerSession: server session disconnected: sessionHandleID[0], peerAddress[127.0.0.1], localPort[22001], reason[10053]
[2024-07-31_17:38:42.664912][20948] SemiTS::WASWebServerSession: set connection_status to STATUS_CONNECTED: sessionHandleID[0], previous_status:[-1]
[2024-07-31_17:38:42.664912][20948] BnD::B1HttpServerSessionManager: session modified: sessionHandleID[0]
[2024-07-31_17:38:42.664912][20948] SemiTS::LPRWASWebSocketServerSession: web socket accepted: peerAddress[127.0.0.1], localPort[22001]
[2024-07-31_17:38:42.664912][20948] SemiTS::LPRWASWebSocketServerSession: set connection_status to STATUS_CONNECTED: sessionHandleID[0], previous_status:[-1]
[2024-07-31_17:52:17.096204][20948] BnD::B1WebSocketReadWriteImpl: read failed: reason[10054], message[현재 연결은 원격 호스트에 의해 강제로 끊겼습니다]
[2024-07-31_17:52:17.096204][20948] SemiTS::LPRWASWebSocketServerSession: set connection_status to STATUS_DISCONNECTING: sessionHandleID[0], previous_status:[2], reason[10054]
[2024-07-31_17:52:17.401860][20948] SemiTS::WASWebServerSession: set connection_status to STATUS_CONNECTED: sessionHandleID[1], previous_status:[-1]
[2024-07-31_17:52:17.401860][20948] BnD::B1HttpServerSessionManager: session modified: sessionHandleID[1]
[2024-07-31_17:52:17.401860][20948] SemiTS::LPRWASWebSocketServerSession: web socket accepted: peerAddress[127.0.0.1], localPort[22001]
[2024-07-31_17:52:17.402862][20948] SemiTS::LPRWASWebSocketServerSession: set connection_status to STATUS_CONNECTED: sessionHandleID[1], previous_status:[-1]
[2024-07-31_17:52:17.764749][20060] SemiTS::LPRWASWebSocketServerSession: set connection_status to STATUS_DISCONNECTED: sessionHandleID[0], previous_status:[3], reason[10054]
[2024-07-31_17:52:17.764749][20060] SemiTS::LPRWASWebSocketServerSession: server session disconnected: sessionHandleID[0], peerAddress[127.0.0.1], localPort[22001], reason[10054]
[2024-07-31_17:53:04.011087][20948] BnD::B1WebSocketReadWriteImpl: read failed: reason[10053], message[현재 연결은 사용자의 호스트 시스템의 소프트웨어의 의해 중단되었습니다]
[2024-07-31_17:53:04.011087][20948] SemiTS::LPRWASWebSocketServerSession: set connection_status to STATUS_DISCONNECTING: sessionHandleID[1], previous_status:[2], reason[10053]
[2024-07-31_17:53:04.217920][20060] SemiTS::LPRWASWebSocketServerSession: set connection_status to STATUS_DISCONNECTED: sessionHandleID[1], previous_status:[3], reason[10053]
[2024-07-31_17:53:04.217920][20060] SemiTS::LPRWASWebSocketServerSession: server session disconnected: sessionHandleID[1], peerAddress[127.0.0.1], localPort[22001], reason[10053]
[2024-07-31_17:53:04.286959][20948] SemiTS::WASWebServerSession: set connection_status to STATUS_CONNECTED: sessionHandleID[0], previous_status:[-1]
[2024-07-31_17:53:04.286959][20948] BnD::B1HttpServerSessionManager: session modified: sessionHandleID[0]
[2024-07-31_17:53:04.286959][20948] SemiTS::LPRWASWebSocketServerSession: web socket accepted: peerAddress[127.0.0.1], localPort[22001]
[2024-07-31_17:53:04.286959][20948] SemiTS::LPRWASWebSocketServerSession: set connection_status to STATUS_CONNECTED: sessionHandleID[0], previous_status:[-1]
