[2024-07-30_09:07:22.112088][12636] SemiTS::WebAssistantServiceMFC: connecting Administration Service for find equipment type...
[2024-07-30_09:07:22.112088][12636] BnD::B1RedisDirectClientWriteSession: set connection_status to STATUS_CONNECTING: sessionHandleID[0], previous_status:[-1]
[2024-07-30_09:07:22.112088][12636] BnD::B1ClientSocket: connecting: address[127.0.0.1], port[9379]
[2024-07-30_09:07:22.136940][12636] BnD::B1RedisDirectClientReadSession: set connection_status to STATUS_CONNECTING: sessionHandleID[1], previous_status:[-1]
[2024-07-30_09:07:22.136940][12636] BnD::B1ClientSocket: connecting: address[127.0.0.1], port[9379]
[2024-07-30_09:07:22.136940][31792] BnD::B1RedisDirectClientWriteSession: session connected -> clear buffer
[2024-07-30_09:07:22.136940][31792] BnD::B1RedisDirectClientWriteSession: set connection_status to STATUS_CONNECTED: sessionHandleID[0], previous_status:[1]
[2024-07-30_09:07:22.152540][28524] BnD::B1RedisDirectClientReadSession: session connected -> clear buffer
[2024-07-30_09:07:22.152540][28524] BnD::B1RedisDirectClientReadSession: set connection_status to STATUS_CONNECTED: sessionHandleID[1], previous_status:[1]
[2024-07-30_09:07:22.325726][38616] BnD::B1RedisDirectClientReadSession: selecting redis db: db[0]
[2024-07-30_09:07:22.325726][28524] BnD::B1RedisDirectClientReadSession: redis db selected
[2024-07-30_09:07:22.325726][38616] BnD::B1RedisDirectClientWriteSession: selecting redis db: db[0]
[2024-07-30_09:07:22.341322][12636] SemiTS::WebAssistantServiceMFC: Sync server time:[2024-07-30 09:07:22.341]
[2024-07-30_09:07:22.341564][12636] SemiTS::WebAssistantServiceMFC: Sync server time finished
[2024-07-30_09:07:22.341564][12636] SemiTS::WebAssistantServiceMFC: find product type done! disconnecting Administration Service: site[1001], type[1001]
[2024-07-30_09:07:22.545870][12636] BnD::B1RedisDirectClientReadSession: disconnect called: sessionHandleID[1]
[2024-07-30_09:07:22.545870][12636] BnD::B1RedisDirectClientWriteSession: disconnect called: sessionHandleID[0]
[2024-07-30_09:07:22.545870][12636] BnD::B1BaseSessionManager: waiting disconnection: sessionHandleID[1]
[2024-07-30_09:07:22.545870][12636] BnD::B1BaseSessionManager: waiting disconnection: sessionHandleID[0]
[2024-07-30_09:07:22.546847][31792] BnD::B1ArrayBufferReadWriteImpl: read failed: reason[995], message[스레드 종료 또는 응용 프로그램 요청 때문에 I/O 작업이 취소되었습니다]
[2024-07-30_09:07:22.546847][31792] BnD::B1RedisDirectClientWriteSession: set connection_status to STATUS_DISCONNECTING: sessionHandleID[0], previous_status:[2], reason[995]
[2024-07-30_09:07:22.546847][28524] BnD::B1ArrayBufferReadWriteImpl: read failed: reason[995], message[스레드 종료 또는 응용 프로그램 요청 때문에 I/O 작업이 취소되었습니다]
[2024-07-30_09:07:22.546847][28524] BnD::B1RedisDirectClientReadSession: set connection_status to STATUS_DISCONNECTING: sessionHandleID[1], previous_status:[2], reason[995]
[2024-07-30_09:07:23.560210][12636] BnD::B1RedisDirectClientReadSession: set connection_status to STATUS_DISCONNECTED: sessionHandleID[1], previous_status:[3], reason[995]
[2024-07-30_09:07:23.560210][12636] BnD::B1RedisDirectClientReadSession: session disconnected
[2024-07-30_09:07:23.592100][12636] BnD::B1RedisDirectClientWriteSession: set connection_status to STATUS_DISCONNECTED: sessionHandleID[0], previous_status:[3], reason[995]
[2024-07-30_09:07:23.592100][12636] BnD::B1RedisDirectClientWriteSession: session disconnected
[2024-07-30_09:07:23.623283][12636] SemiTS::WebAssistantServiceMFC: starting [WebAssistantService_LPR][1001014] version:[1000][20240423]
[2024-07-30_09:07:23.623283][12636] SemiTS::LPRWebAssistantServicePublic: Connecting [127.0.0.1:9379(0)]
[2024-07-30_09:07:23.623283][12636] BnD::B1RedisDirectClientWriteSession: set connection_status to STATUS_CONNECTING: sessionHandleID[0], previous_status:[-1]
[2024-07-30_09:07:23.623283][12636] BnD::B1ClientSocket: connecting: address[127.0.0.1], port[9379]
[2024-07-30_09:07:23.638878][12636] BnD::B1RedisDirectClientReadSession: set connection_status to STATUS_CONNECTING: sessionHandleID[1], previous_status:[-1]
[2024-07-30_09:07:23.638878][12636] BnD::B1ClientSocket: connecting: address[127.0.0.1], port[9379]
[2024-07-30_09:07:23.638878][36516] BnD::B1RedisDirectClientWriteSession: session connected -> clear buffer
[2024-07-30_09:07:23.638878][36516] BnD::B1RedisDirectClientWriteSession: set connection_status to STATUS_CONNECTED: sessionHandleID[0], previous_status:[1]
[2024-07-30_09:07:23.654503][12636] BnD::B1RedisDirectClientSubscribeSession: set connection_status to STATUS_CONNECTING: sessionHandleID[2], previous_status:[-1]
[2024-07-30_09:07:23.654503][12636] BnD::B1ClientSocket: connecting: address[127.0.0.1], port[9379]
[2024-07-30_09:07:23.654503][39572] BnD::B1RedisDirectClientReadSession: session connected -> clear buffer
[2024-07-30_09:07:23.654503][39572] BnD::B1RedisDirectClientReadSession: set connection_status to STATUS_CONNECTED: sessionHandleID[1], previous_status:[1]
[2024-07-30_09:07:23.665531][36160] BnD::B1RedisDirectClientSubscribeSession: session connected -> clear buffer
[2024-07-30_09:07:23.665531][36160] BnD::B1RedisDirectClientSubscribeSession: set connection_status to STATUS_CONNECTED: sessionHandleID[2], previous_status:[1]
[2024-07-30_09:07:23.839175][9112] BnD::B1RedisDirectClientSubscribeSession: selecting redis db: db[0]
[2024-07-30_09:07:23.839175][9112] BnD::B1RedisDirectClientWriteSession: selecting redis db: db[0]
[2024-07-30_09:07:23.839175][9112] BnD::B1RedisDirectClientReadSession: selecting redis db: db[0]
[2024-07-30_09:07:23.839175][39572] BnD::B1RedisDirectClientReadSession: redis db selected
[2024-07-30_09:07:23.854763][12636] SemiTS::LPRWASWebServer: begin accept: port[22001]
[2024-07-30_09:07:23.893552][12636] SemiTS::LPRWebAssistantServicePublic: initializing performance check: tick[265]
[2024-07-30_09:07:23.893552][12636] SemiTS::WebAssistantServiceMFC: [WebAssistantService_LPR][1001014] version:[1000][20240423] started
[2024-07-30_09:07:28.132259][28432] SemiTS::WASWebServerSession: set connection_status to STATUS_CONNECTED: sessionHandleID[0], previous_status:[-1]
[2024-07-30_09:07:28.133479][28432] BnD::B1HttpServerSessionManager: session modified: sessionHandleID[0]
[2024-07-30_09:07:28.133479][28432] SemiTS::LPRWASWebSocketServerSession: web socket accepted: peerAddress[127.0.0.1], localPort[22001]
[2024-07-30_09:07:28.134493][28432] SemiTS::LPRWASWebSocketServerSession: set connection_status to STATUS_CONNECTED: sessionHandleID[0], previous_status:[-1]
[2024-07-30_09:07:45.345647][36160] SemiTS::LPRWebAssistantServicePublic: {"MessageID":"LPRZonePurgeAttributesMsg","MessageData":{"ArchiveObject":{"ZoneID":"11110010","Flow1":"20","Flow2":"24","Flow3":"30","Pressure":"8","Humidity":"74","Temperature":"85"},"BaseTime":""}}
[2024-07-30_09:07:45.345647][36160] SemiTS::LPRWebAssistantServicePublic: {"MessageID":"LPRZonePurgeAttributesMsg","MessageData":{"ArchiveObject":{"ZoneID":"11110020","Flow1":"60","Flow2":"41","Flow3":"7","Pressure":"83","Humidity":"53","Temperature":"35"},"BaseTime":""}}
[2024-07-30_09:07:46.435425][36160] SemiTS::LPRWebAssistantServicePublic: {"MessageID":"LPRZonePurgeAttributesMsg","MessageData":{"ArchiveObject":{"ZoneID":"11110010","Flow1":"64","Flow2":"28","Flow3":"59","Pressure":"47","Humidity":"9","Temperature":"62"},"BaseTime":""}}
[2024-07-30_09:07:46.435425][36160] SemiTS::LPRWebAssistantServicePublic: {"MessageID":"LPRZonePurgeAttributesMsg","MessageData":{"ArchiveObject":{"ZoneID":"11110020","Flow1":"59","Flow2":"71","Flow3":"36","Pressure":"43","Humidity":"20","Temperature":"43"},"BaseTime":""}}
[2024-07-30_09:07:47.517780][36160] SemiTS::LPRWebAssistantServicePublic: {"MessageID":"LPRZonePurgeAttributesMsg","MessageData":{"ArchiveObject":{"ZoneID":"11110010","Flow1":"12","Flow2":"49","Flow3":"15","Pressure":"84","Humidity":"26","Temperature":"78"},"BaseTime":""}}
[2024-07-30_09:07:47.517780][36160] SemiTS::LPRWebAssistantServicePublic: {"MessageID":"LPRZonePurgeAttributesMsg","MessageData":{"ArchiveObject":{"ZoneID":"11110020","Flow1":"1","Flow2":"58","Flow3":"92","Pressure":"69","Humidity":"14","Temperature":"13"},"BaseTime":""}}
[2024-07-30_09:07:48.600513][36160] SemiTS::LPRWebAssistantServicePublic: {"MessageID":"LPRZonePurgeAttributesMsg","MessageData":{"ArchiveObject":{"ZoneID":"11110010","Flow1":"12","Flow2":"41","Flow3":"17","Pressure":"47","Humidity":"4","Temperature":"18"},"BaseTime":""}}
[2024-07-30_09:07:48.600513][36160] SemiTS::LPRWebAssistantServicePublic: {"MessageID":"LPRZonePurgeAttributesMsg","MessageData":{"ArchiveObject":{"ZoneID":"11110020","Flow1":"67","Flow2":"29","Flow3":"27","Pressure":"6","Humidity":"40","Temperature":"15"},"BaseTime":""}}
[2024-07-30_09:07:49.684191][36160] SemiTS::LPRWebAssistantServicePublic: {"MessageID":"LPRZonePurgeAttributesMsg","MessageData":{"ArchiveObject":{"ZoneID":"11110010","Flow1":"78","Flow2":"18","Flow3":"88","Pressure":"45","Humidity":"33","Temperature":"29"},"BaseTime":""}}
[2024-07-30_09:07:49.684191][36160] SemiTS::LPRWebAssistantServicePublic: {"MessageID":"LPRZonePurgeAttributesMsg","MessageData":{"ArchiveObject":{"ZoneID":"11110020","Flow1":"22","Flow2":"16","Flow3":"95","Pressure":"83","Humidity":"51","Temperature":"60"},"BaseTime":""}}
[2024-07-30_09:57:52.331131][28432] SemiTS::WASWebServerSession: set connection_status to STATUS_CONNECTED: sessionHandleID[1], previous_status:[-1]
[2024-07-30_09:57:52.332134][28432] BnD::B1HttpServerSessionManager: session modified: sessionHandleID[1]
[2024-07-30_09:57:52.332134][28432] SemiTS::LPRWASWebSocketServerSession: web socket accepted: peerAddress[127.0.0.1], localPort[22001]
[2024-07-30_09:57:52.332134][28432] SemiTS::LPRWASWebSocketServerSession: set connection_status to STATUS_CONNECTED: sessionHandleID[1], previous_status:[-1]
[2024-07-30_09:57:52.387588][28432] BnD::B1WebSocketReadWriteImpl: read failed: reason[1], message[The WebSocket stream was gracefully closed at both endpoints]
[2024-07-30_09:57:52.387588][28432] SemiTS::LPRWASWebSocketServerSession: set connection_status to STATUS_DISCONNECTING: sessionHandleID[0], previous_status:[2], reason[1]
[2024-07-30_09:57:52.388588][28432] BnD::B1WebSocketReadWriteImpl: read failed: reason[10053], message[현재 연결은 사용자의 호스트 시스템의 소프트웨어의 의해 중단되었습니다]
[2024-07-30_09:57:52.388588][28432] SemiTS::LPRWASWebSocketServerSession: set connection_status to STATUS_DISCONNECTING: sessionHandleID[1], previous_status:[2], reason[10053]
[2024-07-30_09:57:52.715409][28432] SemiTS::WASWebServerSession: set connection_status to STATUS_CONNECTED: sessionHandleID[2], previous_status:[-1]
[2024-07-30_09:57:52.715409][28432] BnD::B1HttpServerSessionManager: session modified: sessionHandleID[2]
[2024-07-30_09:57:52.715409][28432] SemiTS::LPRWASWebSocketServerSession: web socket accepted: peerAddress[127.0.0.1], localPort[22001]
[2024-07-30_09:57:52.715409][28432] SemiTS::LPRWASWebSocketServerSession: set connection_status to STATUS_CONNECTED: sessionHandleID[2], previous_status:[-1]
[2024-07-30_09:57:53.274153][31840] SemiTS::LPRWASWebSocketServerSession: set connection_status to STATUS_DISCONNECTED: sessionHandleID[0], previous_status:[3], reason[1]
[2024-07-30_09:57:53.274153][31840] SemiTS::LPRWASWebSocketServerSession: server session disconnected: sessionHandleID[0], peerAddress[], localPort[0], reason[1]
[2024-07-30_09:57:53.274153][31840] SemiTS::LPRWASWebSocketServerSession: set connection_status to STATUS_DISCONNECTED: sessionHandleID[1], previous_status:[3], reason[10053]
[2024-07-30_09:57:53.274153][31840] SemiTS::LPRWASWebSocketServerSession: server session disconnected: sessionHandleID[1], peerAddress[127.0.0.1], localPort[22001], reason[10053]
